<?xml version="1.0" encoding="UTF-8"?>
<testsuite xmlns:xsi="http://www.w3.org/2001/XMLSchema-instance" xsi:noNamespaceSchemaLocation="https://maven.apache.org/surefire/maven-surefire-plugin/xsd/surefire-test-report-3.0.xsd" version="3.0" name="org.nauman.app.controller.UserControllerTest" time="1.333" tests="1" errors="1" skipped="0" failures="0">
  <properties>
    <property name="git.tags" value=""/>
    <property name="java.specification.version" value="17"/>
    <property name="sun.jnu.encoding" value="UTF-8"/>
    <property name="git.build.version" value="3.2.4"/>
    <property name="java.class.path" value="/Users/nauman/Documents/Repositories/monolithic-springboot/app-service/target/test-classes:/Users/nauman/Documents/Repositories/monolithic-springboot/app-service/target/classes:/Users/nauman/.m2/repository/org/springframework/boot/spring-boot-starter-web/3.2.4/spring-boot-starter-web-3.2.4.jar:/Users/nauman/.m2/repository/org/springframework/boot/spring-boot-starter/3.2.4/spring-boot-starter-3.2.4.jar:/Users/nauman/.m2/repository/org/springframework/boot/spring-boot/3.2.4/spring-boot-3.2.4.jar:/Users/nauman/.m2/repository/org/springframework/boot/spring-boot-autoconfigure/3.2.4/spring-boot-autoconfigure-3.2.4.jar:/Users/nauman/.m2/repository/org/springframework/boot/spring-boot-starter-logging/3.2.4/spring-boot-starter-logging-3.2.4.jar:/Users/nauman/.m2/repository/ch/qos/logback/logback-classic/1.4.14/logback-classic-1.4.14.jar:/Users/nauman/.m2/repository/ch/qos/logback/logback-core/1.4.14/logback-core-1.4.14.jar:/Users/nauman/.m2/repository/org/apache/logging/log4j/log4j-to-slf4j/2.21.1/log4j-to-slf4j-2.21.1.jar:/Users/nauman/.m2/repository/org/apache/logging/log4j/log4j-api/2.21.1/log4j-api-2.21.1.jar:/Users/nauman/.m2/repository/org/slf4j/jul-to-slf4j/2.0.12/jul-to-slf4j-2.0.12.jar:/Users/nauman/.m2/repository/jakarta/annotation/jakarta.annotation-api/2.1.1/jakarta.annotation-api-2.1.1.jar:/Users/nauman/.m2/repository/org/yaml/snakeyaml/2.2/snakeyaml-2.2.jar:/Users/nauman/.m2/repository/org/springframework/boot/spring-boot-starter-json/3.2.4/spring-boot-starter-json-3.2.4.jar:/Users/nauman/.m2/repository/com/fasterxml/jackson/datatype/jackson-datatype-jdk8/2.15.4/jackson-datatype-jdk8-2.15.4.jar:/Users/nauman/.m2/repository/com/fasterxml/jackson/datatype/jackson-datatype-jsr310/2.15.4/jackson-datatype-jsr310-2.15.4.jar:/Users/nauman/.m2/repository/com/fasterxml/jackson/module/jackson-module-parameter-names/2.15.4/jackson-module-parameter-names-2.15.4.jar:/Users/nauman/.m2/repository/org/springframework/boot/spring-boot-starter-tomcat/3.2.4/spring-boot-starter-tomcat-3.2.4.jar:/Users/nauman/.m2/repository/org/apache/tomcat/embed/tomcat-embed-core/10.1.19/tomcat-embed-core-10.1.19.jar:/Users/nauman/.m2/repository/org/apache/tomcat/embed/tomcat-embed-el/10.1.19/tomcat-embed-el-10.1.19.jar:/Users/nauman/.m2/repository/org/apache/tomcat/embed/tomcat-embed-websocket/10.1.19/tomcat-embed-websocket-10.1.19.jar:/Users/nauman/.m2/repository/org/springframework/spring-web/6.1.5/spring-web-6.1.5.jar:/Users/nauman/.m2/repository/org/springframework/spring-beans/6.1.5/spring-beans-6.1.5.jar:/Users/nauman/.m2/repository/io/micrometer/micrometer-observation/1.12.4/micrometer-observation-1.12.4.jar:/Users/nauman/.m2/repository/io/micrometer/micrometer-commons/1.12.4/micrometer-commons-1.12.4.jar:/Users/nauman/.m2/repository/org/springframework/spring-webmvc/6.1.5/spring-webmvc-6.1.5.jar:/Users/nauman/.m2/repository/org/springframework/spring-context/6.1.5/spring-context-6.1.5.jar:/Users/nauman/.m2/repository/org/springframework/spring-expression/6.1.5/spring-expression-6.1.5.jar:/Users/nauman/.m2/repository/org/springframework/boot/spring-boot-starter-data-jpa/3.2.4/spring-boot-starter-data-jpa-3.2.4.jar:/Users/nauman/.m2/repository/org/springframework/boot/spring-boot-starter-aop/3.2.4/spring-boot-starter-aop-3.2.4.jar:/Users/nauman/.m2/repository/org/aspectj/aspectjweaver/1.9.21/aspectjweaver-1.9.21.jar:/Users/nauman/.m2/repository/org/springframework/boot/spring-boot-starter-jdbc/3.2.4/spring-boot-starter-jdbc-3.2.4.jar:/Users/nauman/.m2/repository/com/zaxxer/HikariCP/5.0.1/HikariCP-5.0.1.jar:/Users/nauman/.m2/repository/org/springframework/spring-jdbc/6.1.5/spring-jdbc-6.1.5.jar:/Users/nauman/.m2/repository/org/hibernate/orm/hibernate-core/6.4.4.Final/hibernate-core-6.4.4.Final.jar:/Users/nauman/.m2/repository/jakarta/persistence/jakarta.persistence-api/3.1.0/jakarta.persistence-api-3.1.0.jar:/Users/nauman/.m2/repository/jakarta/transaction/jakarta.transaction-api/2.0.1/jakarta.transaction-api-2.0.1.jar:/Users/nauman/.m2/repository/org/jboss/logging/jboss-logging/3.5.3.Final/jboss-logging-3.5.3.Final.jar:/Users/nauman/.m2/repository/org/hibernate/common/hibernate-commons-annotations/6.0.6.Final/hibernate-commons-annotations-6.0.6.Final.jar:/Users/nauman/.m2/repository/io/smallrye/jandex/3.1.2/jandex-3.1.2.jar:/Users/nauman/.m2/repository/com/fasterxml/classmate/1.6.0/classmate-1.6.0.jar:/Users/nauman/.m2/repository/net/bytebuddy/byte-buddy/1.14.12/byte-buddy-1.14.12.jar:/Users/nauman/.m2/repository/org/glassfish/jaxb/jaxb-runtime/4.0.5/jaxb-runtime-4.0.5.jar:/Users/nauman/.m2/repository/org/glassfish/jaxb/jaxb-core/4.0.5/jaxb-core-4.0.5.jar:/Users/nauman/.m2/repository/org/eclipse/angus/angus-activation/2.0.2/angus-activation-2.0.2.jar:/Users/nauman/.m2/repository/org/glassfish/jaxb/txw2/4.0.5/txw2-4.0.5.jar:/Users/nauman/.m2/repository/com/sun/istack/istack-commons-runtime/4.1.2/istack-commons-runtime-4.1.2.jar:/Users/nauman/.m2/repository/jakarta/inject/jakarta.inject-api/2.0.1/jakarta.inject-api-2.0.1.jar:/Users/nauman/.m2/repository/org/antlr/antlr4-runtime/4.13.0/antlr4-runtime-4.13.0.jar:/Users/nauman/.m2/repository/org/springframework/data/spring-data-jpa/3.2.4/spring-data-jpa-3.2.4.jar:/Users/nauman/.m2/repository/org/springframework/data/spring-data-commons/3.2.4/spring-data-commons-3.2.4.jar:/Users/nauman/.m2/repository/org/springframework/spring-orm/6.1.5/spring-orm-6.1.5.jar:/Users/nauman/.m2/repository/org/springframework/spring-tx/6.1.5/spring-tx-6.1.5.jar:/Users/nauman/.m2/repository/org/slf4j/slf4j-api/2.0.12/slf4j-api-2.0.12.jar:/Users/nauman/.m2/repository/org/springframework/spring-aspects/6.1.5/spring-aspects-6.1.5.jar:/Users/nauman/.m2/repository/org/springframework/boot/spring-boot-starter-test/3.2.4/spring-boot-starter-test-3.2.4.jar:/Users/nauman/.m2/repository/org/springframework/boot/spring-boot-test/3.2.4/spring-boot-test-3.2.4.jar:/Users/nauman/.m2/repository/org/springframework/boot/spring-boot-test-autoconfigure/3.2.4/spring-boot-test-autoconfigure-3.2.4.jar:/Users/nauman/.m2/repository/com/jayway/jsonpath/json-path/2.9.0/json-path-2.9.0.jar:/Users/nauman/.m2/repository/jakarta/xml/bind/jakarta.xml.bind-api/4.0.2/jakarta.xml.bind-api-4.0.2.jar:/Users/nauman/.m2/repository/jakarta/activation/jakarta.activation-api/2.1.3/jakarta.activation-api-2.1.3.jar:/Users/nauman/.m2/repository/net/minidev/json-smart/2.5.0/json-smart-2.5.0.jar:/Users/nauman/.m2/repository/net/minidev/accessors-smart/2.5.0/accessors-smart-2.5.0.jar:/Users/nauman/.m2/repository/org/ow2/asm/asm/9.3/asm-9.3.jar:/Users/nauman/.m2/repository/org/assertj/assertj-core/3.24.2/assertj-core-3.24.2.jar:/Users/nauman/.m2/repository/org/awaitility/awaitility/4.2.0/awaitility-4.2.0.jar:/Users/nauman/.m2/repository/org/hamcrest/hamcrest/2.2/hamcrest-2.2.jar:/Users/nauman/.m2/repository/org/junit/jupiter/junit-jupiter/5.10.2/junit-jupiter-5.10.2.jar:/Users/nauman/.m2/repository/org/junit/jupiter/junit-jupiter-api/5.10.2/junit-jupiter-api-5.10.2.jar:/Users/nauman/.m2/repository/org/opentest4j/opentest4j/1.3.0/opentest4j-1.3.0.jar:/Users/nauman/.m2/repository/org/junit/platform/junit-platform-commons/1.10.2/junit-platform-commons-1.10.2.jar:/Users/nauman/.m2/repository/org/apiguardian/apiguardian-api/1.1.2/apiguardian-api-1.1.2.jar:/Users/nauman/.m2/repository/org/junit/jupiter/junit-jupiter-params/5.10.2/junit-jupiter-params-5.10.2.jar:/Users/nauman/.m2/repository/org/junit/jupiter/junit-jupiter-engine/5.10.2/junit-jupiter-engine-5.10.2.jar:/Users/nauman/.m2/repository/org/junit/platform/junit-platform-engine/1.10.2/junit-platform-engine-1.10.2.jar:/Users/nauman/.m2/repository/org/mockito/mockito-core/5.7.0/mockito-core-5.7.0.jar:/Users/nauman/.m2/repository/net/bytebuddy/byte-buddy-agent/1.14.12/byte-buddy-agent-1.14.12.jar:/Users/nauman/.m2/repository/org/objenesis/objenesis/3.3/objenesis-3.3.jar:/Users/nauman/.m2/repository/org/mockito/mockito-junit-jupiter/5.7.0/mockito-junit-jupiter-5.7.0.jar:/Users/nauman/.m2/repository/org/skyscreamer/jsonassert/1.5.1/jsonassert-1.5.1.jar:/Users/nauman/.m2/repository/com/vaadin/external/google/android-json/0.0.20131108.vaadin1/android-json-0.0.20131108.vaadin1.jar:/Users/nauman/.m2/repository/org/springframework/spring-core/6.1.5/spring-core-6.1.5.jar:/Users/nauman/.m2/repository/org/springframework/spring-jcl/6.1.5/spring-jcl-6.1.5.jar:/Users/nauman/.m2/repository/org/springframework/spring-test/6.1.5/spring-test-6.1.5.jar:/Users/nauman/.m2/repository/org/xmlunit/xmlunit-core/2.9.1/xmlunit-core-2.9.1.jar:/Users/nauman/.m2/repository/org/springframework/boot/spring-boot-starter-security/3.2.4/spring-boot-starter-security-3.2.4.jar:/Users/nauman/.m2/repository/org/springframework/spring-aop/6.1.5/spring-aop-6.1.5.jar:/Users/nauman/.m2/repository/org/springframework/security/spring-security-config/6.2.3/spring-security-config-6.2.3.jar:/Users/nauman/.m2/repository/org/springframework/security/spring-security-core/6.2.3/spring-security-core-6.2.3.jar:/Users/nauman/.m2/repository/org/springframework/security/spring-security-crypto/6.2.3/spring-security-crypto-6.2.3.jar:/Users/nauman/.m2/repository/org/springframework/security/spring-security-web/6.2.3/spring-security-web-6.2.3.jar:/Users/nauman/.m2/repository/com/mysql/mysql-connector-j/8.3.0/mysql-connector-j-8.3.0.jar:/Users/nauman/.m2/repository/org/modelmapper/modelmapper/3.1.1/modelmapper-3.1.1.jar:/Users/nauman/.m2/repository/com/auth0/java-jwt/4.2.1/java-jwt-4.2.1.jar:/Users/nauman/.m2/repository/com/fasterxml/jackson/core/jackson-databind/2.15.4/jackson-databind-2.15.4.jar:/Users/nauman/.m2/repository/com/fasterxml/jackson/core/jackson-annotations/2.15.4/jackson-annotations-2.15.4.jar:/Users/nauman/.m2/repository/com/fasterxml/jackson/core/jackson-core/2.15.4/jackson-core-2.15.4.jar:"/>
    <property name="git.branch" value="my_develop"/>
    <property name="git.build.host" value="192.168.1.3"/>
    <property name="java.vm.vendor" value="Oracle Corporation"/>
    <property name="sun.arch.data.model" value="64"/>
    <property name="git.commit.id" value="794ced26d5b299f8e688baeaada3abb57ee23b43"/>
    <property name="java.vendor.url" value="https://java.oracle.com/"/>
    <property name="user.timezone" value="Asia/Karachi"/>
    <property name="org.jboss.logging.provider" value="slf4j"/>
    <property name="java.vm.specification.version" value="17"/>
    <property name="os.name" value="Mac OS X"/>
    <property name="git.commit.author.time" value="2024-06-10T02:59:13+0500"/>
    <property name="sun.java.launcher" value="SUN_STANDARD"/>
    <property name="user.country" value="PK"/>
    <property name="git.build.user.name" value="Mohd Nauman"/>
    <property name="sun.boot.library.path" value="/Library/Java/JavaVirtualMachines/jdk-17.jdk/Contents/Home/lib"/>
    <property name="sun.java.command" value="/Users/nauman/Documents/Repositories/monolithic-springboot/app-service/target/surefire/surefirebooter-20240722041034953_3.jar /Users/nauman/Documents/Repositories/monolithic-springboot/app-service/target/surefire 2024-07-22T04-10-34_920-jvmRun1 surefire-20240722041034953_1tmp surefire_0-20240722041034953_2tmp"/>
    <property name="http.nonProxyHosts" value="local|*.local|169.254/16|*.169.254/16"/>
    <property name="jdk.debug" value="release"/>
    <property name="surefire.test.class.path" value="/Users/nauman/Documents/Repositories/monolithic-springboot/app-service/target/test-classes:/Users/nauman/Documents/Repositories/monolithic-springboot/app-service/target/classes:/Users/nauman/.m2/repository/org/springframework/boot/spring-boot-starter-web/3.2.4/spring-boot-starter-web-3.2.4.jar:/Users/nauman/.m2/repository/org/springframework/boot/spring-boot-starter/3.2.4/spring-boot-starter-3.2.4.jar:/Users/nauman/.m2/repository/org/springframework/boot/spring-boot/3.2.4/spring-boot-3.2.4.jar:/Users/nauman/.m2/repository/org/springframework/boot/spring-boot-autoconfigure/3.2.4/spring-boot-autoconfigure-3.2.4.jar:/Users/nauman/.m2/repository/org/springframework/boot/spring-boot-starter-logging/3.2.4/spring-boot-starter-logging-3.2.4.jar:/Users/nauman/.m2/repository/ch/qos/logback/logback-classic/1.4.14/logback-classic-1.4.14.jar:/Users/nauman/.m2/repository/ch/qos/logback/logback-core/1.4.14/logback-core-1.4.14.jar:/Users/nauman/.m2/repository/org/apache/logging/log4j/log4j-to-slf4j/2.21.1/log4j-to-slf4j-2.21.1.jar:/Users/nauman/.m2/repository/org/apache/logging/log4j/log4j-api/2.21.1/log4j-api-2.21.1.jar:/Users/nauman/.m2/repository/org/slf4j/jul-to-slf4j/2.0.12/jul-to-slf4j-2.0.12.jar:/Users/nauman/.m2/repository/jakarta/annotation/jakarta.annotation-api/2.1.1/jakarta.annotation-api-2.1.1.jar:/Users/nauman/.m2/repository/org/yaml/snakeyaml/2.2/snakeyaml-2.2.jar:/Users/nauman/.m2/repository/org/springframework/boot/spring-boot-starter-json/3.2.4/spring-boot-starter-json-3.2.4.jar:/Users/nauman/.m2/repository/com/fasterxml/jackson/datatype/jackson-datatype-jdk8/2.15.4/jackson-datatype-jdk8-2.15.4.jar:/Users/nauman/.m2/repository/com/fasterxml/jackson/datatype/jackson-datatype-jsr310/2.15.4/jackson-datatype-jsr310-2.15.4.jar:/Users/nauman/.m2/repository/com/fasterxml/jackson/module/jackson-module-parameter-names/2.15.4/jackson-module-parameter-names-2.15.4.jar:/Users/nauman/.m2/repository/org/springframework/boot/spring-boot-starter-tomcat/3.2.4/spring-boot-starter-tomcat-3.2.4.jar:/Users/nauman/.m2/repository/org/apache/tomcat/embed/tomcat-embed-core/10.1.19/tomcat-embed-core-10.1.19.jar:/Users/nauman/.m2/repository/org/apache/tomcat/embed/tomcat-embed-el/10.1.19/tomcat-embed-el-10.1.19.jar:/Users/nauman/.m2/repository/org/apache/tomcat/embed/tomcat-embed-websocket/10.1.19/tomcat-embed-websocket-10.1.19.jar:/Users/nauman/.m2/repository/org/springframework/spring-web/6.1.5/spring-web-6.1.5.jar:/Users/nauman/.m2/repository/org/springframework/spring-beans/6.1.5/spring-beans-6.1.5.jar:/Users/nauman/.m2/repository/io/micrometer/micrometer-observation/1.12.4/micrometer-observation-1.12.4.jar:/Users/nauman/.m2/repository/io/micrometer/micrometer-commons/1.12.4/micrometer-commons-1.12.4.jar:/Users/nauman/.m2/repository/org/springframework/spring-webmvc/6.1.5/spring-webmvc-6.1.5.jar:/Users/nauman/.m2/repository/org/springframework/spring-context/6.1.5/spring-context-6.1.5.jar:/Users/nauman/.m2/repository/org/springframework/spring-expression/6.1.5/spring-expression-6.1.5.jar:/Users/nauman/.m2/repository/org/springframework/boot/spring-boot-starter-data-jpa/3.2.4/spring-boot-starter-data-jpa-3.2.4.jar:/Users/nauman/.m2/repository/org/springframework/boot/spring-boot-starter-aop/3.2.4/spring-boot-starter-aop-3.2.4.jar:/Users/nauman/.m2/repository/org/aspectj/aspectjweaver/1.9.21/aspectjweaver-1.9.21.jar:/Users/nauman/.m2/repository/org/springframework/boot/spring-boot-starter-jdbc/3.2.4/spring-boot-starter-jdbc-3.2.4.jar:/Users/nauman/.m2/repository/com/zaxxer/HikariCP/5.0.1/HikariCP-5.0.1.jar:/Users/nauman/.m2/repository/org/springframework/spring-jdbc/6.1.5/spring-jdbc-6.1.5.jar:/Users/nauman/.m2/repository/org/hibernate/orm/hibernate-core/6.4.4.Final/hibernate-core-6.4.4.Final.jar:/Users/nauman/.m2/repository/jakarta/persistence/jakarta.persistence-api/3.1.0/jakarta.persistence-api-3.1.0.jar:/Users/nauman/.m2/repository/jakarta/transaction/jakarta.transaction-api/2.0.1/jakarta.transaction-api-2.0.1.jar:/Users/nauman/.m2/repository/org/jboss/logging/jboss-logging/3.5.3.Final/jboss-logging-3.5.3.Final.jar:/Users/nauman/.m2/repository/org/hibernate/common/hibernate-commons-annotations/6.0.6.Final/hibernate-commons-annotations-6.0.6.Final.jar:/Users/nauman/.m2/repository/io/smallrye/jandex/3.1.2/jandex-3.1.2.jar:/Users/nauman/.m2/repository/com/fasterxml/classmate/1.6.0/classmate-1.6.0.jar:/Users/nauman/.m2/repository/net/bytebuddy/byte-buddy/1.14.12/byte-buddy-1.14.12.jar:/Users/nauman/.m2/repository/org/glassfish/jaxb/jaxb-runtime/4.0.5/jaxb-runtime-4.0.5.jar:/Users/nauman/.m2/repository/org/glassfish/jaxb/jaxb-core/4.0.5/jaxb-core-4.0.5.jar:/Users/nauman/.m2/repository/org/eclipse/angus/angus-activation/2.0.2/angus-activation-2.0.2.jar:/Users/nauman/.m2/repository/org/glassfish/jaxb/txw2/4.0.5/txw2-4.0.5.jar:/Users/nauman/.m2/repository/com/sun/istack/istack-commons-runtime/4.1.2/istack-commons-runtime-4.1.2.jar:/Users/nauman/.m2/repository/jakarta/inject/jakarta.inject-api/2.0.1/jakarta.inject-api-2.0.1.jar:/Users/nauman/.m2/repository/org/antlr/antlr4-runtime/4.13.0/antlr4-runtime-4.13.0.jar:/Users/nauman/.m2/repository/org/springframework/data/spring-data-jpa/3.2.4/spring-data-jpa-3.2.4.jar:/Users/nauman/.m2/repository/org/springframework/data/spring-data-commons/3.2.4/spring-data-commons-3.2.4.jar:/Users/nauman/.m2/repository/org/springframework/spring-orm/6.1.5/spring-orm-6.1.5.jar:/Users/nauman/.m2/repository/org/springframework/spring-tx/6.1.5/spring-tx-6.1.5.jar:/Users/nauman/.m2/repository/org/slf4j/slf4j-api/2.0.12/slf4j-api-2.0.12.jar:/Users/nauman/.m2/repository/org/springframework/spring-aspects/6.1.5/spring-aspects-6.1.5.jar:/Users/nauman/.m2/repository/org/springframework/boot/spring-boot-starter-test/3.2.4/spring-boot-starter-test-3.2.4.jar:/Users/nauman/.m2/repository/org/springframework/boot/spring-boot-test/3.2.4/spring-boot-test-3.2.4.jar:/Users/nauman/.m2/repository/org/springframework/boot/spring-boot-test-autoconfigure/3.2.4/spring-boot-test-autoconfigure-3.2.4.jar:/Users/nauman/.m2/repository/com/jayway/jsonpath/json-path/2.9.0/json-path-2.9.0.jar:/Users/nauman/.m2/repository/jakarta/xml/bind/jakarta.xml.bind-api/4.0.2/jakarta.xml.bind-api-4.0.2.jar:/Users/nauman/.m2/repository/jakarta/activation/jakarta.activation-api/2.1.3/jakarta.activation-api-2.1.3.jar:/Users/nauman/.m2/repository/net/minidev/json-smart/2.5.0/json-smart-2.5.0.jar:/Users/nauman/.m2/repository/net/minidev/accessors-smart/2.5.0/accessors-smart-2.5.0.jar:/Users/nauman/.m2/repository/org/ow2/asm/asm/9.3/asm-9.3.jar:/Users/nauman/.m2/repository/org/assertj/assertj-core/3.24.2/assertj-core-3.24.2.jar:/Users/nauman/.m2/repository/org/awaitility/awaitility/4.2.0/awaitility-4.2.0.jar:/Users/nauman/.m2/repository/org/hamcrest/hamcrest/2.2/hamcrest-2.2.jar:/Users/nauman/.m2/repository/org/junit/jupiter/junit-jupiter/5.10.2/junit-jupiter-5.10.2.jar:/Users/nauman/.m2/repository/org/junit/jupiter/junit-jupiter-api/5.10.2/junit-jupiter-api-5.10.2.jar:/Users/nauman/.m2/repository/org/opentest4j/opentest4j/1.3.0/opentest4j-1.3.0.jar:/Users/nauman/.m2/repository/org/junit/platform/junit-platform-commons/1.10.2/junit-platform-commons-1.10.2.jar:/Users/nauman/.m2/repository/org/apiguardian/apiguardian-api/1.1.2/apiguardian-api-1.1.2.jar:/Users/nauman/.m2/repository/org/junit/jupiter/junit-jupiter-params/5.10.2/junit-jupiter-params-5.10.2.jar:/Users/nauman/.m2/repository/org/junit/jupiter/junit-jupiter-engine/5.10.2/junit-jupiter-engine-5.10.2.jar:/Users/nauman/.m2/repository/org/junit/platform/junit-platform-engine/1.10.2/junit-platform-engine-1.10.2.jar:/Users/nauman/.m2/repository/org/mockito/mockito-core/5.7.0/mockito-core-5.7.0.jar:/Users/nauman/.m2/repository/net/bytebuddy/byte-buddy-agent/1.14.12/byte-buddy-agent-1.14.12.jar:/Users/nauman/.m2/repository/org/objenesis/objenesis/3.3/objenesis-3.3.jar:/Users/nauman/.m2/repository/org/mockito/mockito-junit-jupiter/5.7.0/mockito-junit-jupiter-5.7.0.jar:/Users/nauman/.m2/repository/org/skyscreamer/jsonassert/1.5.1/jsonassert-1.5.1.jar:/Users/nauman/.m2/repository/com/vaadin/external/google/android-json/0.0.20131108.vaadin1/android-json-0.0.20131108.vaadin1.jar:/Users/nauman/.m2/repository/org/springframework/spring-core/6.1.5/spring-core-6.1.5.jar:/Users/nauman/.m2/repository/org/springframework/spring-jcl/6.1.5/spring-jcl-6.1.5.jar:/Users/nauman/.m2/repository/org/springframework/spring-test/6.1.5/spring-test-6.1.5.jar:/Users/nauman/.m2/repository/org/xmlunit/xmlunit-core/2.9.1/xmlunit-core-2.9.1.jar:/Users/nauman/.m2/repository/org/springframework/boot/spring-boot-starter-security/3.2.4/spring-boot-starter-security-3.2.4.jar:/Users/nauman/.m2/repository/org/springframework/spring-aop/6.1.5/spring-aop-6.1.5.jar:/Users/nauman/.m2/repository/org/springframework/security/spring-security-config/6.2.3/spring-security-config-6.2.3.jar:/Users/nauman/.m2/repository/org/springframework/security/spring-security-core/6.2.3/spring-security-core-6.2.3.jar:/Users/nauman/.m2/repository/org/springframework/security/spring-security-crypto/6.2.3/spring-security-crypto-6.2.3.jar:/Users/nauman/.m2/repository/org/springframework/security/spring-security-web/6.2.3/spring-security-web-6.2.3.jar:/Users/nauman/.m2/repository/com/mysql/mysql-connector-j/8.3.0/mysql-connector-j-8.3.0.jar:/Users/nauman/.m2/repository/org/modelmapper/modelmapper/3.1.1/modelmapper-3.1.1.jar:/Users/nauman/.m2/repository/com/auth0/java-jwt/4.2.1/java-jwt-4.2.1.jar:/Users/nauman/.m2/repository/com/fasterxml/jackson/core/jackson-databind/2.15.4/jackson-databind-2.15.4.jar:/Users/nauman/.m2/repository/com/fasterxml/jackson/core/jackson-annotations/2.15.4/jackson-annotations-2.15.4.jar:/Users/nauman/.m2/repository/com/fasterxml/jackson/core/jackson-core/2.15.4/jackson-core-2.15.4.jar:"/>
    <property name="sun.cpu.endian" value="little"/>
    <property name="user.home" value="/Users/nauman"/>
    <property name="user.language" value="en"/>
    <property name="git.closest.tag.commit.count" value=""/>
    <property name="java.specification.vendor" value="Oracle Corporation"/>
    <property name="java.version.date" value="2024-04-16"/>
    <property name="java.home" value="/Library/Java/JavaVirtualMachines/jdk-17.jdk/Contents/Home"/>
    <property name="git.total.commit.count" value="759"/>
    <property name="file.separator" value="/"/>
    <property name="basedir" value="/Users/nauman/Documents/Repositories/monolithic-springboot/app-service"/>
    <property name="java.vm.compressedOopsMode" value="Zero based"/>
    <property name="line.separator" value="&#10;"/>
    <property name="git.build.user.email" value="nauman.exo@gmail.com"/>
    <property name="git.commit.committer.time" value="2024-06-10T02:59:13+0500"/>
    <property name="java.vm.specification.vendor" value="Oracle Corporation"/>
    <property name="java.specification.name" value="Java Platform API Specification"/>
    <property name="FILE_LOG_CHARSET" value="UTF-8"/>
    <property name="java.awt.headless" value="true"/>
    <property name="git.closest.tag.name" value=""/>
    <property name="git.local.branch.ahead" value="NO_REMOTE"/>
    <property name="git.build.time" value="2024-07-22T04:10:33+0500"/>
    <property name="surefire.real.class.path" value="/Users/nauman/Documents/Repositories/monolithic-springboot/app-service/target/surefire/surefirebooter-20240722041034953_3.jar"/>
    <property name="git.commit.message.full" value="updated comments"/>
    <property name="sun.management.compiler" value="HotSpot 64-Bit Tiered Compilers"/>
    <property name="ftp.nonProxyHosts" value="local|*.local|169.254/16|*.169.254/16"/>
    <property name="java.runtime.version" value="17.0.11+7-LTS-207"/>
    <property name="user.name" value="nauman"/>
    <property name="path.separator" value=":"/>
    <property name="os.version" value="13.4.1"/>
    <property name="java.runtime.name" value="Java(TM) SE Runtime Environment"/>
    <property name="file.encoding" value="UTF-8"/>
    <property name="git.commit.user.email" value="nauman@192.168.1.6"/>
    <property name="java.vm.name" value="Java HotSpot(TM) 64-Bit Server VM"/>
    <property name="git.local.branch.behind" value="NO_REMOTE"/>
    <property name="git.dirty" value="false"/>
    <property name="localRepository" value="/Users/nauman/.m2/repository"/>
    <property name="java.vendor.url.bug" value="https://bugreport.java.com/bugreport/"/>
    <property name="java.io.tmpdir" value="/var/folders/bz/qwwwl5zn3p5gt6g_dgjhjdsc0000gn/T/"/>
    <property name="java.version" value="17.0.11"/>
    <property name="user.dir" value="/Users/nauman/Documents/Repositories/monolithic-springboot/app-service"/>
    <property name="os.arch" value="aarch64"/>
    <property name="git.commit.user.name" value="Nauman"/>
    <property name="git.commit.id.abbrev" value="794ced2"/>
    <property name="java.vm.specification.name" value="Java Virtual Machine Specification"/>
    <property name="PID" value="15610"/>
    <property name="git.commit.id.describe-short" value="794ced2"/>
    <property name="CONSOLE_LOG_CHARSET" value="UTF-8"/>
    <property name="git.commit.id.describe" value="794ced2"/>
    <property name="native.encoding" value="UTF-8"/>
    <property name="java.library.path" value="/Users/nauman/Library/Java/Extensions:/Library/Java/Extensions:/Network/Library/Java/Extensions:/System/Library/Java/Extensions:/usr/lib/java:."/>
    <property name="git.commit.message.short" value="updated comments"/>
    <property name="java.vm.info" value="mixed mode, sharing"/>
    <property name="java.vendor" value="Oracle Corporation"/>
    <property name="java.vm.version" value="17.0.11+7-LTS-207"/>
    <property name="sun.io.unicode.encoding" value="UnicodeBig"/>
    <property name="socksNonProxyHosts" value="local|*.local|169.254/16|*.169.254/16"/>
    <property name="java.class.version" value="61.0"/>
    <property name="git.commit.time" value="2024-06-10T02:59:13+0500"/>
    <property name="LOGGED_APPLICATION_NAME" value="[app-service] "/>
    <property name="git.remote.origin.url" value="https://github.com/spring-petclinic/spring-petclinic-microservices.git"/>
  </properties>
  <testcase name="testGetUserAsSuperUser" classname="org.nauman.app.controller.UserControllerTest" time="0.007">
    <error message="Failed to load ApplicationContext for [WebMergedContextConfiguration@cf01c2e testClass = org.nauman.app.controller.UserControllerTest, locations = [], classes = [org.nauman.app.AppServiceApplication], contextInitializerClasses = [], activeProfiles = [], propertySourceDescriptors = [], propertySourceProperties = [&quot;org.springframework.boot.test.autoconfigure.web.servlet.WebMvcTestContextBootstrapper=true&quot;], contextCustomizers = [[ImportsContextCustomizer@6f15f52a key = [org.springframework.boot.autoconfigure.task.TaskExecutionAutoConfiguration, org.springframework.boot.autoconfigure.cache.CacheAutoConfiguration, org.springframework.boot.autoconfigure.web.servlet.HttpEncodingAutoConfiguration, org.springframework.boot.autoconfigure.validation.ValidationAutoConfiguration, org.springframework.boot.autoconfigure.context.MessageSourceAutoConfiguration, org.springframework.boot.autoconfigure.hateoas.HypermediaAutoConfiguration, org.springframework.boot.autoconfigure.data.web.SpringDataWebAutoConfiguration, org.springframework.boot.autoconfigure.jackson.JacksonAutoConfiguration, org.springframework.boot.test.autoconfigure.web.reactive.WebTestClientAutoConfiguration, org.springframework.boot.autoconfigure.web.servlet.error.ErrorMvcAutoConfiguration, org.springframework.boot.test.autoconfigure.web.servlet.MockMvcAutoConfiguration, org.springframework.boot.autoconfigure.security.servlet.SecurityAutoConfiguration, org.springframework.boot.autoconfigure.security.servlet.SecurityFilterAutoConfiguration, org.springframework.boot.autoconfigure.http.HttpMessageConvertersAutoConfiguration, org.springframework.boot.autoconfigure.security.oauth2.client.servlet.OAuth2ClientAutoConfiguration, org.springframework.boot.test.autoconfigure.web.servlet.MockMvcSecurityConfiguration, org.springframework.boot.test.autoconfigure.web.servlet.MockMvcWebClientAutoConfiguration, org.springframework.boot.test.autoconfigure.web.servlet.MockMvcWebDriverAutoConfiguration, org.springframework.boot.autoconfigure.thymeleaf.ThymeleafAutoConfiguration, org.springframework.boot.autoconfigure.gson.GsonAutoConfiguration, org.springframework.boot.autoconfigure.jsonb.JsonbAutoConfiguration, org.springframework.boot.autoconfigure.freemarker.FreeMarkerAutoConfiguration, org.springframework.boot.autoconfigure.web.servlet.WebMvcAutoConfiguration, org.springframework.boot.autoconfigure.security.servlet.UserDetailsServiceAutoConfiguration, org.springframework.boot.autoconfigure.security.oauth2.resource.servlet.OAuth2ResourceServerAutoConfiguration, org.springframework.boot.autoconfigure.groovy.template.GroovyTemplateAutoConfiguration, org.springframework.boot.autoconfigure.mustache.MustacheAutoConfiguration]], org.springframework.boot.test.context.filter.ExcludeFilterContextCustomizer@d23e042, org.springframework.boot.test.json.DuplicateJsonObjectContextCustomizerFactory$DuplicateJsonObjectContextCustomizer@14dd7b39, org.springframework.boot.test.mock.mockito.MockitoContextCustomizer@1fe3353, org.springframework.boot.test.autoconfigure.OverrideAutoConfigurationContextCustomizerFactory$DisableAutoConfigurationContextCustomizer@642a7222, org.springframework.boot.test.autoconfigure.actuate.observability.ObservabilityContextCustomizerFactory$DisableObservabilityContextCustomizer@1f, org.springframework.boot.test.autoconfigure.filter.TypeExcludeFiltersContextCustomizer@47158104, org.springframework.boot.test.autoconfigure.properties.PropertyMappingContextCustomizer@7c2d507, org.springframework.boot.test.autoconfigure.web.servlet.WebDriverContextCustomizer@dc9876b, org.springframework.boot.test.context.SpringBootTestAnnotation@c5e37f6d], resourceBasePath = &quot;src/main/webapp&quot;, contextLoader = org.springframework.boot.test.context.SpringBootContextLoader, parent = null]" type="java.lang.IllegalStateException"><![CDATA[java.lang.IllegalStateException: Failed to load ApplicationContext for [WebMergedContextConfiguration@cf01c2e testClass = org.nauman.app.controller.UserControllerTest, locations = [], classes = [org.nauman.app.AppServiceApplication], contextInitializerClasses = [], activeProfiles = [], propertySourceDescriptors = [], propertySourceProperties = ["org.springframework.boot.test.autoconfigure.web.servlet.WebMvcTestContextBootstrapper=true"], contextCustomizers = [[ImportsContextCustomizer@6f15f52a key = [org.springframework.boot.autoconfigure.task.TaskExecutionAutoConfiguration, org.springframework.boot.autoconfigure.cache.CacheAutoConfiguration, org.springframework.boot.autoconfigure.web.servlet.HttpEncodingAutoConfiguration, org.springframework.boot.autoconfigure.validation.ValidationAutoConfiguration, org.springframework.boot.autoconfigure.context.MessageSourceAutoConfiguration, org.springframework.boot.autoconfigure.hateoas.HypermediaAutoConfiguration, org.springframework.boot.autoconfigure.data.web.SpringDataWebAutoConfiguration, org.springframework.boot.autoconfigure.jackson.JacksonAutoConfiguration, org.springframework.boot.test.autoconfigure.web.reactive.WebTestClientAutoConfiguration, org.springframework.boot.autoconfigure.web.servlet.error.ErrorMvcAutoConfiguration, org.springframework.boot.test.autoconfigure.web.servlet.MockMvcAutoConfiguration, org.springframework.boot.autoconfigure.security.servlet.SecurityAutoConfiguration, org.springframework.boot.autoconfigure.security.servlet.SecurityFilterAutoConfiguration, org.springframework.boot.autoconfigure.http.HttpMessageConvertersAutoConfiguration, org.springframework.boot.autoconfigure.security.oauth2.client.servlet.OAuth2ClientAutoConfiguration, org.springframework.boot.test.autoconfigure.web.servlet.MockMvcSecurityConfiguration, org.springframework.boot.test.autoconfigure.web.servlet.MockMvcWebClientAutoConfiguration, org.springframework.boot.test.autoconfigure.web.servlet.MockMvcWebDriverAutoConfiguration, org.springframework.boot.autoconfigure.thymeleaf.ThymeleafAutoConfiguration, org.springframework.boot.autoconfigure.gson.GsonAutoConfiguration, org.springframework.boot.autoconfigure.jsonb.JsonbAutoConfiguration, org.springframework.boot.autoconfigure.freemarker.FreeMarkerAutoConfiguration, org.springframework.boot.autoconfigure.web.servlet.WebMvcAutoConfiguration, org.springframework.boot.autoconfigure.security.servlet.UserDetailsServiceAutoConfiguration, org.springframework.boot.autoconfigure.security.oauth2.resource.servlet.OAuth2ResourceServerAutoConfiguration, org.springframework.boot.autoconfigure.groovy.template.GroovyTemplateAutoConfiguration, org.springframework.boot.autoconfigure.mustache.MustacheAutoConfiguration]], org.springframework.boot.test.context.filter.ExcludeFilterContextCustomizer@d23e042, org.springframework.boot.test.json.DuplicateJsonObjectContextCustomizerFactory$DuplicateJsonObjectContextCustomizer@14dd7b39, org.springframework.boot.test.mock.mockito.MockitoContextCustomizer@1fe3353, org.springframework.boot.test.autoconfigure.OverrideAutoConfigurationContextCustomizerFactory$DisableAutoConfigurationContextCustomizer@642a7222, org.springframework.boot.test.autoconfigure.actuate.observability.ObservabilityContextCustomizerFactory$DisableObservabilityContextCustomizer@1f, org.springframework.boot.test.autoconfigure.filter.TypeExcludeFiltersContextCustomizer@47158104, org.springframework.boot.test.autoconfigure.properties.PropertyMappingContextCustomizer@7c2d507, org.springframework.boot.test.autoconfigure.web.servlet.WebDriverContextCustomizer@dc9876b, org.springframework.boot.test.context.SpringBootTestAnnotation@c5e37f6d], resourceBasePath = "src/main/webapp", contextLoader = org.springframework.boot.test.context.SpringBootContextLoader, parent = null]
	at org.springframework.test.context.cache.DefaultCacheAwareContextLoaderDelegate.loadContext(DefaultCacheAwareContextLoaderDelegate.java:180)
	at org.springframework.test.context.support.DefaultTestContext.getApplicationContext(DefaultTestContext.java:130)
	at org.springframework.boot.test.mock.mockito.MockitoTestExecutionListener.postProcessFields(MockitoTestExecutionListener.java:122)
	at org.springframework.boot.test.mock.mockito.MockitoTestExecutionListener.injectFields(MockitoTestExecutionListener.java:106)
	at org.springframework.boot.test.mock.mockito.MockitoTestExecutionListener.prepareTestInstance(MockitoTestExecutionListener.java:63)
	at org.springframework.test.context.TestContextManager.prepareTestInstance(TestContextManager.java:260)
	at org.springframework.test.context.junit.jupiter.SpringExtension.postProcessTestInstance(SpringExtension.java:163)
	at java.base/java.util.stream.ReferencePipeline$3$1.accept(ReferencePipeline.java:197)
	at java.base/java.util.stream.ReferencePipeline$2$1.accept(ReferencePipeline.java:179)
	at java.base/java.util.ArrayList$ArrayListSpliterator.forEachRemaining(ArrayList.java:1625)
	at java.base/java.util.stream.AbstractPipeline.copyInto(AbstractPipeline.java:509)
	at java.base/java.util.stream.AbstractPipeline.wrapAndCopyInto(AbstractPipeline.java:499)
	at java.base/java.util.stream.StreamSpliterators$WrappingSpliterator.forEachRemaining(StreamSpliterators.java:310)
	at java.base/java.util.stream.Streams$ConcatSpliterator.forEachRemaining(Streams.java:735)
	at java.base/java.util.stream.Streams$ConcatSpliterator.forEachRemaining(Streams.java:734)
	at java.base/java.util.stream.ReferencePipeline$Head.forEach(ReferencePipeline.java:762)
	at java.base/java.util.Optional.orElseGet(Optional.java:364)
	at java.base/java.util.ArrayList.forEach(ArrayList.java:1511)
	at java.base/java.util.ArrayList.forEach(ArrayList.java:1511)
Caused by: org.springframework.beans.factory.UnsatisfiedDependencyException: Error creating bean with name 'jwtAuthenticationFilter' defined in file [/Users/nauman/Documents/Repositories/monolithic-springboot/app-service/target/classes/org/nauman/app/security/filters/JwtAuthenticationFilter.class]: Unsatisfied dependency expressed through constructor parameter 0: No qualifying bean of type 'org.springframework.security.authentication.AuthenticationManager' available: expected at least 1 bean which qualifies as autowire candidate. Dependency annotations: {}
	at org.springframework.beans.factory.support.ConstructorResolver.createArgumentArray(ConstructorResolver.java:795)
	at org.springframework.beans.factory.support.ConstructorResolver.autowireConstructor(ConstructorResolver.java:237)
	at org.springframework.beans.factory.support.AbstractAutowireCapableBeanFactory.autowireConstructor(AbstractAutowireCapableBeanFactory.java:1355)
	at org.springframework.beans.factory.support.AbstractAutowireCapableBeanFactory.createBeanInstance(AbstractAutowireCapableBeanFactory.java:1192)
	at org.springframework.beans.factory.support.AbstractAutowireCapableBeanFactory.doCreateBean(AbstractAutowireCapableBeanFactory.java:562)
	at org.springframework.beans.factory.support.AbstractAutowireCapableBeanFactory.createBean(AbstractAutowireCapableBeanFactory.java:522)
	at org.springframework.beans.factory.support.AbstractBeanFactory.lambda$doGetBean$0(AbstractBeanFactory.java:326)
	at org.springframework.beans.factory.support.DefaultSingletonBeanRegistry.getSingleton(DefaultSingletonBeanRegistry.java:234)
	at org.springframework.beans.factory.support.AbstractBeanFactory.doGetBean(AbstractBeanFactory.java:324)
	at org.springframework.beans.factory.support.AbstractBeanFactory.getBean(AbstractBeanFactory.java:200)
	at org.springframework.beans.factory.support.DefaultListableBeanFactory.preInstantiateSingletons(DefaultListableBeanFactory.java:975)
	at org.springframework.context.support.AbstractApplicationContext.finishBeanFactoryInitialization(AbstractApplicationContext.java:962)
	at org.springframework.context.support.AbstractApplicationContext.refresh(AbstractApplicationContext.java:624)
	at org.springframework.boot.SpringApplication.refresh(SpringApplication.java:754)
	at org.springframework.boot.SpringApplication.refreshContext(SpringApplication.java:456)
	at org.springframework.boot.SpringApplication.run(SpringApplication.java:334)
	at org.springframework.boot.test.context.SpringBootContextLoader.lambda$loadContext$3(SpringBootContextLoader.java:137)
	at org.springframework.util.function.ThrowingSupplier.get(ThrowingSupplier.java:58)
	at org.springframework.util.function.ThrowingSupplier.get(ThrowingSupplier.java:46)
	at org.springframework.boot.SpringApplication.withHook(SpringApplication.java:1454)
	at org.springframework.boot.test.context.SpringBootContextLoader$ContextLoaderHook.run(SpringBootContextLoader.java:553)
	at org.springframework.boot.test.context.SpringBootContextLoader.loadContext(SpringBootContextLoader.java:137)
	at org.springframework.boot.test.context.SpringBootContextLoader.loadContext(SpringBootContextLoader.java:108)
	at org.springframework.test.context.cache.DefaultCacheAwareContextLoaderDelegate.loadContextInternal(DefaultCacheAwareContextLoaderDelegate.java:225)
	at org.springframework.test.context.cache.DefaultCacheAwareContextLoaderDelegate.loadContext(DefaultCacheAwareContextLoaderDelegate.java:152)
	... 18 more
Caused by: org.springframework.beans.factory.NoSuchBeanDefinitionException: No qualifying bean of type 'org.springframework.security.authentication.AuthenticationManager' available: expected at least 1 bean which qualifies as autowire candidate. Dependency annotations: {}
	at org.springframework.beans.factory.support.DefaultListableBeanFactory.raiseNoMatchingBeanFound(DefaultListableBeanFactory.java:1880)
	at org.springframework.beans.factory.support.DefaultListableBeanFactory.doResolveDependency(DefaultListableBeanFactory.java:1406)
	at org.springframework.beans.factory.support.DefaultListableBeanFactory.resolveDependency(DefaultListableBeanFactory.java:1353)
	at org.springframework.beans.factory.support.ConstructorResolver.resolveAutowiredArgument(ConstructorResolver.java:904)
	at org.springframework.beans.factory.support.ConstructorResolver.createArgumentArray(ConstructorResolver.java:782)
	... 42 more
]]></error>
    <system-out><![CDATA[04:10:35.295 [main] INFO org.springframework.test.context.support.AnnotationConfigContextLoaderUtils -- Could not detect default configuration classes for test class [org.nauman.app.controller.UserControllerTest]: UserControllerTest does not declare any static, non-private, non-final, nested classes annotated with @Configuration.
04:10:35.362 [main] INFO org.springframework.boot.test.context.SpringBootTestContextBootstrapper -- Found @SpringBootConfiguration org.nauman.app.AppServiceApplication for test class org.nauman.app.controller.UserControllerTest
04:10:35,241 |-INFO in ch.qos.logback.classic.LoggerContext[default] - This is logback-classic version 1.4.14
04:10:35,242 |-INFO in ch.qos.logback.classic.util.ContextInitializer@3eba57a7 - Here is a list of configurators discovered as a service, by rank: 
04:10:35,242 |-INFO in ch.qos.logback.classic.util.ContextInitializer@3eba57a7 -   org.springframework.boot.logging.logback.RootLogLevelConfigurator
04:10:35,242 |-INFO in ch.qos.logback.classic.util.ContextInitializer@3eba57a7 - They will be invoked in order until ExecutionStatus.DO_NOT_INVOKE_NEXT_IF_ANY is returned.
04:10:35,242 |-INFO in ch.qos.logback.classic.util.ContextInitializer@3eba57a7 - Constructed configurator of type class org.springframework.boot.logging.logback.RootLogLevelConfigurator
04:10:35,246 |-INFO in ch.qos.logback.classic.util.ContextInitializer@3eba57a7 - org.springframework.boot.logging.logback.RootLogLevelConfigurator.configure() call lasted 0 milliseconds. ExecutionStatus=INVOKE_NEXT_IF_ANY
04:10:35,246 |-INFO in ch.qos.logback.classic.util.ContextInitializer@3eba57a7 - Trying to configure with ch.qos.logback.classic.joran.SerializedModelConfigurator
04:10:35,246 |-INFO in ch.qos.logback.classic.util.ContextInitializer@3eba57a7 - Constructed configurator of type class ch.qos.logback.classic.joran.SerializedModelConfigurator
04:10:35,247 |-INFO in ch.qos.logback.classic.LoggerContext[default] - Could NOT find resource [logback-test.scmo]
04:10:35,247 |-INFO in ch.qos.logback.classic.LoggerContext[default] - Could NOT find resource [logback.scmo]
04:10:35,247 |-INFO in ch.qos.logback.classic.util.ContextInitializer@3eba57a7 - ch.qos.logback.classic.joran.SerializedModelConfigurator.configure() call lasted 1 milliseconds. ExecutionStatus=INVOKE_NEXT_IF_ANY
04:10:35,247 |-INFO in ch.qos.logback.classic.util.ContextInitializer@3eba57a7 - Trying to configure with ch.qos.logback.classic.util.DefaultJoranConfigurator
04:10:35,247 |-INFO in ch.qos.logback.classic.util.ContextInitializer@3eba57a7 - Constructed configurator of type class ch.qos.logback.classic.util.DefaultJoranConfigurator
04:10:35,247 |-INFO in ch.qos.logback.classic.LoggerContext[default] - Could NOT find resource [logback-test.xml]
04:10:35,247 |-INFO in ch.qos.logback.classic.LoggerContext[default] - Could NOT find resource [logback.xml]
04:10:35,247 |-INFO in ch.qos.logback.classic.util.ContextInitializer@3eba57a7 - ch.qos.logback.classic.util.DefaultJoranConfigurator.configure() call lasted 0 milliseconds. ExecutionStatus=INVOKE_NEXT_IF_ANY
04:10:35,247 |-INFO in ch.qos.logback.classic.util.ContextInitializer@3eba57a7 - Trying to configure with ch.qos.logback.classic.BasicConfigurator
04:10:35,248 |-INFO in ch.qos.logback.classic.util.ContextInitializer@3eba57a7 - Constructed configurator of type class ch.qos.logback.classic.BasicConfigurator
04:10:35,248 |-INFO in ch.qos.logback.classic.BasicConfigurator@272a179c - Setting up default configuration.
04:10:35,254 |-INFO in ch.qos.logback.classic.util.ContextInitializer@3eba57a7 - ch.qos.logback.classic.BasicConfigurator.configure() call lasted 6 milliseconds. ExecutionStatus=NEUTRAL
04:10:35,539 |-INFO in ch.qos.logback.core.model.processor.AppenderModelHandler - Processing appender named [STDOUT]
04:10:35,539 |-INFO in ch.qos.logback.core.model.processor.AppenderModelHandler - About to instantiate appender of type [ch.qos.logback.core.ConsoleAppender]
04:10:35,540 |-INFO in ch.qos.logback.core.model.processor.ImplicitModelHandler - Assuming default type [ch.qos.logback.classic.encoder.PatternLayoutEncoder] for [encoder] property
04:10:35,545 |-WARN in ch.qos.logback.core.model.processor.AppenderModelHandler - Appender named [FILE] not referenced. Skipping further processing.
04:10:35,545 |-INFO in ch.qos.logback.classic.model.processor.RootLoggerModelHandler - Setting level of ROOT logger to INFO
04:10:35,546 |-INFO in ch.qos.logback.classic.jul.LevelChangePropagator@30feffc - Propagating INFO level on Logger[ROOT] onto the JUL framework
04:10:35,546 |-INFO in ch.qos.logback.core.model.processor.AppenderRefModelHandler - Attaching appender named [STDOUT] to Logger[ROOT]
04:10:35,546 |-INFO in ch.qos.logback.core.model.processor.DefaultProcessor@67207d8a - End of configuration.
04:10:35,546 |-INFO in org.springframework.boot.logging.logback.SpringBootJoranConfigurator@bcb09a6 - Registering current configuration as safe fallback point

22-07-2024 04:10:35.552 &amp#27;[35m[main]&amp#27;[0;39m &amp#27;[39mTRACE&amp#27;[0;39m o.s.c.i.s.SpringFactoriesLoader.load - Loaded [org.springframework.boot.ApplicationContextFactory] names: [org.springframework.boot.web.reactive.context.ReactiveWebServerApplicationContextFactory, org.springframework.boot.web.servlet.context.ServletWebServerApplicationContextFactory]

  .   ____          _            __ _ _
 /\\ / ___'_ __ _ _(_)_ __  __ _ \ \ \ \
( ( )\___ | '_ | '_| | '_ \/ _` | \ \ \ \
 \\/  ___)| |_)| | | | | || (_| |  ) ) ) )
  '  |____| .__|_| |_|_| |_\__, | / / / /
 =========|_|==============|___/=/_/_/_/
 :: Spring Boot ::                (v3.2.4)

22-07-2024 04:10:35.584 &amp#27;[35m[main]&amp#27;[0;39m &amp#27;[34mINFO &amp#27;[0;39m o.n.a.controller.UserControllerTest.logStarting - Starting UserControllerTest using Java 17.0.11 with PID 15610 (started by nauman in /Users/nauman/Documents/Repositories/monolithic-springboot/app-service)
22-07-2024 04:10:35.585 &amp#27;[35m[main]&amp#27;[0;39m &amp#27;[34mINFO &amp#27;[0;39m o.n.a.controller.UserControllerTest.logStartupProfileInfo - No active profile set, falling back to 1 default profile: "default"
22-07-2024 04:10:35.585 &amp#27;[35m[main]&amp#27;[0;39m &amp#27;[39mDEBUG&amp#27;[0;39m o.s.boot.SpringApplication.load - Loading source class org.nauman.app.AppServiceApplication
22-07-2024 04:10:35.590 &amp#27;[35m[main]&amp#27;[0;39m &amp#27;[39mTRACE&amp#27;[0;39m o.s.c.a.ClassPathBeanDefinitionScanner.registerDefaultFilters - JSR-250 'jakarta.annotation.ManagedBean' found and supported for component scanning
22-07-2024 04:10:35.591 &amp#27;[35m[main]&amp#27;[0;39m &amp#27;[39mTRACE&amp#27;[0;39m o.s.c.a.ClassPathBeanDefinitionScanner.registerDefaultFilters - JSR-330 'jakarta.inject.Named' annotation found and supported for component scanning
22-07-2024 04:10:35.594 &amp#27;[35m[main]&amp#27;[0;39m &amp#27;[39mTRACE&amp#27;[0;39m o.s.b.e.RandomValuePropertySourceEnvironmentPostProcessor.logTo - RandomValuePropertySource add to Environment
22-07-2024 04:10:35.594 &amp#27;[35m[main]&amp#27;[0;39m &amp#27;[39mTRACE&amp#27;[0;39m o.s.b.c.c.ConfigDataEnvironmentPostProcessor.logTo - Post-processing environment to add config data
22-07-2024 04:10:35.594 &amp#27;[35m[main]&amp#27;[0;39m &amp#27;[39mTRACE&amp#27;[0;39m o.s.b.c.config.ConfigDataEnvironment.logTo - Building config data environment contributors
22-07-2024 04:10:35.594 &amp#27;[35m[main]&amp#27;[0;39m &amp#27;[39mTRACE&amp#27;[0;39m o.s.b.c.config.ConfigDataEnvironment.logTo - Creating wrapped config data contributor for 'Inlined Test Properties'
22-07-2024 04:10:35.594 &amp#27;[35m[main]&amp#27;[0;39m &amp#27;[39mTRACE&amp#27;[0;39m o.s.b.c.config.ConfigDataEnvironment.logTo - Creating wrapped config data contributor for 'configurationProperties'
22-07-2024 04:10:35.594 &amp#27;[35m[main]&amp#27;[0;39m &amp#27;[39mTRACE&amp#27;[0;39m o.s.b.c.config.ConfigDataEnvironment.logTo - Creating wrapped config data contributor for 'servletConfigInitParams'
22-07-2024 04:10:35.594 &amp#27;[35m[main]&amp#27;[0;39m &amp#27;[39mTRACE&amp#27;[0;39m o.s.b.c.config.ConfigDataEnvironment.logTo - Creating wrapped config data contributor for 'servletContextInitParams'
22-07-2024 04:10:35.595 &amp#27;[35m[main]&amp#27;[0;39m &amp#27;[39mTRACE&amp#27;[0;39m o.s.b.c.config.ConfigDataEnvironment.logTo - Creating wrapped config data contributor for 'systemProperties'
22-07-2024 04:10:35.595 &amp#27;[35m[main]&amp#27;[0;39m &amp#27;[39mTRACE&amp#27;[0;39m o.s.b.c.config.ConfigDataEnvironment.logTo - Creating wrapped config data contributor for 'systemEnvironment'
22-07-2024 04:10:35.595 &amp#27;[35m[main]&amp#27;[0;39m &amp#27;[39mTRACE&amp#27;[0;39m o.s.b.c.config.ConfigDataEnvironment.logTo - Creating wrapped config data contributor for 'random'
22-07-2024 04:10:35.595 &amp#27;[35m[main]&amp#27;[0;39m &amp#27;[39mTRACE&amp#27;[0;39m o.s.b.c.config.ConfigDataEnvironment.logTo - Adding initial config data import from location 'optional:file:./;optional:file:./config/;optional:file:./config/*/'
22-07-2024 04:10:35.595 &amp#27;[35m[main]&amp#27;[0;39m &amp#27;[39mTRACE&amp#27;[0;39m o.s.b.c.config.ConfigDataEnvironment.logTo - Adding initial config data import from location 'optional:classpath:/;optional:classpath:/config/'
22-07-2024 04:10:35.595 &amp#27;[35m[main]&amp#27;[0;39m &amp#27;[39mTRACE&amp#27;[0;39m o.s.b.c.config.ConfigDataEnvironment.logTo - Processing initial config data environment contributors without activation context
22-07-2024 04:10:35.595 &amp#27;[35m[main]&amp#27;[0;39m &amp#27;[39mTRACE&amp#27;[0;39m o.s.b.c.c.ConfigDataEnvironmentContributors.logTo - Processing imports for phase BEFORE_PROFILE_ACTIVATION. no activation context
22-07-2024 04:10:35.595 &amp#27;[35m[main]&amp#27;[0;39m &amp#27;[39mTRACE&amp#27;[0;39m o.s.b.c.c.ConfigDataEnvironmentContributors.logTo - Processing imports [optional:file:./;optional:file:./config/;optional:file:./config/*/]
22-07-2024 04:10:35.595 &amp#27;[35m[main]&amp#27;[0;39m &amp#27;[39mTRACE&amp#27;[0;39m o.s.b.c.c.StandardConfigDataLocationResolver.logTo - Skipping missing resource file:./application.yaml
22-07-2024 04:10:35.595 &amp#27;[35m[main]&amp#27;[0;39m &amp#27;[39mTRACE&amp#27;[0;39m o.s.b.c.c.StandardConfigDataLocationResolver.logTo - Skipping missing resource file:./application.yml
22-07-2024 04:10:35.596 &amp#27;[35m[main]&amp#27;[0;39m &amp#27;[39mTRACE&amp#27;[0;39m o.s.b.c.c.StandardConfigDataLocationResolver.logTo - Skipping missing resource file:./application.xml
22-07-2024 04:10:35.596 &amp#27;[35m[main]&amp#27;[0;39m &amp#27;[39mTRACE&amp#27;[0;39m o.s.b.c.c.StandardConfigDataLocationResolver.logTo - Skipping missing resource file:./application.properties
22-07-2024 04:10:35.596 &amp#27;[35m[main]&amp#27;[0;39m &amp#27;[39mTRACE&amp#27;[0;39m o.s.b.c.c.StandardConfigDataLocationResolver.logTo - Skipping missing resource file:./config/application.yaml
22-07-2024 04:10:35.596 &amp#27;[35m[main]&amp#27;[0;39m &amp#27;[39mTRACE&amp#27;[0;39m o.s.b.c.c.StandardConfigDataLocationResolver.logTo - Skipping missing resource file:./config/application.yml
22-07-2024 04:10:35.596 &amp#27;[35m[main]&amp#27;[0;39m &amp#27;[39mTRACE&amp#27;[0;39m o.s.b.c.c.StandardConfigDataLocationResolver.logTo - Skipping missing resource file:./config/application.xml
22-07-2024 04:10:35.596 &amp#27;[35m[main]&amp#27;[0;39m &amp#27;[39mTRACE&amp#27;[0;39m o.s.b.c.c.StandardConfigDataLocationResolver.logTo - Skipping missing resource file:./config/application.properties
22-07-2024 04:10:35.596 &amp#27;[35m[main]&amp#27;[0;39m &amp#27;[39mTRACE&amp#27;[0;39m o.s.b.c.config.ConfigDataImporter.logTo - Considering resource file [.] from location optional:file:./;optional:file:./config/;optional:file:./config/*/
22-07-2024 04:10:35.596 &amp#27;[35m[main]&amp#27;[0;39m &amp#27;[39mTRACE&amp#27;[0;39m o.s.b.c.config.ConfigDataLoaders.logTo - Loading file [.] using loader org.springframework.boot.context.config.StandardConfigDataLoader
22-07-2024 04:10:35.597 &amp#27;[35m[main]&amp#27;[0;39m &amp#27;[39mTRACE&amp#27;[0;39m o.s.b.c.config.ConfigDataImporter.logTo - Loaded resource file [.] from location optional:file:./;optional:file:./config/;optional:file:./config/*/
22-07-2024 04:10:35.598 &amp#27;[35m[main]&amp#27;[0;39m &amp#27;[39mTRACE&amp#27;[0;39m o.s.b.c.c.ConfigDataEnvironmentContributors.logTo - Imported 1 resource [file [.]]
22-07-2024 04:10:35.598 &amp#27;[35m[main]&amp#27;[0;39m &amp#27;[39mTRACE&amp#27;[0;39m o.s.b.c.c.ConfigDataEnvironmentContributors.logTo - Processing imports [optional:classpath:/;optional:classpath:/config/]
22-07-2024 04:10:35.598 &amp#27;[35m[main]&amp#27;[0;39m &amp#27;[39mTRACE&amp#27;[0;39m o.s.b.c.c.StandardConfigDataLocationResolver.logTo - Skipping missing resource classpath:/application.yaml
22-07-2024 04:10:35.598 &amp#27;[35m[main]&amp#27;[0;39m &amp#27;[39mTRACE&amp#27;[0;39m o.s.b.c.c.StandardConfigDataLocationResolver.logTo - Skipping missing resource classpath:/application.xml
22-07-2024 04:10:35.598 &amp#27;[35m[main]&amp#27;[0;39m &amp#27;[39mTRACE&amp#27;[0;39m o.s.b.c.c.StandardConfigDataLocationResolver.logTo - Skipping missing resource classpath:/application.properties
22-07-2024 04:10:35.598 &amp#27;[35m[main]&amp#27;[0;39m &amp#27;[39mTRACE&amp#27;[0;39m o.s.b.c.c.StandardConfigDataLocationResolver.logTo - Skipping missing resource classpath:/config/application.yaml
22-07-2024 04:10:35.599 &amp#27;[35m[main]&amp#27;[0;39m &amp#27;[39mTRACE&amp#27;[0;39m o.s.b.c.c.StandardConfigDataLocationResolver.logTo - Skipping missing resource classpath:/config/application.yml
22-07-2024 04:10:35.599 &amp#27;[35m[main]&amp#27;[0;39m &amp#27;[39mTRACE&amp#27;[0;39m o.s.b.c.c.StandardConfigDataLocationResolver.logTo - Skipping missing resource classpath:/config/application.xml
22-07-2024 04:10:35.599 &amp#27;[35m[main]&amp#27;[0;39m &amp#27;[39mTRACE&amp#27;[0;39m o.s.b.c.c.StandardConfigDataLocationResolver.logTo - Skipping missing resource classpath:/config/application.properties
22-07-2024 04:10:35.599 &amp#27;[35m[main]&amp#27;[0;39m &amp#27;[39mTRACE&amp#27;[0;39m o.s.b.c.config.ConfigDataImporter.logTo - Considering resource class path resource [application.yml] from location optional:classpath:/;optional:classpath:/config/
22-07-2024 04:10:35.599 &amp#27;[35m[main]&amp#27;[0;39m &amp#27;[39mTRACE&amp#27;[0;39m o.s.b.c.config.ConfigDataLoaders.logTo - Loading class path resource [application.yml] using loader org.springframework.boot.context.config.StandardConfigDataLoader
22-07-2024 04:10:35.599 &amp#27;[35m[main]&amp#27;[0;39m &amp#27;[39mTRACE&amp#27;[0;39m o.s.b.c.config.ConfigDataImporter.logTo - Loaded resource class path resource [application.yml] from location optional:classpath:/;optional:classpath:/config/
22-07-2024 04:10:35.599 &amp#27;[35m[main]&amp#27;[0;39m &amp#27;[39mTRACE&amp#27;[0;39m o.s.b.c.c.ConfigDataEnvironmentContributors.logTo - Imported 1 resource [class path resource [application.yml]]
22-07-2024 04:10:35.602 &amp#27;[35m[main]&amp#27;[0;39m &amp#27;[39mTRACE&amp#27;[0;39m o.s.b.c.c.ConfigDataEnvironmentContributors.logTo - Processed imports for of 2 contributors
22-07-2024 04:10:35.602 &amp#27;[35m[main]&amp#27;[0;39m &amp#27;[39mTRACE&amp#27;[0;39m o.s.b.c.config.ConfigDataEnvironment.logTo - Creating config data activation context from initial contributions
22-07-2024 04:10:35.602 &amp#27;[35m[main]&amp#27;[0;39m &amp#27;[39mTRACE&amp#27;[0;39m o.s.b.c.config.ConfigDataEnvironment.logTo - Processing config data environment contributors with initial activation context
22-07-2024 04:10:35.603 &amp#27;[35m[main]&amp#27;[0;39m &amp#27;[39mTRACE&amp#27;[0;39m o.s.b.c.c.ConfigDataEnvironmentContributors.logTo - Processing imports for phase BEFORE_PROFILE_ACTIVATION. [ConfigDataActivationContext@1dcca8d3 cloudPlatform = [null], profiles = [null]]
22-07-2024 04:10:35.603 &amp#27;[35m[main]&amp#27;[0;39m &amp#27;[39mTRACE&amp#27;[0;39m o.s.b.c.c.ConfigDataEnvironmentContributors.logTo - Processed imports for of 0 contributors
22-07-2024 04:10:35.603 &amp#27;[35m[main]&amp#27;[0;39m &amp#27;[39mTRACE&amp#27;[0;39m o.s.b.c.config.ConfigDataEnvironment.logTo - Deducing profiles from current config data environment contributors
22-07-2024 04:10:35.603 &amp#27;[35m[main]&amp#27;[0;39m &amp#27;[39mTRACE&amp#27;[0;39m o.s.b.c.config.ConfigDataEnvironment.logTo - Processing config data environment contributors with profile activation context
22-07-2024 04:10:35.603 &amp#27;[35m[main]&amp#27;[0;39m &amp#27;[39mTRACE&amp#27;[0;39m o.s.b.c.c.ConfigDataEnvironmentContributors.logTo - Processing imports for phase AFTER_PROFILE_ACTIVATION. [ConfigDataActivationContext@5631962 cloudPlatform = [null], profiles = [Profiles@52a70627 active = '[]', default = '[default]', accepted = '[default]']]
22-07-2024 04:10:35.603 &amp#27;[35m[main]&amp#27;[0;39m &amp#27;[39mTRACE&amp#27;[0;39m o.s.b.c.c.ConfigDataEnvironmentContributors.logTo - Processing imports [optional:file:./;optional:file:./config/;optional:file:./config/*/]
22-07-2024 04:10:35.604 &amp#27;[35m[main]&amp#27;[0;39m &amp#27;[39mTRACE&amp#27;[0;39m o.s.b.c.c.StandardConfigDataLocationResolver.logTo - Skipping missing resource file:./application.yaml
22-07-2024 04:10:35.604 &amp#27;[35m[main]&amp#27;[0;39m &amp#27;[39mTRACE&amp#27;[0;39m o.s.b.c.c.StandardConfigDataLocationResolver.logTo - Skipping missing resource file:./application.yml
22-07-2024 04:10:35.604 &amp#27;[35m[main]&amp#27;[0;39m &amp#27;[39mTRACE&amp#27;[0;39m o.s.b.c.c.StandardConfigDataLocationResolver.logTo - Skipping missing resource file:./application.xml
22-07-2024 04:10:35.604 &amp#27;[35m[main]&amp#27;[0;39m &amp#27;[39mTRACE&amp#27;[0;39m o.s.b.c.c.StandardConfigDataLocationResolver.logTo - Skipping missing resource file:./application.properties
22-07-2024 04:10:35.604 &amp#27;[35m[main]&amp#27;[0;39m &amp#27;[39mTRACE&amp#27;[0;39m o.s.b.c.c.StandardConfigDataLocationResolver.logTo - Skipping missing resource file:./config/application.yaml
22-07-2024 04:10:35.604 &amp#27;[35m[main]&amp#27;[0;39m &amp#27;[39mTRACE&amp#27;[0;39m o.s.b.c.c.StandardConfigDataLocationResolver.logTo - Skipping missing resource file:./config/application.yml
22-07-2024 04:10:35.604 &amp#27;[35m[main]&amp#27;[0;39m &amp#27;[39mTRACE&amp#27;[0;39m o.s.b.c.c.StandardConfigDataLocationResolver.logTo - Skipping missing resource file:./config/application.xml
22-07-2024 04:10:35.604 &amp#27;[35m[main]&amp#27;[0;39m &amp#27;[39mTRACE&amp#27;[0;39m o.s.b.c.c.StandardConfigDataLocationResolver.logTo - Skipping missing resource file:./config/application.properties
22-07-2024 04:10:35.604 &amp#27;[35m[main]&amp#27;[0;39m &amp#27;[39mTRACE&amp#27;[0;39m o.s.b.c.c.StandardConfigDataLocationResolver.logTo - Skipping missing resource file:./application-default.yaml
22-07-2024 04:10:35.604 &amp#27;[35m[main]&amp#27;[0;39m &amp#27;[39mTRACE&amp#27;[0;39m o.s.b.c.c.StandardConfigDataLocationResolver.logTo - Skipping missing resource file:./application-default.yml
22-07-2024 04:10:35.604 &amp#27;[35m[main]&amp#27;[0;39m &amp#27;[39mTRACE&amp#27;[0;39m o.s.b.c.c.StandardConfigDataLocationResolver.logTo - Skipping missing resource file:./application-default.xml
22-07-2024 04:10:35.604 &amp#27;[35m[main]&amp#27;[0;39m &amp#27;[39mTRACE&amp#27;[0;39m o.s.b.c.c.StandardConfigDataLocationResolver.logTo - Skipping missing resource file:./application-default.properties
22-07-2024 04:10:35.604 &amp#27;[35m[main]&amp#27;[0;39m &amp#27;[39mTRACE&amp#27;[0;39m o.s.b.c.c.StandardConfigDataLocationResolver.logTo - Skipping missing resource file:./config/application-default.yaml
22-07-2024 04:10:35.605 &amp#27;[35m[main]&amp#27;[0;39m &amp#27;[39mTRACE&amp#27;[0;39m o.s.b.c.c.StandardConfigDataLocationResolver.logTo - Skipping missing resource file:./config/application-default.yml
22-07-2024 04:10:35.605 &amp#27;[35m[main]&amp#27;[0;39m &amp#27;[39mTRACE&amp#27;[0;39m o.s.b.c.c.StandardConfigDataLocationResolver.logTo - Skipping missing resource file:./config/application-default.xml
22-07-2024 04:10:35.605 &amp#27;[35m[main]&amp#27;[0;39m &amp#27;[39mTRACE&amp#27;[0;39m o.s.b.c.c.StandardConfigDataLocationResolver.logTo - Skipping missing resource file:./config/application-default.properties
22-07-2024 04:10:35.605 &amp#27;[35m[main]&amp#27;[0;39m &amp#27;[39mTRACE&amp#27;[0;39m o.s.b.c.config.ConfigDataImporter.logTo - Considering resource file [.] from location optional:file:./;optional:file:./config/;optional:file:./config/*/
22-07-2024 04:10:35.605 &amp#27;[35m[main]&amp#27;[0;39m &amp#27;[39mTRACE&amp#27;[0;39m o.s.b.c.config.ConfigDataImporter.logTo - Already loaded resource file [.] ignoring location optional:file:./;optional:file:./config/;optional:file:./config/*/
22-07-2024 04:10:35.605 &amp#27;[35m[main]&amp#27;[0;39m &amp#27;[39mTRACE&amp#27;[0;39m o.s.b.c.config.ConfigDataImporter.logTo - Considering resource file [.] from location optional:file:./;optional:file:./config/;optional:file:./config/*/
22-07-2024 04:10:35.605 &amp#27;[35m[main]&amp#27;[0;39m &amp#27;[39mTRACE&amp#27;[0;39m o.s.b.c.config.ConfigDataImporter.logTo - Already loaded resource file [.] ignoring location optional:file:./;optional:file:./config/;optional:file:./config/*/
22-07-2024 04:10:35.605 &amp#27;[35m[main]&amp#27;[0;39m &amp#27;[39mTRACE&amp#27;[0;39m o.s.b.c.c.ConfigDataEnvironmentContributors.logTo - Nothing imported
22-07-2024 04:10:35.605 &amp#27;[35m[main]&amp#27;[0;39m &amp#27;[39mTRACE&amp#27;[0;39m o.s.b.c.c.ConfigDataEnvironmentContributors.logTo - Processing imports [optional:classpath:/;optional:classpath:/config/]
22-07-2024 04:10:35.605 &amp#27;[35m[main]&amp#27;[0;39m &amp#27;[39mTRACE&amp#27;[0;39m o.s.b.c.c.StandardConfigDataLocationResolver.logTo - Skipping missing resource classpath:/application.yaml
22-07-2024 04:10:35.605 &amp#27;[35m[main]&amp#27;[0;39m &amp#27;[39mTRACE&amp#27;[0;39m o.s.b.c.c.StandardConfigDataLocationResolver.logTo - Skipping missing resource classpath:/application.xml
22-07-2024 04:10:35.606 &amp#27;[35m[main]&amp#27;[0;39m &amp#27;[39mTRACE&amp#27;[0;39m o.s.b.c.c.StandardConfigDataLocationResolver.logTo - Skipping missing resource classpath:/application.properties
22-07-2024 04:10:35.606 &amp#27;[35m[main]&amp#27;[0;39m &amp#27;[39mTRACE&amp#27;[0;39m o.s.b.c.c.StandardConfigDataLocationResolver.logTo - Skipping missing resource classpath:/config/application.yaml
22-07-2024 04:10:35.606 &amp#27;[35m[main]&amp#27;[0;39m &amp#27;[39mTRACE&amp#27;[0;39m o.s.b.c.c.StandardConfigDataLocationResolver.logTo - Skipping missing resource classpath:/config/application.yml
22-07-2024 04:10:35.606 &amp#27;[35m[main]&amp#27;[0;39m &amp#27;[39mTRACE&amp#27;[0;39m o.s.b.c.c.StandardConfigDataLocationResolver.logTo - Skipping missing resource classpath:/config/application.xml
22-07-2024 04:10:35.606 &amp#27;[35m[main]&amp#27;[0;39m &amp#27;[39mTRACE&amp#27;[0;39m o.s.b.c.c.StandardConfigDataLocationResolver.logTo - Skipping missing resource classpath:/config/application.properties
22-07-2024 04:10:35.606 &amp#27;[35m[main]&amp#27;[0;39m &amp#27;[39mTRACE&amp#27;[0;39m o.s.b.c.c.StandardConfigDataLocationResolver.logTo - Skipping missing resource classpath:/application-default.yaml
22-07-2024 04:10:35.606 &amp#27;[35m[main]&amp#27;[0;39m &amp#27;[39mTRACE&amp#27;[0;39m o.s.b.c.c.StandardConfigDataLocationResolver.logTo - Skipping missing resource classpath:/application-default.yml
22-07-2024 04:10:35.606 &amp#27;[35m[main]&amp#27;[0;39m &amp#27;[39mTRACE&amp#27;[0;39m o.s.b.c.c.StandardConfigDataLocationResolver.logTo - Skipping missing resource classpath:/application-default.xml
22-07-2024 04:10:35.606 &amp#27;[35m[main]&amp#27;[0;39m &amp#27;[39mTRACE&amp#27;[0;39m o.s.b.c.c.StandardConfigDataLocationResolver.logTo - Skipping missing resource classpath:/application-default.properties
22-07-2024 04:10:35.606 &amp#27;[35m[main]&amp#27;[0;39m &amp#27;[39mTRACE&amp#27;[0;39m o.s.b.c.c.StandardConfigDataLocationResolver.logTo - Skipping missing resource classpath:/config/application-default.yaml
22-07-2024 04:10:35.606 &amp#27;[35m[main]&amp#27;[0;39m &amp#27;[39mTRACE&amp#27;[0;39m o.s.b.c.c.StandardConfigDataLocationResolver.logTo - Skipping missing resource classpath:/config/application-default.yml
22-07-2024 04:10:35.606 &amp#27;[35m[main]&amp#27;[0;39m &amp#27;[39mTRACE&amp#27;[0;39m o.s.b.c.c.StandardConfigDataLocationResolver.logTo - Skipping missing resource classpath:/config/application-default.xml
22-07-2024 04:10:35.606 &amp#27;[35m[main]&amp#27;[0;39m &amp#27;[39mTRACE&amp#27;[0;39m o.s.b.c.c.StandardConfigDataLocationResolver.logTo - Skipping missing resource classpath:/config/application-default.properties
22-07-2024 04:10:35.607 &amp#27;[35m[main]&amp#27;[0;39m &amp#27;[39mTRACE&amp#27;[0;39m o.s.b.c.config.ConfigDataImporter.logTo - Considering resource class path resource [application.yml] from location optional:classpath:/;optional:classpath:/config/
22-07-2024 04:10:35.607 &amp#27;[35m[main]&amp#27;[0;39m &amp#27;[39mTRACE&amp#27;[0;39m o.s.b.c.config.ConfigDataImporter.logTo - Already loaded resource class path resource [application.yml] ignoring location optional:classpath:/;optional:classpath:/config/
22-07-2024 04:10:35.607 &amp#27;[35m[main]&amp#27;[0;39m &amp#27;[39mTRACE&amp#27;[0;39m o.s.b.c.c.ConfigDataEnvironmentContributors.logTo - Nothing imported
22-07-2024 04:10:35.607 &amp#27;[35m[main]&amp#27;[0;39m &amp#27;[39mTRACE&amp#27;[0;39m o.s.b.c.c.ConfigDataEnvironmentContributors.logTo - Processed imports for of 2 contributors
22-07-2024 04:10:35.607 &amp#27;[35m[main]&amp#27;[0;39m &amp#27;[39mTRACE&amp#27;[0;39m o.s.b.c.config.ConfigDataEnvironment.logTo - Applying config data environment contributions
22-07-2024 04:10:35.607 &amp#27;[35m[main]&amp#27;[0;39m &amp#27;[39mTRACE&amp#27;[0;39m o.s.b.c.config.ConfigDataEnvironment.logTo - Adding imported property source 'Config resource 'class path resource [application.yml]' via location 'optional:classpath:/''
22-07-2024 04:10:35.607 &amp#27;[35m[main]&amp#27;[0;39m &amp#27;[39mTRACE&amp#27;[0;39m o.s.b.c.config.ConfigDataEnvironment.logTo - Setting default profiles: [default]
22-07-2024 04:10:35.607 &amp#27;[35m[main]&amp#27;[0;39m &amp#27;[39mTRACE&amp#27;[0;39m o.s.b.c.config.ConfigDataEnvironment.logTo - Setting active profiles: []
22-07-2024 04:10:35.612 &amp#27;[35m[main]&amp#27;[0;39m &amp#27;[39mTRACE&amp#27;[0;39m o.s.w.c.s.GenericWebApplicationContext.prepareRefresh - Refreshing org.springframework.web.context.support.GenericWebApplicationContext@247667dd, started on Mon Jul 22 04:10:35 PKT 2024
22-07-2024 04:10:35.616 &amp#27;[35m[main]&amp#27;[0;39m &amp#27;[39mTRACE&amp#27;[0;39m o.s.b.f.s.DefaultListableBeanFactory.registerScope - Registering scope 'request' with implementation [org.springframework.web.context.request.RequestScope@6ed06f69]
22-07-2024 04:10:35.616 &amp#27;[35m[main]&amp#27;[0;39m &amp#27;[39mTRACE&amp#27;[0;39m o.s.b.f.s.DefaultListableBeanFactory.registerScope - Registering scope 'session' with implementation [org.springframework.web.context.request.SessionScope@39109136]
22-07-2024 04:10:35.617 &amp#27;[35m[main]&amp#27;[0;39m &amp#27;[39mTRACE&amp#27;[0;39m o.s.b.f.s.DefaultListableBeanFactory.registerScope - Registering scope 'application' with implementation [org.springframework.web.context.support.ServletContextScope@7f9ab969]
22-07-2024 04:10:35.621 &amp#27;[35m[main]&amp#27;[0;39m &amp#27;[39mDEBUG&amp#27;[0;39m o.s.b.f.s.DefaultListableBeanFactory.getSingleton - Creating shared instance of singleton bean 'org.springframework.context.annotation.internalConfigurationAnnotationProcessor'
22-07-2024 04:10:35.621 &amp#27;[35m[main]&amp#27;[0;39m &amp#27;[39mTRACE&amp#27;[0;39m o.s.b.f.s.DefaultListableBeanFactory.createBean - Creating instance of bean 'org.springframework.context.annotation.internalConfigurationAnnotationProcessor'
22-07-2024 04:10:35.627 &amp#27;[35m[main]&amp#27;[0;39m &amp#27;[39mDEBUG&amp#27;[0;39m o.s.b.f.s.DefaultListableBeanFactory.getSingleton - Creating shared instance of singleton bean 'org.springframework.boot.autoconfigure.internalCachingMetadataReaderFactory'
22-07-2024 04:10:35.627 &amp#27;[35m[main]&amp#27;[0;39m &amp#27;[39mTRACE&amp#27;[0;39m o.s.b.f.s.DefaultListableBeanFactory.createBean - Creating instance of bean 'org.springframework.boot.autoconfigure.internalCachingMetadataReaderFactory'
22-07-2024 04:10:35.628 &amp#27;[35m[main]&amp#27;[0;39m &amp#27;[39mTRACE&amp#27;[0;39m o.s.b.f.s.DefaultListableBeanFactory.createBean - Finished creating instance of bean 'org.springframework.boot.autoconfigure.internalCachingMetadataReaderFactory'
22-07-2024 04:10:35.628 &amp#27;[35m[main]&amp#27;[0;39m &amp#27;[39mTRACE&amp#27;[0;39m o.s.c.i.s.SpringFactoriesLoader.load - Loaded [org.springframework.beans.BeanInfoFactory] names: [org.springframework.data.util.KotlinBeanInfoFactory]
22-07-2024 04:10:35.629 &amp#27;[35m[main]&amp#27;[0;39m &amp#27;[39mTRACE&amp#27;[0;39m o.s.beans.CachedIntrospectionResults.<init> - Getting BeanInfo for class [org.springframework.context.annotation.ConfigurationClassPostProcessor]
22-07-2024 04:10:35.631 &amp#27;[35m[main]&amp#27;[0;39m &amp#27;[39mTRACE&amp#27;[0;39m o.s.beans.CachedIntrospectionResults.<init> - Caching PropertyDescriptors for class [org.springframework.context.annotation.ConfigurationClassPostProcessor]
22-07-2024 04:10:35.631 &amp#27;[35m[main]&amp#27;[0;39m &amp#27;[39mTRACE&amp#27;[0;39m o.s.beans.CachedIntrospectionResults.<init> - Found bean property 'applicationStartup' of type [org.springframework.core.metrics.ApplicationStartup]
22-07-2024 04:10:35.631 &amp#27;[35m[main]&amp#27;[0;39m &amp#27;[39mTRACE&amp#27;[0;39m o.s.beans.CachedIntrospectionResults.<init> - Found bean property 'beanClassLoader' of type [java.lang.ClassLoader]
22-07-2024 04:10:35.631 &amp#27;[35m[main]&amp#27;[0;39m &amp#27;[39mTRACE&amp#27;[0;39m o.s.beans.CachedIntrospectionResults.<init> - Found bean property 'beanExcludedFromAotProcessing' of type [boolean]
22-07-2024 04:10:35.631 &amp#27;[35m[main]&amp#27;[0;39m &amp#27;[39mTRACE&amp#27;[0;39m o.s.beans.CachedIntrospectionResults.<init> - Found bean property 'beanNameGenerator' of type [org.springframework.beans.factory.support.BeanNameGenerator]
22-07-2024 04:10:35.632 &amp#27;[35m[main]&amp#27;[0;39m &amp#27;[39mTRACE&amp#27;[0;39m o.s.beans.CachedIntrospectionResults.<init> - Found bean property 'class' of type [java.lang.Class]
22-07-2024 04:10:35.632 &amp#27;[35m[main]&amp#27;[0;39m &amp#27;[39mTRACE&amp#27;[0;39m o.s.beans.CachedIntrospectionResults.<init> - Found bean property 'environment' of type [org.springframework.core.env.Environment]
22-07-2024 04:10:35.632 &amp#27;[35m[main]&amp#27;[0;39m &amp#27;[39mTRACE&amp#27;[0;39m o.s.beans.CachedIntrospectionResults.<init> - Found bean property 'metadataReaderFactory' of type [org.springframework.core.type.classreading.MetadataReaderFactory]
22-07-2024 04:10:35.632 &amp#27;[35m[main]&amp#27;[0;39m &amp#27;[39mTRACE&amp#27;[0;39m o.s.beans.CachedIntrospectionResults.<init> - Found bean property 'order' of type [int]
22-07-2024 04:10:35.632 &amp#27;[35m[main]&amp#27;[0;39m &amp#27;[39mTRACE&amp#27;[0;39m o.s.beans.CachedIntrospectionResults.<init> - Found bean property 'problemReporter' of type [org.springframework.beans.factory.parsing.ProblemReporter]
22-07-2024 04:10:35.635 &amp#27;[35m[main]&amp#27;[0;39m &amp#27;[39mTRACE&amp#27;[0;39m o.s.beans.CachedIntrospectionResults.<init> - Found bean property 'resourceLoader' of type [org.springframework.core.io.ResourceLoader]
22-07-2024 04:10:35.635 &amp#27;[35m[main]&amp#27;[0;39m &amp#27;[39mTRACE&amp#27;[0;39m o.s.beans.CachedIntrospectionResults.<init> - Found bean property 'sourceExtractor' of type [org.springframework.beans.factory.parsing.SourceExtractor]
22-07-2024 04:10:35.637 &amp#27;[35m[main]&amp#27;[0;39m &amp#27;[39mTRACE&amp#27;[0;39m o.s.b.f.s.DefaultListableBeanFactory.createBean - Finished creating instance of bean 'org.springframework.context.annotation.internalConfigurationAnnotationProcessor'
22-07-2024 04:10:35.648 &amp#27;[35m[main]&amp#27;[0;39m &amp#27;[39mTRACE&amp#27;[0;39m o.s.c.a.ClassPathBeanDefinitionScanner.registerDefaultFilters - JSR-250 'jakarta.annotation.ManagedBean' found and supported for component scanning
22-07-2024 04:10:35.648 &amp#27;[35m[main]&amp#27;[0;39m &amp#27;[39mTRACE&amp#27;[0;39m o.s.c.a.ClassPathBeanDefinitionScanner.registerDefaultFilters - JSR-330 'jakarta.inject.Named' annotation found and supported for component scanning
22-07-2024 04:10:35.649 &amp#27;[35m[main]&amp#27;[0;39m &amp#27;[39mTRACE&amp#27;[0;39m o.s.c.i.s.PathMatchingResourcePatternResolver.findAllModulePathResources - Resolved module-path location pattern [org/nauman/app/**/*.class] to resources []
22-07-2024 04:10:35.649 &amp#27;[35m[main]&amp#27;[0;39m &amp#27;[39mTRACE&amp#27;[0;39m o.s.c.i.s.PathMatchingResourcePatternResolver.findAllModulePathResources - Resolved module-path location pattern [org/nauman/app/] to resources []
22-07-2024 04:10:35.649 &amp#27;[35m[main]&amp#27;[0;39m &amp#27;[39mTRACE&amp#27;[0;39m o.s.c.i.s.PathMatchingResourcePatternResolver.findAllClassPathResources - Resolved class path location [org/nauman/app/] to resources [file [/Users/nauman/Documents/Repositories/monolithic-springboot/app-service/target/test-classes/org/nauman/app], file [/Users/nauman/Documents/Repositories/monolithic-springboot/app-service/target/classes/org/nauman/app]]
22-07-2024 04:10:35.650 &amp#27;[35m[main]&amp#27;[0;39m &amp#27;[39mTRACE&amp#27;[0;39m o.s.c.i.s.PathMatchingResourcePatternResolver.doFindPathMatchingFileResources - Searching directory [/Users/nauman/Documents/Repositories/monolithic-springboot/app-service/target/test-classes/org/nauman/app] for files matching pattern [**/*.class]
22-07-2024 04:10:35.650 &amp#27;[35m[main]&amp#27;[0;39m &amp#27;[39mTRACE&amp#27;[0;39m o.s.c.i.s.PathMatchingResourcePatternResolver.doFindPathMatchingFileResources - Searching directory [/Users/nauman/Documents/Repositories/monolithic-springboot/app-service/target/classes/org/nauman/app] for files matching pattern [**/*.class]
22-07-2024 04:10:35.652 &amp#27;[35m[main]&amp#27;[0;39m &amp#27;[39mTRACE&amp#27;[0;39m o.s.c.i.s.PathMatchingResourcePatternResolver.findPathMatchingResources - Resolved location pattern [classpath*:org/nauman/app/**/*.class] to resources [file [/Users/nauman/Documents/Repositories/monolithic-springboot/app-service/target/test-classes/org/nauman/app/controller/UserControllerTest.class], file [/Users/nauman/Documents/Repositories/monolithic-springboot/app-service/target/test-classes/org/nauman/app/service/UserServiceTest.class], file [/Users/nauman/Documents/Repositories/monolithic-springboot/app-service/target/classes/org/nauman/app/AppServiceApplication.class], file [/Users/nauman/Documents/Repositories/monolithic-springboot/app-service/target/classes/org/nauman/app/config/AppConfig.class], file [/Users/nauman/Documents/Repositories/monolithic-springboot/app-service/target/classes/org/nauman/app/config/SecurityConfig.class], file [/Users/nauman/Documents/Repositories/monolithic-springboot/app-service/target/classes/org/nauman/app/config/WebMvcConfig.class], file [/Users/nauman/Documents/Repositories/monolithic-springboot/app-service/target/classes/org/nauman/app/controller/AuthController.class], file [/Users/nauman/Documents/Repositories/monolithic-springboot/app-service/target/classes/org/nauman/app/controller/UserController.class], file [/Users/nauman/Documents/Repositories/monolithic-springboot/app-service/target/classes/org/nauman/app/jpa/entity/UserEntity.class], file [/Users/nauman/Documents/Repositories/monolithic-springboot/app-service/target/classes/org/nauman/app/jpa/projections/UserFamilyTreeView.class], file [/Users/nauman/Documents/Repositories/monolithic-springboot/app-service/target/classes/org/nauman/app/jpa/projections/UserLoginView.class], file [/Users/nauman/Documents/Repositories/monolithic-springboot/app-service/target/classes/org/nauman/app/jpa/projections/UserParentView.class], file [/Users/nauman/Documents/Repositories/monolithic-springboot/app-service/target/classes/org/nauman/app/jpa/repository/UserRepository.class], file [/Users/nauman/Documents/Repositories/monolithic-springboot/app-service/target/classes/org/nauman/app/jpa/repository/UserRepositoryCriteria.class], file [/Users/nauman/Documents/Repositories/monolithic-springboot/app-service/target/classes/org/nauman/app/model/LoginDTO.class], file [/Users/nauman/Documents/Repositories/monolithic-springboot/app-service/target/classes/org/nauman/app/model/LoginResponseDTO.class], file [/Users/nauman/Documents/Repositories/monolithic-springboot/app-service/target/classes/org/nauman/app/model/UserDTO.class], file [/Users/nauman/Documents/Repositories/monolithic-springboot/app-service/target/classes/org/nauman/app/model/UserFamilyTreeDTO.class], file [/Users/nauman/Documents/Repositories/monolithic-springboot/app-service/target/classes/org/nauman/app/model/UserParentDTO.class], file [/Users/nauman/Documents/Repositories/monolithic-springboot/app-service/target/classes/org/nauman/app/model/UserViewDTO.class], file [/Users/nauman/Documents/Repositories/monolithic-springboot/app-service/target/classes/org/nauman/app/security/filters/JwtAuthenticationFilter.class], file [/Users/nauman/Documents/Repositories/monolithic-springboot/app-service/target/classes/org/nauman/app/security/model/JwtAuthenticationToken.class], file [/Users/nauman/Documents/Repositories/monolithic-springboot/app-service/target/classes/org/nauman/app/security/providers/JwtAuthenticationProvider.class], file [/Users/nauman/Documents/Repositories/monolithic-springboot/app-service/target/classes/org/nauman/app/service/AuthService.class], file [/Users/nauman/Documents/Repositories/monolithic-springboot/app-service/target/classes/org/nauman/app/service/UserService$1.class], file [/Users/nauman/Documents/Repositories/monolithic-springboot/app-service/target/classes/org/nauman/app/service/UserService$2.class], file [/Users/nauman/Documents/Repositories/monolithic-springboot/app-service/target/classes/org/nauman/app/service/UserService$3.class], file [/Users/nauman/Documents/Repositories/monolithic-springboot/app-service/target/classes/org/nauman/app/service/UserService.class], file [/Users/nauman/Documents/Repositories/monolithic-springboot/app-service/target/classes/org/nauman/app/utils/JwtUtils.class]]
22-07-2024 04:10:35.653 &amp#27;[35m[main]&amp#27;[0;39m &amp#27;[39mTRACE&amp#27;[0;39m o.s.c.a.ClassPathBeanDefinitionScanner.scanCandidateComponents - Scanning file [/Users/nauman/Documents/Repositories/monolithic-springboot/app-service/target/test-classes/org/nauman/app/controller/UserControllerTest.class]
22-07-2024 04:10:35.653 &amp#27;[35m[main]&amp#27;[0;39m &amp#27;[39mTRACE&amp#27;[0;39m o.s.b.f.s.DefaultListableBeanFactory.doGetBean - Returning cached instance of singleton bean 'org.springframework.boot.test.context.filter.TestTypeExcludeFilter'
22-07-2024 04:10:35.653 &amp#27;[35m[main]&amp#27;[0;39m &amp#27;[39mTRACE&amp#27;[0;39m o.s.b.f.s.DefaultListableBeanFactory.doGetBean - Returning cached instance of singleton bean 'org.springframework.boot.test.autoconfigure.filter.TypeExcludeFilters'
22-07-2024 04:10:35.653 &amp#27;[35m[main]&amp#27;[0;39m &amp#27;[39mTRACE&amp#27;[0;39m o.s.c.a.ClassPathBeanDefinitionScanner.scanCandidateComponents - Ignored because not matching any filter: file [/Users/nauman/Documents/Repositories/monolithic-springboot/app-service/target/test-classes/org/nauman/app/controller/UserControllerTest.class]
22-07-2024 04:10:35.653 &amp#27;[35m[main]&amp#27;[0;39m &amp#27;[39mTRACE&amp#27;[0;39m o.s.c.a.ClassPathBeanDefinitionScanner.scanCandidateComponents - Scanning file [/Users/nauman/Documents/Repositories/monolithic-springboot/app-service/target/test-classes/org/nauman/app/service/UserServiceTest.class]
22-07-2024 04:10:35.654 &amp#27;[35m[main]&amp#27;[0;39m &amp#27;[39mTRACE&amp#27;[0;39m o.s.c.a.ClassPathBeanDefinitionScanner.scanCandidateComponents - Ignored because not matching any filter: file [/Users/nauman/Documents/Repositories/monolithic-springboot/app-service/target/test-classes/org/nauman/app/service/UserServiceTest.class]
22-07-2024 04:10:35.654 &amp#27;[35m[main]&amp#27;[0;39m &amp#27;[39mTRACE&amp#27;[0;39m o.s.c.a.ClassPathBeanDefinitionScanner.scanCandidateComponents - Scanning file [/Users/nauman/Documents/Repositories/monolithic-springboot/app-service/target/classes/org/nauman/app/AppServiceApplication.class]
22-07-2024 04:10:35.654 &amp#27;[35m[main]&amp#27;[0;39m &amp#27;[39mTRACE&amp#27;[0;39m o.s.c.a.ClassPathBeanDefinitionScanner.scanCandidateComponents - Ignored because not matching any filter: file [/Users/nauman/Documents/Repositories/monolithic-springboot/app-service/target/classes/org/nauman/app/AppServiceApplication.class]
22-07-2024 04:10:35.654 &amp#27;[35m[main]&amp#27;[0;39m &amp#27;[39mTRACE&amp#27;[0;39m o.s.c.a.ClassPathBeanDefinitionScanner.scanCandidateComponents - Scanning file [/Users/nauman/Documents/Repositories/monolithic-springboot/app-service/target/classes/org/nauman/app/config/AppConfig.class]
22-07-2024 04:10:35.656 &amp#27;[35m[main]&amp#27;[0;39m &amp#27;[39mTRACE&amp#27;[0;39m o.s.c.a.ClassPathBeanDefinitionScanner.scanCandidateComponents - Ignored because not matching any filter: file [/Users/nauman/Documents/Repositories/monolithic-springboot/app-service/target/classes/org/nauman/app/config/AppConfig.class]
22-07-2024 04:10:35.656 &amp#27;[35m[main]&amp#27;[0;39m &amp#27;[39mTRACE&amp#27;[0;39m o.s.c.a.ClassPathBeanDefinitionScanner.scanCandidateComponents - Scanning file [/Users/nauman/Documents/Repositories/monolithic-springboot/app-service/target/classes/org/nauman/app/config/SecurityConfig.class]
22-07-2024 04:10:35.658 &amp#27;[35m[main]&amp#27;[0;39m &amp#27;[39mTRACE&amp#27;[0;39m o.s.c.a.ClassPathBeanDefinitionScanner.scanCandidateComponents - Ignored because not matching any filter: file [/Users/nauman/Documents/Repositories/monolithic-springboot/app-service/target/classes/org/nauman/app/config/SecurityConfig.class]
22-07-2024 04:10:35.658 &amp#27;[35m[main]&amp#27;[0;39m &amp#27;[39mTRACE&amp#27;[0;39m o.s.c.a.ClassPathBeanDefinitionScanner.scanCandidateComponents - Scanning file [/Users/nauman/Documents/Repositories/monolithic-springboot/app-service/target/classes/org/nauman/app/config/WebMvcConfig.class]
22-07-2024 04:10:35.659 &amp#27;[35m[main]&amp#27;[0;39m &amp#27;[39mDEBUG&amp#27;[0;39m o.s.c.a.ClassPathBeanDefinitionScanner.scanCandidateComponents - Identified candidate component class: file [/Users/nauman/Documents/Repositories/monolithic-springboot/app-service/target/classes/org/nauman/app/config/WebMvcConfig.class]
22-07-2024 04:10:35.659 &amp#27;[35m[main]&amp#27;[0;39m &amp#27;[39mTRACE&amp#27;[0;39m o.s.c.a.ClassPathBeanDefinitionScanner.scanCandidateComponents - Scanning file [/Users/nauman/Documents/Repositories/monolithic-springboot/app-service/target/classes/org/nauman/app/controller/AuthController.class]
22-07-2024 04:10:35.659 &amp#27;[35m[main]&amp#27;[0;39m &amp#27;[39mTRACE&amp#27;[0;39m o.s.c.a.ClassPathBeanDefinitionScanner.scanCandidateComponents - Ignored because not matching any filter: file [/Users/nauman/Documents/Repositories/monolithic-springboot/app-service/target/classes/org/nauman/app/controller/AuthController.class]
22-07-2024 04:10:35.659 &amp#27;[35m[main]&amp#27;[0;39m &amp#27;[39mTRACE&amp#27;[0;39m o.s.c.a.ClassPathBeanDefinitionScanner.scanCandidateComponents - Scanning file [/Users/nauman/Documents/Repositories/monolithic-springboot/app-service/target/classes/org/nauman/app/controller/UserController.class]
22-07-2024 04:10:35.660 &amp#27;[35m[main]&amp#27;[0;39m &amp#27;[39mDEBUG&amp#27;[0;39m o.s.c.a.ClassPathBeanDefinitionScanner.scanCandidateComponents - Identified candidate component class: file [/Users/nauman/Documents/Repositories/monolithic-springboot/app-service/target/classes/org/nauman/app/controller/UserController.class]
22-07-2024 04:10:35.660 &amp#27;[35m[main]&amp#27;[0;39m &amp#27;[39mTRACE&amp#27;[0;39m o.s.c.a.ClassPathBeanDefinitionScanner.scanCandidateComponents - Scanning file [/Users/nauman/Documents/Repositories/monolithic-springboot/app-service/target/classes/org/nauman/app/jpa/entity/UserEntity.class]
22-07-2024 04:10:35.661 &amp#27;[35m[main]&amp#27;[0;39m &amp#27;[39mTRACE&amp#27;[0;39m o.s.c.a.ClassPathBeanDefinitionScanner.scanCandidateComponents - Ignored because not matching any filter: file [/Users/nauman/Documents/Repositories/monolithic-springboot/app-service/target/classes/org/nauman/app/jpa/entity/UserEntity.class]
22-07-2024 04:10:35.661 &amp#27;[35m[main]&amp#27;[0;39m &amp#27;[39mTRACE&amp#27;[0;39m o.s.c.a.ClassPathBeanDefinitionScanner.scanCandidateComponents - Scanning file [/Users/nauman/Documents/Repositories/monolithic-springboot/app-service/target/classes/org/nauman/app/jpa/projections/UserFamilyTreeView.class]
22-07-2024 04:10:35.661 &amp#27;[35m[main]&amp#27;[0;39m &amp#27;[39mTRACE&amp#27;[0;39m o.s.c.a.ClassPathBeanDefinitionScanner.scanCandidateComponents - Ignored because not matching any filter: file [/Users/nauman/Documents/Repositories/monolithic-springboot/app-service/target/classes/org/nauman/app/jpa/projections/UserFamilyTreeView.class]
22-07-2024 04:10:35.661 &amp#27;[35m[main]&amp#27;[0;39m &amp#27;[39mTRACE&amp#27;[0;39m o.s.c.a.ClassPathBeanDefinitionScanner.scanCandidateComponents - Scanning file [/Users/nauman/Documents/Repositories/monolithic-springboot/app-service/target/classes/org/nauman/app/jpa/projections/UserLoginView.class]
22-07-2024 04:10:35.661 &amp#27;[35m[main]&amp#27;[0;39m &amp#27;[39mTRACE&amp#27;[0;39m o.s.c.a.ClassPathBeanDefinitionScanner.scanCandidateComponents - Ignored because not matching any filter: file [/Users/nauman/Documents/Repositories/monolithic-springboot/app-service/target/classes/org/nauman/app/jpa/projections/UserLoginView.class]
22-07-2024 04:10:35.661 &amp#27;[35m[main]&amp#27;[0;39m &amp#27;[39mTRACE&amp#27;[0;39m o.s.c.a.ClassPathBeanDefinitionScanner.scanCandidateComponents - Scanning file [/Users/nauman/Documents/Repositories/monolithic-springboot/app-service/target/classes/org/nauman/app/jpa/projections/UserParentView.class]
22-07-2024 04:10:35.662 &amp#27;[35m[main]&amp#27;[0;39m &amp#27;[39mTRACE&amp#27;[0;39m o.s.c.a.ClassPathBeanDefinitionScanner.scanCandidateComponents - Ignored because not matching any filter: file [/Users/nauman/Documents/Repositories/monolithic-springboot/app-service/target/classes/org/nauman/app/jpa/projections/UserParentView.class]
22-07-2024 04:10:35.662 &amp#27;[35m[main]&amp#27;[0;39m &amp#27;[39mTRACE&amp#27;[0;39m o.s.c.a.ClassPathBeanDefinitionScanner.scanCandidateComponents - Scanning file [/Users/nauman/Documents/Repositories/monolithic-springboot/app-service/target/classes/org/nauman/app/jpa/repository/UserRepository.class]
22-07-2024 04:10:35.665 &amp#27;[35m[main]&amp#27;[0;39m &amp#27;[39mTRACE&amp#27;[0;39m o.s.c.a.ClassPathBeanDefinitionScanner.scanCandidateComponents - Ignored because not matching any filter: file [/Users/nauman/Documents/Repositories/monolithic-springboot/app-service/target/classes/org/nauman/app/jpa/repository/UserRepository.class]
22-07-2024 04:10:35.665 &amp#27;[35m[main]&amp#27;[0;39m &amp#27;[39mTRACE&amp#27;[0;39m o.s.c.a.ClassPathBeanDefinitionScanner.scanCandidateComponents - Scanning file [/Users/nauman/Documents/Repositories/monolithic-springboot/app-service/target/classes/org/nauman/app/jpa/repository/UserRepositoryCriteria.class]
22-07-2024 04:10:35.665 &amp#27;[35m[main]&amp#27;[0;39m &amp#27;[39mTRACE&amp#27;[0;39m o.s.c.a.ClassPathBeanDefinitionScanner.scanCandidateComponents - Ignored because not matching any filter: file [/Users/nauman/Documents/Repositories/monolithic-springboot/app-service/target/classes/org/nauman/app/jpa/repository/UserRepositoryCriteria.class]
22-07-2024 04:10:35.665 &amp#27;[35m[main]&amp#27;[0;39m &amp#27;[39mTRACE&amp#27;[0;39m o.s.c.a.ClassPathBeanDefinitionScanner.scanCandidateComponents - Scanning file [/Users/nauman/Documents/Repositories/monolithic-springboot/app-service/target/classes/org/nauman/app/model/LoginDTO.class]
22-07-2024 04:10:35.665 &amp#27;[35m[main]&amp#27;[0;39m &amp#27;[39mTRACE&amp#27;[0;39m o.s.c.a.ClassPathBeanDefinitionScanner.scanCandidateComponents - Ignored because not matching any filter: file [/Users/nauman/Documents/Repositories/monolithic-springboot/app-service/target/classes/org/nauman/app/model/LoginDTO.class]
22-07-2024 04:10:35.665 &amp#27;[35m[main]&amp#27;[0;39m &amp#27;[39mTRACE&amp#27;[0;39m o.s.c.a.ClassPathBeanDefinitionScanner.scanCandidateComponents - Scanning file [/Users/nauman/Documents/Repositories/monolithic-springboot/app-service/target/classes/org/nauman/app/model/LoginResponseDTO.class]
22-07-2024 04:10:35.665 &amp#27;[35m[main]&amp#27;[0;39m &amp#27;[39mTRACE&amp#27;[0;39m o.s.c.a.ClassPathBeanDefinitionScanner.scanCandidateComponents - Ignored because not matching any filter: file [/Users/nauman/Documents/Repositories/monolithic-springboot/app-service/target/classes/org/nauman/app/model/LoginResponseDTO.class]
22-07-2024 04:10:35.666 &amp#27;[35m[main]&amp#27;[0;39m &amp#27;[39mTRACE&amp#27;[0;39m o.s.c.a.ClassPathBeanDefinitionScanner.scanCandidateComponents - Scanning file [/Users/nauman/Documents/Repositories/monolithic-springboot/app-service/target/classes/org/nauman/app/model/UserDTO.class]
22-07-2024 04:10:35.666 &amp#27;[35m[main]&amp#27;[0;39m &amp#27;[39mTRACE&amp#27;[0;39m o.s.c.a.ClassPathBeanDefinitionScanner.scanCandidateComponents - Ignored because not matching any filter: file [/Users/nauman/Documents/Repositories/monolithic-springboot/app-service/target/classes/org/nauman/app/model/UserDTO.class]
22-07-2024 04:10:35.666 &amp#27;[35m[main]&amp#27;[0;39m &amp#27;[39mTRACE&amp#27;[0;39m o.s.c.a.ClassPathBeanDefinitionScanner.scanCandidateComponents - Scanning file [/Users/nauman/Documents/Repositories/monolithic-springboot/app-service/target/classes/org/nauman/app/model/UserFamilyTreeDTO.class]
22-07-2024 04:10:35.666 &amp#27;[35m[main]&amp#27;[0;39m &amp#27;[39mTRACE&amp#27;[0;39m o.s.c.a.ClassPathBeanDefinitionScanner.scanCandidateComponents - Ignored because not matching any filter: file [/Users/nauman/Documents/Repositories/monolithic-springboot/app-service/target/classes/org/nauman/app/model/UserFamilyTreeDTO.class]
22-07-2024 04:10:35.666 &amp#27;[35m[main]&amp#27;[0;39m &amp#27;[39mTRACE&amp#27;[0;39m o.s.c.a.ClassPathBeanDefinitionScanner.scanCandidateComponents - Scanning file [/Users/nauman/Documents/Repositories/monolithic-springboot/app-service/target/classes/org/nauman/app/model/UserParentDTO.class]
22-07-2024 04:10:35.667 &amp#27;[35m[main]&amp#27;[0;39m &amp#27;[39mTRACE&amp#27;[0;39m o.s.c.a.ClassPathBeanDefinitionScanner.scanCandidateComponents - Ignored because not matching any filter: file [/Users/nauman/Documents/Repositories/monolithic-springboot/app-service/target/classes/org/nauman/app/model/UserParentDTO.class]
22-07-2024 04:10:35.667 &amp#27;[35m[main]&amp#27;[0;39m &amp#27;[39mTRACE&amp#27;[0;39m o.s.c.a.ClassPathBeanDefinitionScanner.scanCandidateComponents - Scanning file [/Users/nauman/Documents/Repositories/monolithic-springboot/app-service/target/classes/org/nauman/app/model/UserViewDTO.class]
22-07-2024 04:10:35.667 &amp#27;[35m[main]&amp#27;[0;39m &amp#27;[39mTRACE&amp#27;[0;39m o.s.c.a.ClassPathBeanDefinitionScanner.scanCandidateComponents - Ignored because not matching any filter: file [/Users/nauman/Documents/Repositories/monolithic-springboot/app-service/target/classes/org/nauman/app/model/UserViewDTO.class]
22-07-2024 04:10:35.667 &amp#27;[35m[main]&amp#27;[0;39m &amp#27;[39mTRACE&amp#27;[0;39m o.s.c.a.ClassPathBeanDefinitionScanner.scanCandidateComponents - Scanning file [/Users/nauman/Documents/Repositories/monolithic-springboot/app-service/target/classes/org/nauman/app/security/filters/JwtAuthenticationFilter.class]
22-07-2024 04:10:35.669 &amp#27;[35m[main]&amp#27;[0;39m &amp#27;[39mDEBUG&amp#27;[0;39m o.s.c.a.ClassPathBeanDefinitionScanner.scanCandidateComponents - Identified candidate component class: file [/Users/nauman/Documents/Repositories/monolithic-springboot/app-service/target/classes/org/nauman/app/security/filters/JwtAuthenticationFilter.class]
22-07-2024 04:10:35.670 &amp#27;[35m[main]&amp#27;[0;39m &amp#27;[39mTRACE&amp#27;[0;39m o.s.c.a.ClassPathBeanDefinitionScanner.scanCandidateComponents - Scanning file [/Users/nauman/Documents/Repositories/monolithic-springboot/app-service/target/classes/org/nauman/app/security/model/JwtAuthenticationToken.class]
22-07-2024 04:10:35.671 &amp#27;[35m[main]&amp#27;[0;39m &amp#27;[39mTRACE&amp#27;[0;39m o.s.c.a.ClassPathBeanDefinitionScanner.scanCandidateComponents - Ignored because not matching any filter: file [/Users/nauman/Documents/Repositories/monolithic-springboot/app-service/target/classes/org/nauman/app/security/model/JwtAuthenticationToken.class]
22-07-2024 04:10:35.671 &amp#27;[35m[main]&amp#27;[0;39m &amp#27;[39mTRACE&amp#27;[0;39m o.s.c.a.ClassPathBeanDefinitionScanner.scanCandidateComponents - Scanning file [/Users/nauman/Documents/Repositories/monolithic-springboot/app-service/target/classes/org/nauman/app/security/providers/JwtAuthenticationProvider.class]
22-07-2024 04:10:35.671 &amp#27;[35m[main]&amp#27;[0;39m &amp#27;[39mTRACE&amp#27;[0;39m o.s.c.a.ClassPathBeanDefinitionScanner.scanCandidateComponents - Ignored because not matching any filter: file [/Users/nauman/Documents/Repositories/monolithic-springboot/app-service/target/classes/org/nauman/app/security/providers/JwtAuthenticationProvider.class]
22-07-2024 04:10:35.672 &amp#27;[35m[main]&amp#27;[0;39m &amp#27;[39mTRACE&amp#27;[0;39m o.s.c.a.ClassPathBeanDefinitionScanner.scanCandidateComponents - Scanning file [/Users/nauman/Documents/Repositories/monolithic-springboot/app-service/target/classes/org/nauman/app/service/AuthService.class]
22-07-2024 04:10:35.672 &amp#27;[35m[main]&amp#27;[0;39m &amp#27;[39mTRACE&amp#27;[0;39m o.s.c.a.ClassPathBeanDefinitionScanner.scanCandidateComponents - Ignored because not matching any filter: file [/Users/nauman/Documents/Repositories/monolithic-springboot/app-service/target/classes/org/nauman/app/service/AuthService.class]
22-07-2024 04:10:35.672 &amp#27;[35m[main]&amp#27;[0;39m &amp#27;[39mTRACE&amp#27;[0;39m o.s.c.a.ClassPathBeanDefinitionScanner.scanCandidateComponents - Scanning file [/Users/nauman/Documents/Repositories/monolithic-springboot/app-service/target/classes/org/nauman/app/service/UserService$1.class]
22-07-2024 04:10:35.674 &amp#27;[35m[main]&amp#27;[0;39m &amp#27;[39mTRACE&amp#27;[0;39m o.s.c.a.ClassPathBeanDefinitionScanner.scanCandidateComponents - Ignored because not matching any filter: file [/Users/nauman/Documents/Repositories/monolithic-springboot/app-service/target/classes/org/nauman/app/service/UserService$1.class]
22-07-2024 04:10:35.674 &amp#27;[35m[main]&amp#27;[0;39m &amp#27;[39mTRACE&amp#27;[0;39m o.s.c.a.ClassPathBeanDefinitionScanner.scanCandidateComponents - Scanning file [/Users/nauman/Documents/Repositories/monolithic-springboot/app-service/target/classes/org/nauman/app/service/UserService$2.class]
22-07-2024 04:10:35.674 &amp#27;[35m[main]&amp#27;[0;39m &amp#27;[39mTRACE&amp#27;[0;39m o.s.c.a.ClassPathBeanDefinitionScanner.scanCandidateComponents - Ignored because not matching any filter: file [/Users/nauman/Documents/Repositories/monolithic-springboot/app-service/target/classes/org/nauman/app/service/UserService$2.class]
22-07-2024 04:10:35.674 &amp#27;[35m[main]&amp#27;[0;39m &amp#27;[39mTRACE&amp#27;[0;39m o.s.c.a.ClassPathBeanDefinitionScanner.scanCandidateComponents - Scanning file [/Users/nauman/Documents/Repositories/monolithic-springboot/app-service/target/classes/org/nauman/app/service/UserService$3.class]
22-07-2024 04:10:35.674 &amp#27;[35m[main]&amp#27;[0;39m &amp#27;[39mTRACE&amp#27;[0;39m o.s.c.a.ClassPathBeanDefinitionScanner.scanCandidateComponents - Ignored because not matching any filter: file [/Users/nauman/Documents/Repositories/monolithic-springboot/app-service/target/classes/org/nauman/app/service/UserService$3.class]
22-07-2024 04:10:35.674 &amp#27;[35m[main]&amp#27;[0;39m &amp#27;[39mTRACE&amp#27;[0;39m o.s.c.a.ClassPathBeanDefinitionScanner.scanCandidateComponents - Scanning file [/Users/nauman/Documents/Repositories/monolithic-springboot/app-service/target/classes/org/nauman/app/service/UserService.class]
22-07-2024 04:10:35.675 &amp#27;[35m[main]&amp#27;[0;39m &amp#27;[39mTRACE&amp#27;[0;39m o.s.c.a.ClassPathBeanDefinitionScanner.scanCandidateComponents - Ignored because not matching any filter: file [/Users/nauman/Documents/Repositories/monolithic-springboot/app-service/target/classes/org/nauman/app/service/UserService.class]
22-07-2024 04:10:35.675 &amp#27;[35m[main]&amp#27;[0;39m &amp#27;[39mTRACE&amp#27;[0;39m o.s.c.a.ClassPathBeanDefinitionScanner.scanCandidateComponents - Scanning file [/Users/nauman/Documents/Repositories/monolithic-springboot/app-service/target/classes/org/nauman/app/utils/JwtUtils.class]
22-07-2024 04:10:35.675 &amp#27;[35m[main]&amp#27;[0;39m &amp#27;[39mTRACE&amp#27;[0;39m o.s.c.a.ClassPathBeanDefinitionScanner.scanCandidateComponents - Ignored because not matching any filter: file [/Users/nauman/Documents/Repositories/monolithic-springboot/app-service/target/classes/org/nauman/app/utils/JwtUtils.class]
22-07-2024 04:10:35.682 &amp#27;[35m[main]&amp#27;[0;39m &amp#27;[39mTRACE&amp#27;[0;39m o.s.c.i.s.SpringFactoriesLoader.load - Loaded [org.springframework.boot.autoconfigure.AutoConfigurationImportFilter] names: [org.springframework.boot.autoconfigure.condition.OnBeanCondition, org.springframework.boot.autoconfigure.condition.OnClassCondition, org.springframework.boot.autoconfigure.condition.OnWebApplicationCondition]
22-07-2024 04:10:35.689 &amp#27;[35m[main]&amp#27;[0;39m &amp#27;[39mTRACE&amp#27;[0;39m o.s.b.f.s.DefaultListableBeanFactory.doGetBean - Returning cached instance of singleton bean 'autoConfigurationReport'
22-07-2024 04:10:35.695 &amp#27;[35m[main]&amp#27;[0;39m &amp#27;[39mTRACE&amp#27;[0;39m o.s.b.a.condition.OnClassCondition.logOutcome - Condition OnClassCondition on org.springframework.boot.autoconfigure.freemarker.FreeMarkerAutoConfiguration did not match due to @ConditionalOnClass did not find required class 'freemarker.template.Configuration'
22-07-2024 04:10:35.696 &amp#27;[35m[main]&amp#27;[0;39m &amp#27;[39mTRACE&amp#27;[0;39m o.s.b.a.condition.OnClassCondition.logOutcome - Condition OnClassCondition on org.springframework.boot.autoconfigure.groovy.template.GroovyTemplateAutoConfiguration did not match due to @ConditionalOnClass did not find required class 'groovy.text.markup.MarkupTemplateEngine'
22-07-2024 04:10:35.696 &amp#27;[35m[main]&amp#27;[0;39m &amp#27;[39mTRACE&amp#27;[0;39m o.s.b.a.condition.OnClassCondition.logOutcome - Condition OnClassCondition on org.springframework.boot.autoconfigure.gson.GsonAutoConfiguration did not match due to @ConditionalOnClass did not find required class 'com.google.gson.Gson'
22-07-2024 04:10:35.696 &amp#27;[35m[main]&amp#27;[0;39m &amp#27;[39mTRACE&amp#27;[0;39m o.s.b.a.condition.OnClassCondition.logOutcome - Condition OnClassCondition on org.springframework.boot.autoconfigure.hateoas.HypermediaAutoConfiguration did not match due to @ConditionalOnClass did not find required class 'org.springframework.hateoas.EntityModel'
22-07-2024 04:10:35.696 &amp#27;[35m[main]&amp#27;[0;39m &amp#27;[39mTRACE&amp#27;[0;39m o.s.b.a.condition.OnClassCondition.logOutcome - Condition OnClassCondition on org.springframework.boot.autoconfigure.jsonb.JsonbAutoConfiguration did not match due to @ConditionalOnClass did not find required class 'jakarta.json.bind.Jsonb'
22-07-2024 04:10:35.696 &amp#27;[35m[main]&amp#27;[0;39m &amp#27;[39mTRACE&amp#27;[0;39m o.s.b.a.condition.OnClassCondition.logOutcome - Condition OnClassCondition on org.springframework.boot.autoconfigure.mustache.MustacheAutoConfiguration did not match due to @ConditionalOnClass did not find required class 'com.samskivert.mustache.Mustache'
22-07-2024 04:10:35.696 &amp#27;[35m[main]&amp#27;[0;39m &amp#27;[39mTRACE&amp#27;[0;39m o.s.b.a.condition.OnClassCondition.logOutcome - Condition OnClassCondition on org.springframework.boot.autoconfigure.thymeleaf.ThymeleafAutoConfiguration did not match due to @ConditionalOnClass did not find required class 'org.thymeleaf.spring6.SpringTemplateEngine'
22-07-2024 04:10:35.696 &amp#27;[35m[main]&amp#27;[0;39m &amp#27;[39mTRACE&amp#27;[0;39m o.s.b.a.condition.OnClassCondition.logOutcome - Condition OnClassCondition on org.springframework.boot.autoconfigure.validation.ValidationAutoConfiguration did not match due to @ConditionalOnClass did not find required class 'jakarta.validation.executable.ExecutableValidator'
22-07-2024 04:10:35.696 &amp#27;[35m[main]&amp#27;[0;39m &amp#27;[39mTRACE&amp#27;[0;39m o.s.b.a.condition.OnClassCondition.logOutcome - Condition OnClassCondition on org.springframework.boot.autoconfigure.security.oauth2.client.servlet.OAuth2ClientAutoConfiguration did not match due to @ConditionalOnClass did not find required class 'org.springframework.security.oauth2.client.registration.ClientRegistration'
22-07-2024 04:10:35.696 &amp#27;[35m[main]&amp#27;[0;39m &amp#27;[39mTRACE&amp#27;[0;39m o.s.b.a.condition.OnClassCondition.logOutcome - Condition OnClassCondition on org.springframework.boot.autoconfigure.security.oauth2.resource.servlet.OAuth2ResourceServerAutoConfiguration did not match due to @ConditionalOnClass did not find required class 'org.springframework.security.oauth2.server.resource.authentication.BearerTokenAuthenticationToken'
22-07-2024 04:10:35.696 &amp#27;[35m[main]&amp#27;[0;39m &amp#27;[39mTRACE&amp#27;[0;39m o.s.b.f.s.DefaultListableBeanFactory.doGetBean - Returning cached instance of singleton bean 'autoConfigurationReport'
22-07-2024 04:10:35.697 &amp#27;[35m[main]&amp#27;[0;39m &amp#27;[39mTRACE&amp#27;[0;39m o.s.b.f.s.DefaultListableBeanFactory.doGetBean - Returning cached instance of singleton bean 'autoConfigurationReport'
22-07-2024 04:10:35.700 &amp#27;[35m[main]&amp#27;[0;39m &amp#27;[39mTRACE&amp#27;[0;39m o.s.b.a.AutoConfigurationImportSelector.filter - Filtered 10 auto configuration class in 8 ms
22-07-2024 04:10:35.700 &amp#27;[35m[main]&amp#27;[0;39m &amp#27;[39mTRACE&amp#27;[0;39m o.s.c.i.s.SpringFactoriesLoader.load - Loaded [org.springframework.boot.autoconfigure.AutoConfigurationImportListener] names: [org.springframework.boot.autoconfigure.condition.ConditionEvaluationReportAutoConfigurationImportListener]
22-07-2024 04:10:35.701 &amp#27;[35m[main]&amp#27;[0;39m &amp#27;[39mTRACE&amp#27;[0;39m o.s.b.f.s.DefaultListableBeanFactory.doGetBean - Returning cached instance of singleton bean 'autoConfigurationReport'
22-07-2024 04:10:35.704 &amp#27;[35m[main]&amp#27;[0;39m &amp#27;[39mTRACE&amp#27;[0;39m o.s.b.f.s.DefaultListableBeanFactory.doGetBean - Returning cached instance of singleton bean 'org.springframework.boot.autoconfigure.internalCachingMetadataReaderFactory'
22-07-2024 04:10:35.710 &amp#27;[35m[main]&amp#27;[0;39m &amp#27;[39mTRACE&amp#27;[0;39m o.s.b.f.s.DefaultListableBeanFactory.doGetBean - Returning cached instance of singleton bean 'autoConfigurationReport'
22-07-2024 04:10:35.711 &amp#27;[35m[main]&amp#27;[0;39m &amp#27;[39mTRACE&amp#27;[0;39m o.s.b.f.s.DefaultListableBeanFactory.doGetBean - Returning cached instance of singleton bean 'autoConfigurationReport'
22-07-2024 04:10:35.711 &amp#27;[35m[main]&amp#27;[0;39m &amp#27;[39mTRACE&amp#27;[0;39m o.s.b.f.s.DefaultListableBeanFactory.doGetBean - Returning cached instance of singleton bean 'autoConfigurationReport'
22-07-2024 04:10:35.711 &amp#27;[35m[main]&amp#27;[0;39m &amp#27;[39mTRACE&amp#27;[0;39m o.s.c.i.s.SpringFactoriesLoader.load - Loaded [org.springframework.boot.autoconfigure.AutoConfigurationImportFilter] names: [org.springframework.boot.autoconfigure.condition.OnBeanCondition, org.springframework.boot.autoconfigure.condition.OnClassCondition, org.springframework.boot.autoconfigure.condition.OnWebApplicationCondition]
22-07-2024 04:10:35.714 &amp#27;[35m[main]&amp#27;[0;39m &amp#27;[39mTRACE&amp#27;[0;39m o.s.b.f.s.DefaultListableBeanFactory.doGetBean - Returning cached instance of singleton bean 'autoConfigurationReport'
22-07-2024 04:10:35.714 &amp#27;[35m[main]&amp#27;[0;39m &amp#27;[39mTRACE&amp#27;[0;39m o.s.b.f.s.DefaultListableBeanFactory.doGetBean - Returning cached instance of singleton bean 'autoConfigurationReport'
22-07-2024 04:10:35.714 &amp#27;[35m[main]&amp#27;[0;39m &amp#27;[39mTRACE&amp#27;[0;39m o.s.b.f.s.DefaultListableBeanFactory.doGetBean - Returning cached instance of singleton bean 'autoConfigurationReport'
22-07-2024 04:10:35.714 &amp#27;[35m[main]&amp#27;[0;39m &amp#27;[39mTRACE&amp#27;[0;39m o.s.b.f.s.DefaultListableBeanFactory.doGetBean - Returning cached instance of singleton bean 'autoConfigurationReport'
22-07-2024 04:10:35.714 &amp#27;[35m[main]&amp#27;[0;39m &amp#27;[39mTRACE&amp#27;[0;39m o.s.b.f.s.DefaultListableBeanFactory.doGetBean - Returning cached instance of singleton bean 'autoConfigurationReport'
22-07-2024 04:10:35.714 &amp#27;[35m[main]&amp#27;[0;39m &amp#27;[39mTRACE&amp#27;[0;39m o.s.b.f.s.DefaultListableBeanFactory.doGetBean - Returning cached instance of singleton bean 'autoConfigurationReport'
22-07-2024 04:10:35.714 &amp#27;[35m[main]&amp#27;[0;39m &amp#27;[39mTRACE&amp#27;[0;39m o.s.b.f.s.DefaultListableBeanFactory.doGetBean - Returning cached instance of singleton bean 'autoConfigurationReport'
22-07-2024 04:10:35.714 &amp#27;[35m[main]&amp#27;[0;39m &amp#27;[39mTRACE&amp#27;[0;39m o.s.b.f.s.DefaultListableBeanFactory.doGetBean - Returning cached instance of singleton bean 'autoConfigurationReport'
22-07-2024 04:10:35.714 &amp#27;[35m[main]&amp#27;[0;39m &amp#27;[39mTRACE&amp#27;[0;39m o.s.b.f.s.DefaultListableBeanFactory.doGetBean - Returning cached instance of singleton bean 'autoConfigurationReport'
22-07-2024 04:10:35.716 &amp#27;[35m[main]&amp#27;[0;39m &amp#27;[39mTRACE&amp#27;[0;39m o.s.c.i.s.PathMatchingResourcePatternResolver.findAllModulePathResources - Resolved module-path location pattern [messages.properties] to resources []
22-07-2024 04:10:35.716 &amp#27;[35m[main]&amp#27;[0;39m &amp#27;[39mTRACE&amp#27;[0;39m o.s.c.i.s.PathMatchingResourcePatternResolver.findAllClassPathResources - Resolved class path location [messages.properties] to resources []
22-07-2024 04:10:35.716 &amp#27;[35m[main]&amp#27;[0;39m &amp#27;[39mTRACE&amp#27;[0;39m o.s.b.a.c.MessageSourceAutoConfiguration$ResourceBundleCondition.logOutcome - Condition MessageSourceAutoConfiguration.ResourceBundleCondition on org.springframework.boot.autoconfigure.context.MessageSourceAutoConfiguration did not match due to ResourceBundle did not find bundle with basename messages
22-07-2024 04:10:35.716 &amp#27;[35m[main]&amp#27;[0;39m &amp#27;[39mTRACE&amp#27;[0;39m o.s.b.f.s.DefaultListableBeanFactory.doGetBean - Returning cached instance of singleton bean 'autoConfigurationReport'
22-07-2024 04:10:35.716 &amp#27;[35m[main]&amp#27;[0;39m &amp#27;[39mTRACE&amp#27;[0;39m o.s.b.f.s.DefaultListableBeanFactory.doGetBean - Returning cached instance of singleton bean 'autoConfigurationReport'
22-07-2024 04:10:35.717 &amp#27;[35m[main]&amp#27;[0;39m &amp#27;[39mTRACE&amp#27;[0;39m o.s.b.f.s.DefaultListableBeanFactory.doGetBean - Returning cached instance of singleton bean 'autoConfigurationReport'
22-07-2024 04:10:35.717 &amp#27;[35m[main]&amp#27;[0;39m &amp#27;[39mTRACE&amp#27;[0;39m o.s.b.f.s.DefaultListableBeanFactory.doGetBean - Returning cached instance of singleton bean 'autoConfigurationReport'
22-07-2024 04:10:35.717 &amp#27;[35m[main]&amp#27;[0;39m &amp#27;[39mTRACE&amp#27;[0;39m o.s.b.f.s.DefaultListableBeanFactory.doGetBean - Returning cached instance of singleton bean 'autoConfigurationReport'
22-07-2024 04:10:35.717 &amp#27;[35m[main]&amp#27;[0;39m &amp#27;[39mTRACE&amp#27;[0;39m o.s.b.f.s.DefaultListableBeanFactory.doGetBean - Returning cached instance of singleton bean 'autoConfigurationReport'
22-07-2024 04:10:35.717 &amp#27;[35m[main]&amp#27;[0;39m &amp#27;[39mTRACE&amp#27;[0;39m o.s.b.f.s.DefaultListableBeanFactory.doGetBean - Returning cached instance of singleton bean 'autoConfigurationReport'
22-07-2024 04:10:35.717 &amp#27;[35m[main]&amp#27;[0;39m &amp#27;[39mTRACE&amp#27;[0;39m o.s.b.f.s.DefaultListableBeanFactory.doGetBean - Returning cached instance of singleton bean 'autoConfigurationReport'
22-07-2024 04:10:35.717 &amp#27;[35m[main]&amp#27;[0;39m &amp#27;[39mTRACE&amp#27;[0;39m o.s.b.f.s.DefaultListableBeanFactory.doGetBean - Returning cached instance of singleton bean 'autoConfigurationReport'
22-07-2024 04:10:35.717 &amp#27;[35m[main]&amp#27;[0;39m &amp#27;[39mTRACE&amp#27;[0;39m o.s.b.f.s.DefaultListableBeanFactory.doGetBean - Returning cached instance of singleton bean 'autoConfigurationReport'
22-07-2024 04:10:35.717 &amp#27;[35m[main]&amp#27;[0;39m &amp#27;[39mTRACE&amp#27;[0;39m o.s.b.f.s.DefaultListableBeanFactory.doGetBean - Returning cached instance of singleton bean 'autoConfigurationReport'
22-07-2024 04:10:35.717 &amp#27;[35m[main]&amp#27;[0;39m &amp#27;[39mTRACE&amp#27;[0;39m o.s.b.f.s.DefaultListableBeanFactory.doGetBean - Returning cached instance of singleton bean 'autoConfigurationReport'
22-07-2024 04:10:35.717 &amp#27;[35m[main]&amp#27;[0;39m &amp#27;[39mTRACE&amp#27;[0;39m o.s.b.f.s.DefaultListableBeanFactory.doGetBean - Returning cached instance of singleton bean 'autoConfigurationReport'
22-07-2024 04:10:35.718 &amp#27;[35m[main]&amp#27;[0;39m &amp#27;[39mTRACE&amp#27;[0;39m o.s.b.a.condition.OnClassCondition.logOutcome - Condition OnClassCondition on org.springframework.boot.autoconfigure.task.TaskExecutionAutoConfiguration matched due to @ConditionalOnClass found required class 'org.springframework.scheduling.concurrent.ThreadPoolTaskExecutor'
22-07-2024 04:10:35.718 &amp#27;[35m[main]&amp#27;[0;39m &amp#27;[39mTRACE&amp#27;[0;39m o.s.b.f.s.DefaultListableBeanFactory.doGetBean - Returning cached instance of singleton bean 'autoConfigurationReport'
22-07-2024 04:10:35.718 &amp#27;[35m[main]&amp#27;[0;39m &amp#27;[39mTRACE&amp#27;[0;39m o.s.b.f.s.DefaultListableBeanFactory.doGetBean - Returning cached instance of singleton bean 'autoConfigurationReport'
22-07-2024 04:10:35.718 &amp#27;[35m[main]&amp#27;[0;39m &amp#27;[39mTRACE&amp#27;[0;39m o.s.b.f.s.DefaultListableBeanFactory.doGetBean - Returning cached instance of singleton bean 'autoConfigurationReport'
22-07-2024 04:10:35.718 &amp#27;[35m[main]&amp#27;[0;39m &amp#27;[39mTRACE&amp#27;[0;39m o.s.b.f.s.DefaultListableBeanFactory.doGetBean - Returning cached instance of singleton bean 'autoConfigurationReport'
22-07-2024 04:10:35.718 &amp#27;[35m[main]&amp#27;[0;39m &amp#27;[39mTRACE&amp#27;[0;39m o.s.b.f.s.DefaultListableBeanFactory.doGetBean - Returning cached instance of singleton bean 'autoConfigurationReport'
22-07-2024 04:10:35.718 &amp#27;[35m[main]&amp#27;[0;39m &amp#27;[39mTRACE&amp#27;[0;39m o.s.b.f.s.DefaultListableBeanFactory.doGetBean - Returning cached instance of singleton bean 'autoConfigurationReport'
22-07-2024 04:10:35.718 &amp#27;[35m[main]&amp#27;[0;39m &amp#27;[39mTRACE&amp#27;[0;39m o.s.b.f.s.DefaultListableBeanFactory.doGetBean - Returning cached instance of singleton bean 'autoConfigurationReport'
22-07-2024 04:10:35.721 &amp#27;[35m[main]&amp#27;[0;39m &amp#27;[39mTRACE&amp#27;[0;39m o.s.b.f.s.DefaultListableBeanFactory.doGetBean - Returning cached instance of singleton bean 'autoConfigurationReport'
22-07-2024 04:10:35.721 &amp#27;[35m[main]&amp#27;[0;39m &amp#27;[39mTRACE&amp#27;[0;39m o.s.b.f.s.DefaultListableBeanFactory.doGetBean - Returning cached instance of singleton bean 'autoConfigurationReport'
22-07-2024 04:10:35.721 &amp#27;[35m[main]&amp#27;[0;39m &amp#27;[39mTRACE&amp#27;[0;39m o.s.b.f.s.DefaultListableBeanFactory.doGetBean - Returning cached instance of singleton bean 'autoConfigurationReport'
22-07-2024 04:10:35.721 &amp#27;[35m[main]&amp#27;[0;39m &amp#27;[39mTRACE&amp#27;[0;39m o.s.b.f.s.DefaultListableBeanFactory.doGetBean - Returning cached instance of singleton bean 'autoConfigurationReport'
22-07-2024 04:10:35.721 &amp#27;[35m[main]&amp#27;[0;39m &amp#27;[39mTRACE&amp#27;[0;39m o.s.b.f.s.DefaultListableBeanFactory.doGetBean - Returning cached instance of singleton bean 'autoConfigurationReport'
22-07-2024 04:10:35.721 &amp#27;[35m[main]&amp#27;[0;39m &amp#27;[39mTRACE&amp#27;[0;39m o.s.b.f.s.DefaultListableBeanFactory.doGetBean - Returning cached instance of singleton bean 'autoConfigurationReport'
22-07-2024 04:10:35.721 &amp#27;[35m[main]&amp#27;[0;39m &amp#27;[39mTRACE&amp#27;[0;39m o.s.b.f.s.DefaultListableBeanFactory.doGetBean - Returning cached instance of singleton bean 'autoConfigurationReport'
22-07-2024 04:10:35.722 &amp#27;[35m[main]&amp#27;[0;39m &amp#27;[39mTRACE&amp#27;[0;39m o.s.b.f.s.DefaultListableBeanFactory.doGetBean - Returning cached instance of singleton bean 'autoConfigurationReport'
22-07-2024 04:10:35.722 &amp#27;[35m[main]&amp#27;[0;39m &amp#27;[39mTRACE&amp#27;[0;39m o.s.b.f.s.DefaultListableBeanFactory.doGetBean - Returning cached instance of singleton bean 'autoConfigurationReport'
22-07-2024 04:10:35.722 &amp#27;[35m[main]&amp#27;[0;39m &amp#27;[39mTRACE&amp#27;[0;39m o.s.b.f.s.DefaultListableBeanFactory.doGetBean - Returning cached instance of singleton bean 'autoConfigurationReport'
22-07-2024 04:10:35.722 &amp#27;[35m[main]&amp#27;[0;39m &amp#27;[39mTRACE&amp#27;[0;39m o.s.b.f.s.DefaultListableBeanFactory.doGetBean - Returning cached instance of singleton bean 'autoConfigurationReport'
22-07-2024 04:10:35.722 &amp#27;[35m[main]&amp#27;[0;39m &amp#27;[39mTRACE&amp#27;[0;39m o.s.b.f.s.DefaultListableBeanFactory.doGetBean - Returning cached instance of singleton bean 'autoConfigurationReport'
22-07-2024 04:10:35.722 &amp#27;[35m[main]&amp#27;[0;39m &amp#27;[39mTRACE&amp#27;[0;39m o.s.b.f.s.DefaultListableBeanFactory.doGetBean - Returning cached instance of singleton bean 'autoConfigurationReport'
22-07-2024 04:10:35.722 &amp#27;[35m[main]&amp#27;[0;39m &amp#27;[39mTRACE&amp#27;[0;39m o.s.b.f.s.DefaultListableBeanFactory.doGetBean - Returning cached instance of singleton bean 'autoConfigurationReport'
22-07-2024 04:10:35.722 &amp#27;[35m[main]&amp#27;[0;39m &amp#27;[39mTRACE&amp#27;[0;39m o.s.b.f.s.DefaultListableBeanFactory.doGetBean - Returning cached instance of singleton bean 'autoConfigurationReport'
22-07-2024 04:10:35.722 &amp#27;[35m[main]&amp#27;[0;39m &amp#27;[39mTRACE&amp#27;[0;39m o.s.b.f.s.DefaultListableBeanFactory.doGetBean - Returning cached instance of singleton bean 'autoConfigurationReport'
22-07-2024 04:10:35.722 &amp#27;[35m[main]&amp#27;[0;39m &amp#27;[39mTRACE&amp#27;[0;39m o.s.b.f.s.DefaultListableBeanFactory.doGetBean - Returning cached instance of singleton bean 'autoConfigurationReport'
22-07-2024 04:10:35.722 &amp#27;[35m[main]&amp#27;[0;39m &amp#27;[39mTRACE&amp#27;[0;39m o.s.b.f.s.DefaultListableBeanFactory.doGetBean - Returning cached instance of singleton bean 'autoConfigurationReport'
22-07-2024 04:10:35.722 &amp#27;[35m[main]&amp#27;[0;39m &amp#27;[39mTRACE&amp#27;[0;39m o.s.b.f.s.DefaultListableBeanFactory.doGetBean - Returning cached instance of singleton bean 'autoConfigurationReport'
22-07-2024 04:10:35.723 &amp#27;[35m[main]&amp#27;[0;39m &amp#27;[39mTRACE&amp#27;[0;39m o.s.b.f.s.DefaultListableBeanFactory.doGetBean - Returning cached instance of singleton bean 'autoConfigurationReport'
22-07-2024 04:10:35.723 &amp#27;[35m[main]&amp#27;[0;39m &amp#27;[39mTRACE&amp#27;[0;39m o.s.b.f.s.DefaultListableBeanFactory.doGetBean - Returning cached instance of singleton bean 'autoConfigurationReport'
22-07-2024 04:10:35.723 &amp#27;[35m[main]&amp#27;[0;39m &amp#27;[39mTRACE&amp#27;[0;39m o.s.b.f.s.DefaultListableBeanFactory.doGetBean - Returning cached instance of singleton bean 'autoConfigurationReport'
22-07-2024 04:10:35.723 &amp#27;[35m[main]&amp#27;[0;39m &amp#27;[39mTRACE&amp#27;[0;39m o.s.b.f.s.DefaultListableBeanFactory.doGetBean - Returning cached instance of singleton bean 'autoConfigurationReport'
22-07-2024 04:10:35.723 &amp#27;[35m[main]&amp#27;[0;39m &amp#27;[39mTRACE&amp#27;[0;39m o.s.b.f.s.DefaultListableBeanFactory.doGetBean - Returning cached instance of singleton bean 'autoConfigurationReport'
22-07-2024 04:10:35.723 &amp#27;[35m[main]&amp#27;[0;39m &amp#27;[39mTRACE&amp#27;[0;39m o.s.b.f.s.DefaultListableBeanFactory.doGetBean - Returning cached instance of singleton bean 'autoConfigurationReport'
22-07-2024 04:10:35.723 &amp#27;[35m[main]&amp#27;[0;39m &amp#27;[39mTRACE&amp#27;[0;39m o.s.b.f.s.DefaultListableBeanFactory.doGetBean - Returning cached instance of singleton bean 'autoConfigurationReport'
22-07-2024 04:10:35.723 &amp#27;[35m[main]&amp#27;[0;39m &amp#27;[39mTRACE&amp#27;[0;39m o.s.b.f.s.DefaultListableBeanFactory.doGetBean - Returning cached instance of singleton bean 'autoConfigurationReport'
22-07-2024 04:10:35.723 &amp#27;[35m[main]&amp#27;[0;39m &amp#27;[39mTRACE&amp#27;[0;39m o.s.b.f.s.DefaultListableBeanFactory.doGetBean - Returning cached instance of singleton bean 'autoConfigurationReport'
22-07-2024 04:10:35.723 &amp#27;[35m[main]&amp#27;[0;39m &amp#27;[39mTRACE&amp#27;[0;39m o.s.b.f.s.DefaultListableBeanFactory.doGetBean - Returning cached instance of singleton bean 'autoConfigurationReport'
22-07-2024 04:10:35.723 &amp#27;[35m[main]&amp#27;[0;39m &amp#27;[39mTRACE&amp#27;[0;39m o.s.b.f.s.DefaultListableBeanFactory.doGetBean - Returning cached instance of singleton bean 'autoConfigurationReport'
22-07-2024 04:10:35.723 &amp#27;[35m[main]&amp#27;[0;39m &amp#27;[39mTRACE&amp#27;[0;39m o.s.b.f.s.DefaultListableBeanFactory.doGetBean - Returning cached instance of singleton bean 'autoConfigurationReport'
22-07-2024 04:10:35.723 &amp#27;[35m[main]&amp#27;[0;39m &amp#27;[39mTRACE&amp#27;[0;39m o.s.b.f.s.DefaultListableBeanFactory.doGetBean - Returning cached instance of singleton bean 'autoConfigurationReport'
22-07-2024 04:10:35.723 &amp#27;[35m[main]&amp#27;[0;39m &amp#27;[39mTRACE&amp#27;[0;39m o.s.b.f.s.DefaultListableBeanFactory.doGetBean - Returning cached instance of singleton bean 'autoConfigurationReport'
22-07-2024 04:10:35.724 &amp#27;[35m[main]&amp#27;[0;39m &amp#27;[39mTRACE&amp#27;[0;39m o.s.b.f.s.DefaultListableBeanFactory.doGetBean - Returning cached instance of singleton bean 'autoConfigurationReport'
22-07-2024 04:10:35.724 &amp#27;[35m[main]&amp#27;[0;39m &amp#27;[39mTRACE&amp#27;[0;39m o.s.b.f.s.DefaultListableBeanFactory.doGetBean - Returning cached instance of singleton bean 'autoConfigurationReport'
22-07-2024 04:10:35.724 &amp#27;[35m[main]&amp#27;[0;39m &amp#27;[39mTRACE&amp#27;[0;39m o.s.b.f.s.DefaultListableBeanFactory.doGetBean - Returning cached instance of singleton bean 'autoConfigurationReport'
22-07-2024 04:10:35.724 &amp#27;[35m[main]&amp#27;[0;39m &amp#27;[39mTRACE&amp#27;[0;39m o.s.b.a.condition.OnClassCondition.logOutcome - Condition OnClassCondition on org.springframework.boot.autoconfigure.web.servlet.error.ErrorMvcAutoConfiguration matched due to @ConditionalOnClass found required classes 'jakarta.servlet.Servlet', 'org.springframework.web.servlet.DispatcherServlet'
22-07-2024 04:10:35.724 &amp#27;[35m[main]&amp#27;[0;39m &amp#27;[39mTRACE&amp#27;[0;39m o.s.b.f.s.DefaultListableBeanFactory.doGetBean - Returning cached instance of singleton bean 'autoConfigurationReport'
22-07-2024 04:10:35.724 &amp#27;[35m[main]&amp#27;[0;39m &amp#27;[39mTRACE&amp#27;[0;39m o.s.b.a.c.OnWebApplicationCondition.logOutcome - Condition OnWebApplicationCondition on org.springframework.boot.autoconfigure.web.servlet.error.ErrorMvcAutoConfiguration matched due to found 'session' scope
22-07-2024 04:10:35.725 &amp#27;[35m[main]&amp#27;[0;39m &amp#27;[39mTRACE&amp#27;[0;39m o.s.b.f.s.DefaultListableBeanFactory.doGetBean - Returning cached instance of singleton bean 'autoConfigurationReport'
22-07-2024 04:10:35.725 &amp#27;[35m[main]&amp#27;[0;39m &amp#27;[39mTRACE&amp#27;[0;39m o.s.b.f.s.DefaultListableBeanFactory.doGetBean - Returning cached instance of singleton bean 'autoConfigurationReport'
22-07-2024 04:10:35.725 &amp#27;[35m[main]&amp#27;[0;39m &amp#27;[39mTRACE&amp#27;[0;39m o.s.b.f.s.DefaultListableBeanFactory.doGetBean - Returning cached instance of singleton bean 'autoConfigurationReport'
22-07-2024 04:10:35.725 &amp#27;[35m[main]&amp#27;[0;39m &amp#27;[39mTRACE&amp#27;[0;39m o.s.b.f.s.DefaultListableBeanFactory.doGetBean - Returning cached instance of singleton bean 'autoConfigurationReport'
22-07-2024 04:10:35.725 &amp#27;[35m[main]&amp#27;[0;39m &amp#27;[39mTRACE&amp#27;[0;39m o.s.b.f.s.DefaultListableBeanFactory.doGetBean - Returning cached instance of singleton bean 'autoConfigurationReport'
22-07-2024 04:10:35.725 &amp#27;[35m[main]&amp#27;[0;39m &amp#27;[39mTRACE&amp#27;[0;39m o.s.b.f.s.DefaultListableBeanFactory.doGetBean - Returning cached instance of singleton bean 'autoConfigurationReport'
22-07-2024 04:10:35.725 &amp#27;[35m[main]&amp#27;[0;39m &amp#27;[39mTRACE&amp#27;[0;39m o.s.b.f.s.DefaultListableBeanFactory.doGetBean - Returning cached instance of singleton bean 'autoConfigurationReport'
22-07-2024 04:10:35.727 &amp#27;[35m[main]&amp#27;[0;39m &amp#27;[39mTRACE&amp#27;[0;39m o.s.b.a.c.OnPropertyCondition.logOutcome - Condition OnPropertyCondition on org.springframework.boot.autoconfigure.web.servlet.error.ErrorMvcAutoConfiguration$WhitelabelErrorViewConfiguration matched due to @ConditionalOnProperty (server.error.whitelabel.enabled) matched
22-07-2024 04:10:35.727 &amp#27;[35m[main]&amp#27;[0;39m &amp#27;[39mTRACE&amp#27;[0;39m o.s.b.f.s.DefaultListableBeanFactory.doGetBean - Returning cached instance of singleton bean 'autoConfigurationReport'
22-07-2024 04:10:35.727 &amp#27;[35m[main]&amp#27;[0;39m &amp#27;[39mTRACE&amp#27;[0;39m o.s.c.i.s.SpringFactoriesLoader.load - Loaded [org.springframework.boot.autoconfigure.template.TemplateAvailabilityProvider] names: [org.springframework.boot.autoconfigure.freemarker.FreeMarkerTemplateAvailabilityProvider, org.springframework.boot.autoconfigure.mustache.MustacheTemplateAvailabilityProvider, org.springframework.boot.autoconfigure.groovy.template.GroovyTemplateAvailabilityProvider, org.springframework.boot.autoconfigure.thymeleaf.ThymeleafTemplateAvailabilityProvider, org.springframework.boot.autoconfigure.web.servlet.JspTemplateAvailabilityProvider]
22-07-2024 04:10:35.729 &amp#27;[35m[main]&amp#27;[0;39m &amp#27;[39mTRACE&amp#27;[0;39m o.s.b.a.w.s.e.ErrorMvcAutoConfiguration$ErrorTemplateMissingCondition.logOutcome - Condition ErrorMvcAutoConfiguration.ErrorTemplateMissingCondition on org.springframework.boot.autoconfigure.web.servlet.error.ErrorMvcAutoConfiguration$WhitelabelErrorViewConfiguration matched due to ErrorTemplate Missing did not find error template view
22-07-2024 04:10:35.729 &amp#27;[35m[main]&amp#27;[0;39m &amp#27;[39mTRACE&amp#27;[0;39m o.s.b.f.s.DefaultListableBeanFactory.doGetBean - Returning cached instance of singleton bean 'autoConfigurationReport'
22-07-2024 04:10:35.729 &amp#27;[35m[main]&amp#27;[0;39m &amp#27;[39mTRACE&amp#27;[0;39m o.s.b.f.s.DefaultListableBeanFactory.doGetBean - Returning cached instance of singleton bean 'autoConfigurationReport'
22-07-2024 04:10:35.729 &amp#27;[35m[main]&amp#27;[0;39m &amp#27;[39mTRACE&amp#27;[0;39m o.s.b.f.s.DefaultListableBeanFactory.doGetBean - Returning cached instance of singleton bean 'autoConfigurationReport'
22-07-2024 04:10:35.729 &amp#27;[35m[main]&amp#27;[0;39m &amp#27;[39mTRACE&amp#27;[0;39m o.s.b.f.s.DefaultListableBeanFactory.doGetBean - Returning cached instance of singleton bean 'autoConfigurationReport'
22-07-2024 04:10:35.729 &amp#27;[35m[main]&amp#27;[0;39m &amp#27;[39mTRACE&amp#27;[0;39m o.s.b.f.s.DefaultListableBeanFactory.doGetBean - Returning cached instance of singleton bean 'autoConfigurationReport'
22-07-2024 04:10:35.729 &amp#27;[35m[main]&amp#27;[0;39m &amp#27;[39mTRACE&amp#27;[0;39m o.s.b.f.s.DefaultListableBeanFactory.doGetBean - Returning cached instance of singleton bean 'autoConfigurationReport'
22-07-2024 04:10:35.729 &amp#27;[35m[main]&amp#27;[0;39m &amp#27;[39mTRACE&amp#27;[0;39m o.s.b.f.s.DefaultListableBeanFactory.doGetBean - Returning cached instance of singleton bean 'autoConfigurationReport'
22-07-2024 04:10:35.729 &amp#27;[35m[main]&amp#27;[0;39m &amp#27;[39mTRACE&amp#27;[0;39m o.s.b.f.s.DefaultListableBeanFactory.doGetBean - Returning cached instance of singleton bean 'autoConfigurationReport'
22-07-2024 04:10:35.729 &amp#27;[35m[main]&amp#27;[0;39m &amp#27;[39mTRACE&amp#27;[0;39m o.s.b.f.s.DefaultListableBeanFactory.doGetBean - Returning cached instance of singleton bean 'autoConfigurationReport'
22-07-2024 04:10:35.730 &amp#27;[35m[main]&amp#27;[0;39m &amp#27;[39mTRACE&amp#27;[0;39m o.s.b.f.s.DefaultListableBeanFactory.doGetBean - Returning cached instance of singleton bean 'autoConfigurationReport'
22-07-2024 04:10:35.730 &amp#27;[35m[main]&amp#27;[0;39m &amp#27;[39mTRACE&amp#27;[0;39m o.s.b.f.s.DefaultListableBeanFactory.doGetBean - Returning cached instance of singleton bean 'autoConfigurationReport'
22-07-2024 04:10:35.730 &amp#27;[35m[main]&amp#27;[0;39m &amp#27;[39mTRACE&amp#27;[0;39m o.s.b.f.s.DefaultListableBeanFactory.doGetBean - Returning cached instance of singleton bean 'autoConfigurationReport'
22-07-2024 04:10:35.730 &amp#27;[35m[main]&amp#27;[0;39m &amp#27;[39mTRACE&amp#27;[0;39m o.s.b.f.s.DefaultListableBeanFactory.doGetBean - Returning cached instance of singleton bean 'autoConfigurationReport'
22-07-2024 04:10:35.730 &amp#27;[35m[main]&amp#27;[0;39m &amp#27;[39mTRACE&amp#27;[0;39m o.s.b.f.s.DefaultListableBeanFactory.doGetBean - Returning cached instance of singleton bean 'autoConfigurationReport'
22-07-2024 04:10:35.730 &amp#27;[35m[main]&amp#27;[0;39m &amp#27;[39mTRACE&amp#27;[0;39m o.s.b.f.s.DefaultListableBeanFactory.doGetBean - Returning cached instance of singleton bean 'autoConfigurationReport'
22-07-2024 04:10:35.730 &amp#27;[35m[main]&amp#27;[0;39m &amp#27;[39mTRACE&amp#27;[0;39m o.s.b.f.s.DefaultListableBeanFactory.doGetBean - Returning cached instance of singleton bean 'autoConfigurationReport'
22-07-2024 04:10:35.730 &amp#27;[35m[main]&amp#27;[0;39m &amp#27;[39mTRACE&amp#27;[0;39m o.s.b.f.s.DefaultListableBeanFactory.doGetBean - Returning cached instance of singleton bean 'autoConfigurationReport'
22-07-2024 04:10:35.730 &amp#27;[35m[main]&amp#27;[0;39m &amp#27;[39mTRACE&amp#27;[0;39m o.s.b.f.s.DefaultListableBeanFactory.doGetBean - Returning cached instance of singleton bean 'autoConfigurationReport'
22-07-2024 04:10:35.730 &amp#27;[35m[main]&amp#27;[0;39m &amp#27;[39mTRACE&amp#27;[0;39m o.s.b.f.s.DefaultListableBeanFactory.doGetBean - Returning cached instance of singleton bean 'autoConfigurationReport'
22-07-2024 04:10:35.730 &amp#27;[35m[main]&amp#27;[0;39m &amp#27;[39mTRACE&amp#27;[0;39m o.s.b.f.s.DefaultListableBeanFactory.doGetBean - Returning cached instance of singleton bean 'autoConfigurationReport'
22-07-2024 04:10:35.731 &amp#27;[35m[main]&amp#27;[0;39m &amp#27;[39mTRACE&amp#27;[0;39m o.s.b.f.s.DefaultListableBeanFactory.doGetBean - Returning cached instance of singleton bean 'autoConfigurationReport'
22-07-2024 04:10:35.731 &amp#27;[35m[main]&amp#27;[0;39m &amp#27;[39mTRACE&amp#27;[0;39m o.s.b.f.s.DefaultListableBeanFactory.doGetBean - Returning cached instance of singleton bean 'autoConfigurationReport'
22-07-2024 04:10:35.731 &amp#27;[35m[main]&amp#27;[0;39m &amp#27;[39mTRACE&amp#27;[0;39m o.s.b.f.s.DefaultListableBeanFactory.doGetBean - Returning cached instance of singleton bean 'autoConfigurationReport'
22-07-2024 04:10:35.731 &amp#27;[35m[main]&amp#27;[0;39m &amp#27;[39mTRACE&amp#27;[0;39m o.s.b.f.s.DefaultListableBeanFactory.doGetBean - Returning cached instance of singleton bean 'autoConfigurationReport'
22-07-2024 04:10:35.731 &amp#27;[35m[main]&amp#27;[0;39m &amp#27;[39mTRACE&amp#27;[0;39m o.s.b.f.s.DefaultListableBeanFactory.doGetBean - Returning cached instance of singleton bean 'autoConfigurationReport'
22-07-2024 04:10:35.731 &amp#27;[35m[main]&amp#27;[0;39m &amp#27;[39mTRACE&amp#27;[0;39m o.s.b.a.condition.OnClassCondition.logOutcome - Condition OnClassCondition on org.springframework.boot.autoconfigure.web.servlet.WebMvcAutoConfiguration matched due to @ConditionalOnClass found required classes 'jakarta.servlet.Servlet', 'org.springframework.web.servlet.DispatcherServlet', 'org.springframework.web.servlet.config.annotation.WebMvcConfigurer'
22-07-2024 04:10:35.731 &amp#27;[35m[main]&amp#27;[0;39m &amp#27;[39mTRACE&amp#27;[0;39m o.s.b.f.s.DefaultListableBeanFactory.doGetBean - Returning cached instance of singleton bean 'autoConfigurationReport'
22-07-2024 04:10:35.731 &amp#27;[35m[main]&amp#27;[0;39m &amp#27;[39mTRACE&amp#27;[0;39m o.s.b.a.c.OnWebApplicationCondition.logOutcome - Condition OnWebApplicationCondition on org.springframework.boot.autoconfigure.web.servlet.WebMvcAutoConfiguration matched due to found 'session' scope
22-07-2024 04:10:35.731 &amp#27;[35m[main]&amp#27;[0;39m &amp#27;[39mTRACE&amp#27;[0;39m o.s.b.f.s.DefaultListableBeanFactory.doGetBean - Returning cached instance of singleton bean 'autoConfigurationReport'
22-07-2024 04:10:35.731 &amp#27;[35m[main]&amp#27;[0;39m &amp#27;[39mTRACE&amp#27;[0;39m o.s.b.f.s.DefaultListableBeanFactory.doGetBean - Returning cached instance of singleton bean 'autoConfigurationReport'
22-07-2024 04:10:35.732 &amp#27;[35m[main]&amp#27;[0;39m &amp#27;[39mTRACE&amp#27;[0;39m o.s.b.f.s.DefaultListableBeanFactory.doGetBean - Returning cached instance of singleton bean 'autoConfigurationReport'
22-07-2024 04:10:35.732 &amp#27;[35m[main]&amp#27;[0;39m &amp#27;[39mTRACE&amp#27;[0;39m o.s.b.f.s.DefaultListableBeanFactory.doGetBean - Returning cached instance of singleton bean 'autoConfigurationReport'
22-07-2024 04:10:35.732 &amp#27;[35m[main]&amp#27;[0;39m &amp#27;[39mTRACE&amp#27;[0;39m o.s.b.f.s.DefaultListableBeanFactory.doGetBean - Returning cached instance of singleton bean 'autoConfigurationReport'
22-07-2024 04:10:35.732 &amp#27;[35m[main]&amp#27;[0;39m &amp#27;[39mTRACE&amp#27;[0;39m o.s.b.f.s.DefaultListableBeanFactory.doGetBean - Returning cached instance of singleton bean 'autoConfigurationReport'
22-07-2024 04:10:35.732 &amp#27;[35m[main]&amp#27;[0;39m &amp#27;[39mTRACE&amp#27;[0;39m o.s.b.f.s.DefaultListableBeanFactory.doGetBean - Returning cached instance of singleton bean 'autoConfigurationReport'
22-07-2024 04:10:35.735 &amp#27;[35m[main]&amp#27;[0;39m &amp#27;[39mTRACE&amp#27;[0;39m o.s.b.f.s.DefaultListableBeanFactory.doGetBean - Returning cached instance of singleton bean 'autoConfigurationReport'
22-07-2024 04:10:35.736 &amp#27;[35m[main]&amp#27;[0;39m &amp#27;[39mTRACE&amp#27;[0;39m o.s.b.f.s.DefaultListableBeanFactory.doGetBean - Returning cached instance of singleton bean 'autoConfigurationReport'
22-07-2024 04:10:35.736 &amp#27;[35m[main]&amp#27;[0;39m &amp#27;[39mTRACE&amp#27;[0;39m o.s.b.f.s.DefaultListableBeanFactory.doGetBean - Returning cached instance of singleton bean 'autoConfigurationReport'
22-07-2024 04:10:35.736 &amp#27;[35m[main]&amp#27;[0;39m &amp#27;[39mTRACE&amp#27;[0;39m o.s.b.f.s.DefaultListableBeanFactory.doGetBean - Returning cached instance of singleton bean 'autoConfigurationReport'
22-07-2024 04:10:35.736 &amp#27;[35m[main]&amp#27;[0;39m &amp#27;[39mTRACE&amp#27;[0;39m o.s.b.f.s.DefaultListableBeanFactory.doGetBean - Returning cached instance of singleton bean 'autoConfigurationReport'
22-07-2024 04:10:35.736 &amp#27;[35m[main]&amp#27;[0;39m &amp#27;[39mTRACE&amp#27;[0;39m o.s.b.f.s.DefaultListableBeanFactory.doGetBean - Returning cached instance of singleton bean 'autoConfigurationReport'
22-07-2024 04:10:35.737 &amp#27;[35m[main]&amp#27;[0;39m &amp#27;[39mTRACE&amp#27;[0;39m o.s.b.f.s.DefaultListableBeanFactory.doGetBean - Returning cached instance of singleton bean 'autoConfigurationReport'
22-07-2024 04:10:35.737 &amp#27;[35m[main]&amp#27;[0;39m &amp#27;[39mTRACE&amp#27;[0;39m o.s.b.f.s.DefaultListableBeanFactory.doGetBean - Returning cached instance of singleton bean 'autoConfigurationReport'
22-07-2024 04:10:35.737 &amp#27;[35m[main]&amp#27;[0;39m &amp#27;[39mTRACE&amp#27;[0;39m o.s.b.f.s.DefaultListableBeanFactory.doGetBean - Returning cached instance of singleton bean 'autoConfigurationReport'
22-07-2024 04:10:35.737 &amp#27;[35m[main]&amp#27;[0;39m &amp#27;[39mTRACE&amp#27;[0;39m o.s.b.f.s.DefaultListableBeanFactory.doGetBean - Returning cached instance of singleton bean 'autoConfigurationReport'
22-07-2024 04:10:35.737 &amp#27;[35m[main]&amp#27;[0;39m &amp#27;[39mTRACE&amp#27;[0;39m o.s.b.f.s.DefaultListableBeanFactory.doGetBean - Returning cached instance of singleton bean 'autoConfigurationReport'
22-07-2024 04:10:35.737 &amp#27;[35m[main]&amp#27;[0;39m &amp#27;[39mTRACE&amp#27;[0;39m o.s.b.f.s.DefaultListableBeanFactory.doGetBean - Returning cached instance of singleton bean 'autoConfigurationReport'
22-07-2024 04:10:35.738 &amp#27;[35m[main]&amp#27;[0;39m &amp#27;[39mTRACE&amp#27;[0;39m o.s.b.a.c.OnPropertyCondition.logOutcome - Condition OnPropertyCondition on org.springframework.boot.autoconfigure.web.servlet.WebMvcAutoConfiguration$ProblemDetailsErrorHandlingConfiguration did not match due to @ConditionalOnProperty (spring.mvc.problemdetails.enabled=true) did not find property 'enabled'
22-07-2024 04:10:35.738 &amp#27;[35m[main]&amp#27;[0;39m &amp#27;[39mTRACE&amp#27;[0;39m o.s.b.f.s.DefaultListableBeanFactory.doGetBean - Returning cached instance of singleton bean 'autoConfigurationReport'
22-07-2024 04:10:35.738 &amp#27;[35m[main]&amp#27;[0;39m &amp#27;[39mTRACE&amp#27;[0;39m o.s.b.a.w.OnEnabledResourceChainCondition.logOutcome - Condition OnEnabledResourceChainCondition on org.springframework.boot.autoconfigure.web.servlet.WebMvcAutoConfiguration$ResourceChainCustomizerConfiguration did not match due to @ConditionalOnEnabledResourceChain did not find class org.webjars.WebJarAssetLocator
22-07-2024 04:10:35.739 &amp#27;[35m[main]&amp#27;[0;39m &amp#27;[39mTRACE&amp#27;[0;39m o.s.b.f.s.DefaultListableBeanFactory.doGetBean - Returning cached instance of singleton bean 'autoConfigurationReport'
22-07-2024 04:10:35.739 &amp#27;[35m[main]&amp#27;[0;39m &amp#27;[39mTRACE&amp#27;[0;39m o.s.b.f.s.DefaultListableBeanFactory.doGetBean - Returning cached instance of singleton bean 'autoConfigurationReport'
22-07-2024 04:10:35.739 &amp#27;[35m[main]&amp#27;[0;39m &amp#27;[39mTRACE&amp#27;[0;39m o.s.b.f.s.DefaultListableBeanFactory.doGetBean - Returning cached instance of singleton bean 'autoConfigurationReport'
22-07-2024 04:10:35.739 &amp#27;[35m[main]&amp#27;[0;39m &amp#27;[39mTRACE&amp#27;[0;39m o.s.b.f.s.DefaultListableBeanFactory.doGetBean - Returning cached instance of singleton bean 'autoConfigurationReport'
22-07-2024 04:10:35.739 &amp#27;[35m[main]&amp#27;[0;39m &amp#27;[39mTRACE&amp#27;[0;39m o.s.b.f.s.DefaultListableBeanFactory.doGetBean - Returning cached instance of singleton bean 'autoConfigurationReport'
22-07-2024 04:10:35.739 &amp#27;[35m[main]&amp#27;[0;39m &amp#27;[39mTRACE&amp#27;[0;39m o.s.b.f.s.DefaultListableBeanFactory.doGetBean - Returning cached instance of singleton bean 'autoConfigurationReport'
22-07-2024 04:10:35.739 &amp#27;[35m[main]&amp#27;[0;39m &amp#27;[39mTRACE&amp#27;[0;39m o.s.b.f.s.DefaultListableBeanFactory.doGetBean - Returning cached instance of singleton bean 'autoConfigurationReport'
22-07-2024 04:10:35.739 &amp#27;[35m[main]&amp#27;[0;39m &amp#27;[39mTRACE&amp#27;[0;39m o.s.b.f.s.DefaultListableBeanFactory.doGetBean - Returning cached instance of singleton bean 'autoConfigurationReport'
22-07-2024 04:10:35.739 &amp#27;[35m[main]&amp#27;[0;39m &amp#27;[39mTRACE&amp#27;[0;39m o.s.b.f.s.DefaultListableBeanFactory.doGetBean - Returning cached instance of singleton bean 'autoConfigurationReport'
22-07-2024 04:10:35.739 &amp#27;[35m[main]&amp#27;[0;39m &amp#27;[39mTRACE&amp#27;[0;39m o.s.b.f.s.DefaultListableBeanFactory.doGetBean - Returning cached instance of singleton bean 'autoConfigurationReport'
22-07-2024 04:10:35.739 &amp#27;[35m[main]&amp#27;[0;39m &amp#27;[39mTRACE&amp#27;[0;39m o.s.b.f.s.DefaultListableBeanFactory.doGetBean - Returning cached instance of singleton bean 'autoConfigurationReport'
22-07-2024 04:10:35.739 &amp#27;[35m[main]&amp#27;[0;39m &amp#27;[39mTRACE&amp#27;[0;39m o.s.b.f.s.DefaultListableBeanFactory.doGetBean - Returning cached instance of singleton bean 'autoConfigurationReport'
22-07-2024 04:10:35.739 &amp#27;[35m[main]&amp#27;[0;39m &amp#27;[39mTRACE&amp#27;[0;39m o.s.b.f.s.DefaultListableBeanFactory.doGetBean - Returning cached instance of singleton bean 'autoConfigurationReport'
22-07-2024 04:10:35.740 &amp#27;[35m[main]&amp#27;[0;39m &amp#27;[39mTRACE&amp#27;[0;39m o.s.b.a.condition.OnClassCondition.logOutcome - Condition OnClassCondition on org.springframework.boot.autoconfigure.jackson.JacksonAutoConfiguration matched due to @ConditionalOnClass found required class 'com.fasterxml.jackson.databind.ObjectMapper'
22-07-2024 04:10:35.740 &amp#27;[35m[main]&amp#27;[0;39m &amp#27;[39mTRACE&amp#27;[0;39m o.s.b.f.s.DefaultListableBeanFactory.doGetBean - Returning cached instance of singleton bean 'autoConfigurationReport'
22-07-2024 04:10:35.740 &amp#27;[35m[main]&amp#27;[0;39m &amp#27;[39mTRACE&amp#27;[0;39m o.s.b.f.s.DefaultListableBeanFactory.doGetBean - Returning cached instance of singleton bean 'autoConfigurationReport'
22-07-2024 04:10:35.740 &amp#27;[35m[main]&amp#27;[0;39m &amp#27;[39mTRACE&amp#27;[0;39m o.s.b.f.s.DefaultListableBeanFactory.doGetBean - Returning cached instance of singleton bean 'autoConfigurationReport'
22-07-2024 04:10:35.740 &amp#27;[35m[main]&amp#27;[0;39m &amp#27;[39mTRACE&amp#27;[0;39m o.s.b.f.s.DefaultListableBeanFactory.doGetBean - Returning cached instance of singleton bean 'autoConfigurationReport'
22-07-2024 04:10:35.740 &amp#27;[35m[main]&amp#27;[0;39m &amp#27;[39mTRACE&amp#27;[0;39m o.s.b.f.s.DefaultListableBeanFactory.doGetBean - Returning cached instance of singleton bean 'autoConfigurationReport'
22-07-2024 04:10:35.740 &amp#27;[35m[main]&amp#27;[0;39m &amp#27;[39mTRACE&amp#27;[0;39m o.s.b.f.s.DefaultListableBeanFactory.doGetBean - Returning cached instance of singleton bean 'autoConfigurationReport'
22-07-2024 04:10:35.740 &amp#27;[35m[main]&amp#27;[0;39m &amp#27;[39mTRACE&amp#27;[0;39m o.s.b.f.s.DefaultListableBeanFactory.doGetBean - Returning cached instance of singleton bean 'autoConfigurationReport'
22-07-2024 04:10:35.741 &amp#27;[35m[main]&amp#27;[0;39m &amp#27;[39mTRACE&amp#27;[0;39m o.s.b.a.condition.OnClassCondition.logOutcome - Condition OnClassCondition on org.springframework.boot.autoconfigure.jackson.JacksonAutoConfiguration$Jackson2ObjectMapperBuilderCustomizerConfiguration matched due to @ConditionalOnClass found required class 'org.springframework.http.converter.json.Jackson2ObjectMapperBuilder'
22-07-2024 04:10:35.741 &amp#27;[35m[main]&amp#27;[0;39m &amp#27;[39mTRACE&amp#27;[0;39m o.s.b.f.s.DefaultListableBeanFactory.doGetBean - Returning cached instance of singleton bean 'autoConfigurationReport'
22-07-2024 04:10:35.741 &amp#27;[35m[main]&amp#27;[0;39m &amp#27;[39mTRACE&amp#27;[0;39m o.s.b.f.s.DefaultListableBeanFactory.doGetBean - Returning cached instance of singleton bean 'autoConfigurationReport'
22-07-2024 04:10:35.741 &amp#27;[35m[main]&amp#27;[0;39m &amp#27;[39mTRACE&amp#27;[0;39m o.s.b.f.s.DefaultListableBeanFactory.doGetBean - Returning cached instance of singleton bean 'autoConfigurationReport'
22-07-2024 04:10:35.741 &amp#27;[35m[main]&amp#27;[0;39m &amp#27;[39mTRACE&amp#27;[0;39m o.s.b.f.s.DefaultListableBeanFactory.doGetBean - Returning cached instance of singleton bean 'autoConfigurationReport'
22-07-2024 04:10:35.742 &amp#27;[35m[main]&amp#27;[0;39m &amp#27;[39mTRACE&amp#27;[0;39m o.s.b.f.s.DefaultListableBeanFactory.doGetBean - Returning cached instance of singleton bean 'autoConfigurationReport'
22-07-2024 04:10:35.742 &amp#27;[35m[main]&amp#27;[0;39m &amp#27;[39mTRACE&amp#27;[0;39m o.s.b.f.s.DefaultListableBeanFactory.doGetBean - Returning cached instance of singleton bean 'autoConfigurationReport'
22-07-2024 04:10:35.742 &amp#27;[35m[main]&amp#27;[0;39m &amp#27;[39mTRACE&amp#27;[0;39m o.s.b.f.s.DefaultListableBeanFactory.doGetBean - Returning cached instance of singleton bean 'autoConfigurationReport'
22-07-2024 04:10:35.742 &amp#27;[35m[main]&amp#27;[0;39m &amp#27;[39mTRACE&amp#27;[0;39m o.s.b.a.condition.OnClassCondition.logOutcome - Condition OnClassCondition on org.springframework.boot.autoconfigure.jackson.JacksonAutoConfiguration$JacksonObjectMapperBuilderConfiguration matched due to @ConditionalOnClass found required class 'org.springframework.http.converter.json.Jackson2ObjectMapperBuilder'
22-07-2024 04:10:35.742 &amp#27;[35m[main]&amp#27;[0;39m &amp#27;[39mTRACE&amp#27;[0;39m o.s.b.f.s.DefaultListableBeanFactory.doGetBean - Returning cached instance of singleton bean 'autoConfigurationReport'
22-07-2024 04:10:35.742 &amp#27;[35m[main]&amp#27;[0;39m &amp#27;[39mTRACE&amp#27;[0;39m o.s.b.f.s.DefaultListableBeanFactory.doGetBean - Returning cached instance of singleton bean 'autoConfigurationReport'
22-07-2024 04:10:35.742 &amp#27;[35m[main]&amp#27;[0;39m &amp#27;[39mTRACE&amp#27;[0;39m o.s.b.f.s.DefaultListableBeanFactory.doGetBean - Returning cached instance of singleton bean 'autoConfigurationReport'
22-07-2024 04:10:35.742 &amp#27;[35m[main]&amp#27;[0;39m &amp#27;[39mTRACE&amp#27;[0;39m o.s.b.f.s.DefaultListableBeanFactory.doGetBean - Returning cached instance of singleton bean 'autoConfigurationReport'
22-07-2024 04:10:35.742 &amp#27;[35m[main]&amp#27;[0;39m &amp#27;[39mTRACE&amp#27;[0;39m o.s.b.f.s.DefaultListableBeanFactory.doGetBean - Returning cached instance of singleton bean 'autoConfigurationReport'
22-07-2024 04:10:35.742 &amp#27;[35m[main]&amp#27;[0;39m &amp#27;[39mTRACE&amp#27;[0;39m o.s.b.f.s.DefaultListableBeanFactory.doGetBean - Returning cached instance of singleton bean 'autoConfigurationReport'
22-07-2024 04:10:35.742 &amp#27;[35m[main]&amp#27;[0;39m &amp#27;[39mTRACE&amp#27;[0;39m o.s.b.f.s.DefaultListableBeanFactory.doGetBean - Returning cached instance of singleton bean 'autoConfigurationReport'
22-07-2024 04:10:35.743 &amp#27;[35m[main]&amp#27;[0;39m &amp#27;[39mTRACE&amp#27;[0;39m o.s.b.a.condition.OnClassCondition.logOutcome - Condition OnClassCondition on org.springframework.boot.autoconfigure.jackson.JacksonAutoConfiguration$ParameterNamesModuleConfiguration matched due to @ConditionalOnClass found required class 'com.fasterxml.jackson.module.paramnames.ParameterNamesModule'
22-07-2024 04:10:35.743 &amp#27;[35m[main]&amp#27;[0;39m &amp#27;[39mTRACE&amp#27;[0;39m o.s.b.f.s.DefaultListableBeanFactory.doGetBean - Returning cached instance of singleton bean 'autoConfigurationReport'
22-07-2024 04:10:35.743 &amp#27;[35m[main]&amp#27;[0;39m &amp#27;[39mTRACE&amp#27;[0;39m o.s.b.f.s.DefaultListableBeanFactory.doGetBean - Returning cached instance of singleton bean 'autoConfigurationReport'
22-07-2024 04:10:35.743 &amp#27;[35m[main]&amp#27;[0;39m &amp#27;[39mTRACE&amp#27;[0;39m o.s.b.f.s.DefaultListableBeanFactory.doGetBean - Returning cached instance of singleton bean 'autoConfigurationReport'
22-07-2024 04:10:35.743 &amp#27;[35m[main]&amp#27;[0;39m &amp#27;[39mTRACE&amp#27;[0;39m o.s.b.f.s.DefaultListableBeanFactory.doGetBean - Returning cached instance of singleton bean 'autoConfigurationReport'
22-07-2024 04:10:35.743 &amp#27;[35m[main]&amp#27;[0;39m &amp#27;[39mTRACE&amp#27;[0;39m o.s.b.f.s.DefaultListableBeanFactory.doGetBean - Returning cached instance of singleton bean 'autoConfigurationReport'
22-07-2024 04:10:35.743 &amp#27;[35m[main]&amp#27;[0;39m &amp#27;[39mTRACE&amp#27;[0;39m o.s.b.f.s.DefaultListableBeanFactory.doGetBean - Returning cached instance of singleton bean 'autoConfigurationReport'
22-07-2024 04:10:35.743 &amp#27;[35m[main]&amp#27;[0;39m &amp#27;[39mTRACE&amp#27;[0;39m o.s.b.f.s.DefaultListableBeanFactory.doGetBean - Returning cached instance of singleton bean 'autoConfigurationReport'
22-07-2024 04:10:35.743 &amp#27;[35m[main]&amp#27;[0;39m &amp#27;[39mTRACE&amp#27;[0;39m o.s.b.a.condition.OnClassCondition.logOutcome - Condition OnClassCondition on org.springframework.boot.autoconfigure.jackson.JacksonAutoConfiguration$JacksonObjectMapperConfiguration matched due to @ConditionalOnClass found required class 'org.springframework.http.converter.json.Jackson2ObjectMapperBuilder'
22-07-2024 04:10:35.743 &amp#27;[35m[main]&amp#27;[0;39m &amp#27;[39mTRACE&amp#27;[0;39m o.s.b.f.s.DefaultListableBeanFactory.doGetBean - Returning cached instance of singleton bean 'autoConfigurationReport'
22-07-2024 04:10:35.743 &amp#27;[35m[main]&amp#27;[0;39m &amp#27;[39mTRACE&amp#27;[0;39m o.s.b.f.s.DefaultListableBeanFactory.doGetBean - Returning cached instance of singleton bean 'autoConfigurationReport'
22-07-2024 04:10:35.743 &amp#27;[35m[main]&amp#27;[0;39m &amp#27;[39mTRACE&amp#27;[0;39m o.s.b.f.s.DefaultListableBeanFactory.doGetBean - Returning cached instance of singleton bean 'autoConfigurationReport'
22-07-2024 04:10:35.743 &amp#27;[35m[main]&amp#27;[0;39m &amp#27;[39mTRACE&amp#27;[0;39m o.s.b.f.s.DefaultListableBeanFactory.doGetBean - Returning cached instance of singleton bean 'autoConfigurationReport'
22-07-2024 04:10:35.743 &amp#27;[35m[main]&amp#27;[0;39m &amp#27;[39mTRACE&amp#27;[0;39m o.s.b.f.s.DefaultListableBeanFactory.doGetBean - Returning cached instance of singleton bean 'autoConfigurationReport'
22-07-2024 04:10:35.743 &amp#27;[35m[main]&amp#27;[0;39m &amp#27;[39mTRACE&amp#27;[0;39m o.s.b.f.s.DefaultListableBeanFactory.doGetBean - Returning cached instance of singleton bean 'autoConfigurationReport'
22-07-2024 04:10:35.743 &amp#27;[35m[main]&amp#27;[0;39m &amp#27;[39mTRACE&amp#27;[0;39m o.s.b.f.s.DefaultListableBeanFactory.doGetBean - Returning cached instance of singleton bean 'autoConfigurationReport'
22-07-2024 04:10:35.744 &amp#27;[35m[main]&amp#27;[0;39m &amp#27;[39mTRACE&amp#27;[0;39m o.s.b.f.s.DefaultListableBeanFactory.doGetBean - Returning cached instance of singleton bean 'autoConfigurationReport'
22-07-2024 04:10:35.744 &amp#27;[35m[main]&amp#27;[0;39m &amp#27;[39mTRACE&amp#27;[0;39m o.s.b.f.s.DefaultListableBeanFactory.doGetBean - Returning cached instance of singleton bean 'autoConfigurationReport'
22-07-2024 04:10:35.744 &amp#27;[35m[main]&amp#27;[0;39m &amp#27;[39mTRACE&amp#27;[0;39m o.s.b.f.s.DefaultListableBeanFactory.doGetBean - Returning cached instance of singleton bean 'autoConfigurationReport'
22-07-2024 04:10:35.744 &amp#27;[35m[main]&amp#27;[0;39m &amp#27;[39mTRACE&amp#27;[0;39m o.s.b.f.s.DefaultListableBeanFactory.doGetBean - Returning cached instance of singleton bean 'autoConfigurationReport'
22-07-2024 04:10:35.744 &amp#27;[35m[main]&amp#27;[0;39m &amp#27;[39mTRACE&amp#27;[0;39m o.s.b.f.s.DefaultListableBeanFactory.doGetBean - Returning cached instance of singleton bean 'autoConfigurationReport'
22-07-2024 04:10:35.744 &amp#27;[35m[main]&amp#27;[0;39m &amp#27;[39mTRACE&amp#27;[0;39m o.s.b.f.s.DefaultListableBeanFactory.doGetBean - Returning cached instance of singleton bean 'autoConfigurationReport'
22-07-2024 04:10:35.744 &amp#27;[35m[main]&amp#27;[0;39m &amp#27;[39mTRACE&amp#27;[0;39m o.s.b.f.s.DefaultListableBeanFactory.doGetBean - Returning cached instance of singleton bean 'autoConfigurationReport'
22-07-2024 04:10:35.744 &amp#27;[35m[main]&amp#27;[0;39m &amp#27;[39mTRACE&amp#27;[0;39m o.s.b.f.s.DefaultListableBeanFactory.doGetBean - Returning cached instance of singleton bean 'autoConfigurationReport'
22-07-2024 04:10:35.744 &amp#27;[35m[main]&amp#27;[0;39m &amp#27;[39mTRACE&amp#27;[0;39m o.s.b.f.s.DefaultListableBeanFactory.doGetBean - Returning cached instance of singleton bean 'autoConfigurationReport'
22-07-2024 04:10:35.744 &amp#27;[35m[main]&amp#27;[0;39m &amp#27;[39mTRACE&amp#27;[0;39m o.s.b.f.s.DefaultListableBeanFactory.doGetBean - Returning cached instance of singleton bean 'autoConfigurationReport'
22-07-2024 04:10:35.744 &amp#27;[35m[main]&amp#27;[0;39m &amp#27;[39mTRACE&amp#27;[0;39m o.s.b.f.s.DefaultListableBeanFactory.doGetBean - Returning cached instance of singleton bean 'autoConfigurationReport'
22-07-2024 04:10:35.744 &amp#27;[35m[main]&amp#27;[0;39m &amp#27;[39mTRACE&amp#27;[0;39m o.s.b.f.s.DefaultListableBeanFactory.doGetBean - Returning cached instance of singleton bean 'autoConfigurationReport'
22-07-2024 04:10:35.744 &amp#27;[35m[main]&amp#27;[0;39m &amp#27;[39mTRACE&amp#27;[0;39m o.s.b.f.s.DefaultListableBeanFactory.doGetBean - Returning cached instance of singleton bean 'autoConfigurationReport'
22-07-2024 04:10:35.744 &amp#27;[35m[main]&amp#27;[0;39m &amp#27;[39mTRACE&amp#27;[0;39m o.s.b.f.s.DefaultListableBeanFactory.doGetBean - Returning cached instance of singleton bean 'autoConfigurationReport'
22-07-2024 04:10:35.744 &amp#27;[35m[main]&amp#27;[0;39m &amp#27;[39mTRACE&amp#27;[0;39m o.s.b.f.s.DefaultListableBeanFactory.doGetBean - Returning cached instance of singleton bean 'autoConfigurationReport'
22-07-2024 04:10:35.745 &amp#27;[35m[main]&amp#27;[0;39m &amp#27;[39mTRACE&amp#27;[0;39m o.s.b.f.s.DefaultListableBeanFactory.doGetBean - Returning cached instance of singleton bean 'autoConfigurationReport'
22-07-2024 04:10:35.745 &amp#27;[35m[main]&amp#27;[0;39m &amp#27;[39mTRACE&amp#27;[0;39m o.s.b.f.s.DefaultListableBeanFactory.doGetBean - Returning cached instance of singleton bean 'autoConfigurationReport'
22-07-2024 04:10:35.745 &amp#27;[35m[main]&amp#27;[0;39m &amp#27;[39mTRACE&amp#27;[0;39m o.s.b.f.s.DefaultListableBeanFactory.doGetBean - Returning cached instance of singleton bean 'autoConfigurationReport'
22-07-2024 04:10:35.745 &amp#27;[35m[main]&amp#27;[0;39m &amp#27;[39mTRACE&amp#27;[0;39m o.s.b.a.condition.OnClassCondition.logOutcome - Condition OnClassCondition on org.springframework.boot.autoconfigure.cache.CacheAutoConfiguration matched due to @ConditionalOnClass found required class 'org.springframework.cache.CacheManager'
22-07-2024 04:10:35.745 &amp#27;[35m[main]&amp#27;[0;39m &amp#27;[39mTRACE&amp#27;[0;39m o.s.b.f.s.DefaultListableBeanFactory.doGetBean - Returning cached instance of singleton bean 'autoConfigurationReport'
22-07-2024 04:10:35.745 &amp#27;[35m[main]&amp#27;[0;39m &amp#27;[39mTRACE&amp#27;[0;39m o.s.b.f.s.DefaultListableBeanFactory.doGetBean - Returning cached instance of singleton bean 'autoConfigurationReport'
22-07-2024 04:10:35.745 &amp#27;[35m[main]&amp#27;[0;39m &amp#27;[39mTRACE&amp#27;[0;39m o.s.b.f.s.DefaultListableBeanFactory.doGetBean - Returning cached instance of singleton bean 'autoConfigurationReport'
22-07-2024 04:10:35.745 &amp#27;[35m[main]&amp#27;[0;39m &amp#27;[39mTRACE&amp#27;[0;39m o.s.b.f.s.DefaultListableBeanFactory.doGetBean - Returning cached instance of singleton bean 'autoConfigurationReport'
22-07-2024 04:10:35.745 &amp#27;[35m[main]&amp#27;[0;39m &amp#27;[39mTRACE&amp#27;[0;39m o.s.b.f.s.DefaultListableBeanFactory.doGetBean - Returning cached instance of singleton bean 'autoConfigurationReport'
22-07-2024 04:10:35.745 &amp#27;[35m[main]&amp#27;[0;39m &amp#27;[39mTRACE&amp#27;[0;39m o.s.b.f.s.DefaultListableBeanFactory.doGetBean - Returning cached instance of singleton bean 'autoConfigurationReport'
22-07-2024 04:10:35.745 &amp#27;[35m[main]&amp#27;[0;39m &amp#27;[39mTRACE&amp#27;[0;39m o.s.b.f.s.DefaultListableBeanFactory.doGetBean - Returning cached instance of singleton bean 'autoConfigurationReport'
22-07-2024 04:10:35.747 &amp#27;[35m[main]&amp#27;[0;39m &amp#27;[39mTRACE&amp#27;[0;39m o.s.b.f.s.DefaultListableBeanFactory.doGetBean - Returning cached instance of singleton bean 'autoConfigurationReport'
22-07-2024 04:10:35.747 &amp#27;[35m[main]&amp#27;[0;39m &amp#27;[39mTRACE&amp#27;[0;39m o.s.b.f.s.DefaultListableBeanFactory.doGetBean - Returning cached instance of singleton bean 'autoConfigurationReport'
22-07-2024 04:10:35.748 &amp#27;[35m[main]&amp#27;[0;39m &amp#27;[39mTRACE&amp#27;[0;39m o.s.b.f.s.DefaultListableBeanFactory.doGetBean - Returning cached instance of singleton bean 'autoConfigurationReport'
22-07-2024 04:10:35.748 &amp#27;[35m[main]&amp#27;[0;39m &amp#27;[39mTRACE&amp#27;[0;39m o.s.b.f.s.DefaultListableBeanFactory.doGetBean - Returning cached instance of singleton bean 'autoConfigurationReport'
22-07-2024 04:10:35.748 &amp#27;[35m[main]&amp#27;[0;39m &amp#27;[39mTRACE&amp#27;[0;39m o.s.b.f.s.DefaultListableBeanFactory.doGetBean - Returning cached instance of singleton bean 'autoConfigurationReport'
22-07-2024 04:10:35.748 &amp#27;[35m[main]&amp#27;[0;39m &amp#27;[39mTRACE&amp#27;[0;39m o.s.b.f.s.DefaultListableBeanFactory.doGetBean - Returning cached instance of singleton bean 'autoConfigurationReport'
22-07-2024 04:10:35.748 &amp#27;[35m[main]&amp#27;[0;39m &amp#27;[39mTRACE&amp#27;[0;39m o.s.b.f.s.DefaultListableBeanFactory.doGetBean - Returning cached instance of singleton bean 'autoConfigurationReport'
22-07-2024 04:10:35.748 &amp#27;[35m[main]&amp#27;[0;39m &amp#27;[39mTRACE&amp#27;[0;39m o.s.b.a.condition.OnClassCondition.logOutcome - Condition OnClassCondition on org.springframework.boot.autoconfigure.cache.JCacheCacheConfiguration did not match due to @ConditionalOnClass did not find required class 'javax.cache.Caching'
22-07-2024 04:10:35.748 &amp#27;[35m[main]&amp#27;[0;39m &amp#27;[39mTRACE&amp#27;[0;39m o.s.b.f.s.DefaultListableBeanFactory.doGetBean - Returning cached instance of singleton bean 'autoConfigurationReport'
22-07-2024 04:10:35.748 &amp#27;[35m[main]&amp#27;[0;39m &amp#27;[39mTRACE&amp#27;[0;39m o.s.b.f.s.DefaultListableBeanFactory.doGetBean - Returning cached instance of singleton bean 'autoConfigurationReport'
22-07-2024 04:10:35.748 &amp#27;[35m[main]&amp#27;[0;39m &amp#27;[39mTRACE&amp#27;[0;39m o.s.b.a.AutoConfigurationImportSelector.filter - Filtered 1 auto configuration class in 0 ms
22-07-2024 04:10:35.748 &amp#27;[35m[main]&amp#27;[0;39m &amp#27;[39mTRACE&amp#27;[0;39m o.s.b.f.s.DefaultListableBeanFactory.doGetBean - Returning cached instance of singleton bean 'autoConfigurationReport'
22-07-2024 04:10:35.748 &amp#27;[35m[main]&amp#27;[0;39m &amp#27;[39mTRACE&amp#27;[0;39m o.s.b.a.condition.OnClassCondition.logOutcome - Condition OnClassCondition on org.springframework.boot.autoconfigure.cache.HazelcastCacheConfiguration did not match due to @ConditionalOnClass did not find required class 'com.hazelcast.core.HazelcastInstance'
22-07-2024 04:10:35.748 &amp#27;[35m[main]&amp#27;[0;39m &amp#27;[39mTRACE&amp#27;[0;39m o.s.b.f.s.DefaultListableBeanFactory.doGetBean - Returning cached instance of singleton bean 'autoConfigurationReport'
22-07-2024 04:10:35.749 &amp#27;[35m[main]&amp#27;[0;39m &amp#27;[39mTRACE&amp#27;[0;39m o.s.b.f.s.DefaultListableBeanFactory.doGetBean - Returning cached instance of singleton bean 'autoConfigurationReport'
22-07-2024 04:10:35.749 &amp#27;[35m[main]&amp#27;[0;39m &amp#27;[39mTRACE&amp#27;[0;39m o.s.b.a.AutoConfigurationImportSelector.filter - Filtered 1 auto configuration class in 0 ms
22-07-2024 04:10:35.749 &amp#27;[35m[main]&amp#27;[0;39m &amp#27;[39mTRACE&amp#27;[0;39m o.s.b.f.s.DefaultListableBeanFactory.doGetBean - Returning cached instance of singleton bean 'autoConfigurationReport'
22-07-2024 04:10:35.749 &amp#27;[35m[main]&amp#27;[0;39m &amp#27;[39mTRACE&amp#27;[0;39m o.s.b.a.condition.OnClassCondition.logOutcome - Condition OnClassCondition on org.springframework.boot.autoconfigure.cache.CouchbaseCacheConfiguration did not match due to @ConditionalOnClass did not find required class 'com.couchbase.client.java.Cluster'
22-07-2024 04:10:35.749 &amp#27;[35m[main]&amp#27;[0;39m &amp#27;[39mTRACE&amp#27;[0;39m o.s.b.f.s.DefaultListableBeanFactory.doGetBean - Returning cached instance of singleton bean 'autoConfigurationReport'
22-07-2024 04:10:35.749 &amp#27;[35m[main]&amp#27;[0;39m &amp#27;[39mTRACE&amp#27;[0;39m o.s.b.f.s.DefaultListableBeanFactory.doGetBean - Returning cached instance of singleton bean 'autoConfigurationReport'
22-07-2024 04:10:35.749 &amp#27;[35m[main]&amp#27;[0;39m &amp#27;[39mTRACE&amp#27;[0;39m o.s.b.a.AutoConfigurationImportSelector.filter - Filtered 1 auto configuration class in 0 ms
22-07-2024 04:10:35.749 &amp#27;[35m[main]&amp#27;[0;39m &amp#27;[39mTRACE&amp#27;[0;39m o.s.b.f.s.DefaultListableBeanFactory.doGetBean - Returning cached instance of singleton bean 'autoConfigurationReport'
22-07-2024 04:10:35.749 &amp#27;[35m[main]&amp#27;[0;39m &amp#27;[39mTRACE&amp#27;[0;39m o.s.b.a.condition.OnClassCondition.logOutcome - Condition OnClassCondition on org.springframework.boot.autoconfigure.cache.InfinispanCacheConfiguration did not match due to @ConditionalOnClass did not find required class 'org.infinispan.spring.embedded.provider.SpringEmbeddedCacheManager'
22-07-2024 04:10:35.749 &amp#27;[35m[main]&amp#27;[0;39m &amp#27;[39mTRACE&amp#27;[0;39m o.s.b.f.s.DefaultListableBeanFactory.doGetBean - Returning cached instance of singleton bean 'autoConfigurationReport'
22-07-2024 04:10:35.749 &amp#27;[35m[main]&amp#27;[0;39m &amp#27;[39mTRACE&amp#27;[0;39m o.s.b.f.s.DefaultListableBeanFactory.doGetBean - Returning cached instance of singleton bean 'autoConfigurationReport'
22-07-2024 04:10:35.749 &amp#27;[35m[main]&amp#27;[0;39m &amp#27;[39mTRACE&amp#27;[0;39m o.s.b.a.AutoConfigurationImportSelector.filter - Filtered 1 auto configuration class in 0 ms
22-07-2024 04:10:35.749 &amp#27;[35m[main]&amp#27;[0;39m &amp#27;[39mTRACE&amp#27;[0;39m o.s.b.f.s.DefaultListableBeanFactory.doGetBean - Returning cached instance of singleton bean 'autoConfigurationReport'
22-07-2024 04:10:35.749 &amp#27;[35m[main]&amp#27;[0;39m &amp#27;[39mTRACE&amp#27;[0;39m o.s.b.a.condition.OnClassCondition.logOutcome - Condition OnClassCondition on org.springframework.boot.autoconfigure.cache.RedisCacheConfiguration did not match due to @ConditionalOnClass did not find required class 'org.springframework.data.redis.connection.RedisConnectionFactory'
22-07-2024 04:10:35.750 &amp#27;[35m[main]&amp#27;[0;39m &amp#27;[39mTRACE&amp#27;[0;39m o.s.b.f.s.DefaultListableBeanFactory.doGetBean - Returning cached instance of singleton bean 'autoConfigurationReport'
22-07-2024 04:10:35.750 &amp#27;[35m[main]&amp#27;[0;39m &amp#27;[39mTRACE&amp#27;[0;39m o.s.b.f.s.DefaultListableBeanFactory.doGetBean - Returning cached instance of singleton bean 'autoConfigurationReport'
22-07-2024 04:10:35.750 &amp#27;[35m[main]&amp#27;[0;39m &amp#27;[39mTRACE&amp#27;[0;39m o.s.b.a.AutoConfigurationImportSelector.filter - Filtered 1 auto configuration class in 0 ms
22-07-2024 04:10:35.750 &amp#27;[35m[main]&amp#27;[0;39m &amp#27;[39mTRACE&amp#27;[0;39m o.s.b.f.s.DefaultListableBeanFactory.doGetBean - Returning cached instance of singleton bean 'autoConfigurationReport'
22-07-2024 04:10:35.750 &amp#27;[35m[main]&amp#27;[0;39m &amp#27;[39mTRACE&amp#27;[0;39m o.s.b.a.condition.OnClassCondition.logOutcome - Condition OnClassCondition on org.springframework.boot.autoconfigure.cache.Cache2kCacheConfiguration did not match due to @ConditionalOnClass did not find required class 'org.cache2k.Cache2kBuilder'
22-07-2024 04:10:35.750 &amp#27;[35m[main]&amp#27;[0;39m &amp#27;[39mTRACE&amp#27;[0;39m o.s.b.f.s.DefaultListableBeanFactory.doGetBean - Returning cached instance of singleton bean 'autoConfigurationReport'
22-07-2024 04:10:35.750 &amp#27;[35m[main]&amp#27;[0;39m &amp#27;[39mTRACE&amp#27;[0;39m o.s.b.f.s.DefaultListableBeanFactory.doGetBean - Returning cached instance of singleton bean 'autoConfigurationReport'
22-07-2024 04:10:35.750 &amp#27;[35m[main]&amp#27;[0;39m &amp#27;[39mTRACE&amp#27;[0;39m o.s.b.a.AutoConfigurationImportSelector.filter - Filtered 1 auto configuration class in 0 ms
22-07-2024 04:10:35.750 &amp#27;[35m[main]&amp#27;[0;39m &amp#27;[39mTRACE&amp#27;[0;39m o.s.b.f.s.DefaultListableBeanFactory.doGetBean - Returning cached instance of singleton bean 'autoConfigurationReport'
22-07-2024 04:10:35.750 &amp#27;[35m[main]&amp#27;[0;39m &amp#27;[39mTRACE&amp#27;[0;39m o.s.b.a.condition.OnClassCondition.logOutcome - Condition OnClassCondition on org.springframework.boot.autoconfigure.cache.CaffeineCacheConfiguration did not match due to @ConditionalOnClass did not find required class 'com.github.benmanes.caffeine.cache.Caffeine'
22-07-2024 04:10:35.750 &amp#27;[35m[main]&amp#27;[0;39m &amp#27;[39mTRACE&amp#27;[0;39m o.s.b.f.s.DefaultListableBeanFactory.doGetBean - Returning cached instance of singleton bean 'autoConfigurationReport'
22-07-2024 04:10:35.750 &amp#27;[35m[main]&amp#27;[0;39m &amp#27;[39mTRACE&amp#27;[0;39m o.s.b.f.s.DefaultListableBeanFactory.doGetBean - Returning cached instance of singleton bean 'autoConfigurationReport'
22-07-2024 04:10:35.750 &amp#27;[35m[main]&amp#27;[0;39m &amp#27;[39mTRACE&amp#27;[0;39m o.s.b.a.AutoConfigurationImportSelector.filter - Filtered 1 auto configuration class in 0 ms
22-07-2024 04:10:35.750 &amp#27;[35m[main]&amp#27;[0;39m &amp#27;[39mTRACE&amp#27;[0;39m o.s.b.f.s.DefaultListableBeanFactory.doGetBean - Returning cached instance of singleton bean 'autoConfigurationReport'
22-07-2024 04:10:35.750 &amp#27;[35m[main]&amp#27;[0;39m &amp#27;[39mTRACE&amp#27;[0;39m o.s.b.f.s.DefaultListableBeanFactory.doGetBean - Returning cached instance of singleton bean 'autoConfigurationReport'
22-07-2024 04:10:35.751 &amp#27;[35m[main]&amp#27;[0;39m &amp#27;[39mTRACE&amp#27;[0;39m o.s.b.f.s.DefaultListableBeanFactory.doGetBean - Returning cached instance of singleton bean 'autoConfigurationReport'
22-07-2024 04:10:35.751 &amp#27;[35m[main]&amp#27;[0;39m &amp#27;[39mTRACE&amp#27;[0;39m o.s.b.f.s.DefaultListableBeanFactory.doGetBean - Returning cached instance of singleton bean 'autoConfigurationReport'
22-07-2024 04:10:35.751 &amp#27;[35m[main]&amp#27;[0;39m &amp#27;[39mTRACE&amp#27;[0;39m o.s.b.f.s.DefaultListableBeanFactory.doGetBean - Returning cached instance of singleton bean 'autoConfigurationReport'
22-07-2024 04:10:35.751 &amp#27;[35m[main]&amp#27;[0;39m &amp#27;[39mTRACE&amp#27;[0;39m o.s.b.f.s.DefaultListableBeanFactory.doGetBean - Returning cached instance of singleton bean 'autoConfigurationReport'
22-07-2024 04:10:35.752 &amp#27;[35m[main]&amp#27;[0;39m &amp#27;[39mTRACE&amp#27;[0;39m o.s.b.f.s.DefaultListableBeanFactory.doGetBean - Returning cached instance of singleton bean 'autoConfigurationReport'
22-07-2024 04:10:35.752 &amp#27;[35m[main]&amp#27;[0;39m &amp#27;[39mTRACE&amp#27;[0;39m o.s.b.f.s.DefaultListableBeanFactory.doGetBean - Returning cached instance of singleton bean 'autoConfigurationReport'
22-07-2024 04:10:35.752 &amp#27;[35m[main]&amp#27;[0;39m &amp#27;[39mTRACE&amp#27;[0;39m o.s.b.f.s.DefaultListableBeanFactory.doGetBean - Returning cached instance of singleton bean 'autoConfigurationReport'
22-07-2024 04:10:35.753 &amp#27;[35m[main]&amp#27;[0;39m &amp#27;[39mTRACE&amp#27;[0;39m o.s.b.f.s.DefaultListableBeanFactory.doGetBean - Returning cached instance of singleton bean 'autoConfigurationReport'
22-07-2024 04:10:35.753 &amp#27;[35m[main]&amp#27;[0;39m &amp#27;[39mTRACE&amp#27;[0;39m o.s.b.f.s.DefaultListableBeanFactory.doGetBean - Returning cached instance of singleton bean 'autoConfigurationReport'
22-07-2024 04:10:35.753 &amp#27;[35m[main]&amp#27;[0;39m &amp#27;[39mTRACE&amp#27;[0;39m o.s.b.f.s.DefaultListableBeanFactory.doGetBean - Returning cached instance of singleton bean 'autoConfigurationReport'
22-07-2024 04:10:35.755 &amp#27;[35m[main]&amp#27;[0;39m &amp#27;[39mTRACE&amp#27;[0;39m o.s.b.a.cache.CacheCondition.logOutcome - Condition CacheCondition on org.springframework.boot.autoconfigure.cache.GenericCacheConfiguration did not match due to Cache org.springframework.boot.autoconfigure.cache.GenericCacheConfiguration unknown cache type
22-07-2024 04:10:35.755 &amp#27;[35m[main]&amp#27;[0;39m &amp#27;[39mTRACE&amp#27;[0;39m o.s.b.f.s.DefaultListableBeanFactory.doGetBean - Returning cached instance of singleton bean 'autoConfigurationReport'
22-07-2024 04:10:35.755 &amp#27;[35m[main]&amp#27;[0;39m &amp#27;[39mTRACE&amp#27;[0;39m o.s.b.f.s.DefaultListableBeanFactory.doGetBean - Returning cached instance of singleton bean 'autoConfigurationReport'
22-07-2024 04:10:35.755 &amp#27;[35m[main]&amp#27;[0;39m &amp#27;[39mTRACE&amp#27;[0;39m o.s.b.f.s.DefaultListableBeanFactory.doGetBean - Returning cached instance of singleton bean 'autoConfigurationReport'
22-07-2024 04:10:35.755 &amp#27;[35m[main]&amp#27;[0;39m &amp#27;[39mTRACE&amp#27;[0;39m o.s.b.f.s.DefaultListableBeanFactory.doGetBean - Returning cached instance of singleton bean 'autoConfigurationReport'
22-07-2024 04:10:35.755 &amp#27;[35m[main]&amp#27;[0;39m &amp#27;[39mTRACE&amp#27;[0;39m o.s.b.f.s.DefaultListableBeanFactory.doGetBean - Returning cached instance of singleton bean 'autoConfigurationReport'
22-07-2024 04:10:35.755 &amp#27;[35m[main]&amp#27;[0;39m &amp#27;[39mTRACE&amp#27;[0;39m o.s.b.f.s.DefaultListableBeanFactory.doGetBean - Returning cached instance of singleton bean 'autoConfigurationReport'
22-07-2024 04:10:35.755 &amp#27;[35m[main]&amp#27;[0;39m &amp#27;[39mTRACE&amp#27;[0;39m o.s.b.f.s.DefaultListableBeanFactory.doGetBean - Returning cached instance of singleton bean 'autoConfigurationReport'
22-07-2024 04:10:35.756 &amp#27;[35m[main]&amp#27;[0;39m &amp#27;[39mTRACE&amp#27;[0;39m o.s.b.a.cache.CacheCondition.logOutcome - Condition CacheCondition on org.springframework.boot.autoconfigure.cache.SimpleCacheConfiguration did not match due to Cache org.springframework.boot.autoconfigure.cache.SimpleCacheConfiguration unknown cache type
22-07-2024 04:10:35.756 &amp#27;[35m[main]&amp#27;[0;39m &amp#27;[39mTRACE&amp#27;[0;39m o.s.b.f.s.DefaultListableBeanFactory.doGetBean - Returning cached instance of singleton bean 'autoConfigurationReport'
22-07-2024 04:10:35.756 &amp#27;[35m[main]&amp#27;[0;39m &amp#27;[39mTRACE&amp#27;[0;39m o.s.b.a.cache.CacheCondition.logOutcome - Condition CacheCondition on org.springframework.boot.autoconfigure.cache.NoOpCacheConfiguration matched due to Cache org.springframework.boot.autoconfigure.cache.NoOpCacheConfiguration NONE cache type
22-07-2024 04:10:35.757 &amp#27;[35m[main]&amp#27;[0;39m &amp#27;[39mTRACE&amp#27;[0;39m o.s.b.f.s.DefaultListableBeanFactory.doGetBean - Returning cached instance of singleton bean 'autoConfigurationReport'
22-07-2024 04:10:35.757 &amp#27;[35m[main]&amp#27;[0;39m &amp#27;[39mTRACE&amp#27;[0;39m o.s.b.f.s.DefaultListableBeanFactory.doGetBean - Returning cached instance of singleton bean 'autoConfigurationReport'
22-07-2024 04:10:35.757 &amp#27;[35m[main]&amp#27;[0;39m &amp#27;[39mTRACE&amp#27;[0;39m o.s.b.f.s.DefaultListableBeanFactory.doGetBean - Returning cached instance of singleton bean 'autoConfigurationReport'
22-07-2024 04:10:35.757 &amp#27;[35m[main]&amp#27;[0;39m &amp#27;[39mTRACE&amp#27;[0;39m o.s.b.f.s.DefaultListableBeanFactory.doGetBean - Returning cached instance of singleton bean 'autoConfigurationReport'
22-07-2024 04:10:35.757 &amp#27;[35m[main]&amp#27;[0;39m &amp#27;[39mTRACE&amp#27;[0;39m o.s.b.f.s.DefaultListableBeanFactory.doGetBean - Returning cached instance of singleton bean 'autoConfigurationReport'
22-07-2024 04:10:35.757 &amp#27;[35m[main]&amp#27;[0;39m &amp#27;[39mTRACE&amp#27;[0;39m o.s.b.f.s.DefaultListableBeanFactory.doGetBean - Returning cached instance of singleton bean 'autoConfigurationReport'
22-07-2024 04:10:35.757 &amp#27;[35m[main]&amp#27;[0;39m &amp#27;[39mTRACE&amp#27;[0;39m o.s.b.f.s.DefaultListableBeanFactory.doGetBean - Returning cached instance of singleton bean 'autoConfigurationReport'
22-07-2024 04:10:35.761 &amp#27;[35m[main]&amp#27;[0;39m &amp#27;[39mTRACE&amp#27;[0;39m o.s.b.a.condition.OnClassCondition.logOutcome - Condition OnClassCondition on org.springframework.boot.autoconfigure.cache.CacheAutoConfiguration$CacheManagerEntityManagerFactoryDependsOnPostProcessor matched due to @ConditionalOnClass found required class 'org.springframework.orm.jpa.LocalContainerEntityManagerFactoryBean'
22-07-2024 04:10:35.761 &amp#27;[35m[main]&amp#27;[0;39m &amp#27;[39mTRACE&amp#27;[0;39m o.s.b.f.s.DefaultListableBeanFactory.doGetBean - Returning cached instance of singleton bean 'autoConfigurationReport'
22-07-2024 04:10:35.761 &amp#27;[35m[main]&amp#27;[0;39m &amp#27;[39mTRACE&amp#27;[0;39m o.s.b.f.s.DefaultListableBeanFactory.doGetBean - Returning cached instance of singleton bean 'autoConfigurationReport'
22-07-2024 04:10:35.761 &amp#27;[35m[main]&amp#27;[0;39m &amp#27;[39mTRACE&amp#27;[0;39m o.s.b.f.s.DefaultListableBeanFactory.doGetBean - Returning cached instance of singleton bean 'autoConfigurationReport'
22-07-2024 04:10:35.761 &amp#27;[35m[main]&amp#27;[0;39m &amp#27;[39mTRACE&amp#27;[0;39m o.s.b.f.s.DefaultListableBeanFactory.doGetBean - Returning cached instance of singleton bean 'autoConfigurationReport'
22-07-2024 04:10:35.761 &amp#27;[35m[main]&amp#27;[0;39m &amp#27;[39mTRACE&amp#27;[0;39m o.s.b.f.s.DefaultListableBeanFactory.doGetBean - Returning cached instance of singleton bean 'autoConfigurationReport'
22-07-2024 04:10:35.761 &amp#27;[35m[main]&amp#27;[0;39m &amp#27;[39mTRACE&amp#27;[0;39m o.s.b.f.s.DefaultListableBeanFactory.doGetBean - Returning cached instance of singleton bean 'autoConfigurationReport'
22-07-2024 04:10:35.761 &amp#27;[35m[main]&amp#27;[0;39m &amp#27;[39mTRACE&amp#27;[0;39m o.s.b.f.s.DefaultListableBeanFactory.doGetBean - Returning cached instance of singleton bean 'autoConfigurationReport'
22-07-2024 04:10:35.761 &amp#27;[35m[main]&amp#27;[0;39m &amp#27;[39mTRACE&amp#27;[0;39m o.s.b.f.s.DefaultListableBeanFactory.doGetBean - Returning cached instance of singleton bean 'autoConfigurationReport'
22-07-2024 04:10:35.761 &amp#27;[35m[main]&amp#27;[0;39m &amp#27;[39mTRACE&amp#27;[0;39m o.s.b.f.s.DefaultListableBeanFactory.doGetBean - Returning cached instance of singleton bean 'autoConfigurationReport'
22-07-2024 04:10:35.761 &amp#27;[35m[main]&amp#27;[0;39m &amp#27;[39mTRACE&amp#27;[0;39m o.s.b.f.s.DefaultListableBeanFactory.doGetBean - Returning cached instance of singleton bean 'autoConfigurationReport'
22-07-2024 04:10:35.762 &amp#27;[35m[main]&amp#27;[0;39m &amp#27;[39mTRACE&amp#27;[0;39m o.s.b.f.s.DefaultListableBeanFactory.doGetBean - Returning cached instance of singleton bean 'autoConfigurationReport'
22-07-2024 04:10:35.762 &amp#27;[35m[main]&amp#27;[0;39m &amp#27;[39mTRACE&amp#27;[0;39m o.s.b.f.s.DefaultListableBeanFactory.doGetBean - Returning cached instance of singleton bean 'autoConfigurationReport'
22-07-2024 04:10:35.762 &amp#27;[35m[main]&amp#27;[0;39m &amp#27;[39mTRACE&amp#27;[0;39m o.s.b.f.s.DefaultListableBeanFactory.doGetBean - Returning cached instance of singleton bean 'autoConfigurationReport'
22-07-2024 04:10:35.762 &amp#27;[35m[main]&amp#27;[0;39m &amp#27;[39mTRACE&amp#27;[0;39m o.s.b.f.s.DefaultListableBeanFactory.doGetBean - Returning cached instance of singleton bean 'autoConfigurationReport'
22-07-2024 04:10:35.762 &amp#27;[35m[main]&amp#27;[0;39m &amp#27;[39mTRACE&amp#27;[0;39m o.s.b.f.s.DefaultListableBeanFactory.doGetBean - Returning cached instance of singleton bean 'autoConfigurationReport'
22-07-2024 04:10:35.762 &amp#27;[35m[main]&amp#27;[0;39m &amp#27;[39mTRACE&amp#27;[0;39m o.s.b.f.s.DefaultListableBeanFactory.doGetBean - Returning cached instance of singleton bean 'autoConfigurationReport'
22-07-2024 04:10:35.762 &amp#27;[35m[main]&amp#27;[0;39m &amp#27;[39mTRACE&amp#27;[0;39m o.s.b.f.s.DefaultListableBeanFactory.doGetBean - Returning cached instance of singleton bean 'autoConfigurationReport'
22-07-2024 04:10:35.762 &amp#27;[35m[main]&amp#27;[0;39m &amp#27;[39mTRACE&amp#27;[0;39m o.s.b.f.s.DefaultListableBeanFactory.doGetBean - Returning cached instance of singleton bean 'autoConfigurationReport'
22-07-2024 04:10:35.762 &amp#27;[35m[main]&amp#27;[0;39m &amp#27;[39mTRACE&amp#27;[0;39m o.s.b.f.s.DefaultListableBeanFactory.doGetBean - Returning cached instance of singleton bean 'autoConfigurationReport'
22-07-2024 04:10:35.764 &amp#27;[35m[main]&amp#27;[0;39m &amp#27;[39mTRACE&amp#27;[0;39m o.s.b.a.condition.OnClassCondition.logOutcome - Condition OnClassCondition on org.springframework.boot.autoconfigure.http.HttpMessageConvertersAutoConfiguration matched due to @ConditionalOnClass found required class 'org.springframework.http.converter.HttpMessageConverter'
22-07-2024 04:10:35.764 &amp#27;[35m[main]&amp#27;[0;39m &amp#27;[39mTRACE&amp#27;[0;39m o.s.b.f.s.DefaultListableBeanFactory.doGetBean - Returning cached instance of singleton bean 'autoConfigurationReport'
22-07-2024 04:10:35.766 &amp#27;[35m[main]&amp#27;[0;39m &amp#27;[39mTRACE&amp#27;[0;39m o.s.b.a.h.HttpMessageConvertersAutoConfiguration$NotReactiveWebApplicationCondition.logOutcome - Condition HttpMessageConvertersAutoConfiguration.NotReactiveWebApplicationCondition on org.springframework.boot.autoconfigure.http.HttpMessageConvertersAutoConfiguration matched due to NoneNestedConditions 0 matched 1 did not; NestedCondition on HttpMessageConvertersAutoConfiguration.NotReactiveWebApplicationCondition.ReactiveWebApplication did not find reactive web application classes
22-07-2024 04:10:35.766 &amp#27;[35m[main]&amp#27;[0;39m &amp#27;[39mTRACE&amp#27;[0;39m o.s.b.f.s.DefaultListableBeanFactory.doGetBean - Returning cached instance of singleton bean 'autoConfigurationReport'
22-07-2024 04:10:35.766 &amp#27;[35m[main]&amp#27;[0;39m &amp#27;[39mTRACE&amp#27;[0;39m o.s.b.f.s.DefaultListableBeanFactory.doGetBean - Returning cached instance of singleton bean 'autoConfigurationReport'
22-07-2024 04:10:35.766 &amp#27;[35m[main]&amp#27;[0;39m &amp#27;[39mTRACE&amp#27;[0;39m o.s.b.f.s.DefaultListableBeanFactory.doGetBean - Returning cached instance of singleton bean 'autoConfigurationReport'
22-07-2024 04:10:35.767 &amp#27;[35m[main]&amp#27;[0;39m &amp#27;[39mTRACE&amp#27;[0;39m o.s.b.f.s.DefaultListableBeanFactory.doGetBean - Returning cached instance of singleton bean 'autoConfigurationReport'
22-07-2024 04:10:35.767 &amp#27;[35m[main]&amp#27;[0;39m &amp#27;[39mTRACE&amp#27;[0;39m o.s.b.f.s.DefaultListableBeanFactory.doGetBean - Returning cached instance of singleton bean 'autoConfigurationReport'
22-07-2024 04:10:35.767 &amp#27;[35m[main]&amp#27;[0;39m &amp#27;[39mTRACE&amp#27;[0;39m o.s.b.f.s.DefaultListableBeanFactory.doGetBean - Returning cached instance of singleton bean 'autoConfigurationReport'
22-07-2024 04:10:35.767 &amp#27;[35m[main]&amp#27;[0;39m &amp#27;[39mTRACE&amp#27;[0;39m o.s.b.f.s.DefaultListableBeanFactory.doGetBean - Returning cached instance of singleton bean 'autoConfigurationReport'
22-07-2024 04:10:35.768 &amp#27;[35m[main]&amp#27;[0;39m &amp#27;[39mTRACE&amp#27;[0;39m o.s.b.a.condition.OnClassCondition.logOutcome - Condition OnClassCondition on org.springframework.boot.autoconfigure.http.HttpMessageConvertersAutoConfiguration$StringHttpMessageConverterConfiguration matched due to @ConditionalOnClass found required class 'org.springframework.http.converter.StringHttpMessageConverter'
22-07-2024 04:10:35.769 &amp#27;[35m[main]&amp#27;[0;39m &amp#27;[39mTRACE&amp#27;[0;39m o.s.b.f.s.DefaultListableBeanFactory.doGetBean - Returning cached instance of singleton bean 'autoConfigurationReport'
22-07-2024 04:10:35.769 &amp#27;[35m[main]&amp#27;[0;39m &amp#27;[39mTRACE&amp#27;[0;39m o.s.b.f.s.DefaultListableBeanFactory.doGetBean - Returning cached instance of singleton bean 'autoConfigurationReport'
22-07-2024 04:10:35.769 &amp#27;[35m[main]&amp#27;[0;39m &amp#27;[39mTRACE&amp#27;[0;39m o.s.b.f.s.DefaultListableBeanFactory.doGetBean - Returning cached instance of singleton bean 'autoConfigurationReport'
22-07-2024 04:10:35.769 &amp#27;[35m[main]&amp#27;[0;39m &amp#27;[39mTRACE&amp#27;[0;39m o.s.b.f.s.DefaultListableBeanFactory.doGetBean - Returning cached instance of singleton bean 'autoConfigurationReport'
22-07-2024 04:10:35.769 &amp#27;[35m[main]&amp#27;[0;39m &amp#27;[39mTRACE&amp#27;[0;39m o.s.b.f.s.DefaultListableBeanFactory.doGetBean - Returning cached instance of singleton bean 'autoConfigurationReport'
22-07-2024 04:10:35.770 &amp#27;[35m[main]&amp#27;[0;39m &amp#27;[39mTRACE&amp#27;[0;39m o.s.b.f.s.DefaultListableBeanFactory.doGetBean - Returning cached instance of singleton bean 'autoConfigurationReport'
22-07-2024 04:10:35.770 &amp#27;[35m[main]&amp#27;[0;39m &amp#27;[39mTRACE&amp#27;[0;39m o.s.b.f.s.DefaultListableBeanFactory.doGetBean - Returning cached instance of singleton bean 'autoConfigurationReport'
22-07-2024 04:10:35.770 &amp#27;[35m[main]&amp#27;[0;39m &amp#27;[39mTRACE&amp#27;[0;39m o.s.b.f.s.DefaultListableBeanFactory.doGetBean - Returning cached instance of singleton bean 'autoConfigurationReport'
22-07-2024 04:10:35.771 &amp#27;[35m[main]&amp#27;[0;39m &amp#27;[39mTRACE&amp#27;[0;39m o.s.b.f.s.DefaultListableBeanFactory.doGetBean - Returning cached instance of singleton bean 'autoConfigurationReport'
22-07-2024 04:10:35.771 &amp#27;[35m[main]&amp#27;[0;39m &amp#27;[39mTRACE&amp#27;[0;39m o.s.b.f.s.DefaultListableBeanFactory.doGetBean - Returning cached instance of singleton bean 'autoConfigurationReport'
22-07-2024 04:10:35.771 &amp#27;[35m[main]&amp#27;[0;39m &amp#27;[39mTRACE&amp#27;[0;39m o.s.b.f.s.DefaultListableBeanFactory.doGetBean - Returning cached instance of singleton bean 'autoConfigurationReport'
22-07-2024 04:10:35.771 &amp#27;[35m[main]&amp#27;[0;39m &amp#27;[39mTRACE&amp#27;[0;39m o.s.b.f.s.DefaultListableBeanFactory.doGetBean - Returning cached instance of singleton bean 'autoConfigurationReport'
22-07-2024 04:10:35.771 &amp#27;[35m[main]&amp#27;[0;39m &amp#27;[39mTRACE&amp#27;[0;39m o.s.b.f.s.DefaultListableBeanFactory.doGetBean - Returning cached instance of singleton bean 'autoConfigurationReport'
22-07-2024 04:10:35.778 &amp#27;[35m[main]&amp#27;[0;39m &amp#27;[39mTRACE&amp#27;[0;39m o.s.b.a.condition.OnClassCondition.logOutcome - Condition OnClassCondition on org.springframework.boot.autoconfigure.http.JacksonHttpMessageConvertersConfiguration$MappingJackson2XmlHttpMessageConverterConfiguration did not match due to @ConditionalOnClass did not find required class 'com.fasterxml.jackson.dataformat.xml.XmlMapper'
22-07-2024 04:10:35.778 &amp#27;[35m[main]&amp#27;[0;39m &amp#27;[39mTRACE&amp#27;[0;39m o.s.b.f.s.DefaultListableBeanFactory.doGetBean - Returning cached instance of singleton bean 'autoConfigurationReport'
22-07-2024 04:10:35.779 &amp#27;[35m[main]&amp#27;[0;39m &amp#27;[39mTRACE&amp#27;[0;39m o.s.b.a.condition.OnClassCondition.logOutcome - Condition OnClassCondition on org.springframework.boot.autoconfigure.http.JacksonHttpMessageConvertersConfiguration$MappingJackson2HttpMessageConverterConfiguration matched due to @ConditionalOnClass found required class 'com.fasterxml.jackson.databind.ObjectMapper'
22-07-2024 04:10:35.779 &amp#27;[35m[main]&amp#27;[0;39m &amp#27;[39mTRACE&amp#27;[0;39m o.s.b.f.s.DefaultListableBeanFactory.doGetBean - Returning cached instance of singleton bean 'autoConfigurationReport'
22-07-2024 04:10:35.779 &amp#27;[35m[main]&amp#27;[0;39m &amp#27;[39mTRACE&amp#27;[0;39m o.s.b.a.c.OnPropertyCondition.logOutcome - Condition OnPropertyCondition on org.springframework.boot.autoconfigure.http.JacksonHttpMessageConvertersConfiguration$MappingJackson2HttpMessageConverterConfiguration matched due to @ConditionalOnProperty (spring.mvc.converters.preferred-json-mapper=jackson) matched
22-07-2024 04:10:35.779 &amp#27;[35m[main]&amp#27;[0;39m &amp#27;[39mTRACE&amp#27;[0;39m o.s.b.f.s.DefaultListableBeanFactory.doGetBean - Returning cached instance of singleton bean 'autoConfigurationReport'
22-07-2024 04:10:35.779 &amp#27;[35m[main]&amp#27;[0;39m &amp#27;[39mTRACE&amp#27;[0;39m o.s.b.f.s.DefaultListableBeanFactory.doGetBean - Returning cached instance of singleton bean 'autoConfigurationReport'
22-07-2024 04:10:35.779 &amp#27;[35m[main]&amp#27;[0;39m &amp#27;[39mTRACE&amp#27;[0;39m o.s.b.f.s.DefaultListableBeanFactory.doGetBean - Returning cached instance of singleton bean 'autoConfigurationReport'
22-07-2024 04:10:35.780 &amp#27;[35m[main]&amp#27;[0;39m &amp#27;[39mTRACE&amp#27;[0;39m o.s.b.f.s.DefaultListableBeanFactory.doGetBean - Returning cached instance of singleton bean 'autoConfigurationReport'
22-07-2024 04:10:35.780 &amp#27;[35m[main]&amp#27;[0;39m &amp#27;[39mTRACE&amp#27;[0;39m o.s.b.f.s.DefaultListableBeanFactory.doGetBean - Returning cached instance of singleton bean 'autoConfigurationReport'
22-07-2024 04:10:35.780 &amp#27;[35m[main]&amp#27;[0;39m &amp#27;[39mTRACE&amp#27;[0;39m o.s.b.f.s.DefaultListableBeanFactory.doGetBean - Returning cached instance of singleton bean 'autoConfigurationReport'
22-07-2024 04:10:35.780 &amp#27;[35m[main]&amp#27;[0;39m &amp#27;[39mTRACE&amp#27;[0;39m o.s.b.f.s.DefaultListableBeanFactory.doGetBean - Returning cached instance of singleton bean 'autoConfigurationReport'
22-07-2024 04:10:35.780 &amp#27;[35m[main]&amp#27;[0;39m &amp#27;[39mTRACE&amp#27;[0;39m o.s.b.a.condition.OnClassCondition.logOutcome - Condition OnClassCondition on org.springframework.boot.autoconfigure.http.GsonHttpMessageConvertersConfiguration did not match due to @ConditionalOnClass did not find required class 'com.google.gson.Gson'
22-07-2024 04:10:35.780 &amp#27;[35m[main]&amp#27;[0;39m &amp#27;[39mTRACE&amp#27;[0;39m o.s.b.f.s.DefaultListableBeanFactory.doGetBean - Returning cached instance of singleton bean 'autoConfigurationReport'
22-07-2024 04:10:35.780 &amp#27;[35m[main]&amp#27;[0;39m &amp#27;[39mTRACE&amp#27;[0;39m o.s.b.a.condition.OnClassCondition.logOutcome - Condition OnClassCondition on org.springframework.boot.autoconfigure.http.JsonbHttpMessageConvertersConfiguration did not match due to @ConditionalOnClass did not find required class 'jakarta.json.bind.Jsonb'
22-07-2024 04:10:35.780 &amp#27;[35m[main]&amp#27;[0;39m &amp#27;[39mTRACE&amp#27;[0;39m o.s.b.f.s.DefaultListableBeanFactory.doGetBean - Returning cached instance of singleton bean 'autoConfigurationReport'
22-07-2024 04:10:35.780 &amp#27;[35m[main]&amp#27;[0;39m &amp#27;[39mTRACE&amp#27;[0;39m o.s.b.f.s.DefaultListableBeanFactory.doGetBean - Returning cached instance of singleton bean 'autoConfigurationReport'
22-07-2024 04:10:35.780 &amp#27;[35m[main]&amp#27;[0;39m &amp#27;[39mTRACE&amp#27;[0;39m o.s.b.f.s.DefaultListableBeanFactory.doGetBean - Returning cached instance of singleton bean 'autoConfigurationReport'
22-07-2024 04:10:35.780 &amp#27;[35m[main]&amp#27;[0;39m &amp#27;[39mTRACE&amp#27;[0;39m o.s.b.f.s.DefaultListableBeanFactory.doGetBean - Returning cached instance of singleton bean 'autoConfigurationReport'
22-07-2024 04:10:35.780 &amp#27;[35m[main]&amp#27;[0;39m &amp#27;[39mTRACE&amp#27;[0;39m o.s.b.f.s.DefaultListableBeanFactory.doGetBean - Returning cached instance of singleton bean 'autoConfigurationReport'
22-07-2024 04:10:35.780 &amp#27;[35m[main]&amp#27;[0;39m &amp#27;[39mTRACE&amp#27;[0;39m o.s.b.f.s.DefaultListableBeanFactory.doGetBean - Returning cached instance of singleton bean 'autoConfigurationReport'
22-07-2024 04:10:35.780 &amp#27;[35m[main]&amp#27;[0;39m &amp#27;[39mTRACE&amp#27;[0;39m o.s.b.f.s.DefaultListableBeanFactory.doGetBean - Returning cached instance of singleton bean 'autoConfigurationReport'
22-07-2024 04:10:35.780 &amp#27;[35m[main]&amp#27;[0;39m &amp#27;[39mTRACE&amp#27;[0;39m o.s.b.f.s.DefaultListableBeanFactory.doGetBean - Returning cached instance of singleton bean 'autoConfigurationReport'
22-07-2024 04:10:35.781 &amp#27;[35m[main]&amp#27;[0;39m &amp#27;[39mTRACE&amp#27;[0;39m o.s.b.f.s.DefaultListableBeanFactory.doGetBean - Returning cached instance of singleton bean 'autoConfigurationReport'
22-07-2024 04:10:35.781 &amp#27;[35m[main]&amp#27;[0;39m &amp#27;[39mTRACE&amp#27;[0;39m o.s.b.f.s.DefaultListableBeanFactory.doGetBean - Returning cached instance of singleton bean 'autoConfigurationReport'
22-07-2024 04:10:35.781 &amp#27;[35m[main]&amp#27;[0;39m &amp#27;[39mTRACE&amp#27;[0;39m o.s.b.f.s.DefaultListableBeanFactory.doGetBean - Returning cached instance of singleton bean 'autoConfigurationReport'
22-07-2024 04:10:35.781 &amp#27;[35m[main]&amp#27;[0;39m &amp#27;[39mTRACE&amp#27;[0;39m o.s.b.f.s.DefaultListableBeanFactory.doGetBean - Returning cached instance of singleton bean 'autoConfigurationReport'
22-07-2024 04:10:35.781 &amp#27;[35m[main]&amp#27;[0;39m &amp#27;[39mTRACE&amp#27;[0;39m o.s.b.f.s.DefaultListableBeanFactory.doGetBean - Returning cached instance of singleton bean 'autoConfigurationReport'
22-07-2024 04:10:35.782 &amp#27;[35m[main]&amp#27;[0;39m &amp#27;[39mTRACE&amp#27;[0;39m o.s.b.a.condition.OnClassCondition.logOutcome - Condition OnClassCondition on org.springframework.boot.autoconfigure.data.web.SpringDataWebAutoConfiguration matched due to @ConditionalOnClass found required classes 'org.springframework.data.web.PageableHandlerMethodArgumentResolver', 'org.springframework.web.servlet.config.annotation.WebMvcConfigurer'
22-07-2024 04:10:35.782 &amp#27;[35m[main]&amp#27;[0;39m &amp#27;[39mTRACE&amp#27;[0;39m o.s.b.f.s.DefaultListableBeanFactory.doGetBean - Returning cached instance of singleton bean 'autoConfigurationReport'
22-07-2024 04:10:35.782 &amp#27;[35m[main]&amp#27;[0;39m &amp#27;[39mTRACE&amp#27;[0;39m o.s.b.a.c.OnWebApplicationCondition.logOutcome - Condition OnWebApplicationCondition on org.springframework.boot.autoconfigure.data.web.SpringDataWebAutoConfiguration matched due to found 'session' scope
22-07-2024 04:10:35.782 &amp#27;[35m[main]&amp#27;[0;39m &amp#27;[39mTRACE&amp#27;[0;39m o.s.b.f.s.DefaultListableBeanFactory.doGetBean - Returning cached instance of singleton bean 'autoConfigurationReport'
22-07-2024 04:10:35.782 &amp#27;[35m[main]&amp#27;[0;39m &amp#27;[39mTRACE&amp#27;[0;39m o.s.b.f.s.DefaultListableBeanFactory.doGetBean - Returning cached instance of singleton bean 'autoConfigurationReport'
22-07-2024 04:10:35.782 &amp#27;[35m[main]&amp#27;[0;39m &amp#27;[39mTRACE&amp#27;[0;39m o.s.b.f.s.DefaultListableBeanFactory.doGetBean - Returning cached instance of singleton bean 'autoConfigurationReport'
22-07-2024 04:10:35.783 &amp#27;[35m[main]&amp#27;[0;39m &amp#27;[39mTRACE&amp#27;[0;39m o.s.b.f.s.DefaultListableBeanFactory.doGetBean - Returning cached instance of singleton bean 'autoConfigurationReport'
22-07-2024 04:10:35.783 &amp#27;[35m[main]&amp#27;[0;39m &amp#27;[39mTRACE&amp#27;[0;39m o.s.b.f.s.DefaultListableBeanFactory.doGetBean - Returning cached instance of singleton bean 'autoConfigurationReport'
22-07-2024 04:10:35.783 &amp#27;[35m[main]&amp#27;[0;39m &amp#27;[39mTRACE&amp#27;[0;39m o.s.b.f.s.DefaultListableBeanFactory.doGetBean - Returning cached instance of singleton bean 'autoConfigurationReport'
22-07-2024 04:10:35.783 &amp#27;[35m[main]&amp#27;[0;39m &amp#27;[39mTRACE&amp#27;[0;39m o.s.b.f.s.DefaultListableBeanFactory.doGetBean - Returning cached instance of singleton bean 'autoConfigurationReport'
22-07-2024 04:10:35.790 &amp#27;[35m[main]&amp#27;[0;39m &amp#27;[39mTRACE&amp#27;[0;39m o.s.b.f.s.DefaultListableBeanFactory.doGetBean - Returning cached instance of singleton bean 'autoConfigurationReport'
22-07-2024 04:10:35.790 &amp#27;[35m[main]&amp#27;[0;39m &amp#27;[39mTRACE&amp#27;[0;39m o.s.b.f.s.DefaultListableBeanFactory.doGetBean - Returning cached instance of singleton bean 'autoConfigurationReport'
22-07-2024 04:10:35.790 &amp#27;[35m[main]&amp#27;[0;39m &amp#27;[39mTRACE&amp#27;[0;39m o.s.b.f.s.DefaultListableBeanFactory.doGetBean - Returning cached instance of singleton bean 'autoConfigurationReport'
22-07-2024 04:10:35.790 &amp#27;[35m[main]&amp#27;[0;39m &amp#27;[39mTRACE&amp#27;[0;39m o.s.b.f.s.DefaultListableBeanFactory.doGetBean - Returning cached instance of singleton bean 'autoConfigurationReport'
22-07-2024 04:10:35.790 &amp#27;[35m[main]&amp#27;[0;39m &amp#27;[39mTRACE&amp#27;[0;39m o.s.b.f.s.DefaultListableBeanFactory.doGetBean - Returning cached instance of singleton bean 'autoConfigurationReport'
22-07-2024 04:10:35.790 &amp#27;[35m[main]&amp#27;[0;39m &amp#27;[39mTRACE&amp#27;[0;39m o.s.b.f.s.DefaultListableBeanFactory.doGetBean - Returning cached instance of singleton bean 'autoConfigurationReport'
22-07-2024 04:10:35.790 &amp#27;[35m[main]&amp#27;[0;39m &amp#27;[39mTRACE&amp#27;[0;39m o.s.b.f.s.DefaultListableBeanFactory.doGetBean - Returning cached instance of singleton bean 'autoConfigurationReport'
22-07-2024 04:10:35.790 &amp#27;[35m[main]&amp#27;[0;39m &amp#27;[39mTRACE&amp#27;[0;39m o.s.b.f.s.DefaultListableBeanFactory.doGetBean - Returning cached instance of singleton bean 'autoConfigurationReport'
22-07-2024 04:10:35.790 &amp#27;[35m[main]&amp#27;[0;39m &amp#27;[39mTRACE&amp#27;[0;39m o.s.b.f.s.DefaultListableBeanFactory.doGetBean - Returning cached instance of singleton bean 'autoConfigurationReport'
22-07-2024 04:10:35.790 &amp#27;[35m[main]&amp#27;[0;39m &amp#27;[39mTRACE&amp#27;[0;39m o.s.b.f.s.DefaultListableBeanFactory.doGetBean - Returning cached instance of singleton bean 'autoConfigurationReport'
22-07-2024 04:10:35.790 &amp#27;[35m[main]&amp#27;[0;39m &amp#27;[39mTRACE&amp#27;[0;39m o.s.b.f.s.DefaultListableBeanFactory.doGetBean - Returning cached instance of singleton bean 'autoConfigurationReport'
22-07-2024 04:10:35.790 &amp#27;[35m[main]&amp#27;[0;39m &amp#27;[39mTRACE&amp#27;[0;39m o.s.b.f.s.DefaultListableBeanFactory.doGetBean - Returning cached instance of singleton bean 'autoConfigurationReport'
22-07-2024 04:10:35.791 &amp#27;[35m[main]&amp#27;[0;39m &amp#27;[39mTRACE&amp#27;[0;39m o.s.b.f.s.DefaultListableBeanFactory.doGetBean - Returning cached instance of singleton bean 'autoConfigurationReport'
22-07-2024 04:10:35.791 &amp#27;[35m[main]&amp#27;[0;39m &amp#27;[39mTRACE&amp#27;[0;39m o.s.b.f.s.DefaultListableBeanFactory.doGetBean - Returning cached instance of singleton bean 'autoConfigurationReport'
22-07-2024 04:10:35.791 &amp#27;[35m[main]&amp#27;[0;39m &amp#27;[39mTRACE&amp#27;[0;39m o.s.b.f.s.DefaultListableBeanFactory.doGetBean - Returning cached instance of singleton bean 'autoConfigurationReport'
22-07-2024 04:10:35.791 &amp#27;[35m[main]&amp#27;[0;39m &amp#27;[39mTRACE&amp#27;[0;39m o.s.b.f.s.DefaultListableBeanFactory.doGetBean - Returning cached instance of singleton bean 'autoConfigurationReport'
22-07-2024 04:10:35.791 &amp#27;[35m[main]&amp#27;[0;39m &amp#27;[39mTRACE&amp#27;[0;39m o.s.b.f.s.DefaultListableBeanFactory.doGetBean - Returning cached instance of singleton bean 'autoConfigurationReport'
22-07-2024 04:10:35.791 &amp#27;[35m[main]&amp#27;[0;39m &amp#27;[39mTRACE&amp#27;[0;39m o.s.b.f.s.DefaultListableBeanFactory.doGetBean - Returning cached instance of singleton bean 'autoConfigurationReport'
22-07-2024 04:10:35.791 &amp#27;[35m[main]&amp#27;[0;39m &amp#27;[39mTRACE&amp#27;[0;39m o.s.b.f.s.DefaultListableBeanFactory.doGetBean - Returning cached instance of singleton bean 'autoConfigurationReport'
22-07-2024 04:10:35.791 &amp#27;[35m[main]&amp#27;[0;39m &amp#27;[39mTRACE&amp#27;[0;39m o.s.b.f.s.DefaultListableBeanFactory.doGetBean - Returning cached instance of singleton bean 'autoConfigurationReport'
22-07-2024 04:10:35.791 &amp#27;[35m[main]&amp#27;[0;39m &amp#27;[39mTRACE&amp#27;[0;39m o.s.b.f.s.DefaultListableBeanFactory.doGetBean - Returning cached instance of singleton bean 'autoConfigurationReport'
22-07-2024 04:10:35.791 &amp#27;[35m[main]&amp#27;[0;39m &amp#27;[39mTRACE&amp#27;[0;39m o.s.b.f.s.DefaultListableBeanFactory.doGetBean - Returning cached instance of singleton bean 'autoConfigurationReport'
22-07-2024 04:10:35.791 &amp#27;[35m[main]&amp#27;[0;39m &amp#27;[39mTRACE&amp#27;[0;39m o.s.b.f.s.DefaultListableBeanFactory.doGetBean - Returning cached instance of singleton bean 'autoConfigurationReport'
22-07-2024 04:10:35.791 &amp#27;[35m[main]&amp#27;[0;39m &amp#27;[39mTRACE&amp#27;[0;39m o.s.b.f.s.DefaultListableBeanFactory.doGetBean - Returning cached instance of singleton bean 'autoConfigurationReport'
22-07-2024 04:10:35.792 &amp#27;[35m[main]&amp#27;[0;39m &amp#27;[39mTRACE&amp#27;[0;39m o.s.b.f.s.DefaultListableBeanFactory.doGetBean - Returning cached instance of singleton bean 'autoConfigurationReport'
22-07-2024 04:10:35.792 &amp#27;[35m[main]&amp#27;[0;39m &amp#27;[39mTRACE&amp#27;[0;39m o.s.b.f.s.DefaultListableBeanFactory.doGetBean - Returning cached instance of singleton bean 'autoConfigurationReport'
22-07-2024 04:10:35.792 &amp#27;[35m[main]&amp#27;[0;39m &amp#27;[39mTRACE&amp#27;[0;39m o.s.b.f.s.DefaultListableBeanFactory.doGetBean - Returning cached instance of singleton bean 'autoConfigurationReport'
22-07-2024 04:10:35.792 &amp#27;[35m[main]&amp#27;[0;39m &amp#27;[39mTRACE&amp#27;[0;39m o.s.b.f.s.DefaultListableBeanFactory.doGetBean - Returning cached instance of singleton bean 'autoConfigurationReport'
22-07-2024 04:10:35.792 &amp#27;[35m[main]&amp#27;[0;39m &amp#27;[39mTRACE&amp#27;[0;39m o.s.b.f.s.DefaultListableBeanFactory.doGetBean - Returning cached instance of singleton bean 'autoConfigurationReport'
22-07-2024 04:10:35.792 &amp#27;[35m[main]&amp#27;[0;39m &amp#27;[39mTRACE&amp#27;[0;39m o.s.b.f.s.DefaultListableBeanFactory.doGetBean - Returning cached instance of singleton bean 'autoConfigurationReport'
22-07-2024 04:10:35.792 &amp#27;[35m[main]&amp#27;[0;39m &amp#27;[39mTRACE&amp#27;[0;39m o.s.b.f.s.DefaultListableBeanFactory.doGetBean - Returning cached instance of singleton bean 'autoConfigurationReport'
22-07-2024 04:10:35.792 &amp#27;[35m[main]&amp#27;[0;39m &amp#27;[39mTRACE&amp#27;[0;39m o.s.b.f.s.DefaultListableBeanFactory.doGetBean - Returning cached instance of singleton bean 'autoConfigurationReport'
22-07-2024 04:10:35.792 &amp#27;[35m[main]&amp#27;[0;39m &amp#27;[39mTRACE&amp#27;[0;39m o.s.b.f.s.DefaultListableBeanFactory.doGetBean - Returning cached instance of singleton bean 'autoConfigurationReport'
22-07-2024 04:10:35.792 &amp#27;[35m[main]&amp#27;[0;39m &amp#27;[39mTRACE&amp#27;[0;39m o.s.b.f.s.DefaultListableBeanFactory.doGetBean - Returning cached instance of singleton bean 'autoConfigurationReport'
22-07-2024 04:10:35.792 &amp#27;[35m[main]&amp#27;[0;39m &amp#27;[39mTRACE&amp#27;[0;39m o.s.b.f.s.DefaultListableBeanFactory.doGetBean - Returning cached instance of singleton bean 'autoConfigurationReport'
22-07-2024 04:10:35.792 &amp#27;[35m[main]&amp#27;[0;39m &amp#27;[39mTRACE&amp#27;[0;39m o.s.b.f.s.DefaultListableBeanFactory.doGetBean - Returning cached instance of singleton bean 'autoConfigurationReport'
22-07-2024 04:10:35.793 &amp#27;[35m[main]&amp#27;[0;39m &amp#27;[39mTRACE&amp#27;[0;39m o.s.b.f.s.DefaultListableBeanFactory.doGetBean - Returning cached instance of singleton bean 'autoConfigurationReport'
22-07-2024 04:10:35.793 &amp#27;[35m[main]&amp#27;[0;39m &amp#27;[39mTRACE&amp#27;[0;39m o.s.b.f.s.DefaultListableBeanFactory.doGetBean - Returning cached instance of singleton bean 'autoConfigurationReport'
22-07-2024 04:10:35.793 &amp#27;[35m[main]&amp#27;[0;39m &amp#27;[39mTRACE&amp#27;[0;39m o.s.b.f.s.DefaultListableBeanFactory.doGetBean - Returning cached instance of singleton bean 'autoConfigurationReport'
22-07-2024 04:10:35.793 &amp#27;[35m[main]&amp#27;[0;39m &amp#27;[39mTRACE&amp#27;[0;39m o.s.b.f.s.DefaultListableBeanFactory.doGetBean - Returning cached instance of singleton bean 'autoConfigurationReport'
22-07-2024 04:10:35.793 &amp#27;[35m[main]&amp#27;[0;39m &amp#27;[39mTRACE&amp#27;[0;39m o.s.b.f.s.DefaultListableBeanFactory.doGetBean - Returning cached instance of singleton bean 'autoConfigurationReport'
22-07-2024 04:10:35.793 &amp#27;[35m[main]&amp#27;[0;39m &amp#27;[39mTRACE&amp#27;[0;39m o.s.b.f.s.DefaultListableBeanFactory.doGetBean - Returning cached instance of singleton bean 'autoConfigurationReport'
22-07-2024 04:10:35.793 &amp#27;[35m[main]&amp#27;[0;39m &amp#27;[39mTRACE&amp#27;[0;39m o.s.b.f.s.DefaultListableBeanFactory.doGetBean - Returning cached instance of singleton bean 'autoConfigurationReport'
22-07-2024 04:10:35.793 &amp#27;[35m[main]&amp#27;[0;39m &amp#27;[39mTRACE&amp#27;[0;39m o.s.b.f.s.DefaultListableBeanFactory.doGetBean - Returning cached instance of singleton bean 'autoConfigurationReport'
22-07-2024 04:10:35.793 &amp#27;[35m[main]&amp#27;[0;39m &amp#27;[39mTRACE&amp#27;[0;39m o.s.b.f.s.DefaultListableBeanFactory.doGetBean - Returning cached instance of singleton bean 'autoConfigurationReport'
22-07-2024 04:10:35.793 &amp#27;[35m[main]&amp#27;[0;39m &amp#27;[39mTRACE&amp#27;[0;39m o.s.b.f.s.DefaultListableBeanFactory.doGetBean - Returning cached instance of singleton bean 'autoConfigurationReport'
22-07-2024 04:10:35.793 &amp#27;[35m[main]&amp#27;[0;39m &amp#27;[39mTRACE&amp#27;[0;39m o.s.b.f.s.DefaultListableBeanFactory.doGetBean - Returning cached instance of singleton bean 'autoConfigurationReport'
22-07-2024 04:10:35.793 &amp#27;[35m[main]&amp#27;[0;39m &amp#27;[39mTRACE&amp#27;[0;39m o.s.b.f.s.DefaultListableBeanFactory.doGetBean - Returning cached instance of singleton bean 'autoConfigurationReport'
22-07-2024 04:10:35.794 &amp#27;[35m[main]&amp#27;[0;39m &amp#27;[39mTRACE&amp#27;[0;39m o.s.b.a.condition.OnClassCondition.logOutcome - Condition OnClassCondition on org.springframework.boot.autoconfigure.security.servlet.SecurityAutoConfiguration matched due to @ConditionalOnClass found required class 'org.springframework.security.authentication.DefaultAuthenticationEventPublisher'
22-07-2024 04:10:35.794 &amp#27;[35m[main]&amp#27;[0;39m &amp#27;[39mTRACE&amp#27;[0;39m o.s.b.f.s.DefaultListableBeanFactory.doGetBean - Returning cached instance of singleton bean 'autoConfigurationReport'
22-07-2024 04:10:35.794 &amp#27;[35m[main]&amp#27;[0;39m &amp#27;[39mTRACE&amp#27;[0;39m o.s.b.f.s.DefaultListableBeanFactory.doGetBean - Returning cached instance of singleton bean 'autoConfigurationReport'
22-07-2024 04:10:35.794 &amp#27;[35m[main]&amp#27;[0;39m &amp#27;[39mTRACE&amp#27;[0;39m o.s.b.f.s.DefaultListableBeanFactory.doGetBean - Returning cached instance of singleton bean 'autoConfigurationReport'
22-07-2024 04:10:35.794 &amp#27;[35m[main]&amp#27;[0;39m &amp#27;[39mTRACE&amp#27;[0;39m o.s.b.f.s.DefaultListableBeanFactory.doGetBean - Returning cached instance of singleton bean 'autoConfigurationReport'
22-07-2024 04:10:35.794 &amp#27;[35m[main]&amp#27;[0;39m &amp#27;[39mTRACE&amp#27;[0;39m o.s.b.f.s.DefaultListableBeanFactory.doGetBean - Returning cached instance of singleton bean 'autoConfigurationReport'
22-07-2024 04:10:35.794 &amp#27;[35m[main]&amp#27;[0;39m &amp#27;[39mTRACE&amp#27;[0;39m o.s.b.f.s.DefaultListableBeanFactory.doGetBean - Returning cached instance of singleton bean 'autoConfigurationReport'
22-07-2024 04:10:35.794 &amp#27;[35m[main]&amp#27;[0;39m &amp#27;[39mTRACE&amp#27;[0;39m o.s.b.f.s.DefaultListableBeanFactory.doGetBean - Returning cached instance of singleton bean 'autoConfigurationReport'
22-07-2024 04:10:35.795 &amp#27;[35m[main]&amp#27;[0;39m &amp#27;[39mTRACE&amp#27;[0;39m o.s.b.a.c.OnWebApplicationCondition.logOutcome - Condition OnWebApplicationCondition on org.springframework.boot.autoconfigure.security.servlet.SpringBootWebSecurityConfiguration matched due to found 'session' scope
22-07-2024 04:10:35.795 &amp#27;[35m[main]&amp#27;[0;39m &amp#27;[39mTRACE&amp#27;[0;39m o.s.b.f.s.DefaultListableBeanFactory.doGetBean - Returning cached instance of singleton bean 'autoConfigurationReport'
22-07-2024 04:10:35.795 &amp#27;[35m[main]&amp#27;[0;39m &amp#27;[39mTRACE&amp#27;[0;39m o.s.b.f.s.DefaultListableBeanFactory.doGetBean - Returning cached instance of singleton bean 'autoConfigurationReport'
22-07-2024 04:10:35.795 &amp#27;[35m[main]&amp#27;[0;39m &amp#27;[39mTRACE&amp#27;[0;39m o.s.b.f.s.DefaultListableBeanFactory.doGetBean - Returning cached instance of singleton bean 'autoConfigurationReport'
22-07-2024 04:10:35.795 &amp#27;[35m[main]&amp#27;[0;39m &amp#27;[39mTRACE&amp#27;[0;39m o.s.b.f.s.DefaultListableBeanFactory.doGetBean - Returning cached instance of singleton bean 'autoConfigurationReport'
22-07-2024 04:10:35.795 &amp#27;[35m[main]&amp#27;[0;39m &amp#27;[39mTRACE&amp#27;[0;39m o.s.b.f.s.DefaultListableBeanFactory.doGetBean - Returning cached instance of singleton bean 'autoConfigurationReport'
22-07-2024 04:10:35.795 &amp#27;[35m[main]&amp#27;[0;39m &amp#27;[39mTRACE&amp#27;[0;39m o.s.b.f.s.DefaultListableBeanFactory.doGetBean - Returning cached instance of singleton bean 'autoConfigurationReport'
22-07-2024 04:10:35.795 &amp#27;[35m[main]&amp#27;[0;39m &amp#27;[39mTRACE&amp#27;[0;39m o.s.b.f.s.DefaultListableBeanFactory.doGetBean - Returning cached instance of singleton bean 'autoConfigurationReport'
22-07-2024 04:10:35.796 &amp#27;[35m[main]&amp#27;[0;39m &amp#27;[39mTRACE&amp#27;[0;39m o.s.b.a.condition.OnClassCondition.logOutcome - Condition OnClassCondition on org.springframework.boot.autoconfigure.security.servlet.SpringBootWebSecurityConfiguration$WebSecurityEnablerConfiguration matched due to @ConditionalOnClass found required class 'org.springframework.security.config.annotation.web.configuration.EnableWebSecurity'
22-07-2024 04:10:35.796 &amp#27;[35m[main]&amp#27;[0;39m &amp#27;[39mTRACE&amp#27;[0;39m o.s.b.f.s.DefaultListableBeanFactory.doGetBean - Returning cached instance of singleton bean 'autoConfigurationReport'
22-07-2024 04:10:35.796 &amp#27;[35m[main]&amp#27;[0;39m &amp#27;[39mTRACE&amp#27;[0;39m o.s.b.f.s.DefaultListableBeanFactory.doGetBean - Returning cached instance of singleton bean 'autoConfigurationReport'
22-07-2024 04:10:35.796 &amp#27;[35m[main]&amp#27;[0;39m &amp#27;[39mTRACE&amp#27;[0;39m o.s.b.f.s.DefaultListableBeanFactory.doGetBean - Returning cached instance of singleton bean 'autoConfigurationReport'
22-07-2024 04:10:35.796 &amp#27;[35m[main]&amp#27;[0;39m &amp#27;[39mTRACE&amp#27;[0;39m o.s.b.f.s.DefaultListableBeanFactory.doGetBean - Returning cached instance of singleton bean 'autoConfigurationReport'
22-07-2024 04:10:35.796 &amp#27;[35m[main]&amp#27;[0;39m &amp#27;[39mTRACE&amp#27;[0;39m o.s.b.f.s.DefaultListableBeanFactory.doGetBean - Returning cached instance of singleton bean 'autoConfigurationReport'
22-07-2024 04:10:35.796 &amp#27;[35m[main]&amp#27;[0;39m &amp#27;[39mTRACE&amp#27;[0;39m o.s.b.f.s.DefaultListableBeanFactory.doGetBean - Returning cached instance of singleton bean 'autoConfigurationReport'
22-07-2024 04:10:35.796 &amp#27;[35m[main]&amp#27;[0;39m &amp#27;[39mTRACE&amp#27;[0;39m o.s.b.f.s.DefaultListableBeanFactory.doGetBean - Returning cached instance of singleton bean 'autoConfigurationReport'
22-07-2024 04:10:35.798 &amp#27;[35m[main]&amp#27;[0;39m &amp#27;[39mTRACE&amp#27;[0;39m o.s.b.f.s.DefaultListableBeanFactory.doGetBean - Returning cached instance of singleton bean 'autoConfigurationReport'
22-07-2024 04:10:35.798 &amp#27;[35m[main]&amp#27;[0;39m &amp#27;[39mTRACE&amp#27;[0;39m o.s.b.f.s.DefaultListableBeanFactory.doGetBean - Returning cached instance of singleton bean 'autoConfigurationReport'
22-07-2024 04:10:35.798 &amp#27;[35m[main]&amp#27;[0;39m &amp#27;[39mTRACE&amp#27;[0;39m o.s.b.f.s.DefaultListableBeanFactory.doGetBean - Returning cached instance of singleton bean 'autoConfigurationReport'
22-07-2024 04:10:35.798 &amp#27;[35m[main]&amp#27;[0;39m &amp#27;[39mTRACE&amp#27;[0;39m o.s.b.f.s.DefaultListableBeanFactory.doGetBean - Returning cached instance of singleton bean 'autoConfigurationReport'
22-07-2024 04:10:35.798 &amp#27;[35m[main]&amp#27;[0;39m &amp#27;[39mTRACE&amp#27;[0;39m o.s.b.f.s.DefaultListableBeanFactory.doGetBean - Returning cached instance of singleton bean 'autoConfigurationReport'
22-07-2024 04:10:35.798 &amp#27;[35m[main]&amp#27;[0;39m &amp#27;[39mTRACE&amp#27;[0;39m o.s.b.f.s.DefaultListableBeanFactory.doGetBean - Returning cached instance of singleton bean 'autoConfigurationReport'
22-07-2024 04:10:35.799 &amp#27;[35m[main]&amp#27;[0;39m &amp#27;[39mTRACE&amp#27;[0;39m o.s.b.f.s.DefaultListableBeanFactory.doGetBean - Returning cached instance of singleton bean 'autoConfigurationReport'
22-07-2024 04:10:35.799 &amp#27;[35m[main]&amp#27;[0;39m &amp#27;[39mTRACE&amp#27;[0;39m o.s.b.f.s.DefaultListableBeanFactory.doGetBean - Returning cached instance of singleton bean 'autoConfigurationReport'
22-07-2024 04:10:35.799 &amp#27;[35m[main]&amp#27;[0;39m &amp#27;[39mTRACE&amp#27;[0;39m o.s.b.f.s.DefaultListableBeanFactory.doGetBean - Returning cached instance of singleton bean 'autoConfigurationReport'
22-07-2024 04:10:35.799 &amp#27;[35m[main]&amp#27;[0;39m &amp#27;[39mTRACE&amp#27;[0;39m o.s.b.f.s.DefaultListableBeanFactory.doGetBean - Returning cached instance of singleton bean 'autoConfigurationReport'
22-07-2024 04:10:35.799 &amp#27;[35m[main]&amp#27;[0;39m &amp#27;[39mTRACE&amp#27;[0;39m o.s.b.f.s.DefaultListableBeanFactory.doGetBean - Returning cached instance of singleton bean 'autoConfigurationReport'
22-07-2024 04:10:35.799 &amp#27;[35m[main]&amp#27;[0;39m &amp#27;[39mTRACE&amp#27;[0;39m o.s.b.f.s.DefaultListableBeanFactory.doGetBean - Returning cached instance of singleton bean 'autoConfigurationReport'
22-07-2024 04:10:35.799 &amp#27;[35m[main]&amp#27;[0;39m &amp#27;[39mTRACE&amp#27;[0;39m o.s.b.f.s.DefaultListableBeanFactory.doGetBean - Returning cached instance of singleton bean 'autoConfigurationReport'
22-07-2024 04:10:35.799 &amp#27;[35m[main]&amp#27;[0;39m &amp#27;[39mTRACE&amp#27;[0;39m o.s.b.f.s.DefaultListableBeanFactory.doGetBean - Returning cached instance of singleton bean 'autoConfigurationReport'
22-07-2024 04:10:35.799 &amp#27;[35m[main]&amp#27;[0;39m &amp#27;[39mTRACE&amp#27;[0;39m o.s.b.f.s.DefaultListableBeanFactory.doGetBean - Returning cached instance of singleton bean 'autoConfigurationReport'
22-07-2024 04:10:35.799 &amp#27;[35m[main]&amp#27;[0;39m &amp#27;[39mTRACE&amp#27;[0;39m o.s.b.f.s.DefaultListableBeanFactory.doGetBean - Returning cached instance of singleton bean 'autoConfigurationReport'
22-07-2024 04:10:35.799 &amp#27;[35m[main]&amp#27;[0;39m &amp#27;[39mTRACE&amp#27;[0;39m o.s.b.f.s.DefaultListableBeanFactory.doGetBean - Returning cached instance of singleton bean 'autoConfigurationReport'
22-07-2024 04:10:35.799 &amp#27;[35m[main]&amp#27;[0;39m &amp#27;[39mTRACE&amp#27;[0;39m o.s.b.f.s.DefaultListableBeanFactory.doGetBean - Returning cached instance of singleton bean 'autoConfigurationReport'
22-07-2024 04:10:35.799 &amp#27;[35m[main]&amp#27;[0;39m &amp#27;[39mTRACE&amp#27;[0;39m o.s.b.f.s.DefaultListableBeanFactory.doGetBean - Returning cached instance of singleton bean 'autoConfigurationReport'
22-07-2024 04:10:35.800 &amp#27;[35m[main]&amp#27;[0;39m &amp#27;[39mTRACE&amp#27;[0;39m o.s.b.f.s.DefaultListableBeanFactory.doGetBean - Returning cached instance of singleton bean 'autoConfigurationReport'
22-07-2024 04:10:35.800 &amp#27;[35m[main]&amp#27;[0;39m &amp#27;[39mTRACE&amp#27;[0;39m o.s.b.f.s.DefaultListableBeanFactory.doGetBean - Returning cached instance of singleton bean 'autoConfigurationReport'
22-07-2024 04:10:35.800 &amp#27;[35m[main]&amp#27;[0;39m &amp#27;[39mTRACE&amp#27;[0;39m o.s.b.f.s.DefaultListableBeanFactory.doGetBean - Returning cached instance of singleton bean 'autoConfigurationReport'
22-07-2024 04:10:35.800 &amp#27;[35m[main]&amp#27;[0;39m &amp#27;[39mTRACE&amp#27;[0;39m o.s.b.f.s.DefaultListableBeanFactory.doGetBean - Returning cached instance of singleton bean 'autoConfigurationReport'
22-07-2024 04:10:35.800 &amp#27;[35m[main]&amp#27;[0;39m &amp#27;[39mTRACE&amp#27;[0;39m o.s.b.f.s.DefaultListableBeanFactory.doGetBean - Returning cached instance of singleton bean 'autoConfigurationReport'
22-07-2024 04:10:35.800 &amp#27;[35m[main]&amp#27;[0;39m &amp#27;[39mTRACE&amp#27;[0;39m o.s.b.f.s.DefaultListableBeanFactory.doGetBean - Returning cached instance of singleton bean 'autoConfigurationReport'
22-07-2024 04:10:35.800 &amp#27;[35m[main]&amp#27;[0;39m &amp#27;[39mTRACE&amp#27;[0;39m o.s.b.f.s.DefaultListableBeanFactory.doGetBean - Returning cached instance of singleton bean 'autoConfigurationReport'
22-07-2024 04:10:35.800 &amp#27;[35m[main]&amp#27;[0;39m &amp#27;[39mTRACE&amp#27;[0;39m o.s.b.f.s.DefaultListableBeanFactory.doGetBean - Returning cached instance of singleton bean 'autoConfigurationReport'
22-07-2024 04:10:35.800 &amp#27;[35m[main]&amp#27;[0;39m &amp#27;[39mTRACE&amp#27;[0;39m o.s.b.f.s.DefaultListableBeanFactory.doGetBean - Returning cached instance of singleton bean 'autoConfigurationReport'
22-07-2024 04:10:35.800 &amp#27;[35m[main]&amp#27;[0;39m &amp#27;[39mTRACE&amp#27;[0;39m o.s.b.f.s.DefaultListableBeanFactory.doGetBean - Returning cached instance of singleton bean 'autoConfigurationReport'
22-07-2024 04:10:35.800 &amp#27;[35m[main]&amp#27;[0;39m &amp#27;[39mTRACE&amp#27;[0;39m o.s.b.f.s.DefaultListableBeanFactory.doGetBean - Returning cached instance of singleton bean 'autoConfigurationReport'
22-07-2024 04:10:35.800 &amp#27;[35m[main]&amp#27;[0;39m &amp#27;[39mTRACE&amp#27;[0;39m o.s.b.f.s.DefaultListableBeanFactory.doGetBean - Returning cached instance of singleton bean 'autoConfigurationReport'
22-07-2024 04:10:35.800 &amp#27;[35m[main]&amp#27;[0;39m &amp#27;[39mTRACE&amp#27;[0;39m o.s.b.f.s.DefaultListableBeanFactory.doGetBean - Returning cached instance of singleton bean 'autoConfigurationReport'
22-07-2024 04:10:35.800 &amp#27;[35m[main]&amp#27;[0;39m &amp#27;[39mTRACE&amp#27;[0;39m o.s.b.f.s.DefaultListableBeanFactory.doGetBean - Returning cached instance of singleton bean 'autoConfigurationReport'
22-07-2024 04:10:35.800 &amp#27;[35m[main]&amp#27;[0;39m &amp#27;[39mTRACE&amp#27;[0;39m o.s.b.f.s.DefaultListableBeanFactory.doGetBean - Returning cached instance of singleton bean 'autoConfigurationReport'
22-07-2024 04:10:35.800 &amp#27;[35m[main]&amp#27;[0;39m &amp#27;[39mTRACE&amp#27;[0;39m o.s.b.f.s.DefaultListableBeanFactory.doGetBean - Returning cached instance of singleton bean 'autoConfigurationReport'
22-07-2024 04:10:35.801 &amp#27;[35m[main]&amp#27;[0;39m &amp#27;[39mTRACE&amp#27;[0;39m o.s.b.f.s.DefaultListableBeanFactory.doGetBean - Returning cached instance of singleton bean 'autoConfigurationReport'
22-07-2024 04:10:35.801 &amp#27;[35m[main]&amp#27;[0;39m &amp#27;[39mTRACE&amp#27;[0;39m o.s.b.f.s.DefaultListableBeanFactory.doGetBean - Returning cached instance of singleton bean 'autoConfigurationReport'
22-07-2024 04:10:35.801 &amp#27;[35m[main]&amp#27;[0;39m &amp#27;[39mTRACE&amp#27;[0;39m o.s.b.f.s.DefaultListableBeanFactory.doGetBean - Returning cached instance of singleton bean 'autoConfigurationReport'
22-07-2024 04:10:35.801 &amp#27;[35m[main]&amp#27;[0;39m &amp#27;[39mTRACE&amp#27;[0;39m o.s.b.f.s.DefaultListableBeanFactory.doGetBean - Returning cached instance of singleton bean 'autoConfigurationReport'
22-07-2024 04:10:35.801 &amp#27;[35m[main]&amp#27;[0;39m &amp#27;[39mTRACE&amp#27;[0;39m o.s.b.f.s.DefaultListableBeanFactory.doGetBean - Returning cached instance of singleton bean 'autoConfigurationReport'
22-07-2024 04:10:35.801 &amp#27;[35m[main]&amp#27;[0;39m &amp#27;[39mTRACE&amp#27;[0;39m o.s.b.f.s.DefaultListableBeanFactory.doGetBean - Returning cached instance of singleton bean 'autoConfigurationReport'
22-07-2024 04:10:35.801 &amp#27;[35m[main]&amp#27;[0;39m &amp#27;[39mTRACE&amp#27;[0;39m o.s.b.f.s.DefaultListableBeanFactory.doGetBean - Returning cached instance of singleton bean 'autoConfigurationReport'
22-07-2024 04:10:35.802 &amp#27;[35m[main]&amp#27;[0;39m &amp#27;[39mTRACE&amp#27;[0;39m o.s.b.a.condition.OnClassCondition.logOutcome - Condition OnClassCondition on org.springframework.boot.autoconfigure.security.SecurityDataConfiguration did not match due to @ConditionalOnClass did not find required class 'org.springframework.security.data.repository.query.SecurityEvaluationContextExtension'
22-07-2024 04:10:35.802 &amp#27;[35m[main]&amp#27;[0;39m &amp#27;[39mTRACE&amp#27;[0;39m o.s.b.f.s.DefaultListableBeanFactory.doGetBean - Returning cached instance of singleton bean 'autoConfigurationReport'
22-07-2024 04:10:35.802 &amp#27;[35m[main]&amp#27;[0;39m &amp#27;[39mTRACE&amp#27;[0;39m o.s.b.f.s.DefaultListableBeanFactory.doGetBean - Returning cached instance of singleton bean 'autoConfigurationReport'
22-07-2024 04:10:35.802 &amp#27;[35m[main]&amp#27;[0;39m &amp#27;[39mTRACE&amp#27;[0;39m o.s.b.f.s.DefaultListableBeanFactory.doGetBean - Returning cached instance of singleton bean 'autoConfigurationReport'
22-07-2024 04:10:35.802 &amp#27;[35m[main]&amp#27;[0;39m &amp#27;[39mTRACE&amp#27;[0;39m o.s.b.f.s.DefaultListableBeanFactory.doGetBean - Returning cached instance of singleton bean 'autoConfigurationReport'
22-07-2024 04:10:35.802 &amp#27;[35m[main]&amp#27;[0;39m &amp#27;[39mTRACE&amp#27;[0;39m o.s.b.f.s.DefaultListableBeanFactory.doGetBean - Returning cached instance of singleton bean 'autoConfigurationReport'
22-07-2024 04:10:35.802 &amp#27;[35m[main]&amp#27;[0;39m &amp#27;[39mTRACE&amp#27;[0;39m o.s.b.f.s.DefaultListableBeanFactory.doGetBean - Returning cached instance of singleton bean 'autoConfigurationReport'
22-07-2024 04:10:35.802 &amp#27;[35m[main]&amp#27;[0;39m &amp#27;[39mTRACE&amp#27;[0;39m o.s.b.f.s.DefaultListableBeanFactory.doGetBean - Returning cached instance of singleton bean 'autoConfigurationReport'
22-07-2024 04:10:35.802 &amp#27;[35m[main]&amp#27;[0;39m &amp#27;[39mTRACE&amp#27;[0;39m o.s.b.f.s.DefaultListableBeanFactory.doGetBean - Returning cached instance of singleton bean 'autoConfigurationReport'
22-07-2024 04:10:35.802 &amp#27;[35m[main]&amp#27;[0;39m &amp#27;[39mTRACE&amp#27;[0;39m o.s.b.f.s.DefaultListableBeanFactory.doGetBean - Returning cached instance of singleton bean 'autoConfigurationReport'
22-07-2024 04:10:35.802 &amp#27;[35m[main]&amp#27;[0;39m &amp#27;[39mTRACE&amp#27;[0;39m o.s.b.f.s.DefaultListableBeanFactory.doGetBean - Returning cached instance of singleton bean 'autoConfigurationReport'
22-07-2024 04:10:35.802 &amp#27;[35m[main]&amp#27;[0;39m &amp#27;[39mTRACE&amp#27;[0;39m o.s.b.f.s.DefaultListableBeanFactory.doGetBean - Returning cached instance of singleton bean 'autoConfigurationReport'
22-07-2024 04:10:35.802 &amp#27;[35m[main]&amp#27;[0;39m &amp#27;[39mTRACE&amp#27;[0;39m o.s.b.f.s.DefaultListableBeanFactory.doGetBean - Returning cached instance of singleton bean 'autoConfigurationReport'
22-07-2024 04:10:35.802 &amp#27;[35m[main]&amp#27;[0;39m &amp#27;[39mTRACE&amp#27;[0;39m o.s.b.f.s.DefaultListableBeanFactory.doGetBean - Returning cached instance of singleton bean 'autoConfigurationReport'
22-07-2024 04:10:35.803 &amp#27;[35m[main]&amp#27;[0;39m &amp#27;[39mTRACE&amp#27;[0;39m o.s.b.a.condition.OnClassCondition.logOutcome - Condition OnClassCondition on org.springframework.boot.autoconfigure.security.servlet.SecurityFilterAutoConfiguration matched due to @ConditionalOnClass found required classes 'org.springframework.security.web.context.AbstractSecurityWebApplicationInitializer', 'org.springframework.security.config.http.SessionCreationPolicy'
22-07-2024 04:10:35.803 &amp#27;[35m[main]&amp#27;[0;39m &amp#27;[39mTRACE&amp#27;[0;39m o.s.b.f.s.DefaultListableBeanFactory.doGetBean - Returning cached instance of singleton bean 'autoConfigurationReport'
22-07-2024 04:10:35.803 &amp#27;[35m[main]&amp#27;[0;39m &amp#27;[39mTRACE&amp#27;[0;39m o.s.b.a.c.OnWebApplicationCondition.logOutcome - Condition OnWebApplicationCondition on org.springframework.boot.autoconfigure.security.servlet.SecurityFilterAutoConfiguration matched due to found 'session' scope
22-07-2024 04:10:35.803 &amp#27;[35m[main]&amp#27;[0;39m &amp#27;[39mTRACE&amp#27;[0;39m o.s.b.f.s.DefaultListableBeanFactory.doGetBean - Returning cached instance of singleton bean 'autoConfigurationReport'
22-07-2024 04:10:35.803 &amp#27;[35m[main]&amp#27;[0;39m &amp#27;[39mTRACE&amp#27;[0;39m o.s.b.f.s.DefaultListableBeanFactory.doGetBean - Returning cached instance of singleton bean 'autoConfigurationReport'
22-07-2024 04:10:35.803 &amp#27;[35m[main]&amp#27;[0;39m &amp#27;[39mTRACE&amp#27;[0;39m o.s.b.f.s.DefaultListableBeanFactory.doGetBean - Returning cached instance of singleton bean 'autoConfigurationReport'
22-07-2024 04:10:35.803 &amp#27;[35m[main]&amp#27;[0;39m &amp#27;[39mTRACE&amp#27;[0;39m o.s.b.f.s.DefaultListableBeanFactory.doGetBean - Returning cached instance of singleton bean 'autoConfigurationReport'
22-07-2024 04:10:35.803 &amp#27;[35m[main]&amp#27;[0;39m &amp#27;[39mTRACE&amp#27;[0;39m o.s.b.f.s.DefaultListableBeanFactory.doGetBean - Returning cached instance of singleton bean 'autoConfigurationReport'
22-07-2024 04:10:35.803 &amp#27;[35m[main]&amp#27;[0;39m &amp#27;[39mTRACE&amp#27;[0;39m o.s.b.f.s.DefaultListableBeanFactory.doGetBean - Returning cached instance of singleton bean 'autoConfigurationReport'
22-07-2024 04:10:35.803 &amp#27;[35m[main]&amp#27;[0;39m &amp#27;[39mTRACE&amp#27;[0;39m o.s.b.f.s.DefaultListableBeanFactory.doGetBean - Returning cached instance of singleton bean 'autoConfigurationReport'
22-07-2024 04:10:35.803 &amp#27;[35m[main]&amp#27;[0;39m &amp#27;[39mTRACE&amp#27;[0;39m o.s.b.f.s.DefaultListableBeanFactory.doGetBean - Returning cached instance of singleton bean 'autoConfigurationReport'
22-07-2024 04:10:35.803 &amp#27;[35m[main]&amp#27;[0;39m &amp#27;[39mTRACE&amp#27;[0;39m o.s.b.f.s.DefaultListableBeanFactory.doGetBean - Returning cached instance of singleton bean 'autoConfigurationReport'
22-07-2024 04:10:35.803 &amp#27;[35m[main]&amp#27;[0;39m &amp#27;[39mTRACE&amp#27;[0;39m o.s.b.f.s.DefaultListableBeanFactory.doGetBean - Returning cached instance of singleton bean 'autoConfigurationReport'
22-07-2024 04:10:35.803 &amp#27;[35m[main]&amp#27;[0;39m &amp#27;[39mTRACE&amp#27;[0;39m o.s.b.f.s.DefaultListableBeanFactory.doGetBean - Returning cached instance of singleton bean 'autoConfigurationReport'
22-07-2024 04:10:35.803 &amp#27;[35m[main]&amp#27;[0;39m &amp#27;[39mTRACE&amp#27;[0;39m o.s.b.f.s.DefaultListableBeanFactory.doGetBean - Returning cached instance of singleton bean 'autoConfigurationReport'
22-07-2024 04:10:35.803 &amp#27;[35m[main]&amp#27;[0;39m &amp#27;[39mTRACE&amp#27;[0;39m o.s.b.f.s.DefaultListableBeanFactory.doGetBean - Returning cached instance of singleton bean 'autoConfigurationReport'
22-07-2024 04:10:35.803 &amp#27;[35m[main]&amp#27;[0;39m &amp#27;[39mTRACE&amp#27;[0;39m o.s.b.f.s.DefaultListableBeanFactory.doGetBean - Returning cached instance of singleton bean 'autoConfigurationReport'
22-07-2024 04:10:35.803 &amp#27;[35m[main]&amp#27;[0;39m &amp#27;[39mTRACE&amp#27;[0;39m o.s.b.f.s.DefaultListableBeanFactory.doGetBean - Returning cached instance of singleton bean 'autoConfigurationReport'
22-07-2024 04:10:35.803 &amp#27;[35m[main]&amp#27;[0;39m &amp#27;[39mTRACE&amp#27;[0;39m o.s.b.f.s.DefaultListableBeanFactory.doGetBean - Returning cached instance of singleton bean 'autoConfigurationReport'
22-07-2024 04:10:35.803 &amp#27;[35m[main]&amp#27;[0;39m &amp#27;[39mTRACE&amp#27;[0;39m o.s.b.f.s.DefaultListableBeanFactory.doGetBean - Returning cached instance of singleton bean 'autoConfigurationReport'
22-07-2024 04:10:35.803 &amp#27;[35m[main]&amp#27;[0;39m &amp#27;[39mTRACE&amp#27;[0;39m o.s.b.f.s.DefaultListableBeanFactory.doGetBean - Returning cached instance of singleton bean 'autoConfigurationReport'
22-07-2024 04:10:35.804 &amp#27;[35m[main]&amp#27;[0;39m &amp#27;[39mTRACE&amp#27;[0;39m o.s.b.f.s.DefaultListableBeanFactory.doGetBean - Returning cached instance of singleton bean 'autoConfigurationReport'
22-07-2024 04:10:35.804 &amp#27;[35m[main]&amp#27;[0;39m &amp#27;[39mTRACE&amp#27;[0;39m o.s.b.a.condition.OnClassCondition.logOutcome - Condition OnClassCondition on org.springframework.boot.autoconfigure.security.servlet.UserDetailsServiceAutoConfiguration matched due to @ConditionalOnClass found required class 'org.springframework.security.authentication.AuthenticationManager'
22-07-2024 04:10:35.804 &amp#27;[35m[main]&amp#27;[0;39m &amp#27;[39mTRACE&amp#27;[0;39m o.s.b.f.s.DefaultListableBeanFactory.doGetBean - Returning cached instance of singleton bean 'autoConfigurationReport'
22-07-2024 04:10:35.806 &amp#27;[35m[main]&amp#27;[0;39m &amp#27;[39mTRACE&amp#27;[0;39m o.s.b.a.s.s.UserDetailsServiceAutoConfiguration$MissingAlternativeOrUserPropertiesConfigured.logOutcome - Condition UserDetailsServiceAutoConfiguration.MissingAlternativeOrUserPropertiesConfigured on org.springframework.boot.autoconfigure.security.servlet.UserDetailsServiceAutoConfiguration matched due to AnyNestedCondition 1 matched 2 did not; NestedCondition on UserDetailsServiceAutoConfiguration.MissingAlternativeOrUserPropertiesConfigured.PasswordConfigured @ConditionalOnProperty (spring.security.user.password) did not find property 'password'; NestedCondition on UserDetailsServiceAutoConfiguration.MissingAlternativeOrUserPropertiesConfigured.NameConfigured @ConditionalOnProperty (spring.security.user.name) did not find property 'name'; NestedCondition on UserDetailsServiceAutoConfiguration.MissingAlternativeOrUserPropertiesConfigured.MissingAlternative @ConditionalOnMissingClass did not find unwanted classes 'org.springframework.security.oauth2.client.registration.ClientRegistrationRepository', 'org.springframework.security.oauth2.server.resource.introspection.OpaqueTokenIntrospector', 'org.springframework.security.saml2.provider.service.registration.RelyingPartyRegistrationRepository'
22-07-2024 04:10:35.806 &amp#27;[35m[main]&amp#27;[0;39m &amp#27;[39mTRACE&amp#27;[0;39m o.s.b.f.s.DefaultListableBeanFactory.doGetBean - Returning cached instance of singleton bean 'autoConfigurationReport'
22-07-2024 04:10:35.806 &amp#27;[35m[main]&amp#27;[0;39m &amp#27;[39mTRACE&amp#27;[0;39m o.s.b.f.s.DefaultListableBeanFactory.doGetBean - Returning cached instance of singleton bean 'autoConfigurationReport'
22-07-2024 04:10:35.806 &amp#27;[35m[main]&amp#27;[0;39m &amp#27;[39mTRACE&amp#27;[0;39m o.s.b.f.s.DefaultListableBeanFactory.doGetBean - Returning cached instance of singleton bean 'autoConfigurationReport'
22-07-2024 04:10:35.806 &amp#27;[35m[main]&amp#27;[0;39m &amp#27;[39mTRACE&amp#27;[0;39m o.s.b.f.s.DefaultListableBeanFactory.doGetBean - Returning cached instance of singleton bean 'autoConfigurationReport'
22-07-2024 04:10:35.806 &amp#27;[35m[main]&amp#27;[0;39m &amp#27;[39mTRACE&amp#27;[0;39m o.s.b.f.s.DefaultListableBeanFactory.doGetBean - Returning cached instance of singleton bean 'autoConfigurationReport'
22-07-2024 04:10:35.806 &amp#27;[35m[main]&amp#27;[0;39m &amp#27;[39mTRACE&amp#27;[0;39m o.s.b.f.s.DefaultListableBeanFactory.doGetBean - Returning cached instance of singleton bean 'autoConfigurationReport'
22-07-2024 04:10:35.806 &amp#27;[35m[main]&amp#27;[0;39m &amp#27;[39mTRACE&amp#27;[0;39m o.s.b.f.s.DefaultListableBeanFactory.doGetBean - Returning cached instance of singleton bean 'autoConfigurationReport'
22-07-2024 04:10:35.806 &amp#27;[35m[main]&amp#27;[0;39m &amp#27;[39mTRACE&amp#27;[0;39m o.s.b.f.s.DefaultListableBeanFactory.doGetBean - Returning cached instance of singleton bean 'autoConfigurationReport'
22-07-2024 04:10:35.806 &amp#27;[35m[main]&amp#27;[0;39m &amp#27;[39mTRACE&amp#27;[0;39m o.s.b.f.s.DefaultListableBeanFactory.doGetBean - Returning cached instance of singleton bean 'autoConfigurationReport'
22-07-2024 04:10:35.806 &amp#27;[35m[main]&amp#27;[0;39m &amp#27;[39mTRACE&amp#27;[0;39m o.s.b.f.s.DefaultListableBeanFactory.doGetBean - Returning cached instance of singleton bean 'autoConfigurationReport'
22-07-2024 04:10:35.806 &amp#27;[35m[main]&amp#27;[0;39m &amp#27;[39mTRACE&amp#27;[0;39m o.s.b.f.s.DefaultListableBeanFactory.doGetBean - Returning cached instance of singleton bean 'autoConfigurationReport'
22-07-2024 04:10:35.806 &amp#27;[35m[main]&amp#27;[0;39m &amp#27;[39mTRACE&amp#27;[0;39m o.s.b.f.s.DefaultListableBeanFactory.doGetBean - Returning cached instance of singleton bean 'autoConfigurationReport'
22-07-2024 04:10:35.806 &amp#27;[35m[main]&amp#27;[0;39m &amp#27;[39mTRACE&amp#27;[0;39m o.s.b.f.s.DefaultListableBeanFactory.doGetBean - Returning cached instance of singleton bean 'autoConfigurationReport'
22-07-2024 04:10:35.806 &amp#27;[35m[main]&amp#27;[0;39m &amp#27;[39mTRACE&amp#27;[0;39m o.s.b.f.s.DefaultListableBeanFactory.doGetBean - Returning cached instance of singleton bean 'autoConfigurationReport'
22-07-2024 04:10:35.806 &amp#27;[35m[main]&amp#27;[0;39m &amp#27;[39mTRACE&amp#27;[0;39m o.s.b.f.s.DefaultListableBeanFactory.doGetBean - Returning cached instance of singleton bean 'autoConfigurationReport'
22-07-2024 04:10:35.807 &amp#27;[35m[main]&amp#27;[0;39m &amp#27;[39mTRACE&amp#27;[0;39m o.s.b.f.s.DefaultListableBeanFactory.doGetBean - Returning cached instance of singleton bean 'autoConfigurationReport'
22-07-2024 04:10:35.807 &amp#27;[35m[main]&amp#27;[0;39m &amp#27;[39mTRACE&amp#27;[0;39m o.s.b.f.s.DefaultListableBeanFactory.doGetBean - Returning cached instance of singleton bean 'autoConfigurationReport'
22-07-2024 04:10:35.807 &amp#27;[35m[main]&amp#27;[0;39m &amp#27;[39mTRACE&amp#27;[0;39m o.s.b.f.s.DefaultListableBeanFactory.doGetBean - Returning cached instance of singleton bean 'autoConfigurationReport'
22-07-2024 04:10:35.807 &amp#27;[35m[main]&amp#27;[0;39m &amp#27;[39mTRACE&amp#27;[0;39m o.s.b.f.s.DefaultListableBeanFactory.doGetBean - Returning cached instance of singleton bean 'autoConfigurationReport'
22-07-2024 04:10:35.807 &amp#27;[35m[main]&amp#27;[0;39m &amp#27;[39mTRACE&amp#27;[0;39m o.s.b.a.condition.OnClassCondition.logOutcome - Condition OnClassCondition on org.springframework.boot.autoconfigure.web.servlet.HttpEncodingAutoConfiguration matched due to @ConditionalOnClass found required class 'org.springframework.web.filter.CharacterEncodingFilter'
22-07-2024 04:10:35.807 &amp#27;[35m[main]&amp#27;[0;39m &amp#27;[39mTRACE&amp#27;[0;39m o.s.b.f.s.DefaultListableBeanFactory.doGetBean - Returning cached instance of singleton bean 'autoConfigurationReport'
22-07-2024 04:10:35.807 &amp#27;[35m[main]&amp#27;[0;39m &amp#27;[39mTRACE&amp#27;[0;39m o.s.b.a.c.OnWebApplicationCondition.logOutcome - Condition OnWebApplicationCondition on org.springframework.boot.autoconfigure.web.servlet.HttpEncodingAutoConfiguration matched due to found 'session' scope
22-07-2024 04:10:35.807 &amp#27;[35m[main]&amp#27;[0;39m &amp#27;[39mTRACE&amp#27;[0;39m o.s.b.f.s.DefaultListableBeanFactory.doGetBean - Returning cached instance of singleton bean 'autoConfigurationReport'
22-07-2024 04:10:35.807 &amp#27;[35m[main]&amp#27;[0;39m &amp#27;[39mTRACE&amp#27;[0;39m o.s.b.a.c.OnPropertyCondition.logOutcome - Condition OnPropertyCondition on org.springframework.boot.autoconfigure.web.servlet.HttpEncodingAutoConfiguration matched due to @ConditionalOnProperty (server.servlet.encoding.enabled) matched
22-07-2024 04:10:35.807 &amp#27;[35m[main]&amp#27;[0;39m &amp#27;[39mTRACE&amp#27;[0;39m o.s.b.f.s.DefaultListableBeanFactory.doGetBean - Returning cached instance of singleton bean 'autoConfigurationReport'
22-07-2024 04:10:35.807 &amp#27;[35m[main]&amp#27;[0;39m &amp#27;[39mTRACE&amp#27;[0;39m o.s.b.f.s.DefaultListableBeanFactory.doGetBean - Returning cached instance of singleton bean 'autoConfigurationReport'
22-07-2024 04:10:35.807 &amp#27;[35m[main]&amp#27;[0;39m &amp#27;[39mTRACE&amp#27;[0;39m o.s.b.f.s.DefaultListableBeanFactory.doGetBean - Returning cached instance of singleton bean 'autoConfigurationReport'
22-07-2024 04:10:35.807 &amp#27;[35m[main]&amp#27;[0;39m &amp#27;[39mTRACE&amp#27;[0;39m o.s.b.f.s.DefaultListableBeanFactory.doGetBean - Returning cached instance of singleton bean 'autoConfigurationReport'
22-07-2024 04:10:35.807 &amp#27;[35m[main]&amp#27;[0;39m &amp#27;[39mTRACE&amp#27;[0;39m o.s.b.f.s.DefaultListableBeanFactory.doGetBean - Returning cached instance of singleton bean 'autoConfigurationReport'
22-07-2024 04:10:35.807 &amp#27;[35m[main]&amp#27;[0;39m &amp#27;[39mTRACE&amp#27;[0;39m o.s.b.f.s.DefaultListableBeanFactory.doGetBean - Returning cached instance of singleton bean 'autoConfigurationReport'
22-07-2024 04:10:35.807 &amp#27;[35m[main]&amp#27;[0;39m &amp#27;[39mTRACE&amp#27;[0;39m o.s.b.f.s.DefaultListableBeanFactory.doGetBean - Returning cached instance of singleton bean 'autoConfigurationReport'
22-07-2024 04:10:35.808 &amp#27;[35m[main]&amp#27;[0;39m &amp#27;[39mTRACE&amp#27;[0;39m o.s.b.f.s.DefaultListableBeanFactory.doGetBean - Returning cached instance of singleton bean 'autoConfigurationReport'
22-07-2024 04:10:35.808 &amp#27;[35m[main]&amp#27;[0;39m &amp#27;[39mTRACE&amp#27;[0;39m o.s.b.f.s.DefaultListableBeanFactory.doGetBean - Returning cached instance of singleton bean 'autoConfigurationReport'
22-07-2024 04:10:35.808 &amp#27;[35m[main]&amp#27;[0;39m &amp#27;[39mTRACE&amp#27;[0;39m o.s.b.f.s.DefaultListableBeanFactory.doGetBean - Returning cached instance of singleton bean 'autoConfigurationReport'
22-07-2024 04:10:35.808 &amp#27;[35m[main]&amp#27;[0;39m &amp#27;[39mTRACE&amp#27;[0;39m o.s.b.f.s.DefaultListableBeanFactory.doGetBean - Returning cached instance of singleton bean 'autoConfigurationReport'
22-07-2024 04:10:35.808 &amp#27;[35m[main]&amp#27;[0;39m &amp#27;[39mTRACE&amp#27;[0;39m o.s.b.f.s.DefaultListableBeanFactory.doGetBean - Returning cached instance of singleton bean 'autoConfigurationReport'
22-07-2024 04:10:35.808 &amp#27;[35m[main]&amp#27;[0;39m &amp#27;[39mTRACE&amp#27;[0;39m o.s.b.f.s.DefaultListableBeanFactory.doGetBean - Returning cached instance of singleton bean 'autoConfigurationReport'
22-07-2024 04:10:35.808 &amp#27;[35m[main]&amp#27;[0;39m &amp#27;[39mTRACE&amp#27;[0;39m o.s.b.f.s.DefaultListableBeanFactory.doGetBean - Returning cached instance of singleton bean 'autoConfigurationReport'
22-07-2024 04:10:35.808 &amp#27;[35m[main]&amp#27;[0;39m &amp#27;[39mTRACE&amp#27;[0;39m o.s.b.f.s.DefaultListableBeanFactory.doGetBean - Returning cached instance of singleton bean 'autoConfigurationReport'
22-07-2024 04:10:35.808 &amp#27;[35m[main]&amp#27;[0;39m &amp#27;[39mTRACE&amp#27;[0;39m o.s.b.f.s.DefaultListableBeanFactory.doGetBean - Returning cached instance of singleton bean 'autoConfigurationReport'
22-07-2024 04:10:35.808 &amp#27;[35m[main]&amp#27;[0;39m &amp#27;[39mTRACE&amp#27;[0;39m o.s.b.f.s.DefaultListableBeanFactory.doGetBean - Returning cached instance of singleton bean 'autoConfigurationReport'
22-07-2024 04:10:35.808 &amp#27;[35m[main]&amp#27;[0;39m &amp#27;[39mTRACE&amp#27;[0;39m o.s.b.f.s.DefaultListableBeanFactory.doGetBean - Returning cached instance of singleton bean 'autoConfigurationReport'
22-07-2024 04:10:35.808 &amp#27;[35m[main]&amp#27;[0;39m &amp#27;[39mTRACE&amp#27;[0;39m o.s.b.f.s.DefaultListableBeanFactory.doGetBean - Returning cached instance of singleton bean 'autoConfigurationReport'
22-07-2024 04:10:35.809 &amp#27;[35m[main]&amp#27;[0;39m &amp#27;[39mTRACE&amp#27;[0;39m o.s.b.a.condition.OnClassCondition.logOutcome - Condition OnClassCondition on org.springframework.boot.test.autoconfigure.web.reactive.WebTestClientAutoConfiguration did not match due to @ConditionalOnClass did not find required class 'org.springframework.web.reactive.function.client.WebClient'
22-07-2024 04:10:35.809 &amp#27;[35m[main]&amp#27;[0;39m &amp#27;[39mTRACE&amp#27;[0;39m o.s.b.f.s.DefaultListableBeanFactory.doGetBean - Returning cached instance of singleton bean 'autoConfigurationReport'
22-07-2024 04:10:35.809 &amp#27;[35m[main]&amp#27;[0;39m &amp#27;[39mTRACE&amp#27;[0;39m o.s.b.f.s.DefaultListableBeanFactory.doGetBean - Returning cached instance of singleton bean 'autoConfigurationReport'
22-07-2024 04:10:35.809 &amp#27;[35m[main]&amp#27;[0;39m &amp#27;[39mTRACE&amp#27;[0;39m o.s.b.f.s.DefaultListableBeanFactory.doGetBean - Returning cached instance of singleton bean 'autoConfigurationReport'
22-07-2024 04:10:35.809 &amp#27;[35m[main]&amp#27;[0;39m &amp#27;[39mTRACE&amp#27;[0;39m o.s.b.f.s.DefaultListableBeanFactory.doGetBean - Returning cached instance of singleton bean 'autoConfigurationReport'
22-07-2024 04:10:35.809 &amp#27;[35m[main]&amp#27;[0;39m &amp#27;[39mTRACE&amp#27;[0;39m o.s.b.f.s.DefaultListableBeanFactory.doGetBean - Returning cached instance of singleton bean 'autoConfigurationReport'
22-07-2024 04:10:35.809 &amp#27;[35m[main]&amp#27;[0;39m &amp#27;[39mTRACE&amp#27;[0;39m o.s.b.f.s.DefaultListableBeanFactory.doGetBean - Returning cached instance of singleton bean 'autoConfigurationReport'
22-07-2024 04:10:35.809 &amp#27;[35m[main]&amp#27;[0;39m &amp#27;[39mTRACE&amp#27;[0;39m o.s.b.f.s.DefaultListableBeanFactory.doGetBean - Returning cached instance of singleton bean 'autoConfigurationReport'
22-07-2024 04:10:35.809 &amp#27;[35m[main]&amp#27;[0;39m &amp#27;[39mTRACE&amp#27;[0;39m o.s.b.f.s.DefaultListableBeanFactory.doGetBean - Returning cached instance of singleton bean 'autoConfigurationReport'
22-07-2024 04:10:35.809 &amp#27;[35m[main]&amp#27;[0;39m &amp#27;[39mTRACE&amp#27;[0;39m o.s.b.f.s.DefaultListableBeanFactory.doGetBean - Returning cached instance of singleton bean 'autoConfigurationReport'
22-07-2024 04:10:35.809 &amp#27;[35m[main]&amp#27;[0;39m &amp#27;[39mTRACE&amp#27;[0;39m o.s.b.f.s.DefaultListableBeanFactory.doGetBean - Returning cached instance of singleton bean 'autoConfigurationReport'
22-07-2024 04:10:35.809 &amp#27;[35m[main]&amp#27;[0;39m &amp#27;[39mTRACE&amp#27;[0;39m o.s.b.f.s.DefaultListableBeanFactory.doGetBean - Returning cached instance of singleton bean 'autoConfigurationReport'
22-07-2024 04:10:35.809 &amp#27;[35m[main]&amp#27;[0;39m &amp#27;[39mTRACE&amp#27;[0;39m o.s.b.f.s.DefaultListableBeanFactory.doGetBean - Returning cached instance of singleton bean 'autoConfigurationReport'
22-07-2024 04:10:35.809 &amp#27;[35m[main]&amp#27;[0;39m &amp#27;[39mTRACE&amp#27;[0;39m o.s.b.f.s.DefaultListableBeanFactory.doGetBean - Returning cached instance of singleton bean 'autoConfigurationReport'
22-07-2024 04:10:35.809 &amp#27;[35m[main]&amp#27;[0;39m &amp#27;[39mTRACE&amp#27;[0;39m o.s.b.a.c.OnWebApplicationCondition.logOutcome - Condition OnWebApplicationCondition on org.springframework.boot.test.autoconfigure.web.servlet.MockMvcAutoConfiguration matched due to found 'session' scope
22-07-2024 04:10:35.809 &amp#27;[35m[main]&amp#27;[0;39m &amp#27;[39mTRACE&amp#27;[0;39m o.s.b.f.s.DefaultListableBeanFactory.doGetBean - Returning cached instance of singleton bean 'autoConfigurationReport'
22-07-2024 04:10:35.809 &amp#27;[35m[main]&amp#27;[0;39m &amp#27;[39mTRACE&amp#27;[0;39m o.s.b.f.s.DefaultListableBeanFactory.doGetBean - Returning cached instance of singleton bean 'autoConfigurationReport'
22-07-2024 04:10:35.809 &amp#27;[35m[main]&amp#27;[0;39m &amp#27;[39mTRACE&amp#27;[0;39m o.s.b.f.s.DefaultListableBeanFactory.doGetBean - Returning cached instance of singleton bean 'autoConfigurationReport'
22-07-2024 04:10:35.810 &amp#27;[35m[main]&amp#27;[0;39m &amp#27;[39mTRACE&amp#27;[0;39m o.s.b.f.s.DefaultListableBeanFactory.doGetBean - Returning cached instance of singleton bean 'autoConfigurationReport'
22-07-2024 04:10:35.810 &amp#27;[35m[main]&amp#27;[0;39m &amp#27;[39mTRACE&amp#27;[0;39m o.s.b.f.s.DefaultListableBeanFactory.doGetBean - Returning cached instance of singleton bean 'autoConfigurationReport'
22-07-2024 04:10:35.810 &amp#27;[35m[main]&amp#27;[0;39m &amp#27;[39mTRACE&amp#27;[0;39m o.s.b.f.s.DefaultListableBeanFactory.doGetBean - Returning cached instance of singleton bean 'autoConfigurationReport'
22-07-2024 04:10:35.810 &amp#27;[35m[main]&amp#27;[0;39m &amp#27;[39mTRACE&amp#27;[0;39m o.s.b.f.s.DefaultListableBeanFactory.doGetBean - Returning cached instance of singleton bean 'autoConfigurationReport'
22-07-2024 04:10:35.810 &amp#27;[35m[main]&amp#27;[0;39m &amp#27;[39mTRACE&amp#27;[0;39m o.s.b.a.condition.OnClassCondition.logOutcome - Condition OnClassCondition on org.springframework.boot.test.autoconfigure.web.servlet.MockMvcAutoConfiguration$WebTestClientMockMvcConfiguration did not match due to @ConditionalOnClass did not find required class 'org.springframework.web.reactive.function.client.WebClient'
22-07-2024 04:10:35.810 &amp#27;[35m[main]&amp#27;[0;39m &amp#27;[39mTRACE&amp#27;[0;39m o.s.b.f.s.DefaultListableBeanFactory.doGetBean - Returning cached instance of singleton bean 'autoConfigurationReport'
22-07-2024 04:10:35.810 &amp#27;[35m[main]&amp#27;[0;39m &amp#27;[39mTRACE&amp#27;[0;39m o.s.b.f.s.DefaultListableBeanFactory.doGetBean - Returning cached instance of singleton bean 'autoConfigurationReport'
22-07-2024 04:10:35.810 &amp#27;[35m[main]&amp#27;[0;39m &amp#27;[39mTRACE&amp#27;[0;39m o.s.b.f.s.DefaultListableBeanFactory.doGetBean - Returning cached instance of singleton bean 'autoConfigurationReport'
22-07-2024 04:10:35.810 &amp#27;[35m[main]&amp#27;[0;39m &amp#27;[39mTRACE&amp#27;[0;39m o.s.b.f.s.DefaultListableBeanFactory.doGetBean - Returning cached instance of singleton bean 'autoConfigurationReport'
22-07-2024 04:10:35.810 &amp#27;[35m[main]&amp#27;[0;39m &amp#27;[39mTRACE&amp#27;[0;39m o.s.b.f.s.DefaultListableBeanFactory.doGetBean - Returning cached instance of singleton bean 'autoConfigurationReport'
22-07-2024 04:10:35.810 &amp#27;[35m[main]&amp#27;[0;39m &amp#27;[39mTRACE&amp#27;[0;39m o.s.b.f.s.DefaultListableBeanFactory.doGetBean - Returning cached instance of singleton bean 'autoConfigurationReport'
22-07-2024 04:10:35.810 &amp#27;[35m[main]&amp#27;[0;39m &amp#27;[39mTRACE&amp#27;[0;39m o.s.b.f.s.DefaultListableBeanFactory.doGetBean - Returning cached instance of singleton bean 'autoConfigurationReport'
22-07-2024 04:10:35.810 &amp#27;[35m[main]&amp#27;[0;39m &amp#27;[39mTRACE&amp#27;[0;39m o.s.b.f.s.DefaultListableBeanFactory.doGetBean - Returning cached instance of singleton bean 'autoConfigurationReport'
22-07-2024 04:10:35.810 &amp#27;[35m[main]&amp#27;[0;39m &amp#27;[39mTRACE&amp#27;[0;39m o.s.b.f.s.DefaultListableBeanFactory.doGetBean - Returning cached instance of singleton bean 'autoConfigurationReport'
22-07-2024 04:10:35.810 &amp#27;[35m[main]&amp#27;[0;39m &amp#27;[39mTRACE&amp#27;[0;39m o.s.b.f.s.DefaultListableBeanFactory.doGetBean - Returning cached instance of singleton bean 'autoConfigurationReport'
22-07-2024 04:10:35.810 &amp#27;[35m[main]&amp#27;[0;39m &amp#27;[39mTRACE&amp#27;[0;39m o.s.b.f.s.DefaultListableBeanFactory.doGetBean - Returning cached instance of singleton bean 'autoConfigurationReport'
22-07-2024 04:10:35.811 &amp#27;[35m[main]&amp#27;[0;39m &amp#27;[39mTRACE&amp#27;[0;39m o.s.b.f.s.DefaultListableBeanFactory.doGetBean - Returning cached instance of singleton bean 'autoConfigurationReport'
22-07-2024 04:10:35.811 &amp#27;[35m[main]&amp#27;[0;39m &amp#27;[39mTRACE&amp#27;[0;39m o.s.b.f.s.DefaultListableBeanFactory.doGetBean - Returning cached instance of singleton bean 'autoConfigurationReport'
22-07-2024 04:10:35.811 &amp#27;[35m[main]&amp#27;[0;39m &amp#27;[39mTRACE&amp#27;[0;39m o.s.b.a.condition.OnClassCondition.logOutcome - Condition OnClassCondition on org.springframework.boot.test.autoconfigure.web.servlet.MockMvcSecurityConfiguration did not match due to @ConditionalOnClass did not find required class 'org.springframework.security.test.web.servlet.request.SecurityMockMvcRequestPostProcessors'
22-07-2024 04:10:35.811 &amp#27;[35m[main]&amp#27;[0;39m &amp#27;[39mTRACE&amp#27;[0;39m o.s.b.f.s.DefaultListableBeanFactory.doGetBean - Returning cached instance of singleton bean 'autoConfigurationReport'
22-07-2024 04:10:35.811 &amp#27;[35m[main]&amp#27;[0;39m &amp#27;[39mTRACE&amp#27;[0;39m o.s.b.f.s.DefaultListableBeanFactory.doGetBean - Returning cached instance of singleton bean 'autoConfigurationReport'
22-07-2024 04:10:35.811 &amp#27;[35m[main]&amp#27;[0;39m &amp#27;[39mTRACE&amp#27;[0;39m o.s.b.f.s.DefaultListableBeanFactory.doGetBean - Returning cached instance of singleton bean 'autoConfigurationReport'
22-07-2024 04:10:35.811 &amp#27;[35m[main]&amp#27;[0;39m &amp#27;[39mTRACE&amp#27;[0;39m o.s.b.f.s.DefaultListableBeanFactory.doGetBean - Returning cached instance of singleton bean 'autoConfigurationReport'
22-07-2024 04:10:35.811 &amp#27;[35m[main]&amp#27;[0;39m &amp#27;[39mTRACE&amp#27;[0;39m o.s.b.f.s.DefaultListableBeanFactory.doGetBean - Returning cached instance of singleton bean 'autoConfigurationReport'
22-07-2024 04:10:35.811 &amp#27;[35m[main]&amp#27;[0;39m &amp#27;[39mTRACE&amp#27;[0;39m o.s.b.f.s.DefaultListableBeanFactory.doGetBean - Returning cached instance of singleton bean 'autoConfigurationReport'
22-07-2024 04:10:35.811 &amp#27;[35m[main]&amp#27;[0;39m &amp#27;[39mTRACE&amp#27;[0;39m o.s.b.f.s.DefaultListableBeanFactory.doGetBean - Returning cached instance of singleton bean 'autoConfigurationReport'
22-07-2024 04:10:35.811 &amp#27;[35m[main]&amp#27;[0;39m &amp#27;[39mTRACE&amp#27;[0;39m o.s.b.f.s.DefaultListableBeanFactory.doGetBean - Returning cached instance of singleton bean 'autoConfigurationReport'
22-07-2024 04:10:35.811 &amp#27;[35m[main]&amp#27;[0;39m &amp#27;[39mTRACE&amp#27;[0;39m o.s.b.f.s.DefaultListableBeanFactory.doGetBean - Returning cached instance of singleton bean 'autoConfigurationReport'
22-07-2024 04:10:35.811 &amp#27;[35m[main]&amp#27;[0;39m &amp#27;[39mTRACE&amp#27;[0;39m o.s.b.f.s.DefaultListableBeanFactory.doGetBean - Returning cached instance of singleton bean 'autoConfigurationReport'
22-07-2024 04:10:35.811 &amp#27;[35m[main]&amp#27;[0;39m &amp#27;[39mTRACE&amp#27;[0;39m o.s.b.f.s.DefaultListableBeanFactory.doGetBean - Returning cached instance of singleton bean 'autoConfigurationReport'
22-07-2024 04:10:35.811 &amp#27;[35m[main]&amp#27;[0;39m &amp#27;[39mTRACE&amp#27;[0;39m o.s.b.f.s.DefaultListableBeanFactory.doGetBean - Returning cached instance of singleton bean 'autoConfigurationReport'
22-07-2024 04:10:35.811 &amp#27;[35m[main]&amp#27;[0;39m &amp#27;[39mTRACE&amp#27;[0;39m o.s.b.f.s.DefaultListableBeanFactory.doGetBean - Returning cached instance of singleton bean 'autoConfigurationReport'
22-07-2024 04:10:35.811 &amp#27;[35m[main]&amp#27;[0;39m &amp#27;[39mTRACE&amp#27;[0;39m o.s.b.a.condition.OnClassCondition.logOutcome - Condition OnClassCondition on org.springframework.boot.test.autoconfigure.web.servlet.MockMvcWebClientAutoConfiguration did not match due to @ConditionalOnClass did not find required class 'com.gargoylesoftware.htmlunit.WebClient'
22-07-2024 04:10:35.811 &amp#27;[35m[main]&amp#27;[0;39m &amp#27;[39mTRACE&amp#27;[0;39m o.s.b.f.s.DefaultListableBeanFactory.doGetBean - Returning cached instance of singleton bean 'autoConfigurationReport'
22-07-2024 04:10:35.811 &amp#27;[35m[main]&amp#27;[0;39m &amp#27;[39mTRACE&amp#27;[0;39m o.s.b.f.s.DefaultListableBeanFactory.doGetBean - Returning cached instance of singleton bean 'autoConfigurationReport'
22-07-2024 04:10:35.811 &amp#27;[35m[main]&amp#27;[0;39m &amp#27;[39mTRACE&amp#27;[0;39m o.s.b.f.s.DefaultListableBeanFactory.doGetBean - Returning cached instance of singleton bean 'autoConfigurationReport'
22-07-2024 04:10:35.811 &amp#27;[35m[main]&amp#27;[0;39m &amp#27;[39mTRACE&amp#27;[0;39m o.s.b.f.s.DefaultListableBeanFactory.doGetBean - Returning cached instance of singleton bean 'autoConfigurationReport'
22-07-2024 04:10:35.812 &amp#27;[35m[main]&amp#27;[0;39m &amp#27;[39mTRACE&amp#27;[0;39m o.s.b.f.s.DefaultListableBeanFactory.doGetBean - Returning cached instance of singleton bean 'autoConfigurationReport'
22-07-2024 04:10:35.812 &amp#27;[35m[main]&amp#27;[0;39m &amp#27;[39mTRACE&amp#27;[0;39m o.s.b.f.s.DefaultListableBeanFactory.doGetBean - Returning cached instance of singleton bean 'autoConfigurationReport'
22-07-2024 04:10:35.812 &amp#27;[35m[main]&amp#27;[0;39m &amp#27;[39mTRACE&amp#27;[0;39m o.s.b.f.s.DefaultListableBeanFactory.doGetBean - Returning cached instance of singleton bean 'autoConfigurationReport'
22-07-2024 04:10:35.812 &amp#27;[35m[main]&amp#27;[0;39m &amp#27;[39mTRACE&amp#27;[0;39m o.s.b.f.s.DefaultListableBeanFactory.doGetBean - Returning cached instance of singleton bean 'autoConfigurationReport'
22-07-2024 04:10:35.812 &amp#27;[35m[main]&amp#27;[0;39m &amp#27;[39mTRACE&amp#27;[0;39m o.s.b.f.s.DefaultListableBeanFactory.doGetBean - Returning cached instance of singleton bean 'autoConfigurationReport'
22-07-2024 04:10:35.812 &amp#27;[35m[main]&amp#27;[0;39m &amp#27;[39mTRACE&amp#27;[0;39m o.s.b.f.s.DefaultListableBeanFactory.doGetBean - Returning cached instance of singleton bean 'autoConfigurationReport'
22-07-2024 04:10:35.812 &amp#27;[35m[main]&amp#27;[0;39m &amp#27;[39mTRACE&amp#27;[0;39m o.s.b.f.s.DefaultListableBeanFactory.doGetBean - Returning cached instance of singleton bean 'autoConfigurationReport'
22-07-2024 04:10:35.812 &amp#27;[35m[main]&amp#27;[0;39m &amp#27;[39mTRACE&amp#27;[0;39m o.s.b.f.s.DefaultListableBeanFactory.doGetBean - Returning cached instance of singleton bean 'autoConfigurationReport'
22-07-2024 04:10:35.812 &amp#27;[35m[main]&amp#27;[0;39m &amp#27;[39mTRACE&amp#27;[0;39m o.s.b.f.s.DefaultListableBeanFactory.doGetBean - Returning cached instance of singleton bean 'autoConfigurationReport'
22-07-2024 04:10:35.812 &amp#27;[35m[main]&amp#27;[0;39m &amp#27;[39mTRACE&amp#27;[0;39m o.s.b.a.condition.OnClassCondition.logOutcome - Condition OnClassCondition on org.springframework.boot.test.autoconfigure.web.servlet.MockMvcWebDriverAutoConfiguration did not match due to @ConditionalOnClass did not find required class 'org.openqa.selenium.htmlunit.HtmlUnitDriver'
22-07-2024 04:10:35.812 &amp#27;[35m[main]&amp#27;[0;39m &amp#27;[39mTRACE&amp#27;[0;39m o.s.b.f.s.DefaultListableBeanFactory.doGetBean - Returning cached instance of singleton bean 'autoConfigurationReport'
22-07-2024 04:10:35.813 &amp#27;[35m[main]&amp#27;[0;39m &amp#27;[39mTRACE&amp#27;[0;39m o.s.c.a.ConfigurationClassBeanDefinitionReader.registerBeanDefinitionForImportedConfigurationClass - Registered bean definition for imported class 'org.nauman.app.controller.UserControllerTest'
22-07-2024 04:10:35.814 &amp#27;[35m[main]&amp#27;[0;39m &amp#27;[39mTRACE&amp#27;[0;39m o.s.b.a.condition.OnClassCondition.logOutcome - Condition OnClassCondition on org.springframework.boot.autoconfigure.task.TaskExecutionAutoConfiguration matched due to @ConditionalOnClass found required class 'org.springframework.scheduling.concurrent.ThreadPoolTaskExecutor'
22-07-2024 04:10:35.814 &amp#27;[35m[main]&amp#27;[0;39m &amp#27;[39mTRACE&amp#27;[0;39m o.s.b.f.s.DefaultListableBeanFactory.doGetBean - Returning cached instance of singleton bean 'autoConfigurationReport'
22-07-2024 04:10:35.814 &amp#27;[35m[main]&amp#27;[0;39m &amp#27;[39mTRACE&amp#27;[0;39m o.s.c.a.ConfigurationClassBeanDefinitionReader.registerBeanDefinitionForImportedConfigurationClass - Registered bean definition for imported class 'org.springframework.boot.autoconfigure.task.TaskExecutorConfigurations$ThreadPoolTaskExecutorBuilderConfiguration'
22-07-2024 04:10:35.816 &amp#27;[35m[main]&amp#27;[0;39m &amp#27;[39mTRACE&amp#27;[0;39m o.s.b.a.condition.OnBeanCondition.logOutcome - Condition OnBeanCondition on org.springframework.boot.autoconfigure.task.TaskExecutorConfigurations$ThreadPoolTaskExecutorBuilderConfiguration#threadPoolTaskExecutorBuilder matched due to @ConditionalOnMissingBean (types: org.springframework.boot.task.TaskExecutorBuilder,org.springframework.boot.task.ThreadPoolTaskExecutorBuilder; SearchStrategy: all) did not find any beans
22-07-2024 04:10:35.816 &amp#27;[35m[main]&amp#27;[0;39m &amp#27;[39mTRACE&amp#27;[0;39m o.s.b.f.s.DefaultListableBeanFactory.doGetBean - Returning cached instance of singleton bean 'autoConfigurationReport'
22-07-2024 04:10:35.816 &amp#27;[35m[main]&amp#27;[0;39m &amp#27;[39mTRACE&amp#27;[0;39m o.s.c.a.ConfigurationClassBeanDefinitionReader.loadBeanDefinitionsForBeanMethod - Registering bean definition for @Bean method org.springframework.boot.autoconfigure.task.TaskExecutorConfigurations$ThreadPoolTaskExecutorBuilderConfiguration.threadPoolTaskExecutorBuilder()
22-07-2024 04:10:35.816 &amp#27;[35m[main]&amp#27;[0;39m &amp#27;[39mTRACE&amp#27;[0;39m o.s.c.a.ConfigurationClassBeanDefinitionReader.registerBeanDefinitionForImportedConfigurationClass - Registered bean definition for imported class 'org.springframework.boot.autoconfigure.task.TaskExecutorConfigurations$TaskExecutorBuilderConfiguration'
22-07-2024 04:10:35.817 &amp#27;[35m[main]&amp#27;[0;39m &amp#27;[39mTRACE&amp#27;[0;39m o.s.b.a.condition.OnBeanCondition.logOutcome - Condition OnBeanCondition on org.springframework.boot.autoconfigure.task.TaskExecutorConfigurations$TaskExecutorBuilderConfiguration#taskExecutorBuilder matched due to @ConditionalOnMissingBean (types: org.springframework.boot.task.TaskExecutorBuilder; SearchStrategy: all) did not find any beans
22-07-2024 04:10:35.818 &amp#27;[35m[main]&amp#27;[0;39m &amp#27;[39mTRACE&amp#27;[0;39m o.s.b.f.s.DefaultListableBeanFactory.doGetBean - Returning cached instance of singleton bean 'autoConfigurationReport'
22-07-2024 04:10:35.818 &amp#27;[35m[main]&amp#27;[0;39m &amp#27;[39mTRACE&amp#27;[0;39m o.s.c.a.ConfigurationClassBeanDefinitionReader.loadBeanDefinitionsForBeanMethod - Registering bean definition for @Bean method org.springframework.boot.autoconfigure.task.TaskExecutorConfigurations$TaskExecutorBuilderConfiguration.taskExecutorBuilder()
22-07-2024 04:10:35.818 &amp#27;[35m[main]&amp#27;[0;39m &amp#27;[39mTRACE&amp#27;[0;39m o.s.c.a.ConfigurationClassBeanDefinitionReader.registerBeanDefinitionForImportedConfigurationClass - Registered bean definition for imported class 'org.springframework.boot.autoconfigure.task.TaskExecutorConfigurations$SimpleAsyncTaskExecutorBuilderConfiguration'
22-07-2024 04:10:35.818 &amp#27;[35m[main]&amp#27;[0;39m &amp#27;[39mTRACE&amp#27;[0;39m o.s.b.a.condition.OnBeanCondition.logOutcome - Condition OnBeanCondition on org.springframework.boot.autoconfigure.task.TaskExecutorConfigurations$SimpleAsyncTaskExecutorBuilderConfiguration#simpleAsyncTaskExecutorBuilder matched due to @ConditionalOnMissingBean (types: org.springframework.boot.task.SimpleAsyncTaskExecutorBuilder; SearchStrategy: all) did not find any beans
22-07-2024 04:10:35.818 &amp#27;[35m[main]&amp#27;[0;39m &amp#27;[39mTRACE&amp#27;[0;39m o.s.b.f.s.DefaultListableBeanFactory.doGetBean - Returning cached instance of singleton bean 'autoConfigurationReport'
22-07-2024 04:10:35.819 &amp#27;[35m[main]&amp#27;[0;39m &amp#27;[39mTRACE&amp#27;[0;39m o.s.b.a.c.OnThreadingCondition.logOutcome - Condition OnThreadingCondition on org.springframework.boot.autoconfigure.task.TaskExecutorConfigurations$SimpleAsyncTaskExecutorBuilderConfiguration#simpleAsyncTaskExecutorBuilder matched due to @ConditionalOnThreading found PLATFORM
22-07-2024 04:10:35.819 &amp#27;[35m[main]&amp#27;[0;39m &amp#27;[39mTRACE&amp#27;[0;39m o.s.b.f.s.DefaultListableBeanFactory.doGetBean - Returning cached instance of singleton bean 'autoConfigurationReport'
22-07-2024 04:10:35.819 &amp#27;[35m[main]&amp#27;[0;39m &amp#27;[39mTRACE&amp#27;[0;39m o.s.c.a.ConfigurationClassBeanDefinitionReader.loadBeanDefinitionsForBeanMethod - Registering bean definition for @Bean method org.springframework.boot.autoconfigure.task.TaskExecutorConfigurations$SimpleAsyncTaskExecutorBuilderConfiguration.simpleAsyncTaskExecutorBuilder()
22-07-2024 04:10:35.819 &amp#27;[35m[main]&amp#27;[0;39m &amp#27;[39mTRACE&amp#27;[0;39m o.s.b.a.condition.OnBeanCondition.logOutcome - Condition OnBeanCondition on org.springframework.boot.autoconfigure.task.TaskExecutorConfigurations$SimpleAsyncTaskExecutorBuilderConfiguration#simpleAsyncTaskExecutorBuilderVirtualThreads did not match due to @ConditionalOnMissingBean (types: org.springframework.boot.task.SimpleAsyncTaskExecutorBuilder; SearchStrategy: all) found beans of type 'org.springframework.boot.task.SimpleAsyncTaskExecutorBuilder' simpleAsyncTaskExecutorBuilder
22-07-2024 04:10:35.820 &amp#27;[35m[main]&amp#27;[0;39m &amp#27;[39mTRACE&amp#27;[0;39m o.s.b.f.s.DefaultListableBeanFactory.doGetBean - Returning cached instance of singleton bean 'autoConfigurationReport'
22-07-2024 04:10:35.820 &amp#27;[35m[main]&amp#27;[0;39m &amp#27;[39mTRACE&amp#27;[0;39m o.s.b.a.condition.OnBeanCondition.logOutcome - Condition OnBeanCondition on org.springframework.boot.autoconfigure.task.TaskExecutorConfigurations$TaskExecutorConfiguration matched due to @ConditionalOnMissingBean (types: java.util.concurrent.Executor; SearchStrategy: all) did not find any beans
22-07-2024 04:10:35.820 &amp#27;[35m[main]&amp#27;[0;39m &amp#27;[39mTRACE&amp#27;[0;39m o.s.b.f.s.DefaultListableBeanFactory.doGetBean - Returning cached instance of singleton bean 'autoConfigurationReport'
22-07-2024 04:10:35.820 &amp#27;[35m[main]&amp#27;[0;39m &amp#27;[39mTRACE&amp#27;[0;39m o.s.c.a.ConfigurationClassBeanDefinitionReader.registerBeanDefinitionForImportedConfigurationClass - Registered bean definition for imported class 'org.springframework.boot.autoconfigure.task.TaskExecutorConfigurations$TaskExecutorConfiguration'
22-07-2024 04:10:35.820 &amp#27;[35m[main]&amp#27;[0;39m &amp#27;[39mTRACE&amp#27;[0;39m o.s.b.a.c.OnThreadingCondition.logOutcome - Condition OnThreadingCondition on org.springframework.boot.autoconfigure.task.TaskExecutorConfigurations$TaskExecutorConfiguration#applicationTaskExecutorVirtualThreads did not match due to @ConditionalOnThreading did not find VIRTUAL
22-07-2024 04:10:35.820 &amp#27;[35m[main]&amp#27;[0;39m &amp#27;[39mTRACE&amp#27;[0;39m o.s.b.f.s.DefaultListableBeanFactory.doGetBean - Returning cached instance of singleton bean 'autoConfigurationReport'
22-07-2024 04:10:35.820 &amp#27;[35m[main]&amp#27;[0;39m &amp#27;[39mTRACE&amp#27;[0;39m o.s.b.a.c.OnThreadingCondition.logOutcome - Condition OnThreadingCondition on org.springframework.boot.autoconfigure.task.TaskExecutorConfigurations$TaskExecutorConfiguration#applicationTaskExecutor matched due to @ConditionalOnThreading found PLATFORM
22-07-2024 04:10:35.820 &amp#27;[35m[main]&amp#27;[0;39m &amp#27;[39mTRACE&amp#27;[0;39m o.s.b.f.s.DefaultListableBeanFactory.doGetBean - Returning cached instance of singleton bean 'autoConfigurationReport'
22-07-2024 04:10:35.820 &amp#27;[35m[main]&amp#27;[0;39m &amp#27;[39mTRACE&amp#27;[0;39m o.s.b.f.s.DefaultListableBeanFactory.registerAlias - Alias definition 'taskExecutor' registered for name 'applicationTaskExecutor'
22-07-2024 04:10:35.820 &amp#27;[35m[main]&amp#27;[0;39m &amp#27;[39mTRACE&amp#27;[0;39m o.s.c.a.ConfigurationClassBeanDefinitionReader.loadBeanDefinitionsForBeanMethod - Registering bean definition for @Bean method org.springframework.boot.autoconfigure.task.TaskExecutorConfigurations$TaskExecutorConfiguration.applicationTaskExecutor()
22-07-2024 04:10:35.821 &amp#27;[35m[main]&amp#27;[0;39m &amp#27;[39mTRACE&amp#27;[0;39m o.s.c.a.ConfigurationClassBeanDefinitionReader.registerBeanDefinitionForImportedConfigurationClass - Registered bean definition for imported class 'org.springframework.boot.autoconfigure.task.TaskExecutionAutoConfiguration'
22-07-2024 04:10:35.823 &amp#27;[35m[main]&amp#27;[0;39m &amp#27;[39mTRACE&amp#27;[0;39m o.s.b.a.condition.OnClassCondition.logOutcome - Condition OnClassCondition on org.springframework.boot.autoconfigure.web.servlet.error.ErrorMvcAutoConfiguration matched due to @ConditionalOnClass found required classes 'jakarta.servlet.Servlet', 'org.springframework.web.servlet.DispatcherServlet'
22-07-2024 04:10:35.823 &amp#27;[35m[main]&amp#27;[0;39m &amp#27;[39mTRACE&amp#27;[0;39m o.s.b.f.s.DefaultListableBeanFactory.doGetBean - Returning cached instance of singleton bean 'autoConfigurationReport'
22-07-2024 04:10:35.823 &amp#27;[35m[main]&amp#27;[0;39m &amp#27;[39mTRACE&amp#27;[0;39m o.s.b.a.c.OnWebApplicationCondition.logOutcome - Condition OnWebApplicationCondition on org.springframework.boot.autoconfigure.web.servlet.error.ErrorMvcAutoConfiguration matched due to found 'session' scope
22-07-2024 04:10:35.824 &amp#27;[35m[main]&amp#27;[0;39m &amp#27;[39mTRACE&amp#27;[0;39m o.s.b.f.s.DefaultListableBeanFactory.doGetBean - Returning cached instance of singleton bean 'autoConfigurationReport'
22-07-2024 04:10:35.824 &amp#27;[35m[main]&amp#27;[0;39m &amp#27;[39mTRACE&amp#27;[0;39m o.s.b.a.c.OnPropertyCondition.logOutcome - Condition OnPropertyCondition on org.springframework.boot.autoconfigure.web.servlet.error.ErrorMvcAutoConfiguration$WhitelabelErrorViewConfiguration matched due to @ConditionalOnProperty (server.error.whitelabel.enabled) matched
22-07-2024 04:10:35.824 &amp#27;[35m[main]&amp#27;[0;39m &amp#27;[39mTRACE&amp#27;[0;39m o.s.b.f.s.DefaultListableBeanFactory.doGetBean - Returning cached instance of singleton bean 'autoConfigurationReport'
22-07-2024 04:10:35.824 &amp#27;[35m[main]&amp#27;[0;39m &amp#27;[39mTRACE&amp#27;[0;39m o.s.c.i.s.SpringFactoriesLoader.load - Loaded [org.springframework.boot.autoconfigure.template.TemplateAvailabilityProvider] names: [org.springframework.boot.autoconfigure.freemarker.FreeMarkerTemplateAvailabilityProvider, org.springframework.boot.autoconfigure.mustache.MustacheTemplateAvailabilityProvider, org.springframework.boot.autoconfigure.groovy.template.GroovyTemplateAvailabilityProvider, org.springframework.boot.autoconfigure.thymeleaf.ThymeleafTemplateAvailabilityProvider, org.springframework.boot.autoconfigure.web.servlet.JspTemplateAvailabilityProvider]
22-07-2024 04:10:35.824 &amp#27;[35m[main]&amp#27;[0;39m &amp#27;[39mTRACE&amp#27;[0;39m o.s.b.a.w.s.e.ErrorMvcAutoConfiguration$ErrorTemplateMissingCondition.logOutcome - Condition ErrorMvcAutoConfiguration.ErrorTemplateMissingCondition on org.springframework.boot.autoconfigure.web.servlet.error.ErrorMvcAutoConfiguration$WhitelabelErrorViewConfiguration matched due to ErrorTemplate Missing did not find error template view
22-07-2024 04:10:35.824 &amp#27;[35m[main]&amp#27;[0;39m &amp#27;[39mTRACE&amp#27;[0;39m o.s.b.f.s.DefaultListableBeanFactory.doGetBean - Returning cached instance of singleton bean 'autoConfigurationReport'
22-07-2024 04:10:35.824 &amp#27;[35m[main]&amp#27;[0;39m &amp#27;[39mTRACE&amp#27;[0;39m o.s.c.a.ConfigurationClassBeanDefinitionReader.registerBeanDefinitionForImportedConfigurationClass - Registered bean definition for imported class 'org.springframework.boot.autoconfigure.web.servlet.error.ErrorMvcAutoConfiguration$WhitelabelErrorViewConfiguration'
22-07-2024 04:10:35.824 &amp#27;[35m[main]&amp#27;[0;39m &amp#27;[39mTRACE&amp#27;[0;39m o.s.b.a.condition.OnBeanCondition.logOutcome - Condition OnBeanCondition on org.springframework.boot.autoconfigure.web.servlet.error.ErrorMvcAutoConfiguration$WhitelabelErrorViewConfiguration#defaultErrorView matched due to @ConditionalOnMissingBean (names: error; SearchStrategy: all) did not find any beans
22-07-2024 04:10:35.824 &amp#27;[35m[main]&amp#27;[0;39m &amp#27;[39mTRACE&amp#27;[0;39m o.s.b.f.s.DefaultListableBeanFactory.doGetBean - Returning cached instance of singleton bean 'autoConfigurationReport'
22-07-2024 04:10:35.824 &amp#27;[35m[main]&amp#27;[0;39m &amp#27;[39mTRACE&amp#27;[0;39m o.s.c.a.ConfigurationClassBeanDefinitionReader.loadBeanDefinitionsForBeanMethod - Registering bean definition for @Bean method org.springframework.boot.autoconfigure.web.servlet.error.ErrorMvcAutoConfiguration$WhitelabelErrorViewConfiguration.error()
22-07-2024 04:10:35.826 &amp#27;[35m[main]&amp#27;[0;39m &amp#27;[39mTRACE&amp#27;[0;39m o.s.b.a.condition.OnBeanCondition.logOutcome - Condition OnBeanCondition on org.springframework.boot.autoconfigure.web.servlet.error.ErrorMvcAutoConfiguration$WhitelabelErrorViewConfiguration#beanNameViewResolver matched due to @ConditionalOnMissingBean (types: org.springframework.web.servlet.view.BeanNameViewResolver; SearchStrategy: all) did not find any beans
22-07-2024 04:10:35.826 &amp#27;[35m[main]&amp#27;[0;39m &amp#27;[39mTRACE&amp#27;[0;39m o.s.b.f.s.DefaultListableBeanFactory.doGetBean - Returning cached instance of singleton bean 'autoConfigurationReport'
22-07-2024 04:10:35.827 &amp#27;[35m[main]&amp#27;[0;39m &amp#27;[39mTRACE&amp#27;[0;39m o.s.c.a.ConfigurationClassBeanDefinitionReader.loadBeanDefinitionsForBeanMethod - Registering bean definition for @Bean method org.springframework.boot.autoconfigure.web.servlet.error.ErrorMvcAutoConfiguration$WhitelabelErrorViewConfiguration.beanNameViewResolver()
22-07-2024 04:10:35.827 &amp#27;[35m[main]&amp#27;[0;39m &amp#27;[39mTRACE&amp#27;[0;39m o.s.c.a.ConfigurationClassBeanDefinitionReader.registerBeanDefinitionForImportedConfigurationClass - Registered bean definition for imported class 'org.springframework.boot.autoconfigure.web.servlet.error.ErrorMvcAutoConfiguration$DefaultErrorViewResolverConfiguration'
22-07-2024 04:10:35.827 &amp#27;[35m[main]&amp#27;[0;39m &amp#27;[39mTRACE&amp#27;[0;39m o.s.b.a.condition.OnBeanCondition.logOutcome - Condition OnBeanCondition on org.springframework.boot.autoconfigure.web.servlet.error.ErrorMvcAutoConfiguration$DefaultErrorViewResolverConfiguration#conventionErrorViewResolver did not match due to @ConditionalOnBean (types: org.springframework.web.servlet.DispatcherServlet; SearchStrategy: all) did not find any beans of type org.springframework.web.servlet.DispatcherServlet
22-07-2024 04:10:35.827 &amp#27;[35m[main]&amp#27;[0;39m &amp#27;[39mTRACE&amp#27;[0;39m o.s.b.f.s.DefaultListableBeanFactory.doGetBean - Returning cached instance of singleton bean 'autoConfigurationReport'
22-07-2024 04:10:35.829 &amp#27;[35m[main]&amp#27;[0;39m &amp#27;[39mTRACE&amp#27;[0;39m o.s.c.a.ConfigurationClassBeanDefinitionReader.registerBeanDefinitionForImportedConfigurationClass - Registered bean definition for imported class 'org.springframework.boot.autoconfigure.web.servlet.error.ErrorMvcAutoConfiguration'
22-07-2024 04:10:35.829 &amp#27;[35m[main]&amp#27;[0;39m &amp#27;[39mTRACE&amp#27;[0;39m o.s.b.a.condition.OnBeanCondition.logOutcome - Condition OnBeanCondition on org.springframework.boot.autoconfigure.web.servlet.error.ErrorMvcAutoConfiguration#errorAttributes matched due to @ConditionalOnMissingBean (types: org.springframework.boot.web.servlet.error.ErrorAttributes; SearchStrategy: current) did not find any beans
22-07-2024 04:10:35.829 &amp#27;[35m[main]&amp#27;[0;39m &amp#27;[39mTRACE&amp#27;[0;39m o.s.b.f.s.DefaultListableBeanFactory.doGetBean - Returning cached instance of singleton bean 'autoConfigurationReport'
22-07-2024 04:10:35.829 &amp#27;[35m[main]&amp#27;[0;39m &amp#27;[39mTRACE&amp#27;[0;39m o.s.c.a.ConfigurationClassBeanDefinitionReader.loadBeanDefinitionsForBeanMethod - Registering bean definition for @Bean method org.springframework.boot.autoconfigure.web.servlet.error.ErrorMvcAutoConfiguration.errorAttributes()
22-07-2024 04:10:35.831 &amp#27;[35m[main]&amp#27;[0;39m &amp#27;[39mTRACE&amp#27;[0;39m o.s.b.a.condition.OnBeanCondition.logOutcome - Condition OnBeanCondition on org.springframework.boot.autoconfigure.web.servlet.error.ErrorMvcAutoConfiguration#basicErrorController matched due to @ConditionalOnMissingBean (types: org.springframework.boot.web.servlet.error.ErrorController; SearchStrategy: current) did not find any beans
22-07-2024 04:10:35.831 &amp#27;[35m[main]&amp#27;[0;39m &amp#27;[39mTRACE&amp#27;[0;39m o.s.b.f.s.DefaultListableBeanFactory.doGetBean - Returning cached instance of singleton bean 'autoConfigurationReport'
22-07-2024 04:10:35.831 &amp#27;[35m[main]&amp#27;[0;39m &amp#27;[39mTRACE&amp#27;[0;39m o.s.c.a.ConfigurationClassBeanDefinitionReader.loadBeanDefinitionsForBeanMethod - Registering bean definition for @Bean method org.springframework.boot.autoconfigure.web.servlet.error.ErrorMvcAutoConfiguration.basicErrorController()
22-07-2024 04:10:35.831 &amp#27;[35m[main]&amp#27;[0;39m &amp#27;[39mTRACE&amp#27;[0;39m o.s.c.a.ConfigurationClassBeanDefinitionReader.loadBeanDefinitionsForBeanMethod - Registering bean definition for @Bean method org.springframework.boot.autoconfigure.web.servlet.error.ErrorMvcAutoConfiguration.errorPageCustomizer()
22-07-2024 04:10:35.831 &amp#27;[35m[main]&amp#27;[0;39m &amp#27;[39mTRACE&amp#27;[0;39m o.s.c.a.ConfigurationClassBeanDefinitionReader.loadBeanDefinitionsForBeanMethod - Registering bean definition for @Bean method org.springframework.boot.autoconfigure.web.servlet.error.ErrorMvcAutoConfiguration.preserveErrorControllerTargetClassPostProcessor()
22-07-2024 04:10:35.832 &amp#27;[35m[main]&amp#27;[0;39m &amp#27;[39mTRACE&amp#27;[0;39m o.s.b.a.condition.OnClassCondition.logOutcome - Condition OnClassCondition on org.springframework.boot.autoconfigure.web.servlet.WebMvcAutoConfiguration matched due to @ConditionalOnClass found required classes 'jakarta.servlet.Servlet', 'org.springframework.web.servlet.DispatcherServlet', 'org.springframework.web.servlet.config.annotation.WebMvcConfigurer'
22-07-2024 04:10:35.832 &amp#27;[35m[main]&amp#27;[0;39m &amp#27;[39mTRACE&amp#27;[0;39m o.s.b.f.s.DefaultListableBeanFactory.doGetBean - Returning cached instance of singleton bean 'autoConfigurationReport'
22-07-2024 04:10:35.832 &amp#27;[35m[main]&amp#27;[0;39m &amp#27;[39mTRACE&amp#27;[0;39m o.s.b.a.c.OnWebApplicationCondition.logOutcome - Condition OnWebApplicationCondition on org.springframework.boot.autoconfigure.web.servlet.WebMvcAutoConfiguration matched due to found 'session' scope
22-07-2024 04:10:35.833 &amp#27;[35m[main]&amp#27;[0;39m &amp#27;[39mTRACE&amp#27;[0;39m o.s.b.f.s.DefaultListableBeanFactory.doGetBean - Returning cached instance of singleton bean 'autoConfigurationReport'
22-07-2024 04:10:35.834 &amp#27;[35m[main]&amp#27;[0;39m &amp#27;[39mTRACE&amp#27;[0;39m o.s.b.a.condition.OnBeanCondition.logOutcome - Condition OnBeanCondition on org.springframework.boot.autoconfigure.web.servlet.WebMvcAutoConfiguration matched due to @ConditionalOnMissingBean (types: org.springframework.web.servlet.config.annotation.WebMvcConfigurationSupport; SearchStrategy: all) did not find any beans
22-07-2024 04:10:35.834 &amp#27;[35m[main]&amp#27;[0;39m &amp#27;[39mTRACE&amp#27;[0;39m o.s.b.f.s.DefaultListableBeanFactory.doGetBean - Returning cached instance of singleton bean 'autoConfigurationReport'
22-07-2024 04:10:35.834 &amp#27;[35m[main]&amp#27;[0;39m &amp#27;[39mTRACE&amp#27;[0;39m o.s.c.a.ConfigurationClassBeanDefinitionReader.registerBeanDefinitionForImportedConfigurationClass - Registered bean definition for imported class 'org.springframework.boot.autoconfigure.web.servlet.WebMvcAutoConfiguration$EnableWebMvcConfiguration'
22-07-2024 04:10:35.834 &amp#27;[35m[main]&amp#27;[0;39m &amp#27;[39mTRACE&amp#27;[0;39m o.s.c.a.ConfigurationClassBeanDefinitionReader.loadBeanDefinitionsForBeanMethod - Registering bean definition for @Bean method org.springframework.boot.autoconfigure.web.servlet.WebMvcAutoConfiguration$EnableWebMvcConfiguration.welcomePageHandlerMapping()
22-07-2024 04:10:35.834 &amp#27;[35m[main]&amp#27;[0;39m &amp#27;[39mTRACE&amp#27;[0;39m o.s.c.a.ConfigurationClassBeanDefinitionReader.loadBeanDefinitionsForBeanMethod - Registering bean definition for @Bean method org.springframework.boot.autoconfigure.web.servlet.WebMvcAutoConfiguration$EnableWebMvcConfiguration.welcomePageNotAcceptableHandlerMapping()
22-07-2024 04:10:35.834 &amp#27;[35m[main]&amp#27;[0;39m &amp#27;[39mTRACE&amp#27;[0;39m o.s.b.a.condition.OnBeanCondition.logOutcome - Condition OnBeanCondition on org.springframework.boot.autoconfigure.web.servlet.WebMvcAutoConfiguration$EnableWebMvcConfiguration#localeResolver matched due to @ConditionalOnMissingBean (names: localeResolver; SearchStrategy: all) did not find any beans
22-07-2024 04:10:35.834 &amp#27;[35m[main]&amp#27;[0;39m &amp#27;[39mTRACE&amp#27;[0;39m o.s.b.f.s.DefaultListableBeanFactory.doGetBean - Returning cached instance of singleton bean 'autoConfigurationReport'
22-07-2024 04:10:35.835 &amp#27;[35m[main]&amp#27;[0;39m &amp#27;[39mTRACE&amp#27;[0;39m o.s.c.a.ConfigurationClassBeanDefinitionReader.loadBeanDefinitionsForBeanMethod - Registering bean definition for @Bean method org.springframework.boot.autoconfigure.web.servlet.WebMvcAutoConfiguration$EnableWebMvcConfiguration.localeResolver()
22-07-2024 04:10:35.835 &amp#27;[35m[main]&amp#27;[0;39m &amp#27;[39mTRACE&amp#27;[0;39m o.s.b.a.condition.OnBeanCondition.logOutcome - Condition OnBeanCondition on org.springframework.boot.autoconfigure.web.servlet.WebMvcAutoConfiguration$EnableWebMvcConfiguration#themeResolver matched due to @ConditionalOnMissingBean (names: themeResolver; SearchStrategy: all) did not find any beans
22-07-2024 04:10:35.835 &amp#27;[35m[main]&amp#27;[0;39m &amp#27;[39mTRACE&amp#27;[0;39m o.s.b.f.s.DefaultListableBeanFactory.doGetBean - Returning cached instance of singleton bean 'autoConfigurationReport'
22-07-2024 04:10:35.835 &amp#27;[35m[main]&amp#27;[0;39m &amp#27;[39mTRACE&amp#27;[0;39m o.s.c.a.ConfigurationClassBeanDefinitionReader.loadBeanDefinitionsForBeanMethod - Registering bean definition for @Bean method org.springframework.boot.autoconfigure.web.servlet.WebMvcAutoConfiguration$EnableWebMvcConfiguration.themeResolver()
22-07-2024 04:10:35.835 &amp#27;[35m[main]&amp#27;[0;39m &amp#27;[39mTRACE&amp#27;[0;39m o.s.b.a.condition.OnBeanCondition.logOutcome - Condition OnBeanCondition on org.springframework.boot.autoconfigure.web.servlet.WebMvcAutoConfiguration$EnableWebMvcConfiguration#flashMapManager matched due to @ConditionalOnMissingBean (names: flashMapManager; SearchStrategy: all) did not find any beans
22-07-2024 04:10:35.835 &amp#27;[35m[main]&amp#27;[0;39m &amp#27;[39mTRACE&amp#27;[0;39m o.s.b.f.s.DefaultListableBeanFactory.doGetBean - Returning cached instance of singleton bean 'autoConfigurationReport'
22-07-2024 04:10:35.835 &amp#27;[35m[main]&amp#27;[0;39m &amp#27;[39mTRACE&amp#27;[0;39m o.s.c.a.ConfigurationClassBeanDefinitionReader.loadBeanDefinitionsForBeanMethod - Registering bean definition for @Bean method org.springframework.boot.autoconfigure.web.servlet.WebMvcAutoConfiguration$EnableWebMvcConfiguration.flashMapManager()
22-07-2024 04:10:35.835 &amp#27;[35m[main]&amp#27;[0;39m &amp#27;[39mTRACE&amp#27;[0;39m o.s.c.a.ConfigurationClassBeanDefinitionReader.loadBeanDefinitionsForBeanMethod - Registering bean definition for @Bean method org.springframework.boot.autoconfigure.web.servlet.WebMvcAutoConfiguration$EnableWebMvcConfiguration.mvcConversionService()
22-07-2024 04:10:35.836 &amp#27;[35m[main]&amp#27;[0;39m &amp#27;[39mTRACE&amp#27;[0;39m o.s.c.a.ConfigurationClassBeanDefinitionReader.loadBeanDefinitionsForBeanMethod - Registering bean definition for @Bean method org.springframework.boot.autoconfigure.web.servlet.WebMvcAutoConfiguration$EnableWebMvcConfiguration.mvcValidator()
22-07-2024 04:10:35.836 &amp#27;[35m[main]&amp#27;[0;39m &amp#27;[39mTRACE&amp#27;[0;39m o.s.c.a.ConfigurationClassBeanDefinitionReader.loadBeanDefinitionsForBeanMethod - Registering bean definition for @Bean method org.springframework.boot.autoconfigure.web.servlet.WebMvcAutoConfiguration$EnableWebMvcConfiguration.mvcContentNegotiationManager()
22-07-2024 04:10:35.836 &amp#27;[35m[main]&amp#27;[0;39m &amp#27;[39mTRACE&amp#27;[0;39m o.s.c.a.ConfigurationClassBeanDefinitionReader.loadBeanDefinitionsForBeanMethod - Registering bean definition for @Bean method org.springframework.boot.autoconfigure.web.servlet.WebMvcAutoConfiguration$EnableWebMvcConfiguration.requestMappingHandlerMapping()
22-07-2024 04:10:35.836 &amp#27;[35m[main]&amp#27;[0;39m &amp#27;[39mTRACE&amp#27;[0;39m o.s.c.a.ConfigurationClassBeanDefinitionReader.loadBeanDefinitionsForBeanMethod - Registering bean definition for @Bean method org.springframework.boot.autoconfigure.web.servlet.WebMvcAutoConfiguration$EnableWebMvcConfiguration.mvcPatternParser()
22-07-2024 04:10:35.836 &amp#27;[35m[main]&amp#27;[0;39m &amp#27;[39mTRACE&amp#27;[0;39m o.s.c.a.ConfigurationClassBeanDefinitionReader.loadBeanDefinitionsForBeanMethod - Registering bean definition for @Bean method org.springframework.boot.autoconfigure.web.servlet.WebMvcAutoConfiguration$EnableWebMvcConfiguration.mvcUrlPathHelper()
22-07-2024 04:10:35.836 &amp#27;[35m[main]&amp#27;[0;39m &amp#27;[39mTRACE&amp#27;[0;39m o.s.c.a.ConfigurationClassBeanDefinitionReader.loadBeanDefinitionsForBeanMethod - Registering bean definition for @Bean method org.springframework.boot.autoconfigure.web.servlet.WebMvcAutoConfiguration$EnableWebMvcConfiguration.mvcPathMatcher()
22-07-2024 04:10:35.836 &amp#27;[35m[main]&amp#27;[0;39m &amp#27;[39mTRACE&amp#27;[0;39m o.s.c.a.ConfigurationClassBeanDefinitionReader.loadBeanDefinitionsForBeanMethod - Registering bean definition for @Bean method org.springframework.boot.autoconfigure.web.servlet.WebMvcAutoConfiguration$EnableWebMvcConfiguration.viewControllerHandlerMapping()
22-07-2024 04:10:35.836 &amp#27;[35m[main]&amp#27;[0;39m &amp#27;[39mTRACE&amp#27;[0;39m o.s.c.a.ConfigurationClassBeanDefinitionReader.loadBeanDefinitionsForBeanMethod - Registering bean definition for @Bean method org.springframework.boot.autoconfigure.web.servlet.WebMvcAutoConfiguration$EnableWebMvcConfiguration.beanNameHandlerMapping()
22-07-2024 04:10:35.836 &amp#27;[35m[main]&amp#27;[0;39m &amp#27;[39mTRACE&amp#27;[0;39m o.s.c.a.ConfigurationClassBeanDefinitionReader.loadBeanDefinitionsForBeanMethod - Registering bean definition for @Bean method org.springframework.boot.autoconfigure.web.servlet.WebMvcAutoConfiguration$EnableWebMvcConfiguration.routerFunctionMapping()
22-07-2024 04:10:35.836 &amp#27;[35m[main]&amp#27;[0;39m &amp#27;[39mTRACE&amp#27;[0;39m o.s.c.a.ConfigurationClassBeanDefinitionReader.loadBeanDefinitionsForBeanMethod - Registering bean definition for @Bean method org.springframework.boot.autoconfigure.web.servlet.WebMvcAutoConfiguration$EnableWebMvcConfiguration.resourceHandlerMapping()
22-07-2024 04:10:35.837 &amp#27;[35m[main]&amp#27;[0;39m &amp#27;[39mTRACE&amp#27;[0;39m o.s.c.a.ConfigurationClassBeanDefinitionReader.loadBeanDefinitionsForBeanMethod - Registering bean definition for @Bean method org.springframework.boot.autoconfigure.web.servlet.WebMvcAutoConfiguration$EnableWebMvcConfiguration.mvcResourceUrlProvider()
22-07-2024 04:10:35.837 &amp#27;[35m[main]&amp#27;[0;39m &amp#27;[39mTRACE&amp#27;[0;39m o.s.c.a.ConfigurationClassBeanDefinitionReader.loadBeanDefinitionsForBeanMethod - Registering bean definition for @Bean method org.springframework.boot.autoconfigure.web.servlet.WebMvcAutoConfiguration$EnableWebMvcConfiguration.defaultServletHandlerMapping()
22-07-2024 04:10:35.837 &amp#27;[35m[main]&amp#27;[0;39m &amp#27;[39mTRACE&amp#27;[0;39m o.s.c.a.ConfigurationClassBeanDefinitionReader.loadBeanDefinitionsForBeanMethod - Registering bean definition for @Bean method org.springframework.boot.autoconfigure.web.servlet.WebMvcAutoConfiguration$EnableWebMvcConfiguration.requestMappingHandlerAdapter()
22-07-2024 04:10:35.837 &amp#27;[35m[main]&amp#27;[0;39m &amp#27;[39mTRACE&amp#27;[0;39m o.s.c.a.ConfigurationClassBeanDefinitionReader.loadBeanDefinitionsForBeanMethod - Registering bean definition for @Bean method org.springframework.boot.autoconfigure.web.servlet.WebMvcAutoConfiguration$EnableWebMvcConfiguration.handlerFunctionAdapter()
22-07-2024 04:10:35.837 &amp#27;[35m[main]&amp#27;[0;39m &amp#27;[39mTRACE&amp#27;[0;39m o.s.c.a.ConfigurationClassBeanDefinitionReader.loadBeanDefinitionsForBeanMethod - Registering bean definition for @Bean method org.springframework.boot.autoconfigure.web.servlet.WebMvcAutoConfiguration$EnableWebMvcConfiguration.mvcUriComponentsContributor()
22-07-2024 04:10:35.837 &amp#27;[35m[main]&amp#27;[0;39m &amp#27;[39mTRACE&amp#27;[0;39m o.s.c.a.ConfigurationClassBeanDefinitionReader.loadBeanDefinitionsForBeanMethod - Registering bean definition for @Bean method org.springframework.boot.autoconfigure.web.servlet.WebMvcAutoConfiguration$EnableWebMvcConfiguration.httpRequestHandlerAdapter()
22-07-2024 04:10:35.837 &amp#27;[35m[main]&amp#27;[0;39m &amp#27;[39mTRACE&amp#27;[0;39m o.s.c.a.ConfigurationClassBeanDefinitionReader.loadBeanDefinitionsForBeanMethod - Registering bean definition for @Bean method org.springframework.boot.autoconfigure.web.servlet.WebMvcAutoConfiguration$EnableWebMvcConfiguration.simpleControllerHandlerAdapter()
22-07-2024 04:10:35.837 &amp#27;[35m[main]&amp#27;[0;39m &amp#27;[39mTRACE&amp#27;[0;39m o.s.c.a.ConfigurationClassBeanDefinitionReader.loadBeanDefinitionsForBeanMethod - Registering bean definition for @Bean method org.springframework.boot.autoconfigure.web.servlet.WebMvcAutoConfiguration$EnableWebMvcConfiguration.handlerExceptionResolver()
22-07-2024 04:10:35.837 &amp#27;[35m[main]&amp#27;[0;39m &amp#27;[39mTRACE&amp#27;[0;39m o.s.c.a.ConfigurationClassBeanDefinitionReader.loadBeanDefinitionsForBeanMethod - Registering bean definition for @Bean method org.springframework.boot.autoconfigure.web.servlet.WebMvcAutoConfiguration$EnableWebMvcConfiguration.mvcViewResolver()
22-07-2024 04:10:35.837 &amp#27;[35m[main]&amp#27;[0;39m &amp#27;[39mTRACE&amp#27;[0;39m o.s.c.a.ConfigurationClassBeanDefinitionReader.loadBeanDefinitionsForBeanMethod - Registering bean definition for @Bean method org.springframework.boot.autoconfigure.web.servlet.WebMvcAutoConfiguration$EnableWebMvcConfiguration.mvcHandlerMappingIntrospector()
22-07-2024 04:10:35.837 &amp#27;[35m[main]&amp#27;[0;39m &amp#27;[39mTRACE&amp#27;[0;39m o.s.c.a.ConfigurationClassBeanDefinitionReader.loadBeanDefinitionsForBeanMethod - Registering bean definition for @Bean method org.springframework.boot.autoconfigure.web.servlet.WebMvcAutoConfiguration$EnableWebMvcConfiguration.viewNameTranslator()
22-07-2024 04:10:35.838 &amp#27;[35m[main]&amp#27;[0;39m &amp#27;[39mTRACE&amp#27;[0;39m o.s.c.a.ConfigurationClassBeanDefinitionReader.registerBeanDefinitionForImportedConfigurationClass - Registered bean definition for imported class 'org.springframework.boot.autoconfigure.web.servlet.WebMvcAutoConfiguration$WebMvcAutoConfigurationAdapter'
22-07-2024 04:10:35.851 &amp#27;[35m[main]&amp#27;[0;39m &amp#27;[39mTRACE&amp#27;[0;39m o.s.b.a.condition.OnBeanCondition.logOutcome - Condition OnBeanCondition on org.springframework.boot.autoconfigure.web.servlet.WebMvcAutoConfiguration$WebMvcAutoConfigurationAdapter#defaultViewResolver matched due to @ConditionalOnMissingBean (types: org.springframework.web.servlet.view.InternalResourceViewResolver; SearchStrategy: all) did not find any beans
22-07-2024 04:10:35.851 &amp#27;[35m[main]&amp#27;[0;39m &amp#27;[39mTRACE&amp#27;[0;39m o.s.b.f.s.DefaultListableBeanFactory.doGetBean - Returning cached instance of singleton bean 'autoConfigurationReport'
22-07-2024 04:10:35.851 &amp#27;[35m[main]&amp#27;[0;39m &amp#27;[39mTRACE&amp#27;[0;39m o.s.c.a.ConfigurationClassBeanDefinitionReader.loadBeanDefinitionsForBeanMethod - Registering bean definition for @Bean method org.springframework.boot.autoconfigure.web.servlet.WebMvcAutoConfiguration$WebMvcAutoConfigurationAdapter.defaultViewResolver()
22-07-2024 04:10:35.852 &amp#27;[35m[main]&amp#27;[0;39m &amp#27;[39mTRACE&amp#27;[0;39m o.s.b.a.condition.OnBeanCondition.logOutcome - Condition OnBeanCondition on org.springframework.boot.autoconfigure.web.servlet.WebMvcAutoConfiguration$WebMvcAutoConfigurationAdapter#beanNameViewResolver did not match due to @ConditionalOnMissingBean (types: org.springframework.web.servlet.view.BeanNameViewResolver; SearchStrategy: all) found beans of type 'org.springframework.web.servlet.view.BeanNameViewResolver' beanNameViewResolver
22-07-2024 04:10:35.852 &amp#27;[35m[main]&amp#27;[0;39m &amp#27;[39mTRACE&amp#27;[0;39m o.s.b.f.s.DefaultListableBeanFactory.doGetBean - Returning cached instance of singleton bean 'autoConfigurationReport'
22-07-2024 04:10:35.853 &amp#27;[35m[main]&amp#27;[0;39m &amp#27;[39mTRACE&amp#27;[0;39m o.s.b.a.condition.OnBeanCondition.logOutcome - Condition OnBeanCondition on org.springframework.boot.autoconfigure.web.servlet.WebMvcAutoConfiguration$WebMvcAutoConfigurationAdapter#viewResolver matched due to @ConditionalOnBean (types: org.springframework.web.servlet.ViewResolver; SearchStrategy: all) found beans 'defaultViewResolver', 'beanNameViewResolver', 'mvcViewResolver'; @ConditionalOnMissingBean (names: viewResolver types: org.springframework.web.servlet.view.ContentNegotiatingViewResolver; SearchStrategy: all) did not find any beans
22-07-2024 04:10:35.853 &amp#27;[35m[main]&amp#27;[0;39m &amp#27;[39mTRACE&amp#27;[0;39m o.s.b.f.s.DefaultListableBeanFactory.doGetBean - Returning cached instance of singleton bean 'autoConfigurationReport'
22-07-2024 04:10:35.853 &amp#27;[35m[main]&amp#27;[0;39m &amp#27;[39mTRACE&amp#27;[0;39m o.s.b.a.condition.OnBeanCondition.logOutcome - Condition OnBeanCondition on org.springframework.boot.autoconfigure.web.servlet.WebMvcAutoConfiguration$WebMvcAutoConfigurationAdapter#viewResolver matched due to @ConditionalOnBean (types: org.springframework.web.servlet.ViewResolver; SearchStrategy: all) found beans 'defaultViewResolver', 'beanNameViewResolver', 'mvcViewResolver'; @ConditionalOnMissingBean (names: viewResolver types: org.springframework.web.servlet.view.ContentNegotiatingViewResolver; SearchStrategy: all) did not find any beans
22-07-2024 04:10:35.853 &amp#27;[35m[main]&amp#27;[0;39m &amp#27;[39mTRACE&amp#27;[0;39m o.s.b.f.s.DefaultListableBeanFactory.doGetBean - Returning cached instance of singleton bean 'autoConfigurationReport'
22-07-2024 04:10:35.853 &amp#27;[35m[main]&amp#27;[0;39m &amp#27;[39mTRACE&amp#27;[0;39m o.s.c.a.ConfigurationClassBeanDefinitionReader.loadBeanDefinitionsForBeanMethod - Registering bean definition for @Bean method org.springframework.boot.autoconfigure.web.servlet.WebMvcAutoConfiguration$WebMvcAutoConfigurationAdapter.viewResolver()
22-07-2024 04:10:35.854 &amp#27;[35m[main]&amp#27;[0;39m &amp#27;[39mTRACE&amp#27;[0;39m o.s.b.a.condition.OnBeanCondition.logOutcome - Condition OnBeanCondition on org.springframework.boot.autoconfigure.web.servlet.WebMvcAutoConfiguration$WebMvcAutoConfigurationAdapter#requestContextFilter matched due to @ConditionalOnMissingBean (types: org.springframework.web.context.request.RequestContextListener,org.springframework.web.filter.RequestContextFilter; SearchStrategy: all) did not find any beans
22-07-2024 04:10:35.854 &amp#27;[35m[main]&amp#27;[0;39m &amp#27;[39mTRACE&amp#27;[0;39m o.s.b.f.s.DefaultListableBeanFactory.doGetBean - Returning cached instance of singleton bean 'autoConfigurationReport'
22-07-2024 04:10:35.855 &amp#27;[35m[main]&amp#27;[0;39m &amp#27;[39mTRACE&amp#27;[0;39m o.s.b.a.condition.OnBeanCondition.logOutcome - Condition OnBeanCondition on org.springframework.boot.autoconfigure.web.servlet.WebMvcAutoConfiguration$WebMvcAutoConfigurationAdapter#requestContextFilter matched due to @ConditionalOnMissingBean (types: org.springframework.web.context.request.RequestContextListener,org.springframework.web.filter.RequestContextFilter; SearchStrategy: all) did not find any beans
22-07-2024 04:10:35.855 &amp#27;[35m[main]&amp#27;[0;39m &amp#27;[39mTRACE&amp#27;[0;39m o.s.b.f.s.DefaultListableBeanFactory.doGetBean - Returning cached instance of singleton bean 'autoConfigurationReport'
22-07-2024 04:10:35.855 &amp#27;[35m[main]&amp#27;[0;39m &amp#27;[39mTRACE&amp#27;[0;39m o.s.c.a.ConfigurationClassBeanDefinitionReader.loadBeanDefinitionsForBeanMethod - Registering bean definition for @Bean method org.springframework.boot.autoconfigure.web.servlet.WebMvcAutoConfiguration$WebMvcAutoConfigurationAdapter.requestContextFilter()
22-07-2024 04:10:35.856 &amp#27;[35m[main]&amp#27;[0;39m &amp#27;[39mTRACE&amp#27;[0;39m o.s.c.a.ConfigurationClassBeanDefinitionReader.registerBeanDefinitionForImportedConfigurationClass - Registered bean definition for imported class 'org.springframework.boot.autoconfigure.web.servlet.WebMvcAutoConfiguration'
22-07-2024 04:10:35.856 &amp#27;[35m[main]&amp#27;[0;39m &amp#27;[39mTRACE&amp#27;[0;39m o.s.b.a.c.OnPropertyCondition.logOutcome - Condition OnPropertyCondition on org.springframework.boot.autoconfigure.web.servlet.WebMvcAutoConfiguration#hiddenHttpMethodFilter did not match due to @ConditionalOnProperty (spring.mvc.hiddenmethod.filter.enabled) did not find property 'enabled'
22-07-2024 04:10:35.856 &amp#27;[35m[main]&amp#27;[0;39m &amp#27;[39mTRACE&amp#27;[0;39m o.s.b.f.s.DefaultListableBeanFactory.doGetBean - Returning cached instance of singleton bean 'autoConfigurationReport'
22-07-2024 04:10:35.856 &amp#27;[35m[main]&amp#27;[0;39m &amp#27;[39mTRACE&amp#27;[0;39m o.s.b.a.c.OnPropertyCondition.logOutcome - Condition OnPropertyCondition on org.springframework.boot.autoconfigure.web.servlet.WebMvcAutoConfiguration#formContentFilter matched due to @ConditionalOnProperty (spring.mvc.formcontent.filter.enabled) matched
22-07-2024 04:10:35.856 &amp#27;[35m[main]&amp#27;[0;39m &amp#27;[39mTRACE&amp#27;[0;39m o.s.b.f.s.DefaultListableBeanFactory.doGetBean - Returning cached instance of singleton bean 'autoConfigurationReport'
22-07-2024 04:10:35.857 &amp#27;[35m[main]&amp#27;[0;39m &amp#27;[39mTRACE&amp#27;[0;39m o.s.b.a.condition.OnBeanCondition.logOutcome - Condition OnBeanCondition on org.springframework.boot.autoconfigure.web.servlet.WebMvcAutoConfiguration#formContentFilter matched due to @ConditionalOnMissingBean (types: org.springframework.web.filter.FormContentFilter; SearchStrategy: all) did not find any beans
22-07-2024 04:10:35.857 &amp#27;[35m[main]&amp#27;[0;39m &amp#27;[39mTRACE&amp#27;[0;39m o.s.b.f.s.DefaultListableBeanFactory.doGetBean - Returning cached instance of singleton bean 'autoConfigurationReport'
22-07-2024 04:10:35.857 &amp#27;[35m[main]&amp#27;[0;39m &amp#27;[39mTRACE&amp#27;[0;39m o.s.c.a.ConfigurationClassBeanDefinitionReader.loadBeanDefinitionsForBeanMethod - Registering bean definition for @Bean method org.springframework.boot.autoconfigure.web.servlet.WebMvcAutoConfiguration.formContentFilter()
22-07-2024 04:10:35.857 &amp#27;[35m[main]&amp#27;[0;39m &amp#27;[39mTRACE&amp#27;[0;39m o.s.b.a.condition.OnClassCondition.logOutcome - Condition OnClassCondition on org.springframework.boot.autoconfigure.jackson.JacksonAutoConfiguration matched due to @ConditionalOnClass found required class 'com.fasterxml.jackson.databind.ObjectMapper'
22-07-2024 04:10:35.857 &amp#27;[35m[main]&amp#27;[0;39m &amp#27;[39mTRACE&amp#27;[0;39m o.s.b.f.s.DefaultListableBeanFactory.doGetBean - Returning cached instance of singleton bean 'autoConfigurationReport'
22-07-2024 04:10:35.857 &amp#27;[35m[main]&amp#27;[0;39m &amp#27;[39mTRACE&amp#27;[0;39m o.s.b.a.condition.OnClassCondition.logOutcome - Condition OnClassCondition on org.springframework.boot.autoconfigure.jackson.JacksonAutoConfiguration$Jackson2ObjectMapperBuilderCustomizerConfiguration matched due to @ConditionalOnClass found required class 'org.springframework.http.converter.json.Jackson2ObjectMapperBuilder'
22-07-2024 04:10:35.857 &amp#27;[35m[main]&amp#27;[0;39m &amp#27;[39mTRACE&amp#27;[0;39m o.s.b.f.s.DefaultListableBeanFactory.doGetBean - Returning cached instance of singleton bean 'autoConfigurationReport'
22-07-2024 04:10:35.858 &amp#27;[35m[main]&amp#27;[0;39m &amp#27;[39mTRACE&amp#27;[0;39m o.s.c.a.ConfigurationClassBeanDefinitionReader.registerBeanDefinitionForImportedConfigurationClass - Registered bean definition for imported class 'org.springframework.boot.autoconfigure.jackson.JacksonAutoConfiguration$Jackson2ObjectMapperBuilderCustomizerConfiguration'
22-07-2024 04:10:35.858 &amp#27;[35m[main]&amp#27;[0;39m &amp#27;[39mTRACE&amp#27;[0;39m o.s.c.a.ConfigurationClassBeanDefinitionReader.loadBeanDefinitionsForBeanMethod - Registering bean definition for @Bean method org.springframework.boot.autoconfigure.jackson.JacksonAutoConfiguration$Jackson2ObjectMapperBuilderCustomizerConfiguration.standardJacksonObjectMapperBuilderCustomizer()
22-07-2024 04:10:35.858 &amp#27;[35m[main]&amp#27;[0;39m &amp#27;[39mTRACE&amp#27;[0;39m o.s.b.a.condition.OnClassCondition.logOutcome - Condition OnClassCondition on org.springframework.boot.autoconfigure.jackson.JacksonAutoConfiguration$JacksonObjectMapperBuilderConfiguration matched due to @ConditionalOnClass found required class 'org.springframework.http.converter.json.Jackson2ObjectMapperBuilder'
22-07-2024 04:10:35.858 &amp#27;[35m[main]&amp#27;[0;39m &amp#27;[39mTRACE&amp#27;[0;39m o.s.b.f.s.DefaultListableBeanFactory.doGetBean - Returning cached instance of singleton bean 'autoConfigurationReport'
22-07-2024 04:10:35.858 &amp#27;[35m[main]&amp#27;[0;39m &amp#27;[39mTRACE&amp#27;[0;39m o.s.c.a.ConfigurationClassBeanDefinitionReader.registerBeanDefinitionForImportedConfigurationClass - Registered bean definition for imported class 'org.springframework.boot.autoconfigure.jackson.JacksonAutoConfiguration$JacksonObjectMapperBuilderConfiguration'
22-07-2024 04:10:35.860 &amp#27;[35m[main]&amp#27;[0;39m &amp#27;[39mTRACE&amp#27;[0;39m o.s.b.a.condition.OnBeanCondition.logOutcome - Condition OnBeanCondition on org.springframework.boot.autoconfigure.jackson.JacksonAutoConfiguration$JacksonObjectMapperBuilderConfiguration#jacksonObjectMapperBuilder matched due to @ConditionalOnMissingBean (types: org.springframework.http.converter.json.Jackson2ObjectMapperBuilder; SearchStrategy: all) did not find any beans
22-07-2024 04:10:35.860 &amp#27;[35m[main]&amp#27;[0;39m &amp#27;[39mTRACE&amp#27;[0;39m o.s.b.f.s.DefaultListableBeanFactory.doGetBean - Returning cached instance of singleton bean 'autoConfigurationReport'
22-07-2024 04:10:35.860 &amp#27;[35m[main]&amp#27;[0;39m &amp#27;[39mTRACE&amp#27;[0;39m o.s.c.a.ConfigurationClassBeanDefinitionReader.loadBeanDefinitionsForBeanMethod - Registering bean definition for @Bean method org.springframework.boot.autoconfigure.jackson.JacksonAutoConfiguration$JacksonObjectMapperBuilderConfiguration.jacksonObjectMapperBuilder()
22-07-2024 04:10:35.860 &amp#27;[35m[main]&amp#27;[0;39m &amp#27;[39mTRACE&amp#27;[0;39m o.s.b.a.condition.OnClassCondition.logOutcome - Condition OnClassCondition on org.springframework.boot.autoconfigure.jackson.JacksonAutoConfiguration$ParameterNamesModuleConfiguration matched due to @ConditionalOnClass found required class 'com.fasterxml.jackson.module.paramnames.ParameterNamesModule'
22-07-2024 04:10:35.860 &amp#27;[35m[main]&amp#27;[0;39m &amp#27;[39mTRACE&amp#27;[0;39m o.s.b.f.s.DefaultListableBeanFactory.doGetBean - Returning cached instance of singleton bean 'autoConfigurationReport'
22-07-2024 04:10:35.860 &amp#27;[35m[main]&amp#27;[0;39m &amp#27;[39mTRACE&amp#27;[0;39m o.s.c.a.ConfigurationClassBeanDefinitionReader.registerBeanDefinitionForImportedConfigurationClass - Registered bean definition for imported class 'org.springframework.boot.autoconfigure.jackson.JacksonAutoConfiguration$ParameterNamesModuleConfiguration'
22-07-2024 04:10:35.861 &amp#27;[35m[main]&amp#27;[0;39m &amp#27;[39mTRACE&amp#27;[0;39m o.s.b.a.condition.OnBeanCondition.logOutcome - Condition OnBeanCondition on org.springframework.boot.autoconfigure.jackson.JacksonAutoConfiguration$ParameterNamesModuleConfiguration#parameterNamesModule matched due to @ConditionalOnMissingBean (types: com.fasterxml.jackson.module.paramnames.ParameterNamesModule; SearchStrategy: all) did not find any beans
22-07-2024 04:10:35.861 &amp#27;[35m[main]&amp#27;[0;39m &amp#27;[39mTRACE&amp#27;[0;39m o.s.b.f.s.DefaultListableBeanFactory.doGetBean - Returning cached instance of singleton bean 'autoConfigurationReport'
22-07-2024 04:10:35.861 &amp#27;[35m[main]&amp#27;[0;39m &amp#27;[39mTRACE&amp#27;[0;39m o.s.c.a.ConfigurationClassBeanDefinitionReader.loadBeanDefinitionsForBeanMethod - Registering bean definition for @Bean method org.springframework.boot.autoconfigure.jackson.JacksonAutoConfiguration$ParameterNamesModuleConfiguration.parameterNamesModule()
22-07-2024 04:10:35.861 &amp#27;[35m[main]&amp#27;[0;39m &amp#27;[39mTRACE&amp#27;[0;39m o.s.b.a.condition.OnClassCondition.logOutcome - Condition OnClassCondition on org.springframework.boot.autoconfigure.jackson.JacksonAutoConfiguration$JacksonObjectMapperConfiguration matched due to @ConditionalOnClass found required class 'org.springframework.http.converter.json.Jackson2ObjectMapperBuilder'
22-07-2024 04:10:35.861 &amp#27;[35m[main]&amp#27;[0;39m &amp#27;[39mTRACE&amp#27;[0;39m o.s.b.f.s.DefaultListableBeanFactory.doGetBean - Returning cached instance of singleton bean 'autoConfigurationReport'
22-07-2024 04:10:35.861 &amp#27;[35m[main]&amp#27;[0;39m &amp#27;[39mTRACE&amp#27;[0;39m o.s.c.a.ConfigurationClassBeanDefinitionReader.registerBeanDefinitionForImportedConfigurationClass - Registered bean definition for imported class 'org.springframework.boot.autoconfigure.jackson.JacksonAutoConfiguration$JacksonObjectMapperConfiguration'
22-07-2024 04:10:35.862 &amp#27;[35m[main]&amp#27;[0;39m &amp#27;[39mTRACE&amp#27;[0;39m o.s.b.a.condition.OnBeanCondition.logOutcome - Condition OnBeanCondition on org.springframework.boot.autoconfigure.jackson.JacksonAutoConfiguration$JacksonObjectMapperConfiguration#jacksonObjectMapper matched due to @ConditionalOnMissingBean (types: com.fasterxml.jackson.databind.ObjectMapper; SearchStrategy: all) did not find any beans
22-07-2024 04:10:35.862 &amp#27;[35m[main]&amp#27;[0;39m &amp#27;[39mTRACE&amp#27;[0;39m o.s.b.f.s.DefaultListableBeanFactory.doGetBean - Returning cached instance of singleton bean 'autoConfigurationReport'
22-07-2024 04:10:35.862 &amp#27;[35m[main]&amp#27;[0;39m &amp#27;[39mTRACE&amp#27;[0;39m o.s.c.a.ConfigurationClassBeanDefinitionReader.loadBeanDefinitionsForBeanMethod - Registering bean definition for @Bean method org.springframework.boot.autoconfigure.jackson.JacksonAutoConfiguration$JacksonObjectMapperConfiguration.jacksonObjectMapper()
22-07-2024 04:10:35.862 &amp#27;[35m[main]&amp#27;[0;39m &amp#27;[39mTRACE&amp#27;[0;39m o.s.c.a.ConfigurationClassBeanDefinitionReader.registerBeanDefinitionForImportedConfigurationClass - Registered bean definition for imported class 'org.springframework.boot.autoconfigure.jackson.JacksonAutoConfiguration$JacksonMixinConfiguration'
22-07-2024 04:10:35.862 &amp#27;[35m[main]&amp#27;[0;39m &amp#27;[39mTRACE&amp#27;[0;39m o.s.c.a.ConfigurationClassBeanDefinitionReader.loadBeanDefinitionsForBeanMethod - Registering bean definition for @Bean method org.springframework.boot.autoconfigure.jackson.JacksonAutoConfiguration$JacksonMixinConfiguration.jsonMixinModuleEntries()
22-07-2024 04:10:35.862 &amp#27;[35m[main]&amp#27;[0;39m &amp#27;[39mTRACE&amp#27;[0;39m o.s.c.a.ConfigurationClassBeanDefinitionReader.loadBeanDefinitionsForBeanMethod - Registering bean definition for @Bean method org.springframework.boot.autoconfigure.jackson.JacksonAutoConfiguration$JacksonMixinConfiguration.jsonMixinModule()
22-07-2024 04:10:35.862 &amp#27;[35m[main]&amp#27;[0;39m &amp#27;[39mTRACE&amp#27;[0;39m o.s.c.a.ConfigurationClassBeanDefinitionReader.registerBeanDefinitionForImportedConfigurationClass - Registered bean definition for imported class 'org.springframework.boot.autoconfigure.jackson.JacksonAutoConfiguration'
22-07-2024 04:10:35.862 &amp#27;[35m[main]&amp#27;[0;39m &amp#27;[39mTRACE&amp#27;[0;39m o.s.c.a.ConfigurationClassBeanDefinitionReader.loadBeanDefinitionsForBeanMethod - Registering bean definition for @Bean method org.springframework.boot.autoconfigure.jackson.JacksonAutoConfiguration.jsonComponentModule()
22-07-2024 04:10:35.862 &amp#27;[35m[main]&amp#27;[0;39m &amp#27;[39mTRACE&amp#27;[0;39m o.s.b.a.condition.OnClassCondition.logOutcome - Condition OnClassCondition on org.springframework.boot.autoconfigure.cache.CacheAutoConfiguration matched due to @ConditionalOnClass found required class 'org.springframework.cache.CacheManager'
22-07-2024 04:10:35.862 &amp#27;[35m[main]&amp#27;[0;39m &amp#27;[39mTRACE&amp#27;[0;39m o.s.b.f.s.DefaultListableBeanFactory.doGetBean - Returning cached instance of singleton bean 'autoConfigurationReport'
22-07-2024 04:10:35.864 &amp#27;[35m[main]&amp#27;[0;39m &amp#27;[39mTRACE&amp#27;[0;39m o.s.b.a.condition.OnBeanCondition.logOutcome - Condition OnBeanCondition on org.springframework.boot.autoconfigure.cache.CacheAutoConfiguration did not match due to @ConditionalOnBean (types: org.springframework.cache.interceptor.CacheAspectSupport; SearchStrategy: all) did not find any beans of type org.springframework.cache.interceptor.CacheAspectSupport
22-07-2024 04:10:35.864 &amp#27;[35m[main]&amp#27;[0;39m &amp#27;[39mTRACE&amp#27;[0;39m o.s.b.f.s.DefaultListableBeanFactory.doGetBean - Returning cached instance of singleton bean 'autoConfigurationReport'
22-07-2024 04:10:35.864 &amp#27;[35m[main]&amp#27;[0;39m &amp#27;[39mTRACE&amp#27;[0;39m o.s.b.a.condition.OnClassCondition.logOutcome - Condition OnClassCondition on org.springframework.boot.autoconfigure.http.HttpMessageConvertersAutoConfiguration matched due to @ConditionalOnClass found required class 'org.springframework.http.converter.HttpMessageConverter'
22-07-2024 04:10:35.864 &amp#27;[35m[main]&amp#27;[0;39m &amp#27;[39mTRACE&amp#27;[0;39m o.s.b.f.s.DefaultListableBeanFactory.doGetBean - Returning cached instance of singleton bean 'autoConfigurationReport'
22-07-2024 04:10:35.864 &amp#27;[35m[main]&amp#27;[0;39m &amp#27;[39mTRACE&amp#27;[0;39m o.s.b.a.condition.OnClassCondition.logOutcome - Condition OnClassCondition on org.springframework.boot.autoconfigure.http.HttpMessageConvertersAutoConfiguration$StringHttpMessageConverterConfiguration matched due to @ConditionalOnClass found required class 'org.springframework.http.converter.StringHttpMessageConverter'
22-07-2024 04:10:35.864 &amp#27;[35m[main]&amp#27;[0;39m &amp#27;[39mTRACE&amp#27;[0;39m o.s.b.f.s.DefaultListableBeanFactory.doGetBean - Returning cached instance of singleton bean 'autoConfigurationReport'
22-07-2024 04:10:35.864 &amp#27;[35m[main]&amp#27;[0;39m &amp#27;[39mTRACE&amp#27;[0;39m o.s.c.a.ConfigurationClassBeanDefinitionReader.registerBeanDefinitionForImportedConfigurationClass - Registered bean definition for imported class 'org.springframework.boot.autoconfigure.http.HttpMessageConvertersAutoConfiguration$StringHttpMessageConverterConfiguration'
22-07-2024 04:10:35.864 &amp#27;[35m[main]&amp#27;[0;39m &amp#27;[39mTRACE&amp#27;[0;39m o.s.b.a.condition.OnBeanCondition.logOutcome - Condition OnBeanCondition on org.springframework.boot.autoconfigure.http.HttpMessageConvertersAutoConfiguration$StringHttpMessageConverterConfiguration#stringHttpMessageConverter matched due to @ConditionalOnMissingBean (types: org.springframework.http.converter.StringHttpMessageConverter; SearchStrategy: all) did not find any beans
22-07-2024 04:10:35.864 &amp#27;[35m[main]&amp#27;[0;39m &amp#27;[39mTRACE&amp#27;[0;39m o.s.b.f.s.DefaultListableBeanFactory.doGetBean - Returning cached instance of singleton bean 'autoConfigurationReport'
22-07-2024 04:10:35.864 &amp#27;[35m[main]&amp#27;[0;39m &amp#27;[39mTRACE&amp#27;[0;39m o.s.c.a.ConfigurationClassBeanDefinitionReader.loadBeanDefinitionsForBeanMethod - Registering bean definition for @Bean method org.springframework.boot.autoconfigure.http.HttpMessageConvertersAutoConfiguration$StringHttpMessageConverterConfiguration.stringHttpMessageConverter()
22-07-2024 04:10:35.865 &amp#27;[35m[main]&amp#27;[0;39m &amp#27;[39mTRACE&amp#27;[0;39m o.s.b.a.condition.OnClassCondition.logOutcome - Condition OnClassCondition on org.springframework.boot.autoconfigure.http.JacksonHttpMessageConvertersConfiguration$MappingJackson2HttpMessageConverterConfiguration matched due to @ConditionalOnClass found required class 'com.fasterxml.jackson.databind.ObjectMapper'
22-07-2024 04:10:35.865 &amp#27;[35m[main]&amp#27;[0;39m &amp#27;[39mTRACE&amp#27;[0;39m o.s.b.f.s.DefaultListableBeanFactory.doGetBean - Returning cached instance of singleton bean 'autoConfigurationReport'
22-07-2024 04:10:35.865 &amp#27;[35m[main]&amp#27;[0;39m &amp#27;[39mTRACE&amp#27;[0;39m o.s.b.a.c.OnPropertyCondition.logOutcome - Condition OnPropertyCondition on org.springframework.boot.autoconfigure.http.JacksonHttpMessageConvertersConfiguration$MappingJackson2HttpMessageConverterConfiguration matched due to @ConditionalOnProperty (spring.mvc.converters.preferred-json-mapper=jackson) matched
22-07-2024 04:10:35.865 &amp#27;[35m[main]&amp#27;[0;39m &amp#27;[39mTRACE&amp#27;[0;39m o.s.b.f.s.DefaultListableBeanFactory.doGetBean - Returning cached instance of singleton bean 'autoConfigurationReport'
22-07-2024 04:10:35.865 &amp#27;[35m[main]&amp#27;[0;39m &amp#27;[39mTRACE&amp#27;[0;39m o.s.b.a.condition.OnBeanCondition.logOutcome - Condition OnBeanCondition on org.springframework.boot.autoconfigure.http.JacksonHttpMessageConvertersConfiguration$MappingJackson2HttpMessageConverterConfiguration matched due to @ConditionalOnBean (types: com.fasterxml.jackson.databind.ObjectMapper; SearchStrategy: all) found bean 'jacksonObjectMapper'
22-07-2024 04:10:35.865 &amp#27;[35m[main]&amp#27;[0;39m &amp#27;[39mTRACE&amp#27;[0;39m o.s.b.f.s.DefaultListableBeanFactory.doGetBean - Returning cached instance of singleton bean 'autoConfigurationReport'
22-07-2024 04:10:35.865 &amp#27;[35m[main]&amp#27;[0;39m &amp#27;[39mTRACE&amp#27;[0;39m o.s.c.a.ConfigurationClassBeanDefinitionReader.registerBeanDefinitionForImportedConfigurationClass - Registered bean definition for imported class 'org.springframework.boot.autoconfigure.http.JacksonHttpMessageConvertersConfiguration$MappingJackson2HttpMessageConverterConfiguration'
22-07-2024 04:10:35.865 &amp#27;[35m[main]&amp#27;[0;39m &amp#27;[39mTRACE&amp#27;[0;39m o.s.b.a.condition.OnBeanCondition.logOutcome - Condition OnBeanCondition on org.springframework.boot.autoconfigure.http.JacksonHttpMessageConvertersConfiguration$MappingJackson2HttpMessageConverterConfiguration#mappingJackson2HttpMessageConverter matched due to @ConditionalOnMissingBean (types: org.springframework.http.converter.json.MappingJackson2HttpMessageConverter ignored: org.springframework.hateoas.server.mvc.TypeConstrainedMappingJackson2HttpMessageConverter,org.springframework.data.rest.webmvc.alps.AlpsJsonHttpMessageConverter; SearchStrategy: all) did not find any beans
22-07-2024 04:10:35.866 &amp#27;[35m[main]&amp#27;[0;39m &amp#27;[39mTRACE&amp#27;[0;39m o.s.b.f.s.DefaultListableBeanFactory.doGetBean - Returning cached instance of singleton bean 'autoConfigurationReport'
22-07-2024 04:10:35.866 &amp#27;[35m[main]&amp#27;[0;39m &amp#27;[39mTRACE&amp#27;[0;39m o.s.c.a.ConfigurationClassBeanDefinitionReader.loadBeanDefinitionsForBeanMethod - Registering bean definition for @Bean method org.springframework.boot.autoconfigure.http.JacksonHttpMessageConvertersConfiguration$MappingJackson2HttpMessageConverterConfiguration.mappingJackson2HttpMessageConverter()
22-07-2024 04:10:35.866 &amp#27;[35m[main]&amp#27;[0;39m &amp#27;[39mTRACE&amp#27;[0;39m o.s.c.a.ConfigurationClassBeanDefinitionReader.registerBeanDefinitionForImportedConfigurationClass - Registered bean definition for imported class 'org.springframework.boot.autoconfigure.http.JacksonHttpMessageConvertersConfiguration'
22-07-2024 04:10:35.866 &amp#27;[35m[main]&amp#27;[0;39m &amp#27;[39mTRACE&amp#27;[0;39m o.s.c.a.ConfigurationClassBeanDefinitionReader.registerBeanDefinitionForImportedConfigurationClass - Registered bean definition for imported class 'org.springframework.boot.autoconfigure.http.HttpMessageConvertersAutoConfiguration'
22-07-2024 04:10:35.867 &amp#27;[35m[main]&amp#27;[0;39m &amp#27;[39mTRACE&amp#27;[0;39m o.s.b.a.condition.OnBeanCondition.logOutcome - Condition OnBeanCondition on org.springframework.boot.autoconfigure.http.HttpMessageConvertersAutoConfiguration#messageConverters matched due to @ConditionalOnMissingBean (types: org.springframework.boot.autoconfigure.http.HttpMessageConverters; SearchStrategy: all) did not find any beans
22-07-2024 04:10:35.867 &amp#27;[35m[main]&amp#27;[0;39m &amp#27;[39mTRACE&amp#27;[0;39m o.s.b.f.s.DefaultListableBeanFactory.doGetBean - Returning cached instance of singleton bean 'autoConfigurationReport'
22-07-2024 04:10:35.867 &amp#27;[35m[main]&amp#27;[0;39m &amp#27;[39mTRACE&amp#27;[0;39m o.s.c.a.ConfigurationClassBeanDefinitionReader.loadBeanDefinitionsForBeanMethod - Registering bean definition for @Bean method org.springframework.boot.autoconfigure.http.HttpMessageConvertersAutoConfiguration.messageConverters()
22-07-2024 04:10:35.867 &amp#27;[35m[main]&amp#27;[0;39m &amp#27;[39mTRACE&amp#27;[0;39m o.s.b.a.condition.OnClassCondition.logOutcome - Condition OnClassCondition on org.springframework.boot.autoconfigure.data.web.SpringDataWebAutoConfiguration matched due to @ConditionalOnClass found required classes 'org.springframework.data.web.PageableHandlerMethodArgumentResolver', 'org.springframework.web.servlet.config.annotation.WebMvcConfigurer'
22-07-2024 04:10:35.867 &amp#27;[35m[main]&amp#27;[0;39m &amp#27;[39mTRACE&amp#27;[0;39m o.s.b.f.s.DefaultListableBeanFactory.doGetBean - Returning cached instance of singleton bean 'autoConfigurationReport'
22-07-2024 04:10:35.867 &amp#27;[35m[main]&amp#27;[0;39m &amp#27;[39mTRACE&amp#27;[0;39m o.s.b.a.c.OnWebApplicationCondition.logOutcome - Condition OnWebApplicationCondition on org.springframework.boot.autoconfigure.data.web.SpringDataWebAutoConfiguration matched due to found 'session' scope
22-07-2024 04:10:35.867 &amp#27;[35m[main]&amp#27;[0;39m &amp#27;[39mTRACE&amp#27;[0;39m o.s.b.f.s.DefaultListableBeanFactory.doGetBean - Returning cached instance of singleton bean 'autoConfigurationReport'
22-07-2024 04:10:35.867 &amp#27;[35m[main]&amp#27;[0;39m &amp#27;[39mTRACE&amp#27;[0;39m o.s.b.a.condition.OnBeanCondition.logOutcome - Condition OnBeanCondition on org.springframework.boot.autoconfigure.data.web.SpringDataWebAutoConfiguration matched due to @ConditionalOnMissingBean (types: org.springframework.data.web.PageableHandlerMethodArgumentResolver; SearchStrategy: all) did not find any beans
22-07-2024 04:10:35.867 &amp#27;[35m[main]&amp#27;[0;39m &amp#27;[39mTRACE&amp#27;[0;39m o.s.b.f.s.DefaultListableBeanFactory.doGetBean - Returning cached instance of singleton bean 'autoConfigurationReport'
22-07-2024 04:10:35.867 &amp#27;[35m[main]&amp#27;[0;39m &amp#27;[39mTRACE&amp#27;[0;39m o.s.c.a.ConfigurationClassBeanDefinitionReader.registerBeanDefinitionForImportedConfigurationClass - Registered bean definition for imported class 'org.springframework.data.web.config.ProjectingArgumentResolverRegistrar'
22-07-2024 04:10:35.867 &amp#27;[35m[main]&amp#27;[0;39m &amp#27;[39mTRACE&amp#27;[0;39m o.s.c.a.ConfigurationClassBeanDefinitionReader.loadBeanDefinitionsForBeanMethod - Registering bean definition for @Bean method org.springframework.data.web.config.ProjectingArgumentResolverRegistrar.projectingArgumentResolverBeanPostProcessor()
22-07-2024 04:10:35.867 &amp#27;[35m[main]&amp#27;[0;39m &amp#27;[39mTRACE&amp#27;[0;39m o.s.c.a.ConfigurationClassBeanDefinitionReader.registerBeanDefinitionForImportedConfigurationClass - Registered bean definition for imported class 'org.springframework.data.web.config.SpringDataWebConfiguration'
22-07-2024 04:10:35.867 &amp#27;[35m[main]&amp#27;[0;39m &amp#27;[39mTRACE&amp#27;[0;39m o.s.c.a.ConfigurationClassBeanDefinitionReader.loadBeanDefinitionsForBeanMethod - Registering bean definition for @Bean method org.springframework.data.web.config.SpringDataWebConfiguration.pageableResolver()
22-07-2024 04:10:35.867 &amp#27;[35m[main]&amp#27;[0;39m &amp#27;[39mTRACE&amp#27;[0;39m o.s.c.a.ConfigurationClassBeanDefinitionReader.loadBeanDefinitionsForBeanMethod - Registering bean definition for @Bean method org.springframework.data.web.config.SpringDataWebConfiguration.sortResolver()
22-07-2024 04:10:35.867 &amp#27;[35m[main]&amp#27;[0;39m &amp#27;[39mTRACE&amp#27;[0;39m o.s.c.a.ConfigurationClassBeanDefinitionReader.loadBeanDefinitionsForBeanMethod - Registering bean definition for @Bean method org.springframework.data.web.config.SpringDataWebConfiguration.offsetResolver()
22-07-2024 04:10:35.867 &amp#27;[35m[main]&amp#27;[0;39m &amp#27;[39mTRACE&amp#27;[0;39m o.s.c.a.ConfigurationClassBeanDefinitionReader.registerBeanDefinitionForImportedConfigurationClass - Registered bean definition for imported class 'org.springframework.data.web.config.SpringDataJacksonConfiguration'
22-07-2024 04:10:35.868 &amp#27;[35m[main]&amp#27;[0;39m &amp#27;[39mTRACE&amp#27;[0;39m o.s.c.a.ConfigurationClassBeanDefinitionReader.loadBeanDefinitionsForBeanMethod - Registering bean definition for @Bean method org.springframework.data.web.config.SpringDataJacksonConfiguration.jacksonGeoModule()
22-07-2024 04:10:35.868 &amp#27;[35m[main]&amp#27;[0;39m &amp#27;[39mTRACE&amp#27;[0;39m o.s.c.a.ConfigurationClassBeanDefinitionReader.loadBeanDefinitionsForBeanMethod - Registering bean definition for @Bean method org.springframework.data.web.config.SpringDataJacksonConfiguration.pageModule()
22-07-2024 04:10:35.868 &amp#27;[35m[main]&amp#27;[0;39m &amp#27;[39mTRACE&amp#27;[0;39m o.s.c.a.ConfigurationClassBeanDefinitionReader.registerBeanDefinitionForImportedConfigurationClass - Registered bean definition for imported class 'org.springframework.boot.autoconfigure.data.web.SpringDataWebAutoConfiguration'
22-07-2024 04:10:35.870 &amp#27;[35m[main]&amp#27;[0;39m &amp#27;[39mTRACE&amp#27;[0;39m o.s.b.a.condition.OnBeanCondition.logOutcome - Condition OnBeanCondition on org.springframework.boot.autoconfigure.data.web.SpringDataWebAutoConfiguration#pageableCustomizer matched due to @ConditionalOnMissingBean (types: org.springframework.data.web.config.PageableHandlerMethodArgumentResolverCustomizer; SearchStrategy: all) did not find any beans
22-07-2024 04:10:35.870 &amp#27;[35m[main]&amp#27;[0;39m &amp#27;[39mTRACE&amp#27;[0;39m o.s.b.f.s.DefaultListableBeanFactory.doGetBean - Returning cached instance of singleton bean 'autoConfigurationReport'
22-07-2024 04:10:35.870 &amp#27;[35m[main]&amp#27;[0;39m &amp#27;[39mTRACE&amp#27;[0;39m o.s.c.a.ConfigurationClassBeanDefinitionReader.loadBeanDefinitionsForBeanMethod - Registering bean definition for @Bean method org.springframework.boot.autoconfigure.data.web.SpringDataWebAutoConfiguration.pageableCustomizer()
22-07-2024 04:10:35.871 &amp#27;[35m[main]&amp#27;[0;39m &amp#27;[39mTRACE&amp#27;[0;39m o.s.b.a.condition.OnBeanCondition.logOutcome - Condition OnBeanCondition on org.springframework.boot.autoconfigure.data.web.SpringDataWebAutoConfiguration#sortCustomizer matched due to @ConditionalOnMissingBean (types: org.springframework.data.web.config.SortHandlerMethodArgumentResolverCustomizer; SearchStrategy: all) did not find any beans
22-07-2024 04:10:35.871 &amp#27;[35m[main]&amp#27;[0;39m &amp#27;[39mTRACE&amp#27;[0;39m o.s.b.f.s.DefaultListableBeanFactory.doGetBean - Returning cached instance of singleton bean 'autoConfigurationReport'
22-07-2024 04:10:35.871 &amp#27;[35m[main]&amp#27;[0;39m &amp#27;[39mTRACE&amp#27;[0;39m o.s.c.a.ConfigurationClassBeanDefinitionReader.loadBeanDefinitionsForBeanMethod - Registering bean definition for @Bean method org.springframework.boot.autoconfigure.data.web.SpringDataWebAutoConfiguration.sortCustomizer()
22-07-2024 04:10:35.871 &amp#27;[35m[main]&amp#27;[0;39m &amp#27;[39mTRACE&amp#27;[0;39m o.s.b.a.condition.OnClassCondition.logOutcome - Condition OnClassCondition on org.springframework.boot.autoconfigure.security.servlet.SecurityAutoConfiguration matched due to @ConditionalOnClass found required class 'org.springframework.security.authentication.DefaultAuthenticationEventPublisher'
22-07-2024 04:10:35.871 &amp#27;[35m[main]&amp#27;[0;39m &amp#27;[39mTRACE&amp#27;[0;39m o.s.b.f.s.DefaultListableBeanFactory.doGetBean - Returning cached instance of singleton bean 'autoConfigurationReport'
22-07-2024 04:10:35.871 &amp#27;[35m[main]&amp#27;[0;39m &amp#27;[39mTRACE&amp#27;[0;39m o.s.b.a.c.OnWebApplicationCondition.logOutcome - Condition OnWebApplicationCondition on org.springframework.boot.autoconfigure.security.servlet.SpringBootWebSecurityConfiguration matched due to found 'session' scope
22-07-2024 04:10:35.871 &amp#27;[35m[main]&amp#27;[0;39m &amp#27;[39mTRACE&amp#27;[0;39m o.s.b.f.s.DefaultListableBeanFactory.doGetBean - Returning cached instance of singleton bean 'autoConfigurationReport'
22-07-2024 04:10:35.872 &amp#27;[35m[main]&amp#27;[0;39m &amp#27;[39mTRACE&amp#27;[0;39m o.s.b.a.condition.OnClassCondition.logOutcome - Condition OnClassCondition on org.springframework.boot.autoconfigure.security.servlet.SpringBootWebSecurityConfiguration$WebSecurityEnablerConfiguration matched due to @ConditionalOnClass found required class 'org.springframework.security.config.annotation.web.configuration.EnableWebSecurity'
22-07-2024 04:10:35.872 &amp#27;[35m[main]&amp#27;[0;39m &amp#27;[39mTRACE&amp#27;[0;39m o.s.b.f.s.DefaultListableBeanFactory.doGetBean - Returning cached instance of singleton bean 'autoConfigurationReport'
22-07-2024 04:10:35.872 &amp#27;[35m[main]&amp#27;[0;39m &amp#27;[39mTRACE&amp#27;[0;39m o.s.b.a.condition.OnBeanCondition.logOutcome - Condition OnBeanCondition on org.springframework.boot.autoconfigure.security.servlet.SpringBootWebSecurityConfiguration$WebSecurityEnablerConfiguration matched due to @ConditionalOnMissingBean (names: springSecurityFilterChain; SearchStrategy: all) did not find any beans
22-07-2024 04:10:35.872 &amp#27;[35m[main]&amp#27;[0;39m &amp#27;[39mTRACE&amp#27;[0;39m o.s.b.f.s.DefaultListableBeanFactory.doGetBean - Returning cached instance of singleton bean 'autoConfigurationReport'
22-07-2024 04:10:35.872 &amp#27;[35m[main]&amp#27;[0;39m &amp#27;[39mTRACE&amp#27;[0;39m o.s.c.a.ConfigurationClassBeanDefinitionReader.registerBeanDefinitionForImportedConfigurationClass - Registered bean definition for imported class 'org.springframework.security.config.annotation.configuration.ObjectPostProcessorConfiguration'
22-07-2024 04:10:35.872 &amp#27;[35m[main]&amp#27;[0;39m &amp#27;[39mTRACE&amp#27;[0;39m o.s.c.a.ConfigurationClassBeanDefinitionReader.loadBeanDefinitionsForBeanMethod - Registering bean definition for @Bean method org.springframework.security.config.annotation.configuration.ObjectPostProcessorConfiguration.objectPostProcessor()
22-07-2024 04:10:35.872 &amp#27;[35m[main]&amp#27;[0;39m &amp#27;[39mTRACE&amp#27;[0;39m o.s.c.a.ConfigurationClassBeanDefinitionReader.registerBeanDefinitionForImportedConfigurationClass - Registered bean definition for imported class 'org.springframework.security.config.annotation.authentication.configuration.AuthenticationConfiguration'
22-07-2024 04:10:35.872 &amp#27;[35m[main]&amp#27;[0;39m &amp#27;[39mTRACE&amp#27;[0;39m o.s.c.a.ConfigurationClassBeanDefinitionReader.loadBeanDefinitionsForBeanMethod - Registering bean definition for @Bean method org.springframework.security.config.annotation.authentication.configuration.AuthenticationConfiguration.authenticationManagerBuilder()
22-07-2024 04:10:35.872 &amp#27;[35m[main]&amp#27;[0;39m &amp#27;[39mTRACE&amp#27;[0;39m o.s.c.a.ConfigurationClassBeanDefinitionReader.loadBeanDefinitionsForBeanMethod - Registering bean definition for @Bean method org.springframework.security.config.annotation.authentication.configuration.AuthenticationConfiguration.enableGlobalAuthenticationAutowiredConfigurer()
22-07-2024 04:10:35.872 &amp#27;[35m[main]&amp#27;[0;39m &amp#27;[39mTRACE&amp#27;[0;39m o.s.c.a.ConfigurationClassBeanDefinitionReader.loadBeanDefinitionsForBeanMethod - Registering bean definition for @Bean method org.springframework.security.config.annotation.authentication.configuration.AuthenticationConfiguration.initializeUserDetailsBeanManagerConfigurer()
22-07-2024 04:10:35.872 &amp#27;[35m[main]&amp#27;[0;39m &amp#27;[39mTRACE&amp#27;[0;39m o.s.c.a.ConfigurationClassBeanDefinitionReader.loadBeanDefinitionsForBeanMethod - Registering bean definition for @Bean method org.springframework.security.config.annotation.authentication.configuration.AuthenticationConfiguration.initializeAuthenticationProviderBeanManagerConfigurer()
22-07-2024 04:10:35.872 &amp#27;[35m[main]&amp#27;[0;39m &amp#27;[39mTRACE&amp#27;[0;39m o.s.c.a.ConfigurationClassBeanDefinitionReader.registerBeanDefinitionForImportedConfigurationClass - Registered bean definition for imported class 'org.springframework.security.config.annotation.web.configuration.WebSecurityConfiguration'
22-07-2024 04:10:35.872 &amp#27;[35m[main]&amp#27;[0;39m &amp#27;[39mTRACE&amp#27;[0;39m o.s.c.a.ConfigurationClassBeanDefinitionReader.loadBeanDefinitionsForBeanMethod - Registering bean definition for @Bean method org.springframework.security.config.annotation.web.configuration.WebSecurityConfiguration.delegatingApplicationListener()
22-07-2024 04:10:35.872 &amp#27;[35m[main]&amp#27;[0;39m &amp#27;[39mTRACE&amp#27;[0;39m o.s.c.a.ConfigurationClassBeanDefinitionReader.loadBeanDefinitionsForBeanMethod - Registering bean definition for @Bean method org.springframework.security.config.annotation.web.configuration.WebSecurityConfiguration.webSecurityExpressionHandler()
22-07-2024 04:10:35.873 &amp#27;[35m[main]&amp#27;[0;39m &amp#27;[39mTRACE&amp#27;[0;39m o.s.c.a.ConfigurationClassBeanDefinitionReader.loadBeanDefinitionsForBeanMethod - Registering bean definition for @Bean method org.springframework.security.config.annotation.web.configuration.WebSecurityConfiguration.springSecurityFilterChain()
22-07-2024 04:10:35.873 &amp#27;[35m[main]&amp#27;[0;39m &amp#27;[39mTRACE&amp#27;[0;39m o.s.c.a.ConfigurationClassBeanDefinitionReader.loadBeanDefinitionsForBeanMethod - Registering bean definition for @Bean method org.springframework.security.config.annotation.web.configuration.WebSecurityConfiguration.privilegeEvaluator()
22-07-2024 04:10:35.873 &amp#27;[35m[main]&amp#27;[0;39m &amp#27;[39mTRACE&amp#27;[0;39m o.s.c.a.ConfigurationClassBeanDefinitionReader.loadBeanDefinitionsForBeanMethod - Registering bean definition for @Bean method org.springframework.security.config.annotation.web.configuration.WebSecurityConfiguration.conversionServicePostProcessor()
22-07-2024 04:10:35.873 &amp#27;[35m[main]&amp#27;[0;39m &amp#27;[39mTRACE&amp#27;[0;39m o.s.c.a.ConfigurationClassBeanDefinitionReader.registerBeanDefinitionForImportedConfigurationClass - Registered bean definition for imported class 'org.springframework.security.config.annotation.web.configuration.WebMvcSecurityConfiguration'
22-07-2024 04:10:35.873 &amp#27;[35m[main]&amp#27;[0;39m &amp#27;[39mTRACE&amp#27;[0;39m o.s.c.a.ConfigurationClassBeanDefinitionReader.loadBeanDefinitionsForBeanMethod - Registering bean definition for @Bean method org.springframework.security.config.annotation.web.configuration.WebMvcSecurityConfiguration.requestDataValueProcessor()
22-07-2024 04:10:35.873 &amp#27;[35m[main]&amp#27;[0;39m &amp#27;[39mTRACE&amp#27;[0;39m o.s.c.a.ConfigurationClassBeanDefinitionReader.loadBeanDefinitionsForBeanMethod - Registering bean definition for @Bean method org.springframework.security.config.annotation.web.configuration.WebMvcSecurityConfiguration.springSecurityHandlerMappingIntrospectorBeanDefinitionRegistryPostProcessor()
22-07-2024 04:10:35.873 &amp#27;[35m[main]&amp#27;[0;39m &amp#27;[39mTRACE&amp#27;[0;39m o.s.c.a.ConfigurationClassBeanDefinitionReader.registerBeanDefinitionForImportedConfigurationClass - Registered bean definition for imported class 'org.springframework.security.config.annotation.web.configuration.HttpSecurityConfiguration'
22-07-2024 04:10:35.873 &amp#27;[35m[main]&amp#27;[0;39m &amp#27;[39mTRACE&amp#27;[0;39m o.s.c.a.ConfigurationClassBeanDefinitionReader.loadBeanDefinitionsForBeanMethod - Registering bean definition for @Bean method org.springframework.security.config.annotation.web.configuration.HttpSecurityConfiguration.org.springframework.security.config.annotation.web.configuration.HttpSecurityConfiguration.httpSecurity()
22-07-2024 04:10:35.873 &amp#27;[35m[main]&amp#27;[0;39m &amp#27;[39mTRACE&amp#27;[0;39m o.s.c.a.ConfigurationClassBeanDefinitionReader.registerBeanDefinitionForImportedConfigurationClass - Registered bean definition for imported class 'org.springframework.boot.autoconfigure.security.servlet.SpringBootWebSecurityConfiguration$WebSecurityEnablerConfiguration'
22-07-2024 04:10:35.880 &amp#27;[35m[main]&amp#27;[0;39m &amp#27;[39mTRACE&amp#27;[0;39m o.s.b.a.s.DefaultWebSecurityCondition.logOutcome - Condition DefaultWebSecurityCondition on org.springframework.boot.autoconfigure.security.servlet.SpringBootWebSecurityConfiguration$SecurityFilterChainConfiguration matched due to AllNestedConditions 2 matched 0 did not; NestedCondition on DefaultWebSecurityCondition.Beans @ConditionalOnMissingBean (types: org.springframework.security.web.SecurityFilterChain; SearchStrategy: all) did not find any beans; NestedCondition on DefaultWebSecurityCondition.Classes @ConditionalOnClass found required classes 'org.springframework.security.web.SecurityFilterChain', 'org.springframework.security.config.annotation.web.builders.HttpSecurity'
22-07-2024 04:10:35.881 &amp#27;[35m[main]&amp#27;[0;39m &amp#27;[39mTRACE&amp#27;[0;39m o.s.b.f.s.DefaultListableBeanFactory.doGetBean - Returning cached instance of singleton bean 'autoConfigurationReport'
22-07-2024 04:10:35.881 &amp#27;[35m[main]&amp#27;[0;39m &amp#27;[39mTRACE&amp#27;[0;39m o.s.c.a.ConfigurationClassBeanDefinitionReader.registerBeanDefinitionForImportedConfigurationClass - Registered bean definition for imported class 'org.springframework.boot.autoconfigure.security.servlet.SpringBootWebSecurityConfiguration$SecurityFilterChainConfiguration'
22-07-2024 04:10:35.881 &amp#27;[35m[main]&amp#27;[0;39m &amp#27;[39mTRACE&amp#27;[0;39m o.s.c.a.ConfigurationClassBeanDefinitionReader.loadBeanDefinitionsForBeanMethod - Registering bean definition for @Bean method org.springframework.boot.autoconfigure.security.servlet.SpringBootWebSecurityConfiguration$SecurityFilterChainConfiguration.defaultSecurityFilterChain()
22-07-2024 04:10:35.881 &amp#27;[35m[main]&amp#27;[0;39m &amp#27;[39mTRACE&amp#27;[0;39m o.s.c.a.ConfigurationClassBeanDefinitionReader.registerBeanDefinitionForImportedConfigurationClass - Registered bean definition for imported class 'org.springframework.boot.autoconfigure.security.servlet.SpringBootWebSecurityConfiguration'
22-07-2024 04:10:35.881 &amp#27;[35m[main]&amp#27;[0;39m &amp#27;[39mTRACE&amp#27;[0;39m o.s.c.a.ConfigurationClassBeanDefinitionReader.registerBeanDefinitionForImportedConfigurationClass - Registered bean definition for imported class 'org.springframework.boot.autoconfigure.security.servlet.SecurityAutoConfiguration'
22-07-2024 04:10:35.882 &amp#27;[35m[main]&amp#27;[0;39m &amp#27;[39mTRACE&amp#27;[0;39m o.s.b.a.condition.OnBeanCondition.logOutcome - Condition OnBeanCondition on org.springframework.boot.autoconfigure.security.servlet.SecurityAutoConfiguration#authenticationEventPublisher matched due to @ConditionalOnMissingBean (types: org.springframework.security.authentication.AuthenticationEventPublisher; SearchStrategy: all) did not find any beans
22-07-2024 04:10:35.882 &amp#27;[35m[main]&amp#27;[0;39m &amp#27;[39mTRACE&amp#27;[0;39m o.s.b.f.s.DefaultListableBeanFactory.doGetBean - Returning cached instance of singleton bean 'autoConfigurationReport'
22-07-2024 04:10:35.882 &amp#27;[35m[main]&amp#27;[0;39m &amp#27;[39mTRACE&amp#27;[0;39m o.s.c.a.ConfigurationClassBeanDefinitionReader.loadBeanDefinitionsForBeanMethod - Registering bean definition for @Bean method org.springframework.boot.autoconfigure.security.servlet.SecurityAutoConfiguration.authenticationEventPublisher()
22-07-2024 04:10:35.882 &amp#27;[35m[main]&amp#27;[0;39m &amp#27;[39mTRACE&amp#27;[0;39m o.s.b.a.condition.OnClassCondition.logOutcome - Condition OnClassCondition on org.springframework.boot.autoconfigure.security.servlet.SecurityFilterAutoConfiguration matched due to @ConditionalOnClass found required classes 'org.springframework.security.web.context.AbstractSecurityWebApplicationInitializer', 'org.springframework.security.config.http.SessionCreationPolicy'
22-07-2024 04:10:35.882 &amp#27;[35m[main]&amp#27;[0;39m &amp#27;[39mTRACE&amp#27;[0;39m o.s.b.f.s.DefaultListableBeanFactory.doGetBean - Returning cached instance of singleton bean 'autoConfigurationReport'
22-07-2024 04:10:35.882 &amp#27;[35m[main]&amp#27;[0;39m &amp#27;[39mTRACE&amp#27;[0;39m o.s.b.a.c.OnWebApplicationCondition.logOutcome - Condition OnWebApplicationCondition on org.springframework.boot.autoconfigure.security.servlet.SecurityFilterAutoConfiguration matched due to found 'session' scope
22-07-2024 04:10:35.882 &amp#27;[35m[main]&amp#27;[0;39m &amp#27;[39mTRACE&amp#27;[0;39m o.s.b.f.s.DefaultListableBeanFactory.doGetBean - Returning cached instance of singleton bean 'autoConfigurationReport'
22-07-2024 04:10:35.882 &amp#27;[35m[main]&amp#27;[0;39m &amp#27;[39mTRACE&amp#27;[0;39m o.s.c.a.ConfigurationClassBeanDefinitionReader.registerBeanDefinitionForImportedConfigurationClass - Registered bean definition for imported class 'org.springframework.boot.autoconfigure.security.servlet.SecurityFilterAutoConfiguration'
22-07-2024 04:10:35.882 &amp#27;[35m[main]&amp#27;[0;39m &amp#27;[39mTRACE&amp#27;[0;39m o.s.b.a.condition.OnBeanCondition.logOutcome - Condition OnBeanCondition on org.springframework.boot.autoconfigure.security.servlet.SecurityFilterAutoConfiguration#securityFilterChainRegistration matched due to @ConditionalOnBean (names: springSecurityFilterChain; SearchStrategy: all) found bean 'springSecurityFilterChain'
22-07-2024 04:10:35.882 &amp#27;[35m[main]&amp#27;[0;39m &amp#27;[39mTRACE&amp#27;[0;39m o.s.b.f.s.DefaultListableBeanFactory.doGetBean - Returning cached instance of singleton bean 'autoConfigurationReport'
22-07-2024 04:10:35.883 &amp#27;[35m[main]&amp#27;[0;39m &amp#27;[39mTRACE&amp#27;[0;39m o.s.c.a.ConfigurationClassBeanDefinitionReader.loadBeanDefinitionsForBeanMethod - Registering bean definition for @Bean method org.springframework.boot.autoconfigure.security.servlet.SecurityFilterAutoConfiguration.securityFilterChainRegistration()
22-07-2024 04:10:35.883 &amp#27;[35m[main]&amp#27;[0;39m &amp#27;[39mTRACE&amp#27;[0;39m o.s.b.a.condition.OnClassCondition.logOutcome - Condition OnClassCondition on org.springframework.boot.autoconfigure.security.servlet.UserDetailsServiceAutoConfiguration matched due to @ConditionalOnClass found required class 'org.springframework.security.authentication.AuthenticationManager'
22-07-2024 04:10:35.883 &amp#27;[35m[main]&amp#27;[0;39m &amp#27;[39mTRACE&amp#27;[0;39m o.s.b.f.s.DefaultListableBeanFactory.doGetBean - Returning cached instance of singleton bean 'autoConfigurationReport'
22-07-2024 04:10:35.884 &amp#27;[35m[main]&amp#27;[0;39m &amp#27;[39mTRACE&amp#27;[0;39m o.s.b.a.condition.OnBeanCondition.logOutcome - Condition OnBeanCondition on org.springframework.boot.autoconfigure.security.servlet.UserDetailsServiceAutoConfiguration matched due to @ConditionalOnBean (types: org.springframework.security.config.annotation.ObjectPostProcessor; SearchStrategy: all) found bean 'objectPostProcessor'; @ConditionalOnMissingBean (types: org.springframework.security.authentication.AuthenticationManager,org.springframework.security.authentication.AuthenticationProvider,org.springframework.security.core.userdetails.UserDetailsService,org.springframework.security.authentication.AuthenticationManagerResolver,org.springframework.security.oauth2.jwt.JwtDecoder; SearchStrategy: all) did not find any beans
22-07-2024 04:10:35.884 &amp#27;[35m[main]&amp#27;[0;39m &amp#27;[39mTRACE&amp#27;[0;39m o.s.b.f.s.DefaultListableBeanFactory.doGetBean - Returning cached instance of singleton bean 'autoConfigurationReport'
22-07-2024 04:10:35.885 &amp#27;[35m[main]&amp#27;[0;39m &amp#27;[39mTRACE&amp#27;[0;39m o.s.b.a.condition.OnBeanCondition.logOutcome - Condition OnBeanCondition on org.springframework.boot.autoconfigure.security.servlet.UserDetailsServiceAutoConfiguration matched due to @ConditionalOnBean (types: org.springframework.security.config.annotation.ObjectPostProcessor; SearchStrategy: all) found bean 'objectPostProcessor'; @ConditionalOnMissingBean (types: org.springframework.security.authentication.AuthenticationManager,org.springframework.security.authentication.AuthenticationProvider,org.springframework.security.core.userdetails.UserDetailsService,org.springframework.security.authentication.AuthenticationManagerResolver,org.springframework.security.oauth2.jwt.JwtDecoder; SearchStrategy: all) did not find any beans
22-07-2024 04:10:35.885 &amp#27;[35m[main]&amp#27;[0;39m &amp#27;[39mTRACE&amp#27;[0;39m o.s.b.f.s.DefaultListableBeanFactory.doGetBean - Returning cached instance of singleton bean 'autoConfigurationReport'
22-07-2024 04:10:35.885 &amp#27;[35m[main]&amp#27;[0;39m &amp#27;[39mTRACE&amp#27;[0;39m o.s.c.a.ConfigurationClassBeanDefinitionReader.registerBeanDefinitionForImportedConfigurationClass - Registered bean definition for imported class 'org.springframework.boot.autoconfigure.security.servlet.UserDetailsServiceAutoConfiguration'
22-07-2024 04:10:35.885 &amp#27;[35m[main]&amp#27;[0;39m &amp#27;[39mTRACE&amp#27;[0;39m o.s.c.a.ConfigurationClassBeanDefinitionReader.loadBeanDefinitionsForBeanMethod - Registering bean definition for @Bean method org.springframework.boot.autoconfigure.security.servlet.UserDetailsServiceAutoConfiguration.inMemoryUserDetailsManager()
22-07-2024 04:10:35.886 &amp#27;[35m[main]&amp#27;[0;39m &amp#27;[39mTRACE&amp#27;[0;39m o.s.b.a.condition.OnClassCondition.logOutcome - Condition OnClassCondition on org.springframework.boot.autoconfigure.web.servlet.HttpEncodingAutoConfiguration matched due to @ConditionalOnClass found required class 'org.springframework.web.filter.CharacterEncodingFilter'
22-07-2024 04:10:35.886 &amp#27;[35m[main]&amp#27;[0;39m &amp#27;[39mTRACE&amp#27;[0;39m o.s.b.f.s.DefaultListableBeanFactory.doGetBean - Returning cached instance of singleton bean 'autoConfigurationReport'
22-07-2024 04:10:35.886 &amp#27;[35m[main]&amp#27;[0;39m &amp#27;[39mTRACE&amp#27;[0;39m o.s.b.a.c.OnWebApplicationCondition.logOutcome - Condition OnWebApplicationCondition on org.springframework.boot.autoconfigure.web.servlet.HttpEncodingAutoConfiguration matched due to found 'session' scope
22-07-2024 04:10:35.886 &amp#27;[35m[main]&amp#27;[0;39m &amp#27;[39mTRACE&amp#27;[0;39m o.s.b.f.s.DefaultListableBeanFactory.doGetBean - Returning cached instance of singleton bean 'autoConfigurationReport'
22-07-2024 04:10:35.886 &amp#27;[35m[main]&amp#27;[0;39m &amp#27;[39mTRACE&amp#27;[0;39m o.s.b.a.c.OnPropertyCondition.logOutcome - Condition OnPropertyCondition on org.springframework.boot.autoconfigure.web.servlet.HttpEncodingAutoConfiguration matched due to @ConditionalOnProperty (server.servlet.encoding.enabled) matched
22-07-2024 04:10:35.886 &amp#27;[35m[main]&amp#27;[0;39m &amp#27;[39mTRACE&amp#27;[0;39m o.s.b.f.s.DefaultListableBeanFactory.doGetBean - Returning cached instance of singleton bean 'autoConfigurationReport'
22-07-2024 04:10:35.886 &amp#27;[35m[main]&amp#27;[0;39m &amp#27;[39mTRACE&amp#27;[0;39m o.s.c.a.ConfigurationClassBeanDefinitionReader.registerBeanDefinitionForImportedConfigurationClass - Registered bean definition for imported class 'org.springframework.boot.autoconfigure.web.servlet.HttpEncodingAutoConfiguration'
22-07-2024 04:10:35.887 &amp#27;[35m[main]&amp#27;[0;39m &amp#27;[39mTRACE&amp#27;[0;39m o.s.b.a.condition.OnBeanCondition.logOutcome - Condition OnBeanCondition on org.springframework.boot.autoconfigure.web.servlet.HttpEncodingAutoConfiguration#characterEncodingFilter matched due to @ConditionalOnMissingBean (types: org.springframework.web.filter.CharacterEncodingFilter; SearchStrategy: all) did not find any beans
22-07-2024 04:10:35.887 &amp#27;[35m[main]&amp#27;[0;39m &amp#27;[39mTRACE&amp#27;[0;39m o.s.b.f.s.DefaultListableBeanFactory.doGetBean - Returning cached instance of singleton bean 'autoConfigurationReport'
22-07-2024 04:10:35.887 &amp#27;[35m[main]&amp#27;[0;39m &amp#27;[39mTRACE&amp#27;[0;39m o.s.c.a.ConfigurationClassBeanDefinitionReader.loadBeanDefinitionsForBeanMethod - Registering bean definition for @Bean method org.springframework.boot.autoconfigure.web.servlet.HttpEncodingAutoConfiguration.characterEncodingFilter()
22-07-2024 04:10:35.887 &amp#27;[35m[main]&amp#27;[0;39m &amp#27;[39mTRACE&amp#27;[0;39m o.s.c.a.ConfigurationClassBeanDefinitionReader.loadBeanDefinitionsForBeanMethod - Registering bean definition for @Bean method org.springframework.boot.autoconfigure.web.servlet.HttpEncodingAutoConfiguration.localeCharsetMappingsCustomizer()
22-07-2024 04:10:35.887 &amp#27;[35m[main]&amp#27;[0;39m &amp#27;[39mTRACE&amp#27;[0;39m o.s.b.a.c.OnWebApplicationCondition.logOutcome - Condition OnWebApplicationCondition on org.springframework.boot.test.autoconfigure.web.servlet.MockMvcAutoConfiguration matched due to found 'session' scope
22-07-2024 04:10:35.888 &amp#27;[35m[main]&amp#27;[0;39m &amp#27;[39mTRACE&amp#27;[0;39m o.s.b.f.s.DefaultListableBeanFactory.doGetBean - Returning cached instance of singleton bean 'autoConfigurationReport'
22-07-2024 04:10:35.888 &amp#27;[35m[main]&amp#27;[0;39m &amp#27;[39mTRACE&amp#27;[0;39m o.s.c.a.ConfigurationClassBeanDefinitionReader.registerBeanDefinitionForImportedConfigurationClass - Registered bean definition for imported class 'org.springframework.boot.test.autoconfigure.web.servlet.MockMvcAutoConfiguration'
22-07-2024 04:10:35.888 &amp#27;[35m[main]&amp#27;[0;39m &amp#27;[39mTRACE&amp#27;[0;39m o.s.b.a.condition.OnBeanCondition.logOutcome - Condition OnBeanCondition on org.springframework.boot.test.autoconfigure.web.servlet.MockMvcAutoConfiguration#dispatcherServletPath matched due to @ConditionalOnMissingBean (types: org.springframework.boot.autoconfigure.web.servlet.DispatcherServletPath; SearchStrategy: all) did not find any beans
22-07-2024 04:10:35.889 &amp#27;[35m[main]&amp#27;[0;39m &amp#27;[39mTRACE&amp#27;[0;39m o.s.b.f.s.DefaultListableBeanFactory.doGetBean - Returning cached instance of singleton bean 'autoConfigurationReport'
22-07-2024 04:10:35.889 &amp#27;[35m[main]&amp#27;[0;39m &amp#27;[39mTRACE&amp#27;[0;39m o.s.c.a.ConfigurationClassBeanDefinitionReader.loadBeanDefinitionsForBeanMethod - Registering bean definition for @Bean method org.springframework.boot.test.autoconfigure.web.servlet.MockMvcAutoConfiguration.dispatcherServletPath()
22-07-2024 04:10:35.890 &amp#27;[35m[main]&amp#27;[0;39m &amp#27;[39mTRACE&amp#27;[0;39m o.s.b.a.condition.OnBeanCondition.logOutcome - Condition OnBeanCondition on org.springframework.boot.test.autoconfigure.web.servlet.MockMvcAutoConfiguration#mockMvcBuilder matched due to @ConditionalOnMissingBean (types: org.springframework.test.web.servlet.MockMvcBuilder; SearchStrategy: all) did not find any beans
22-07-2024 04:10:35.890 &amp#27;[35m[main]&amp#27;[0;39m &amp#27;[39mTRACE&amp#27;[0;39m o.s.b.f.s.DefaultListableBeanFactory.doGetBean - Returning cached instance of singleton bean 'autoConfigurationReport'
22-07-2024 04:10:35.890 &amp#27;[35m[main]&amp#27;[0;39m &amp#27;[39mTRACE&amp#27;[0;39m o.s.c.a.ConfigurationClassBeanDefinitionReader.loadBeanDefinitionsForBeanMethod - Registering bean definition for @Bean method org.springframework.boot.test.autoconfigure.web.servlet.MockMvcAutoConfiguration.mockMvcBuilder()
22-07-2024 04:10:35.890 &amp#27;[35m[main]&amp#27;[0;39m &amp#27;[39mTRACE&amp#27;[0;39m o.s.c.a.ConfigurationClassBeanDefinitionReader.loadBeanDefinitionsForBeanMethod - Registering bean definition for @Bean method org.springframework.boot.test.autoconfigure.web.servlet.MockMvcAutoConfiguration.springBootMockMvcBuilderCustomizer()
22-07-2024 04:10:35.891 &amp#27;[35m[main]&amp#27;[0;39m &amp#27;[39mTRACE&amp#27;[0;39m o.s.b.a.condition.OnBeanCondition.logOutcome - Condition OnBeanCondition on org.springframework.boot.test.autoconfigure.web.servlet.MockMvcAutoConfiguration#mockMvc matched due to @ConditionalOnMissingBean (types: org.springframework.test.web.servlet.MockMvc; SearchStrategy: all) did not find any beans
22-07-2024 04:10:35.891 &amp#27;[35m[main]&amp#27;[0;39m &amp#27;[39mTRACE&amp#27;[0;39m o.s.b.f.s.DefaultListableBeanFactory.doGetBean - Returning cached instance of singleton bean 'autoConfigurationReport'
22-07-2024 04:10:35.891 &amp#27;[35m[main]&amp#27;[0;39m &amp#27;[39mTRACE&amp#27;[0;39m o.s.c.a.ConfigurationClassBeanDefinitionReader.loadBeanDefinitionsForBeanMethod - Registering bean definition for @Bean method org.springframework.boot.test.autoconfigure.web.servlet.MockMvcAutoConfiguration.mockMvc()
22-07-2024 04:10:35.891 &amp#27;[35m[main]&amp#27;[0;39m &amp#27;[39mTRACE&amp#27;[0;39m o.s.b.a.condition.OnBeanCondition.logOutcome - Condition OnBeanCondition on org.springframework.boot.test.autoconfigure.web.servlet.MockMvcAutoConfiguration#dispatcherServlet matched due to @ConditionalOnMissingBean (types: org.springframework.web.servlet.DispatcherServlet; SearchStrategy: all) did not find any beans
22-07-2024 04:10:35.891 &amp#27;[35m[main]&amp#27;[0;39m &amp#27;[39mTRACE&amp#27;[0;39m o.s.b.f.s.DefaultListableBeanFactory.doGetBean - Returning cached instance of singleton bean 'autoConfigurationReport'
22-07-2024 04:10:35.891 &amp#27;[35m[main]&amp#27;[0;39m &amp#27;[39mTRACE&amp#27;[0;39m o.s.c.a.ConfigurationClassBeanDefinitionReader.loadBeanDefinitionsForBeanMethod - Registering bean definition for @Bean method org.springframework.boot.test.autoconfigure.web.servlet.MockMvcAutoConfiguration.dispatcherServlet()
22-07-2024 04:10:35.893 &amp#27;[35m[main]&amp#27;[0;39m &amp#27;[39mDEBUG&amp#27;[0;39m o.s.b.f.s.DefaultListableBeanFactory.getSingleton - Creating shared instance of singleton bean 'org.springframework.boot.test.context.ImportsContextCustomizer$ImportsCleanupPostProcessor'
22-07-2024 04:10:35.893 &amp#27;[35m[main]&amp#27;[0;39m &amp#27;[39mTRACE&amp#27;[0;39m o.s.b.f.s.DefaultListableBeanFactory.createBean - Creating instance of bean 'org.springframework.boot.test.context.ImportsContextCustomizer$ImportsCleanupPostProcessor'
22-07-2024 04:10:35.896 &amp#27;[35m[main]&amp#27;[0;39m &amp#27;[39mTRACE&amp#27;[0;39m o.s.b.f.s.DefaultListableBeanFactory.createBean - Finished creating instance of bean 'org.springframework.boot.test.context.ImportsContextCustomizer$ImportsCleanupPostProcessor'
22-07-2024 04:10:35.896 &amp#27;[35m[main]&amp#27;[0;39m &amp#27;[39mDEBUG&amp#27;[0;39m o.s.b.f.s.DefaultListableBeanFactory.getSingleton - Creating shared instance of singleton bean 'springSecurityHandlerMappingIntrospectorBeanDefinitionRegistryPostProcessor'
22-07-2024 04:10:35.896 &amp#27;[35m[main]&amp#27;[0;39m &amp#27;[39mTRACE&amp#27;[0;39m o.s.b.f.s.DefaultListableBeanFactory.createBean - Creating instance of bean 'springSecurityHandlerMappingIntrospectorBeanDefinitionRegistryPostProcessor'
22-07-2024 04:10:35.896 &amp#27;[35m[main]&amp#27;[0;39m &amp#27;[39mTRACE&amp#27;[0;39m o.s.b.f.s.DefaultListableBeanFactory.createBean - Finished creating instance of bean 'springSecurityHandlerMappingIntrospectorBeanDefinitionRegistryPostProcessor'
22-07-2024 04:10:35.930 &amp#27;[35m[main]&amp#27;[0;39m &amp#27;[39mTRACE&amp#27;[0;39m o.s.c.a.ConfigurationClassEnhancer.enhance - Successfully enhanced org.nauman.app.AppServiceApplication; enhanced class name is: org.nauman.app.AppServiceApplication$$SpringCGLIB$$0
22-07-2024 04:10:35.930 &amp#27;[35m[main]&amp#27;[0;39m &amp#27;[39mTRACE&amp#27;[0;39m o.s.c.a.ConfigurationClassPostProcessor.enhanceConfigurationClasses - Replacing bean definition 'appServiceApplication' existing class 'org.nauman.app.AppServiceApplication' with enhanced class 'org.nauman.app.AppServiceApplication$$SpringCGLIB$$0'
22-07-2024 04:10:35.931 &amp#27;[35m[main]&amp#27;[0;39m &amp#27;[39mTRACE&amp#27;[0;39m o.s.c.a.ConfigurationClassEnhancer.enhance - Successfully enhanced org.nauman.app.config.WebMvcConfig; enhanced class name is: org.nauman.app.config.WebMvcConfig$$SpringCGLIB$$0
22-07-2024 04:10:35.931 &amp#27;[35m[main]&amp#27;[0;39m &amp#27;[39mTRACE&amp#27;[0;39m o.s.c.a.ConfigurationClassPostProcessor.enhanceConfigurationClasses - Replacing bean definition 'webMvcConfig' existing class 'org.nauman.app.config.WebMvcConfig' with enhanced class 'org.nauman.app.config.WebMvcConfig$$SpringCGLIB$$0'
22-07-2024 04:10:35.932 &amp#27;[35m[main]&amp#27;[0;39m &amp#27;[39mDEBUG&amp#27;[0;39m o.s.b.f.s.DefaultListableBeanFactory.getSingleton - Creating shared instance of singleton bean 'org.springframework.boot.test.mock.mockito.MockitoPostProcessor'
22-07-2024 04:10:35.932 &amp#27;[35m[main]&amp#27;[0;39m &amp#27;[39mTRACE&amp#27;[0;39m o.s.b.f.s.DefaultListableBeanFactory.createBean - Creating instance of bean 'org.springframework.boot.test.mock.mockito.MockitoPostProcessor'
22-07-2024 04:10:35.932 &amp#27;[35m[main]&amp#27;[0;39m &amp#27;[39mTRACE&amp#27;[0;39m o.s.b.f.s.DefaultListableBeanFactory.createBean - Finished creating instance of bean 'org.springframework.boot.test.mock.mockito.MockitoPostProcessor'
22-07-2024 04:10:36.439 &amp#27;[35m[main]&amp#27;[0;39m &amp#27;[39mDEBUG&amp#27;[0;39m o.s.b.f.s.DefaultListableBeanFactory.getSingleton - Creating shared instance of singleton bean 'org.springframework.context.event.internalEventListenerProcessor'
22-07-2024 04:10:36.439 &amp#27;[35m[main]&amp#27;[0;39m &amp#27;[39mTRACE&amp#27;[0;39m o.s.b.f.s.DefaultListableBeanFactory.createBean - Creating instance of bean 'org.springframework.context.event.internalEventListenerProcessor'
22-07-2024 04:10:36.441 &amp#27;[35m[main]&amp#27;[0;39m &amp#27;[39mTRACE&amp#27;[0;39m o.s.b.f.s.DefaultListableBeanFactory.createBean - Finished creating instance of bean 'org.springframework.context.event.internalEventListenerProcessor'
22-07-2024 04:10:36.441 &amp#27;[35m[main]&amp#27;[0;39m &amp#27;[39mDEBUG&amp#27;[0;39m o.s.b.f.s.DefaultListableBeanFactory.getSingleton - Creating shared instance of singleton bean 'preserveErrorControllerTargetClassPostProcessor'
22-07-2024 04:10:36.441 &amp#27;[35m[main]&amp#27;[0;39m &amp#27;[39mTRACE&amp#27;[0;39m o.s.b.f.s.DefaultListableBeanFactory.createBean - Creating instance of bean 'preserveErrorControllerTargetClassPostProcessor'
22-07-2024 04:10:36.442 &amp#27;[35m[main]&amp#27;[0;39m &amp#27;[39mTRACE&amp#27;[0;39m o.s.b.f.s.DefaultListableBeanFactory.createBean - Finished creating instance of bean 'preserveErrorControllerTargetClassPostProcessor'
22-07-2024 04:10:36.442 &amp#27;[35m[main]&amp#27;[0;39m &amp#27;[39mDEBUG&amp#27;[0;39m o.s.b.f.s.DefaultListableBeanFactory.getSingleton - Creating shared instance of singleton bean 'conversionServicePostProcessor'
22-07-2024 04:10:36.442 &amp#27;[35m[main]&amp#27;[0;39m &amp#27;[39mTRACE&amp#27;[0;39m o.s.b.f.s.DefaultListableBeanFactory.createBean - Creating instance of bean 'conversionServicePostProcessor'
22-07-2024 04:10:36.448 &amp#27;[35m[main]&amp#27;[0;39m &amp#27;[39mTRACE&amp#27;[0;39m o.s.b.f.s.DefaultListableBeanFactory.createBean - Finished creating instance of bean 'conversionServicePostProcessor'
22-07-2024 04:10:36.449 &amp#27;[35m[main]&amp#27;[0;39m &amp#27;[39mDEBUG&amp#27;[0;39m o.s.b.f.s.DefaultListableBeanFactory.getSingleton - Creating shared instance of singleton bean 'org.springframework.context.event.internalEventListenerFactory'
22-07-2024 04:10:36.449 &amp#27;[35m[main]&amp#27;[0;39m &amp#27;[39mTRACE&amp#27;[0;39m o.s.b.f.s.DefaultListableBeanFactory.createBean - Creating instance of bean 'org.springframework.context.event.internalEventListenerFactory'
22-07-2024 04:10:36.449 &amp#27;[35m[main]&amp#27;[0;39m &amp#27;[39mTRACE&amp#27;[0;39m o.s.b.f.s.DefaultListableBeanFactory.createBean - Finished creating instance of bean 'org.springframework.context.event.internalEventListenerFactory'
22-07-2024 04:10:36.452 &amp#27;[35m[main]&amp#27;[0;39m &amp#27;[39mDEBUG&amp#27;[0;39m o.s.b.f.s.DefaultListableBeanFactory.getSingleton - Creating shared instance of singleton bean 'org.springframework.context.annotation.internalAutowiredAnnotationProcessor'
22-07-2024 04:10:36.452 &amp#27;[35m[main]&amp#27;[0;39m &amp#27;[39mTRACE&amp#27;[0;39m o.s.b.f.s.DefaultListableBeanFactory.createBean - Creating instance of bean 'org.springframework.context.annotation.internalAutowiredAnnotationProcessor'
22-07-2024 04:10:36.453 &amp#27;[35m[main]&amp#27;[0;39m &amp#27;[39mTRACE&amp#27;[0;39m o.s.b.f.a.AutowiredAnnotationBeanPostProcessor.<init> - 'jakarta.inject.Inject' annotation found and supported for autowiring
22-07-2024 04:10:36.454 &amp#27;[35m[main]&amp#27;[0;39m &amp#27;[39mTRACE&amp#27;[0;39m o.s.b.f.s.DefaultListableBeanFactory.createBean - Finished creating instance of bean 'org.springframework.context.annotation.internalAutowiredAnnotationProcessor'
22-07-2024 04:10:36.454 &amp#27;[35m[main]&amp#27;[0;39m &amp#27;[39mDEBUG&amp#27;[0;39m o.s.b.f.s.DefaultListableBeanFactory.getSingleton - Creating shared instance of singleton bean 'org.springframework.context.annotation.internalCommonAnnotationProcessor'
22-07-2024 04:10:36.454 &amp#27;[35m[main]&amp#27;[0;39m &amp#27;[39mTRACE&amp#27;[0;39m o.s.b.f.s.DefaultListableBeanFactory.createBean - Creating instance of bean 'org.springframework.context.annotation.internalCommonAnnotationProcessor'
22-07-2024 04:10:36.456 &amp#27;[35m[main]&amp#27;[0;39m &amp#27;[39mTRACE&amp#27;[0;39m o.s.b.f.s.DefaultListableBeanFactory.createBean - Finished creating instance of bean 'org.springframework.context.annotation.internalCommonAnnotationProcessor'
22-07-2024 04:10:36.456 &amp#27;[35m[main]&amp#27;[0;39m &amp#27;[39mDEBUG&amp#27;[0;39m o.s.b.f.s.DefaultListableBeanFactory.getSingleton - Creating shared instance of singleton bean 'org.springframework.context.annotation.internalPersistenceAnnotationProcessor'
22-07-2024 04:10:36.456 &amp#27;[35m[main]&amp#27;[0;39m &amp#27;[39mTRACE&amp#27;[0;39m o.s.b.f.s.DefaultListableBeanFactory.createBean - Creating instance of bean 'org.springframework.context.annotation.internalPersistenceAnnotationProcessor'
22-07-2024 04:10:36.457 &amp#27;[35m[main]&amp#27;[0;39m &amp#27;[39mTRACE&amp#27;[0;39m o.s.b.f.s.DefaultListableBeanFactory.createBean - Finished creating instance of bean 'org.springframework.context.annotation.internalPersistenceAnnotationProcessor'
22-07-2024 04:10:36.457 &amp#27;[35m[main]&amp#27;[0;39m &amp#27;[39mDEBUG&amp#27;[0;39m o.s.b.f.s.DefaultListableBeanFactory.getSingleton - Creating shared instance of singleton bean 'org.springframework.boot.test.mock.mockito.MockitoPostProcessor$SpyPostProcessor'
22-07-2024 04:10:36.457 &amp#27;[35m[main]&amp#27;[0;39m &amp#27;[39mTRACE&amp#27;[0;39m o.s.b.f.s.DefaultListableBeanFactory.createBean - Creating instance of bean 'org.springframework.boot.test.mock.mockito.MockitoPostProcessor$SpyPostProcessor'
22-07-2024 04:10:36.457 &amp#27;[35m[main]&amp#27;[0;39m &amp#27;[39mTRACE&amp#27;[0;39m o.s.b.f.s.DefaultListableBeanFactory.doGetBean - Returning cached instance of singleton bean 'org.springframework.boot.test.mock.mockito.MockitoPostProcessor'
22-07-2024 04:10:36.457 &amp#27;[35m[main]&amp#27;[0;39m &amp#27;[39mTRACE&amp#27;[0;39m o.s.b.f.s.DefaultListableBeanFactory.createBean - Finished creating instance of bean 'org.springframework.boot.test.mock.mockito.MockitoPostProcessor$SpyPostProcessor'
22-07-2024 04:10:36.457 &amp#27;[35m[main]&amp#27;[0;39m &amp#27;[39mDEBUG&amp#27;[0;39m o.s.b.f.s.DefaultListableBeanFactory.getSingleton - Creating shared instance of singleton bean 'org.springframework.boot.context.properties.ConfigurationPropertiesBindingPostProcessor'
22-07-2024 04:10:36.458 &amp#27;[35m[main]&amp#27;[0;39m &amp#27;[39mTRACE&amp#27;[0;39m o.s.b.f.s.DefaultListableBeanFactory.createBean - Creating instance of bean 'org.springframework.boot.context.properties.ConfigurationPropertiesBindingPostProcessor'
22-07-2024 04:10:36.458 &amp#27;[35m[main]&amp#27;[0;39m &amp#27;[39mTRACE&amp#27;[0;39m o.s.b.f.s.DefaultListableBeanFactory.invokeInitMethods - Invoking afterPropertiesSet() on bean with name 'org.springframework.boot.context.properties.ConfigurationPropertiesBindingPostProcessor'
22-07-2024 04:10:36.458 &amp#27;[35m[main]&amp#27;[0;39m &amp#27;[39mDEBUG&amp#27;[0;39m o.s.b.f.s.DefaultListableBeanFactory.getSingleton - Creating shared instance of singleton bean 'org.springframework.boot.context.internalConfigurationPropertiesBinder'
22-07-2024 04:10:36.458 &amp#27;[35m[main]&amp#27;[0;39m &amp#27;[39mTRACE&amp#27;[0;39m o.s.b.f.s.DefaultListableBeanFactory.createBean - Creating instance of bean 'org.springframework.boot.context.internalConfigurationPropertiesBinder'
22-07-2024 04:10:36.461 &amp#27;[35m[main]&amp#27;[0;39m &amp#27;[39mTRACE&amp#27;[0;39m o.s.b.f.s.DefaultListableBeanFactory.createBean - Finished creating instance of bean 'org.springframework.boot.context.internalConfigurationPropertiesBinder'
22-07-2024 04:10:36.461 &amp#27;[35m[main]&amp#27;[0;39m &amp#27;[39mTRACE&amp#27;[0;39m o.s.b.f.s.DefaultListableBeanFactory.createBean - Finished creating instance of bean 'org.springframework.boot.context.properties.ConfigurationPropertiesBindingPostProcessor'
22-07-2024 04:10:36.461 &amp#27;[35m[main]&amp#27;[0;39m &amp#27;[39mTRACE&amp#27;[0;39m o.s.b.f.s.DefaultListableBeanFactory.doGetBean - Returning cached instance of singleton bean 'org.springframework.boot.test.mock.mockito.MockitoPostProcessor'
22-07-2024 04:10:36.461 &amp#27;[35m[main]&amp#27;[0;39m &amp#27;[39mDEBUG&amp#27;[0;39m o.s.b.f.s.DefaultListableBeanFactory.getSingleton - Creating shared instance of singleton bean 'projectingArgumentResolverBeanPostProcessor'
22-07-2024 04:10:36.461 &amp#27;[35m[main]&amp#27;[0;39m &amp#27;[39mTRACE&amp#27;[0;39m o.s.b.f.s.DefaultListableBeanFactory.createBean - Creating instance of bean 'projectingArgumentResolverBeanPostProcessor'
22-07-2024 04:10:36.478 &amp#27;[35m[main]&amp#27;[0;39m &amp#27;[39mTRACE&amp#27;[0;39m o.s.b.f.s.DefaultListableBeanFactory.createBean - Finished creating instance of bean 'projectingArgumentResolverBeanPostProcessor'
22-07-2024 04:10:36.478 &amp#27;[35m[main]&amp#27;[0;39m &amp#27;[39mTRACE&amp#27;[0;39m o.s.b.f.s.DefaultListableBeanFactory.doGetBean - Returning cached instance of singleton bean 'org.springframework.boot.test.autoconfigure.properties.PropertyMappingContextCustomizer$PropertyMappingCheckBeanPostProcessor'
22-07-2024 04:10:36.480 &amp#27;[35m[main]&amp#27;[0;39m &amp#27;[39mTRACE&amp#27;[0;39m o.s.w.c.s.GenericWebApplicationContext.initMessageSource - No 'messageSource' bean, using [Empty MessageSource]
22-07-2024 04:10:36.480 &amp#27;[35m[main]&amp#27;[0;39m &amp#27;[39mTRACE&amp#27;[0;39m o.s.w.c.s.GenericWebApplicationContext.initApplicationEventMulticaster - No 'applicationEventMulticaster' bean, using [SimpleApplicationEventMulticaster]
22-07-2024 04:10:36.481 &amp#27;[35m[main]&amp#27;[0;39m &amp#27;[39mDEBUG&amp#27;[0;39m o.s.u.c.s.UiApplicationContextUtils.initThemeSource - Unable to locate ThemeSource with name 'themeSource': using default [org.springframework.ui.context.support.ResourceBundleThemeSource@629075f4]
22-07-2024 04:10:36.482 &amp#27;[35m[main]&amp#27;[0;39m &amp#27;[39mTRACE&amp#27;[0;39m o.s.b.f.s.DefaultListableBeanFactory.preInstantiateSingletons - Pre-instantiating singletons in org.springframework.beans.factory.support.DefaultListableBeanFactory@7fc645e4: defining beans [org.springframework.context.annotation.internalConfigurationAnnotationProcessor,org.springframework.context.annotation.internalAutowiredAnnotationProcessor,org.springframework.context.annotation.internalCommonAnnotationProcessor,org.springframework.context.annotation.internalPersistenceAnnotationProcessor,org.springframework.context.event.internalEventListenerProcessor,org.springframework.context.event.internalEventListenerFactory,org.springframework.boot.test.context.ImportsContextCustomizer$ImportsCleanupPostProcessor,org.springframework.boot.test.mock.mockito.MockitoPostProcessor$SpyPostProcessor,org.springframework.boot.test.mock.mockito.MockitoPostProcessor,appServiceApplication,org.springframework.boot.autoconfigure.internalCachingMetadataReaderFactory,webMvcConfig,userController,jwtAuthenticationFilter,org.springframework.boot.autoconfigure.AutoConfigurationPackages,org.springframework.boot.autoconfigure.task.TaskExecutorConfigurations$ThreadPoolTaskExecutorBuilderConfiguration,threadPoolTaskExecutorBuilder,org.springframework.boot.autoconfigure.task.TaskExecutorConfigurations$TaskExecutorBuilderConfiguration,taskExecutorBuilder,org.springframework.boot.autoconfigure.task.TaskExecutorConfigurations$SimpleAsyncTaskExecutorBuilderConfiguration,simpleAsyncTaskExecutorBuilder,org.springframework.boot.autoconfigure.task.TaskExecutorConfigurations$TaskExecutorConfiguration,applicationTaskExecutor,org.springframework.boot.autoconfigure.task.TaskExecutionAutoConfiguration,org.springframework.boot.context.properties.ConfigurationPropertiesBindingPostProcessor,org.springframework.boot.context.internalConfigurationPropertiesBinder,org.springframework.boot.context.properties.BoundConfigurationProperties,org.springframework.boot.context.properties.EnableConfigurationPropertiesRegistrar.methodValidationExcludeFilter,spring.task.execution-org.springframework.boot.autoconfigure.task.TaskExecutionProperties,org.springframework.boot.autoconfigure.web.servlet.error.ErrorMvcAutoConfiguration$WhitelabelErrorViewConfiguration,error,beanNameViewResolver,org.springframework.boot.autoconfigure.web.servlet.error.ErrorMvcAutoConfiguration$DefaultErrorViewResolverConfiguration,spring.mvc-org.springframework.boot.autoconfigure.web.servlet.WebMvcProperties,spring.web-org.springframework.boot.autoconfigure.web.WebProperties,org.springframework.boot.autoconfigure.web.servlet.error.ErrorMvcAutoConfiguration,errorAttributes,basicErrorController,errorPageCustomizer,preserveErrorControllerTargetClassPostProcessor,server-org.springframework.boot.autoconfigure.web.ServerProperties,org.springframework.boot.autoconfigure.web.servlet.WebMvcAutoConfiguration$EnableWebMvcConfiguration,welcomePageHandlerMapping,welcomePageNotAcceptableHandlerMapping,localeResolver,themeResolver,flashMapManager,mvcConversionService,mvcValidator,mvcContentNegotiationManager,requestMappingHandlerMapping,mvcPatternParser,mvcUrlPathHelper,mvcPathMatcher,viewControllerHandlerMapping,beanNameHandlerMapping,routerFunctionMapping,resourceHandlerMapping,mvcResourceUrlProvider,defaultServletHandlerMapping,requestMappingHandlerAdapter,handlerFunctionAdapter,mvcUriComponentsContributor,httpRequestHandlerAdapter,simpleControllerHandlerAdapter,handlerExceptionResolver,mvcViewResolver,mvcHandlerMappingIntrospector,viewNameTranslator,org.springframework.boot.autoconfigure.web.servlet.WebMvcAutoConfiguration$WebMvcAutoConfigurationAdapter,defaultViewResolver,viewResolver,requestContextFilter,org.springframework.boot.autoconfigure.web.servlet.WebMvcAutoConfiguration,formContentFilter,org.springframework.boot.autoconfigure.jackson.JacksonAutoConfiguration$Jackson2ObjectMapperBuilderCustomizerConfiguration,standardJacksonObjectMapperBuilderCustomizer,spring.jackson-org.springframework.boot.autoconfigure.jackson.JacksonProperties,org.springframework.boot.autoconfigure.jackson.JacksonAutoConfiguration$JacksonObjectMapperBuilderConfiguration,jacksonObjectMapperBuilder,org.springframework.boot.autoconfigure.jackson.JacksonAutoConfiguration$ParameterNamesModuleConfiguration,parameterNamesModule,org.springframework.boot.autoconfigure.jackson.JacksonAutoConfiguration$JacksonObjectMapperConfiguration,jacksonObjectMapper,org.springframework.boot.autoconfigure.jackson.JacksonAutoConfiguration$JacksonMixinConfiguration,jsonMixinModuleEntries,jsonMixinModule,org.springframework.boot.autoconfigure.jackson.JacksonAutoConfiguration,jsonComponentModule,org.springframework.boot.autoconfigure.http.HttpMessageConvertersAutoConfiguration$StringHttpMessageConverterConfiguration,stringHttpMessageConverter,org.springframework.boot.autoconfigure.http.JacksonHttpMessageConvertersConfiguration$MappingJackson2HttpMessageConverterConfiguration,mappingJackson2HttpMessageConverter,org.springframework.boot.autoconfigure.http.JacksonHttpMessageConvertersConfiguration,org.springframework.boot.autoconfigure.http.HttpMessageConvertersAutoConfiguration,messageConverters,org.springframework.data.web.config.ProjectingArgumentResolverRegistrar,projectingArgumentResolverBeanPostProcessor,org.springframework.data.web.config.SpringDataWebConfiguration,pageableResolver,sortResolver,offsetResolver,org.springframework.data.web.config.SpringDataJacksonConfiguration,jacksonGeoModule,pageModule,org.springframework.boot.autoconfigure.data.web.SpringDataWebAutoConfiguration,pageableCustomizer,sortCustomizer,spring.data.web-org.springframework.boot.autoconfigure.data.web.SpringDataWebProperties,org.springframework.security.config.annotation.configuration.ObjectPostProcessorConfiguration,objectPostProcessor,org.springframework.security.config.annotation.authentication.configuration.AuthenticationConfiguration,authenticationManagerBuilder,enableGlobalAuthenticationAutowiredConfigurer,initializeUserDetailsBeanManagerConfigurer,initializeAuthenticationProviderBeanManagerConfigurer,org.springframework.security.config.annotation.web.configuration.WebSecurityConfiguration,delegatingApplicationListener,webSecurityExpressionHandler,privilegeEvaluator,conversionServicePostProcessor,org.springframework.security.config.annotation.web.configuration.WebMvcSecurityConfiguration,requestDataValueProcessor,springSecurityHandlerMappingIntrospectorBeanDefinitionRegistryPostProcessor,org.springframework.security.config.annotation.web.configuration.HttpSecurityConfiguration,org.springframework.security.config.annotation.web.configuration.HttpSecurityConfiguration.httpSecurity,org.springframework.boot.autoconfigure.security.servlet.SpringBootWebSecurityConfiguration$WebSecurityEnablerConfiguration,org.springframework.boot.autoconfigure.security.servlet.SpringBootWebSecurityConfiguration$SecurityFilterChainConfiguration,defaultSecurityFilterChain,org.springframework.boot.autoconfigure.security.servlet.SpringBootWebSecurityConfiguration,org.springframework.boot.autoconfigure.security.servlet.SecurityAutoConfiguration,authenticationEventPublisher,spring.security-org.springframework.boot.autoconfigure.security.SecurityProperties,org.springframework.boot.autoconfigure.security.servlet.SecurityFilterAutoConfiguration,securityFilterChainRegistration,org.springframework.boot.autoconfigure.security.servlet.UserDetailsServiceAutoConfiguration,inMemoryUserDetailsManager,org.springframework.boot.autoconfigure.web.servlet.HttpEncodingAutoConfiguration,characterEncodingFilter,localeCharsetMappingsCustomizer,org.springframework.boot.test.autoconfigure.web.servlet.MockMvcAutoConfiguration,dispatcherServletPath,mockMvcBuilder,springBootMockMvcBuilderCustomizer,mockMvc,dispatcherServlet,mvcHandlerMappingIntrospectorRequestTransformer,springSecurityFilterChain,org.nauman.app.service.UserService#0]; root of factory hierarchy
22-07-2024 04:10:36.483 &amp#27;[35m[main]&amp#27;[0;39m &amp#27;[39mTRACE&amp#27;[0;39m o.s.b.f.s.DefaultListableBeanFactory.doGetBean - Returning cached instance of singleton bean 'org.springframework.context.annotation.internalConfigurationAnnotationProcessor'
22-07-2024 04:10:36.483 &amp#27;[35m[main]&amp#27;[0;39m &amp#27;[39mTRACE&amp#27;[0;39m o.s.b.f.s.DefaultListableBeanFactory.doGetBean - Returning cached instance of singleton bean 'org.springframework.context.annotation.internalAutowiredAnnotationProcessor'
22-07-2024 04:10:36.483 &amp#27;[35m[main]&amp#27;[0;39m &amp#27;[39mTRACE&amp#27;[0;39m o.s.b.f.s.DefaultListableBeanFactory.doGetBean - Returning cached instance of singleton bean 'org.springframework.context.annotation.internalCommonAnnotationProcessor'
22-07-2024 04:10:36.483 &amp#27;[35m[main]&amp#27;[0;39m &amp#27;[39mTRACE&amp#27;[0;39m o.s.b.f.s.DefaultListableBeanFactory.doGetBean - Returning cached instance of singleton bean 'org.springframework.context.annotation.internalPersistenceAnnotationProcessor'
22-07-2024 04:10:36.483 &amp#27;[35m[main]&amp#27;[0;39m &amp#27;[39mTRACE&amp#27;[0;39m o.s.b.f.s.DefaultListableBeanFactory.doGetBean - Returning cached instance of singleton bean 'org.springframework.context.event.internalEventListenerProcessor'
22-07-2024 04:10:36.483 &amp#27;[35m[main]&amp#27;[0;39m &amp#27;[39mTRACE&amp#27;[0;39m o.s.b.f.s.DefaultListableBeanFactory.doGetBean - Returning cached instance of singleton bean 'org.springframework.context.event.internalEventListenerFactory'
22-07-2024 04:10:36.483 &amp#27;[35m[main]&amp#27;[0;39m &amp#27;[39mTRACE&amp#27;[0;39m o.s.b.f.s.DefaultListableBeanFactory.doGetBean - Returning cached instance of singleton bean 'org.springframework.boot.test.context.ImportsContextCustomizer$ImportsCleanupPostProcessor'
22-07-2024 04:10:36.483 &amp#27;[35m[main]&amp#27;[0;39m &amp#27;[39mTRACE&amp#27;[0;39m o.s.b.f.s.DefaultListableBeanFactory.doGetBean - Returning cached instance of singleton bean 'org.springframework.boot.test.mock.mockito.MockitoPostProcessor$SpyPostProcessor'
22-07-2024 04:10:36.483 &amp#27;[35m[main]&amp#27;[0;39m &amp#27;[39mTRACE&amp#27;[0;39m o.s.b.f.s.DefaultListableBeanFactory.doGetBean - Returning cached instance of singleton bean 'org.springframework.boot.test.mock.mockito.MockitoPostProcessor'
22-07-2024 04:10:36.483 &amp#27;[35m[main]&amp#27;[0;39m &amp#27;[39mDEBUG&amp#27;[0;39m o.s.b.f.s.DefaultListableBeanFactory.getSingleton - Creating shared instance of singleton bean 'appServiceApplication'
22-07-2024 04:10:36.484 &amp#27;[35m[main]&amp#27;[0;39m &amp#27;[39mTRACE&amp#27;[0;39m o.s.b.f.s.DefaultListableBeanFactory.createBean - Creating instance of bean 'appServiceApplication'
22-07-2024 04:10:36.485 &amp#27;[35m[main]&amp#27;[0;39m &amp#27;[39mTRACE&amp#27;[0;39m o.s.b.f.s.DefaultListableBeanFactory.createBean - Finished creating instance of bean 'appServiceApplication'
22-07-2024 04:10:36.485 &amp#27;[35m[main]&amp#27;[0;39m &amp#27;[39mTRACE&amp#27;[0;39m o.s.b.f.s.DefaultListableBeanFactory.doGetBean - Returning cached instance of singleton bean 'org.springframework.boot.autoconfigure.internalCachingMetadataReaderFactory'
22-07-2024 04:10:36.485 &amp#27;[35m[main]&amp#27;[0;39m &amp#27;[39mDEBUG&amp#27;[0;39m o.s.b.f.s.DefaultListableBeanFactory.getSingleton - Creating shared instance of singleton bean 'webMvcConfig'
22-07-2024 04:10:36.485 &amp#27;[35m[main]&amp#27;[0;39m &amp#27;[39mTRACE&amp#27;[0;39m o.s.b.f.s.DefaultListableBeanFactory.createBean - Creating instance of bean 'webMvcConfig'
22-07-2024 04:10:36.486 &amp#27;[35m[main]&amp#27;[0;39m &amp#27;[39mTRACE&amp#27;[0;39m o.s.b.f.s.DefaultListableBeanFactory.createBean - Finished creating instance of bean 'webMvcConfig'
22-07-2024 04:10:36.486 &amp#27;[35m[main]&amp#27;[0;39m &amp#27;[39mDEBUG&amp#27;[0;39m o.s.b.f.s.DefaultListableBeanFactory.getSingleton - Creating shared instance of singleton bean 'userController'
22-07-2024 04:10:36.486 &amp#27;[35m[main]&amp#27;[0;39m &amp#27;[39mTRACE&amp#27;[0;39m o.s.b.f.s.DefaultListableBeanFactory.createBean - Creating instance of bean 'userController'
22-07-2024 04:10:36.493 &amp#27;[35m[main]&amp#27;[0;39m &amp#27;[39mTRACE&amp#27;[0;39m o.s.b.f.s.DefaultListableBeanFactory.doGetBean - Returning cached instance of singleton bean 'org.nauman.app.service.UserService#0'
22-07-2024 04:10:36.493 &amp#27;[35m[main]&amp#27;[0;39m &amp#27;[39mTRACE&amp#27;[0;39m o.s.b.f.a.AutowiredAnnotationBeanPostProcessor.registerDependentBeans - Autowiring by type from bean name 'userController' to bean named 'org.nauman.app.service.UserService#0'
22-07-2024 04:10:36.493 &amp#27;[35m[main]&amp#27;[0;39m &amp#27;[39mTRACE&amp#27;[0;39m o.s.b.f.s.DefaultListableBeanFactory.createBean - Finished creating instance of bean 'userController'
22-07-2024 04:10:36.493 &amp#27;[35m[main]&amp#27;[0;39m &amp#27;[39mDEBUG&amp#27;[0;39m o.s.b.f.s.DefaultListableBeanFactory.getSingleton - Creating shared instance of singleton bean 'jwtAuthenticationFilter'
22-07-2024 04:10:36.493 &amp#27;[35m[main]&amp#27;[0;39m &amp#27;[39mTRACE&amp#27;[0;39m o.s.b.f.s.DefaultListableBeanFactory.createBean - Creating instance of bean 'jwtAuthenticationFilter'
22-07-2024 04:10:36.495 &amp#27;[35m[main]&amp#27;[0;39m &amp#27;[39mTRACE&amp#27;[0;39m o.s.b.f.s.DefaultListableBeanFactory.autowireConstructor - Ignoring constructor [public org.nauman.app.security.filters.JwtAuthenticationFilter(org.springframework.security.authentication.AuthenticationManager)] of bean 'jwtAuthenticationFilter': org.springframework.beans.factory.UnsatisfiedDependencyException: Error creating bean with name 'jwtAuthenticationFilter' defined in file [/Users/nauman/Documents/Repositories/monolithic-springboot/app-service/target/classes/org/nauman/app/security/filters/JwtAuthenticationFilter.class]: Unsatisfied dependency expressed through constructor parameter 0: No qualifying bean of type 'org.springframework.security.authentication.AuthenticationManager' available: expected at least 1 bean which qualifies as autowire candidate. Dependency annotations: {}
22-07-2024 04:10:36.495 &amp#27;[35m[main]&amp#27;[0;39m &amp#27;[31mWARN &amp#27;[0;39m o.s.w.c.s.GenericWebApplicationContext.refresh - Exception encountered during context initialization - cancelling refresh attempt: org.springframework.beans.factory.UnsatisfiedDependencyException: Error creating bean with name 'jwtAuthenticationFilter' defined in file [/Users/nauman/Documents/Repositories/monolithic-springboot/app-service/target/classes/org/nauman/app/security/filters/JwtAuthenticationFilter.class]: Unsatisfied dependency expressed through constructor parameter 0: No qualifying bean of type 'org.springframework.security.authentication.AuthenticationManager' available: expected at least 1 bean which qualifies as autowire candidate. Dependency annotations: {}
22-07-2024 04:10:36.496 &amp#27;[35m[main]&amp#27;[0;39m &amp#27;[39mTRACE&amp#27;[0;39m o.s.b.f.s.DefaultListableBeanFactory.destroySingletons - Destroying singletons in org.springframework.beans.factory.support.DefaultListableBeanFactory@7fc645e4: defining beans [org.springframework.context.annotation.internalConfigurationAnnotationProcessor,org.springframework.context.annotation.internalAutowiredAnnotationProcessor,org.springframework.context.annotation.internalCommonAnnotationProcessor,org.springframework.context.annotation.internalPersistenceAnnotationProcessor,org.springframework.context.event.internalEventListenerProcessor,org.springframework.context.event.internalEventListenerFactory,org.springframework.boot.test.context.ImportsContextCustomizer$ImportsCleanupPostProcessor,org.springframework.boot.test.mock.mockito.MockitoPostProcessor$SpyPostProcessor,org.springframework.boot.test.mock.mockito.MockitoPostProcessor,appServiceApplication,org.springframework.boot.autoconfigure.internalCachingMetadataReaderFactory,webMvcConfig,userController,jwtAuthenticationFilter,org.springframework.boot.autoconfigure.AutoConfigurationPackages,org.springframework.boot.autoconfigure.task.TaskExecutorConfigurations$ThreadPoolTaskExecutorBuilderConfiguration,threadPoolTaskExecutorBuilder,org.springframework.boot.autoconfigure.task.TaskExecutorConfigurations$TaskExecutorBuilderConfiguration,taskExecutorBuilder,org.springframework.boot.autoconfigure.task.TaskExecutorConfigurations$SimpleAsyncTaskExecutorBuilderConfiguration,simpleAsyncTaskExecutorBuilder,org.springframework.boot.autoconfigure.task.TaskExecutorConfigurations$TaskExecutorConfiguration,applicationTaskExecutor,org.springframework.boot.autoconfigure.task.TaskExecutionAutoConfiguration,org.springframework.boot.context.properties.ConfigurationPropertiesBindingPostProcessor,org.springframework.boot.context.internalConfigurationPropertiesBinder,org.springframework.boot.context.properties.BoundConfigurationProperties,org.springframework.boot.context.properties.EnableConfigurationPropertiesRegistrar.methodValidationExcludeFilter,spring.task.execution-org.springframework.boot.autoconfigure.task.TaskExecutionProperties,org.springframework.boot.autoconfigure.web.servlet.error.ErrorMvcAutoConfiguration$WhitelabelErrorViewConfiguration,error,beanNameViewResolver,org.springframework.boot.autoconfigure.web.servlet.error.ErrorMvcAutoConfiguration$DefaultErrorViewResolverConfiguration,spring.mvc-org.springframework.boot.autoconfigure.web.servlet.WebMvcProperties,spring.web-org.springframework.boot.autoconfigure.web.WebProperties,org.springframework.boot.autoconfigure.web.servlet.error.ErrorMvcAutoConfiguration,errorAttributes,basicErrorController,errorPageCustomizer,preserveErrorControllerTargetClassPostProcessor,server-org.springframework.boot.autoconfigure.web.ServerProperties,org.springframework.boot.autoconfigure.web.servlet.WebMvcAutoConfiguration$EnableWebMvcConfiguration,welcomePageHandlerMapping,welcomePageNotAcceptableHandlerMapping,localeResolver,themeResolver,flashMapManager,mvcConversionService,mvcValidator,mvcContentNegotiationManager,requestMappingHandlerMapping,mvcPatternParser,mvcUrlPathHelper,mvcPathMatcher,viewControllerHandlerMapping,beanNameHandlerMapping,routerFunctionMapping,resourceHandlerMapping,mvcResourceUrlProvider,defaultServletHandlerMapping,requestMappingHandlerAdapter,handlerFunctionAdapter,mvcUriComponentsContributor,httpRequestHandlerAdapter,simpleControllerHandlerAdapter,handlerExceptionResolver,mvcViewResolver,mvcHandlerMappingIntrospector,viewNameTranslator,org.springframework.boot.autoconfigure.web.servlet.WebMvcAutoConfiguration$WebMvcAutoConfigurationAdapter,defaultViewResolver,viewResolver,requestContextFilter,org.springframework.boot.autoconfigure.web.servlet.WebMvcAutoConfiguration,formContentFilter,org.springframework.boot.autoconfigure.jackson.JacksonAutoConfiguration$Jackson2ObjectMapperBuilderCustomizerConfiguration,standardJacksonObjectMapperBuilderCustomizer,spring.jackson-org.springframework.boot.autoconfigure.jackson.JacksonProperties,org.springframework.boot.autoconfigure.jackson.JacksonAutoConfiguration$JacksonObjectMapperBuilderConfiguration,jacksonObjectMapperBuilder,org.springframework.boot.autoconfigure.jackson.JacksonAutoConfiguration$ParameterNamesModuleConfiguration,parameterNamesModule,org.springframework.boot.autoconfigure.jackson.JacksonAutoConfiguration$JacksonObjectMapperConfiguration,jacksonObjectMapper,org.springframework.boot.autoconfigure.jackson.JacksonAutoConfiguration$JacksonMixinConfiguration,jsonMixinModuleEntries,jsonMixinModule,org.springframework.boot.autoconfigure.jackson.JacksonAutoConfiguration,jsonComponentModule,org.springframework.boot.autoconfigure.http.HttpMessageConvertersAutoConfiguration$StringHttpMessageConverterConfiguration,stringHttpMessageConverter,org.springframework.boot.autoconfigure.http.JacksonHttpMessageConvertersConfiguration$MappingJackson2HttpMessageConverterConfiguration,mappingJackson2HttpMessageConverter,org.springframework.boot.autoconfigure.http.JacksonHttpMessageConvertersConfiguration,org.springframework.boot.autoconfigure.http.HttpMessageConvertersAutoConfiguration,messageConverters,org.springframework.data.web.config.ProjectingArgumentResolverRegistrar,projectingArgumentResolverBeanPostProcessor,org.springframework.data.web.config.SpringDataWebConfiguration,pageableResolver,sortResolver,offsetResolver,org.springframework.data.web.config.SpringDataJacksonConfiguration,jacksonGeoModule,pageModule,org.springframework.boot.autoconfigure.data.web.SpringDataWebAutoConfiguration,pageableCustomizer,sortCustomizer,spring.data.web-org.springframework.boot.autoconfigure.data.web.SpringDataWebProperties,org.springframework.security.config.annotation.configuration.ObjectPostProcessorConfiguration,objectPostProcessor,org.springframework.security.config.annotation.authentication.configuration.AuthenticationConfiguration,authenticationManagerBuilder,enableGlobalAuthenticationAutowiredConfigurer,initializeUserDetailsBeanManagerConfigurer,initializeAuthenticationProviderBeanManagerConfigurer,org.springframework.security.config.annotation.web.configuration.WebSecurityConfiguration,delegatingApplicationListener,webSecurityExpressionHandler,privilegeEvaluator,conversionServicePostProcessor,org.springframework.security.config.annotation.web.configuration.WebMvcSecurityConfiguration,requestDataValueProcessor,springSecurityHandlerMappingIntrospectorBeanDefinitionRegistryPostProcessor,org.springframework.security.config.annotation.web.configuration.HttpSecurityConfiguration,org.springframework.security.config.annotation.web.configuration.HttpSecurityConfiguration.httpSecurity,org.springframework.boot.autoconfigure.security.servlet.SpringBootWebSecurityConfiguration$WebSecurityEnablerConfiguration,org.springframework.boot.autoconfigure.security.servlet.SpringBootWebSecurityConfiguration$SecurityFilterChainConfiguration,defaultSecurityFilterChain,org.springframework.boot.autoconfigure.security.servlet.SpringBootWebSecurityConfiguration,org.springframework.boot.autoconfigure.security.servlet.SecurityAutoConfiguration,authenticationEventPublisher,spring.security-org.springframework.boot.autoconfigure.security.SecurityProperties,org.springframework.boot.autoconfigure.security.servlet.SecurityFilterAutoConfiguration,securityFilterChainRegistration,org.springframework.boot.autoconfigure.security.servlet.UserDetailsServiceAutoConfiguration,inMemoryUserDetailsManager,org.springframework.boot.autoconfigure.web.servlet.HttpEncodingAutoConfiguration,characterEncodingFilter,localeCharsetMappingsCustomizer,org.springframework.boot.test.autoconfigure.web.servlet.MockMvcAutoConfiguration,dispatcherServletPath,mockMvcBuilder,springBootMockMvcBuilderCustomizer,mockMvc,dispatcherServlet,mvcHandlerMappingIntrospectorRequestTransformer,springSecurityFilterChain,org.nauman.app.service.UserService#0]; root of factory hierarchy
22-07-2024 04:10:36.496 &amp#27;[35m[main]&amp#27;[0;39m &amp#27;[39mTRACE&amp#27;[0;39m o.s.b.f.s.DefaultListableBeanFactory.destroyBean - Retrieved dependent beans for bean 'org.springframework.boot.autoconfigure.internalCachingMetadataReaderFactory': [org.springframework.context.annotation.internalConfigurationAnnotationProcessor]
22-07-2024 04:10:36.503 &amp#27;[35m[main]&amp#27;[0;39m &amp#27;[39mDEBUG&amp#27;[0;39m o.s.b.a.l.ConditionEvaluationReportLogger.logReport - 


============================
CONDITIONS EVALUATION REPORT
============================


Positive matches:
-----------------

   ErrorMvcAutoConfiguration matched:
      - @ConditionalOnClass found required classes 'jakarta.servlet.Servlet', 'org.springframework.web.servlet.DispatcherServlet' (OnClassCondition)
      - found 'session' scope (OnWebApplicationCondition)

   ErrorMvcAutoConfiguration#basicErrorController matched:
      - @ConditionalOnMissingBean (types: org.springframework.boot.web.servlet.error.ErrorController; SearchStrategy: current) did not find any beans (OnBeanCondition)

   ErrorMvcAutoConfiguration#errorAttributes matched:
      - @ConditionalOnMissingBean (types: org.springframework.boot.web.servlet.error.ErrorAttributes; SearchStrategy: current) did not find any beans (OnBeanCondition)

   ErrorMvcAutoConfiguration.WhitelabelErrorViewConfiguration matched:
      - @ConditionalOnProperty (server.error.whitelabel.enabled) matched (OnPropertyCondition)
      - ErrorTemplate Missing did not find error template view (ErrorMvcAutoConfiguration.ErrorTemplateMissingCondition)

   ErrorMvcAutoConfiguration.WhitelabelErrorViewConfiguration#beanNameViewResolver matched:
      - @ConditionalOnMissingBean (types: org.springframework.web.servlet.view.BeanNameViewResolver; SearchStrategy: all) did not find any beans (OnBeanCondition)

   ErrorMvcAutoConfiguration.WhitelabelErrorViewConfiguration#defaultErrorView matched:
      - @ConditionalOnMissingBean (names: error; SearchStrategy: all) did not find any beans (OnBeanCondition)

   HttpEncodingAutoConfiguration matched:
      - @ConditionalOnClass found required class 'org.springframework.web.filter.CharacterEncodingFilter' (OnClassCondition)
      - found 'session' scope (OnWebApplicationCondition)
      - @ConditionalOnProperty (server.servlet.encoding.enabled) matched (OnPropertyCondition)

   HttpEncodingAutoConfiguration#characterEncodingFilter matched:
      - @ConditionalOnMissingBean (types: org.springframework.web.filter.CharacterEncodingFilter; SearchStrategy: all) did not find any beans (OnBeanCondition)

   HttpMessageConvertersAutoConfiguration matched:
      - @ConditionalOnClass found required class 'org.springframework.http.converter.HttpMessageConverter' (OnClassCondition)
      - NoneNestedConditions 0 matched 1 did not; NestedCondition on HttpMessageConvertersAutoConfiguration.NotReactiveWebApplicationCondition.ReactiveWebApplication did not find reactive web application classes (HttpMessageConvertersAutoConfiguration.NotReactiveWebApplicationCondition)

   HttpMessageConvertersAutoConfiguration#messageConverters matched:
      - @ConditionalOnMissingBean (types: org.springframework.boot.autoconfigure.http.HttpMessageConverters; SearchStrategy: all) did not find any beans (OnBeanCondition)

   HttpMessageConvertersAutoConfiguration.StringHttpMessageConverterConfiguration matched:
      - @ConditionalOnClass found required class 'org.springframework.http.converter.StringHttpMessageConverter' (OnClassCondition)

   HttpMessageConvertersAutoConfiguration.StringHttpMessageConverterConfiguration#stringHttpMessageConverter matched:
      - @ConditionalOnMissingBean (types: org.springframework.http.converter.StringHttpMessageConverter; SearchStrategy: all) did not find any beans (OnBeanCondition)

   JacksonAutoConfiguration matched:
      - @ConditionalOnClass found required class 'com.fasterxml.jackson.databind.ObjectMapper' (OnClassCondition)

   JacksonAutoConfiguration.Jackson2ObjectMapperBuilderCustomizerConfiguration matched:
      - @ConditionalOnClass found required class 'org.springframework.http.converter.json.Jackson2ObjectMapperBuilder' (OnClassCondition)

   JacksonAutoConfiguration.JacksonObjectMapperBuilderConfiguration matched:
      - @ConditionalOnClass found required class 'org.springframework.http.converter.json.Jackson2ObjectMapperBuilder' (OnClassCondition)

   JacksonAutoConfiguration.JacksonObjectMapperBuilderConfiguration#jacksonObjectMapperBuilder matched:
      - @ConditionalOnMissingBean (types: org.springframework.http.converter.json.Jackson2ObjectMapperBuilder; SearchStrategy: all) did not find any beans (OnBeanCondition)

   JacksonAutoConfiguration.JacksonObjectMapperConfiguration matched:
      - @ConditionalOnClass found required class 'org.springframework.http.converter.json.Jackson2ObjectMapperBuilder' (OnClassCondition)

   JacksonAutoConfiguration.JacksonObjectMapperConfiguration#jacksonObjectMapper matched:
      - @ConditionalOnMissingBean (types: com.fasterxml.jackson.databind.ObjectMapper; SearchStrategy: all) did not find any beans (OnBeanCondition)

   JacksonAutoConfiguration.ParameterNamesModuleConfiguration matched:
      - @ConditionalOnClass found required class 'com.fasterxml.jackson.module.paramnames.ParameterNamesModule' (OnClassCondition)

   JacksonAutoConfiguration.ParameterNamesModuleConfiguration#parameterNamesModule matched:
      - @ConditionalOnMissingBean (types: com.fasterxml.jackson.module.paramnames.ParameterNamesModule; SearchStrategy: all) did not find any beans (OnBeanCondition)

   JacksonHttpMessageConvertersConfiguration.MappingJackson2HttpMessageConverterConfiguration matched:
      - @ConditionalOnClass found required class 'com.fasterxml.jackson.databind.ObjectMapper' (OnClassCondition)
      - @ConditionalOnProperty (spring.mvc.converters.preferred-json-mapper=jackson) matched (OnPropertyCondition)
      - @ConditionalOnBean (types: com.fasterxml.jackson.databind.ObjectMapper; SearchStrategy: all) found bean 'jacksonObjectMapper' (OnBeanCondition)

   JacksonHttpMessageConvertersConfiguration.MappingJackson2HttpMessageConverterConfiguration#mappingJackson2HttpMessageConverter matched:
      - @ConditionalOnMissingBean (types: org.springframework.http.converter.json.MappingJackson2HttpMessageConverter ignored: org.springframework.hateoas.server.mvc.TypeConstrainedMappingJackson2HttpMessageConverter,org.springframework.data.rest.webmvc.alps.AlpsJsonHttpMessageConverter; SearchStrategy: all) did not find any beans (OnBeanCondition)

   MockMvcAutoConfiguration matched:
      - found 'session' scope (OnWebApplicationCondition)

   MockMvcAutoConfiguration#dispatcherServlet matched:
      - @ConditionalOnMissingBean (types: org.springframework.web.servlet.DispatcherServlet; SearchStrategy: all) did not find any beans (OnBeanCondition)

   MockMvcAutoConfiguration#dispatcherServletPath matched:
      - @ConditionalOnMissingBean (types: org.springframework.boot.autoconfigure.web.servlet.DispatcherServletPath; SearchStrategy: all) did not find any beans (OnBeanCondition)

   MockMvcAutoConfiguration#mockMvc matched:
      - @ConditionalOnMissingBean (types: org.springframework.test.web.servlet.MockMvc; SearchStrategy: all) did not find any beans (OnBeanCondition)

   MockMvcAutoConfiguration#mockMvcBuilder matched:
      - @ConditionalOnMissingBean (types: org.springframework.test.web.servlet.MockMvcBuilder; SearchStrategy: all) did not find any beans (OnBeanCondition)

   NoOpCacheConfiguration matched:
      - Cache org.springframework.boot.autoconfigure.cache.NoOpCacheConfiguration NONE cache type (CacheCondition)

   SecurityAutoConfiguration matched:
      - @ConditionalOnClass found required class 'org.springframework.security.authentication.DefaultAuthenticationEventPublisher' (OnClassCondition)

   SecurityAutoConfiguration#authenticationEventPublisher matched:
      - @ConditionalOnMissingBean (types: org.springframework.security.authentication.AuthenticationEventPublisher; SearchStrategy: all) did not find any beans (OnBeanCondition)

   SecurityFilterAutoConfiguration matched:
      - @ConditionalOnClass found required classes 'org.springframework.security.web.context.AbstractSecurityWebApplicationInitializer', 'org.springframework.security.config.http.SessionCreationPolicy' (OnClassCondition)
      - found 'session' scope (OnWebApplicationCondition)

   SecurityFilterAutoConfiguration#securityFilterChainRegistration matched:
      - @ConditionalOnBean (names: springSecurityFilterChain; SearchStrategy: all) found bean 'springSecurityFilterChain' (OnBeanCondition)

   SpringBootWebSecurityConfiguration matched:
      - found 'session' scope (OnWebApplicationCondition)

   SpringBootWebSecurityConfiguration.SecurityFilterChainConfiguration matched:
      - AllNestedConditions 2 matched 0 did not; NestedCondition on DefaultWebSecurityCondition.Beans @ConditionalOnMissingBean (types: org.springframework.security.web.SecurityFilterChain; SearchStrategy: all) did not find any beans; NestedCondition on DefaultWebSecurityCondition.Classes @ConditionalOnClass found required classes 'org.springframework.security.web.SecurityFilterChain', 'org.springframework.security.config.annotation.web.builders.HttpSecurity' (DefaultWebSecurityCondition)

   SpringBootWebSecurityConfiguration.WebSecurityEnablerConfiguration matched:
      - @ConditionalOnClass found required class 'org.springframework.security.config.annotation.web.configuration.EnableWebSecurity' (OnClassCondition)
      - @ConditionalOnMissingBean (names: springSecurityFilterChain; SearchStrategy: all) did not find any beans (OnBeanCondition)

   SpringDataWebAutoConfiguration matched:
      - @ConditionalOnClass found required classes 'org.springframework.data.web.PageableHandlerMethodArgumentResolver', 'org.springframework.web.servlet.config.annotation.WebMvcConfigurer' (OnClassCondition)
      - found 'session' scope (OnWebApplicationCondition)
      - @ConditionalOnMissingBean (types: org.springframework.data.web.PageableHandlerMethodArgumentResolver; SearchStrategy: all) did not find any beans (OnBeanCondition)

   SpringDataWebAutoConfiguration#pageableCustomizer matched:
      - @ConditionalOnMissingBean (types: org.springframework.data.web.config.PageableHandlerMethodArgumentResolverCustomizer; SearchStrategy: all) did not find any beans (OnBeanCondition)

   SpringDataWebAutoConfiguration#sortCustomizer matched:
      - @ConditionalOnMissingBean (types: org.springframework.data.web.config.SortHandlerMethodArgumentResolverCustomizer; SearchStrategy: all) did not find any beans (OnBeanCondition)

   TaskExecutionAutoConfiguration matched:
      - @ConditionalOnClass found required class 'org.springframework.scheduling.concurrent.ThreadPoolTaskExecutor' (OnClassCondition)

   TaskExecutorConfigurations.SimpleAsyncTaskExecutorBuilderConfiguration#simpleAsyncTaskExecutorBuilder matched:
      - @ConditionalOnMissingBean (types: org.springframework.boot.task.SimpleAsyncTaskExecutorBuilder; SearchStrategy: all) did not find any beans (OnBeanCondition)
      - @ConditionalOnThreading found PLATFORM (OnThreadingCondition)

   TaskExecutorConfigurations.TaskExecutorBuilderConfiguration#taskExecutorBuilder matched:
      - @ConditionalOnMissingBean (types: org.springframework.boot.task.TaskExecutorBuilder; SearchStrategy: all) did not find any beans (OnBeanCondition)

   TaskExecutorConfigurations.TaskExecutorConfiguration matched:
      - @ConditionalOnMissingBean (types: java.util.concurrent.Executor; SearchStrategy: all) did not find any beans (OnBeanCondition)

   TaskExecutorConfigurations.TaskExecutorConfiguration#applicationTaskExecutor matched:
      - @ConditionalOnThreading found PLATFORM (OnThreadingCondition)

   TaskExecutorConfigurations.ThreadPoolTaskExecutorBuilderConfiguration#threadPoolTaskExecutorBuilder matched:
      - @ConditionalOnMissingBean (types: org.springframework.boot.task.TaskExecutorBuilder,org.springframework.boot.task.ThreadPoolTaskExecutorBuilder; SearchStrategy: all) did not find any beans (OnBeanCondition)

   UserDetailsServiceAutoConfiguration matched:
      - @ConditionalOnClass found required class 'org.springframework.security.authentication.AuthenticationManager' (OnClassCondition)
      - AnyNestedCondition 1 matched 2 did not; NestedCondition on UserDetailsServiceAutoConfiguration.MissingAlternativeOrUserPropertiesConfigured.PasswordConfigured @ConditionalOnProperty (spring.security.user.password) did not find property 'password'; NestedCondition on UserDetailsServiceAutoConfiguration.MissingAlternativeOrUserPropertiesConfigured.NameConfigured @ConditionalOnProperty (spring.security.user.name) did not find property 'name'; NestedCondition on UserDetailsServiceAutoConfiguration.MissingAlternativeOrUserPropertiesConfigured.MissingAlternative @ConditionalOnMissingClass did not find unwanted classes 'org.springframework.security.oauth2.client.registration.ClientRegistrationRepository', 'org.springframework.security.oauth2.server.resource.introspection.OpaqueTokenIntrospector', 'org.springframework.security.saml2.provider.service.registration.RelyingPartyRegistrationRepository' (UserDetailsServiceAutoConfiguration.MissingAlternativeOrUserPropertiesConfigured)
      - @ConditionalOnBean (types: org.springframework.security.config.annotation.ObjectPostProcessor; SearchStrategy: all) found bean 'objectPostProcessor'; @ConditionalOnMissingBean (types: org.springframework.security.authentication.AuthenticationManager,org.springframework.security.authentication.AuthenticationProvider,org.springframework.security.core.userdetails.UserDetailsService,org.springframework.security.authentication.AuthenticationManagerResolver,org.springframework.security.oauth2.jwt.JwtDecoder; SearchStrategy: all) did not find any beans (OnBeanCondition)

   WebMvcAutoConfiguration matched:
      - @ConditionalOnClass found required classes 'jakarta.servlet.Servlet', 'org.springframework.web.servlet.DispatcherServlet', 'org.springframework.web.servlet.config.annotation.WebMvcConfigurer' (OnClassCondition)
      - found 'session' scope (OnWebApplicationCondition)
      - @ConditionalOnMissingBean (types: org.springframework.web.servlet.config.annotation.WebMvcConfigurationSupport; SearchStrategy: all) did not find any beans (OnBeanCondition)

   WebMvcAutoConfiguration#formContentFilter matched:
      - @ConditionalOnProperty (spring.mvc.formcontent.filter.enabled) matched (OnPropertyCondition)
      - @ConditionalOnMissingBean (types: org.springframework.web.filter.FormContentFilter; SearchStrategy: all) did not find any beans (OnBeanCondition)

   WebMvcAutoConfiguration.EnableWebMvcConfiguration#flashMapManager matched:
      - @ConditionalOnMissingBean (names: flashMapManager; SearchStrategy: all) did not find any beans (OnBeanCondition)

   WebMvcAutoConfiguration.EnableWebMvcConfiguration#localeResolver matched:
      - @ConditionalOnMissingBean (names: localeResolver; SearchStrategy: all) did not find any beans (OnBeanCondition)

   WebMvcAutoConfiguration.EnableWebMvcConfiguration#themeResolver matched:
      - @ConditionalOnMissingBean (names: themeResolver; SearchStrategy: all) did not find any beans (OnBeanCondition)

   WebMvcAutoConfiguration.WebMvcAutoConfigurationAdapter#defaultViewResolver matched:
      - @ConditionalOnMissingBean (types: org.springframework.web.servlet.view.InternalResourceViewResolver; SearchStrategy: all) did not find any beans (OnBeanCondition)

   WebMvcAutoConfiguration.WebMvcAutoConfigurationAdapter#requestContextFilter matched:
      - @ConditionalOnMissingBean (types: org.springframework.web.context.request.RequestContextListener,org.springframework.web.filter.RequestContextFilter; SearchStrategy: all) did not find any beans (OnBeanCondition)

   WebMvcAutoConfiguration.WebMvcAutoConfigurationAdapter#viewResolver matched:
      - @ConditionalOnBean (types: org.springframework.web.servlet.ViewResolver; SearchStrategy: all) found beans 'defaultViewResolver', 'beanNameViewResolver', 'mvcViewResolver'; @ConditionalOnMissingBean (names: viewResolver types: org.springframework.web.servlet.view.ContentNegotiatingViewResolver; SearchStrategy: all) did not find any beans (OnBeanCondition)


Negative matches:
-----------------

   Cache2kCacheConfiguration:
      Did not match:
         - @ConditionalOnClass did not find required class 'org.cache2k.Cache2kBuilder' (OnClassCondition)

   CacheAutoConfiguration:
      Did not match:
         - @ConditionalOnBean (types: org.springframework.cache.interceptor.CacheAspectSupport; SearchStrategy: all) did not find any beans of type org.springframework.cache.interceptor.CacheAspectSupport (OnBeanCondition)
      Matched:
         - @ConditionalOnClass found required class 'org.springframework.cache.CacheManager' (OnClassCondition)

   CacheAutoConfiguration.CacheManagerEntityManagerFactoryDependsOnPostProcessor:
      Did not match:
         - Ancestor org.springframework.boot.autoconfigure.cache.CacheAutoConfiguration did not match (ConditionEvaluationReport.AncestorsMatchedCondition)
      Matched:
         - @ConditionalOnClass found required class 'org.springframework.orm.jpa.LocalContainerEntityManagerFactoryBean' (OnClassCondition)

   CaffeineCacheConfiguration:
      Did not match:
         - @ConditionalOnClass did not find required class 'com.github.benmanes.caffeine.cache.Caffeine' (OnClassCondition)

   CouchbaseCacheConfiguration:
      Did not match:
         - @ConditionalOnClass did not find required class 'com.couchbase.client.java.Cluster' (OnClassCondition)

   ErrorMvcAutoConfiguration.DefaultErrorViewResolverConfiguration#conventionErrorViewResolver:
      Did not match:
         - @ConditionalOnBean (types: org.springframework.web.servlet.DispatcherServlet; SearchStrategy: all) did not find any beans of type org.springframework.web.servlet.DispatcherServlet (OnBeanCondition)

   FreeMarkerAutoConfiguration:
      Did not match:
         - @ConditionalOnClass did not find required class 'freemarker.template.Configuration' (OnClassCondition)

   GenericCacheConfiguration:
      Did not match:
         - Cache org.springframework.boot.autoconfigure.cache.GenericCacheConfiguration unknown cache type (CacheCondition)

   GroovyTemplateAutoConfiguration:
      Did not match:
         - @ConditionalOnClass did not find required class 'groovy.text.markup.MarkupTemplateEngine' (OnClassCondition)

   GsonAutoConfiguration:
      Did not match:
         - @ConditionalOnClass did not find required class 'com.google.gson.Gson' (OnClassCondition)

   GsonHttpMessageConvertersConfiguration:
      Did not match:
         - @ConditionalOnClass did not find required class 'com.google.gson.Gson' (OnClassCondition)

   HazelcastCacheConfiguration:
      Did not match:
         - @ConditionalOnClass did not find required class 'com.hazelcast.core.HazelcastInstance' (OnClassCondition)

   HypermediaAutoConfiguration:
      Did not match:
         - @ConditionalOnClass did not find required class 'org.springframework.hateoas.EntityModel' (OnClassCondition)

   InfinispanCacheConfiguration:
      Did not match:
         - @ConditionalOnClass did not find required class 'org.infinispan.spring.embedded.provider.SpringEmbeddedCacheManager' (OnClassCondition)

   JCacheCacheConfiguration:
      Did not match:
         - @ConditionalOnClass did not find required class 'javax.cache.Caching' (OnClassCondition)

   JacksonHttpMessageConvertersConfiguration.MappingJackson2XmlHttpMessageConverterConfiguration:
      Did not match:
         - @ConditionalOnClass did not find required class 'com.fasterxml.jackson.dataformat.xml.XmlMapper' (OnClassCondition)

   JsonbAutoConfiguration:
      Did not match:
         - @ConditionalOnClass did not find required class 'jakarta.json.bind.Jsonb' (OnClassCondition)

   JsonbHttpMessageConvertersConfiguration:
      Did not match:
         - @ConditionalOnClass did not find required class 'jakarta.json.bind.Jsonb' (OnClassCondition)

   MessageSourceAutoConfiguration:
      Did not match:
         - ResourceBundle did not find bundle with basename messages (MessageSourceAutoConfiguration.ResourceBundleCondition)

   MockMvcAutoConfiguration.WebTestClientMockMvcConfiguration:
      Did not match:
         - @ConditionalOnClass did not find required class 'org.springframework.web.reactive.function.client.WebClient' (OnClassCondition)

   MockMvcSecurityConfiguration:
      Did not match:
         - @ConditionalOnClass did not find required class 'org.springframework.security.test.web.servlet.request.SecurityMockMvcRequestPostProcessors' (OnClassCondition)

   MockMvcWebClientAutoConfiguration:
      Did not match:
         - @ConditionalOnClass did not find required class 'com.gargoylesoftware.htmlunit.WebClient' (OnClassCondition)

   MockMvcWebDriverAutoConfiguration:
      Did not match:
         - @ConditionalOnClass did not find required class 'org.openqa.selenium.htmlunit.HtmlUnitDriver' (OnClassCondition)

   MustacheAutoConfiguration:
      Did not match:
         - @ConditionalOnClass did not find required class 'com.samskivert.mustache.Mustache' (OnClassCondition)

   OAuth2ClientAutoConfiguration:
      Did not match:
         - @ConditionalOnClass did not find required class 'org.springframework.security.oauth2.client.registration.ClientRegistration' (OnClassCondition)

   OAuth2ResourceServerAutoConfiguration:
      Did not match:
         - @ConditionalOnClass did not find required class 'org.springframework.security.oauth2.server.resource.authentication.BearerTokenAuthenticationToken' (OnClassCondition)

   RedisCacheConfiguration:
      Did not match:
         - @ConditionalOnClass did not find required class 'org.springframework.data.redis.connection.RedisConnectionFactory' (OnClassCondition)

   SecurityDataConfiguration:
      Did not match:
         - @ConditionalOnClass did not find required class 'org.springframework.security.data.repository.query.SecurityEvaluationContextExtension' (OnClassCondition)

   SimpleCacheConfiguration:
      Did not match:
         - Cache org.springframework.boot.autoconfigure.cache.SimpleCacheConfiguration unknown cache type (CacheCondition)

   TaskExecutorConfigurations.SimpleAsyncTaskExecutorBuilderConfiguration#simpleAsyncTaskExecutorBuilderVirtualThreads:
      Did not match:
         - @ConditionalOnMissingBean (types: org.springframework.boot.task.SimpleAsyncTaskExecutorBuilder; SearchStrategy: all) found beans of type 'org.springframework.boot.task.SimpleAsyncTaskExecutorBuilder' simpleAsyncTaskExecutorBuilder (OnBeanCondition)

   TaskExecutorConfigurations.TaskExecutorConfiguration#applicationTaskExecutorVirtualThreads:
      Did not match:
         - @ConditionalOnThreading did not find VIRTUAL (OnThreadingCondition)

   ThymeleafAutoConfiguration:
      Did not match:
         - @ConditionalOnClass did not find required class 'org.thymeleaf.spring6.SpringTemplateEngine' (OnClassCondition)

   ValidationAutoConfiguration:
      Did not match:
         - @ConditionalOnClass did not find required class 'jakarta.validation.executable.ExecutableValidator' (OnClassCondition)

   WebMvcAutoConfiguration#hiddenHttpMethodFilter:
      Did not match:
         - @ConditionalOnProperty (spring.mvc.hiddenmethod.filter.enabled) did not find property 'enabled' (OnPropertyCondition)

   WebMvcAutoConfiguration.ProblemDetailsErrorHandlingConfiguration:
      Did not match:
         - @ConditionalOnProperty (spring.mvc.problemdetails.enabled=true) did not find property 'enabled' (OnPropertyCondition)

   WebMvcAutoConfiguration.ResourceChainCustomizerConfiguration:
      Did not match:
         - @ConditionalOnEnabledResourceChain did not find class org.webjars.WebJarAssetLocator (OnEnabledResourceChainCondition)

   WebMvcAutoConfiguration.WebMvcAutoConfigurationAdapter#beanNameViewResolver:
      Did not match:
         - @ConditionalOnMissingBean (types: org.springframework.web.servlet.view.BeanNameViewResolver; SearchStrategy: all) found beans of type 'org.springframework.web.servlet.view.BeanNameViewResolver' beanNameViewResolver (OnBeanCondition)

   WebTestClientAutoConfiguration:
      Did not match:
         - @ConditionalOnClass did not find required class 'org.springframework.web.reactive.function.client.WebClient' (OnClassCondition)


Exclusions:
-----------

    None


Unconditional classes:
----------------------

    None



22-07-2024 04:10:36.504 &amp#27;[35m[main]&amp#27;[0;39m &amp#27;[39mTRACE&amp#27;[0;39m o.s.c.i.s.SpringFactoriesLoader.load - Loaded [org.springframework.boot.SpringBootExceptionReporter] names: [org.springframework.boot.diagnostics.FailureAnalyzers]
22-07-2024 04:10:36.505 &amp#27;[35m[main]&amp#27;[0;39m &amp#27;[39mTRACE&amp#27;[0;39m o.s.c.i.s.SpringFactoriesLoader.load - Loaded [org.springframework.boot.diagnostics.FailureAnalyzer] names: [org.springframework.boot.context.config.ConfigDataNotFoundFailureAnalyzer, org.springframework.boot.context.properties.IncompatibleConfigurationFailureAnalyzer, org.springframework.boot.context.properties.NotConstructorBoundInjectionFailureAnalyzer, org.springframework.boot.diagnostics.analyzer.BeanCurrentlyInCreationFailureAnalyzer, org.springframework.boot.diagnostics.analyzer.BeanDefinitionOverrideFailureAnalyzer, org.springframework.boot.diagnostics.analyzer.BeanNotOfRequiredTypeFailureAnalyzer, org.springframework.boot.diagnostics.analyzer.BindFailureAnalyzer, org.springframework.boot.diagnostics.analyzer.BindValidationFailureAnalyzer, org.springframework.boot.diagnostics.analyzer.UnboundConfigurationPropertyFailureAnalyzer, org.springframework.boot.diagnostics.analyzer.MissingParameterNamesFailureAnalyzer, org.springframework.boot.diagnostics.analyzer.MutuallyExclusiveConfigurationPropertiesFailureAnalyzer, org.springframework.boot.diagnostics.analyzer.NoSuchMethodFailureAnalyzer, org.springframework.boot.diagnostics.analyzer.NoUniqueBeanDefinitionFailureAnalyzer, org.springframework.boot.diagnostics.analyzer.PortInUseFailureAnalyzer, org.springframework.boot.diagnostics.analyzer.ValidationExceptionFailureAnalyzer, org.springframework.boot.diagnostics.analyzer.InvalidConfigurationPropertyNameFailureAnalyzer, org.springframework.boot.diagnostics.analyzer.InvalidConfigurationPropertyValueFailureAnalyzer, org.springframework.boot.diagnostics.analyzer.PatternParseFailureAnalyzer, org.springframework.boot.liquibase.LiquibaseChangelogMissingFailureAnalyzer, org.springframework.boot.web.context.MissingWebServerFactoryBeanFailureAnalyzer, org.springframework.boot.web.embedded.tomcat.ConnectorStartFailureAnalyzer, org.springframework.boot.autoconfigure.data.redis.RedisUrlSyntaxFailureAnalyzer, org.springframework.boot.autoconfigure.diagnostics.analyzer.NoSuchBeanDefinitionFailureAnalyzer, org.springframework.boot.autoconfigure.jdbc.DataSourceBeanCreationFailureAnalyzer, org.springframework.boot.autoconfigure.jdbc.HikariDriverConfigurationFailureAnalyzer, org.springframework.boot.autoconfigure.jooq.NoDslContextBeanFailureAnalyzer, org.springframework.boot.autoconfigure.r2dbc.ConnectionFactoryBeanCreationFailureAnalyzer, org.springframework.boot.autoconfigure.r2dbc.MissingR2dbcPoolDependencyFailureAnalyzer, org.springframework.boot.autoconfigure.r2dbc.MultipleConnectionPoolConfigurationsFailureAnalyzer, org.springframework.boot.autoconfigure.r2dbc.NoConnectionFactoryBeanFailureAnalyzer]
22-07-2024 04:10:36.512 &amp#27;[35m[main]&amp#27;[0;39m &amp#27;[39mTRACE&amp#27;[0;39m o.s.b.diagnostics.FailureAnalyzers.lambda$logging$1 - Unable to instantiate factory class [org.springframework.boot.diagnostics.analyzer.ValidationExceptionFailureAnalyzer] for factory type [org.springframework.boot.diagnostics.FailureAnalyzer]
java.lang.NoClassDefFoundError: jakarta/validation/ValidationException
	at java.base/java.lang.Class.getDeclaredConstructors0(Native Method)
	at java.base/java.lang.Class.privateGetDeclaredConstructors(Class.java:3373)
	at java.base/java.lang.Class.getConstructors(Class.java:2060)
	at org.springframework.core.io.support.SpringFactoriesLoader$FactoryInstantiator.findConstructor(SpringFactoriesLoader.java:405)
	at org.springframework.core.io.support.SpringFactoriesLoader$FactoryInstantiator.forClass(SpringFactoriesLoader.java:394)
	at org.springframework.core.io.support.SpringFactoriesLoader.instantiateFactory(SpringFactoriesLoader.java:227)
	at org.springframework.core.io.support.SpringFactoriesLoader.load(SpringFactoriesLoader.java:206)
	at org.springframework.boot.diagnostics.FailureAnalyzers.loadFailureAnalyzers(FailureAnalyzers.java:69)
	at org.springframework.boot.diagnostics.FailureAnalyzers.<init>(FailureAnalyzers.java:64)
	at org.springframework.boot.diagnostics.FailureAnalyzers.<init>(FailureAnalyzers.java:58)
	at java.base/jdk.internal.reflect.NativeConstructorAccessorImpl.newInstance0(Native Method)
	at java.base/jdk.internal.reflect.NativeConstructorAccessorImpl.newInstance(NativeConstructorAccessorImpl.java:77)
	at java.base/jdk.internal.reflect.DelegatingConstructorAccessorImpl.newInstance(DelegatingConstructorAccessorImpl.java:45)
	at java.base/java.lang.reflect.Constructor.newInstanceWithCaller(Constructor.java:499)
	at java.base/java.lang.reflect.Constructor.newInstance(Constructor.java:480)
	at org.springframework.core.io.support.SpringFactoriesLoader$FactoryInstantiator.instantiate(SpringFactoriesLoader.java:382)
	at org.springframework.core.io.support.SpringFactoriesLoader.instantiateFactory(SpringFactoriesLoader.java:228)
	at org.springframework.core.io.support.SpringFactoriesLoader.load(SpringFactoriesLoader.java:206)
	at org.springframework.core.io.support.SpringFactoriesLoader.load(SpringFactoriesLoader.java:160)
	at org.springframework.boot.SpringApplication.getSpringFactoriesInstances(SpringApplication.java:483)
	at org.springframework.boot.SpringApplication.getExceptionReporters(SpringApplication.java:831)
	at org.springframework.boot.SpringApplication.handleRunFailure(SpringApplication.java:814)
	at org.springframework.boot.SpringApplication.run(SpringApplication.java:344)
	at org.springframework.boot.test.context.SpringBootContextLoader.lambda$loadContext$3(SpringBootContextLoader.java:137)
	at org.springframework.util.function.ThrowingSupplier.get(ThrowingSupplier.java:58)
	at org.springframework.util.function.ThrowingSupplier.get(ThrowingSupplier.java:46)
	at org.springframework.boot.SpringApplication.withHook(SpringApplication.java:1454)
	at org.springframework.boot.test.context.SpringBootContextLoader$ContextLoaderHook.run(SpringBootContextLoader.java:553)
	at org.springframework.boot.test.context.SpringBootContextLoader.loadContext(SpringBootContextLoader.java:137)
	at org.springframework.boot.test.context.SpringBootContextLoader.loadContext(SpringBootContextLoader.java:108)
	at org.springframework.test.context.cache.DefaultCacheAwareContextLoaderDelegate.loadContextInternal(DefaultCacheAwareContextLoaderDelegate.java:225)
	at org.springframework.test.context.cache.DefaultCacheAwareContextLoaderDelegate.loadContext(DefaultCacheAwareContextLoaderDelegate.java:152)
	at org.springframework.test.context.support.DefaultTestContext.getApplicationContext(DefaultTestContext.java:130)
	at org.springframework.boot.test.mock.mockito.MockitoTestExecutionListener.postProcessFields(MockitoTestExecutionListener.java:122)
	at org.springframework.boot.test.mock.mockito.MockitoTestExecutionListener.injectFields(MockitoTestExecutionListener.java:106)
	at org.springframework.boot.test.mock.mockito.MockitoTestExecutionListener.prepareTestInstance(MockitoTestExecutionListener.java:63)
	at org.springframework.test.context.TestContextManager.prepareTestInstance(TestContextManager.java:260)
	at org.springframework.test.context.junit.jupiter.SpringExtension.postProcessTestInstance(SpringExtension.java:163)
	at org.junit.jupiter.engine.descriptor.ClassBasedTestDescriptor.lambda$invokeTestInstancePostProcessors$10(ClassBasedTestDescriptor.java:378)
	at org.junit.jupiter.engine.descriptor.ClassBasedTestDescriptor.executeAndMaskThrowable(ClassBasedTestDescriptor.java:383)
	at org.junit.jupiter.engine.descriptor.ClassBasedTestDescriptor.lambda$invokeTestInstancePostProcessors$11(ClassBasedTestDescriptor.java:378)
	at java.base/java.util.stream.ReferencePipeline$3$1.accept(ReferencePipeline.java:197)
	at java.base/java.util.stream.ReferencePipeline$2$1.accept(ReferencePipeline.java:179)
	at java.base/java.util.ArrayList$ArrayListSpliterator.forEachRemaining(ArrayList.java:1625)
	at java.base/java.util.stream.AbstractPipeline.copyInto(AbstractPipeline.java:509)
	at java.base/java.util.stream.AbstractPipeline.wrapAndCopyInto(AbstractPipeline.java:499)
	at java.base/java.util.stream.StreamSpliterators$WrappingSpliterator.forEachRemaining(StreamSpliterators.java:310)
	at java.base/java.util.stream.Streams$ConcatSpliterator.forEachRemaining(Streams.java:735)
	at java.base/java.util.stream.Streams$ConcatSpliterator.forEachRemaining(Streams.java:734)
	at java.base/java.util.stream.ReferencePipeline$Head.forEach(ReferencePipeline.java:762)
	at org.junit.jupiter.engine.descriptor.ClassBasedTestDescriptor.invokeTestInstancePostProcessors(ClassBasedTestDescriptor.java:377)
	at org.junit.jupiter.engine.descriptor.ClassBasedTestDescriptor.lambda$instantiateAndPostProcessTestInstance$6(ClassBasedTestDescriptor.java:290)
	at org.junit.platform.engine.support.hierarchical.ThrowableCollector.execute(ThrowableCollector.java:73)
	at org.junit.jupiter.engine.descriptor.ClassBasedTestDescriptor.instantiateAndPostProcessTestInstance(ClassBasedTestDescriptor.java:289)
	at org.junit.jupiter.engine.descriptor.ClassBasedTestDescriptor.lambda$testInstancesProvider$4(ClassBasedTestDescriptor.java:279)
	at java.base/java.util.Optional.orElseGet(Optional.java:364)
	at org.junit.jupiter.engine.descriptor.ClassBasedTestDescriptor.lambda$testInstancesProvider$5(ClassBasedTestDescriptor.java:278)
	at org.junit.jupiter.engine.execution.TestInstancesProvider.getTestInstances(TestInstancesProvider.java:31)
	at org.junit.jupiter.engine.descriptor.TestMethodTestDescriptor.lambda$prepare$0(TestMethodTestDescriptor.java:106)
	at org.junit.platform.engine.support.hierarchical.ThrowableCollector.execute(ThrowableCollector.java:73)
	at org.junit.jupiter.engine.descriptor.TestMethodTestDescriptor.prepare(TestMethodTestDescriptor.java:105)
	at org.junit.jupiter.engine.descriptor.TestMethodTestDescriptor.prepare(TestMethodTestDescriptor.java:69)
	at org.junit.platform.engine.support.hierarchical.NodeTestTask.lambda$prepare$2(NodeTestTask.java:123)
	at org.junit.platform.engine.support.hierarchical.ThrowableCollector.execute(ThrowableCollector.java:73)
	at org.junit.platform.engine.support.hierarchical.NodeTestTask.prepare(NodeTestTask.java:123)
	at org.junit.platform.engine.support.hierarchical.NodeTestTask.execute(NodeTestTask.java:90)
	at java.base/java.util.ArrayList.forEach(ArrayList.java:1511)
	at org.junit.platform.engine.support.hierarchical.SameThreadHierarchicalTestExecutorService.invokeAll(SameThreadHierarchicalTestExecutorService.java:41)
	at org.junit.platform.engine.support.hierarchical.NodeTestTask.lambda$executeRecursively$6(NodeTestTask.java:155)
	at org.junit.platform.engine.support.hierarchical.ThrowableCollector.execute(ThrowableCollector.java:73)
	at org.junit.platform.engine.support.hierarchical.NodeTestTask.lambda$executeRecursively$8(NodeTestTask.java:141)
	at org.junit.platform.engine.support.hierarchical.Node.around(Node.java:137)
	at org.junit.platform.engine.support.hierarchical.NodeTestTask.lambda$executeRecursively$9(NodeTestTask.java:139)
	at org.junit.platform.engine.support.hierarchical.ThrowableCollector.execute(ThrowableCollector.java:73)
	at org.junit.platform.engine.support.hierarchical.NodeTestTask.executeRecursively(NodeTestTask.java:138)
	at org.junit.platform.engine.support.hierarchical.NodeTestTask.execute(NodeTestTask.java:95)
	at java.base/java.util.ArrayList.forEach(ArrayList.java:1511)
	at org.junit.platform.engine.support.hierarchical.SameThreadHierarchicalTestExecutorService.invokeAll(SameThreadHierarchicalTestExecutorService.java:41)
	at org.junit.platform.engine.support.hierarchical.NodeTestTask.lambda$executeRecursively$6(NodeTestTask.java:155)
	at org.junit.platform.engine.support.hierarchical.ThrowableCollector.execute(ThrowableCollector.java:73)
	at org.junit.platform.engine.support.hierarchical.NodeTestTask.lambda$executeRecursively$8(NodeTestTask.java:141)
	at org.junit.platform.engine.support.hierarchical.Node.around(Node.java:137)
	at org.junit.platform.engine.support.hierarchical.NodeTestTask.lambda$executeRecursively$9(NodeTestTask.java:139)
	at org.junit.platform.engine.support.hierarchical.ThrowableCollector.execute(ThrowableCollector.java:73)
	at org.junit.platform.engine.support.hierarchical.NodeTestTask.executeRecursively(NodeTestTask.java:138)
	at org.junit.platform.engine.support.hierarchical.NodeTestTask.execute(NodeTestTask.java:95)
	at org.junit.platform.engine.support.hierarchical.SameThreadHierarchicalTestExecutorService.submit(SameThreadHierarchicalTestExecutorService.java:35)
	at org.junit.platform.engine.support.hierarchical.HierarchicalTestExecutor.execute(HierarchicalTestExecutor.java:57)
	at org.junit.platform.engine.support.hierarchical.HierarchicalTestEngine.execute(HierarchicalTestEngine.java:54)
	at org.junit.platform.launcher.core.EngineExecutionOrchestrator.execute(EngineExecutionOrchestrator.java:198)
	at org.junit.platform.launcher.core.EngineExecutionOrchestrator.execute(EngineExecutionOrchestrator.java:169)
	at org.junit.platform.launcher.core.EngineExecutionOrchestrator.execute(EngineExecutionOrchestrator.java:93)
	at org.junit.platform.launcher.core.EngineExecutionOrchestrator.lambda$execute$0(EngineExecutionOrchestrator.java:58)
	at org.junit.platform.launcher.core.EngineExecutionOrchestrator.withInterceptedStreams(EngineExecutionOrchestrator.java:141)
	at org.junit.platform.launcher.core.EngineExecutionOrchestrator.execute(EngineExecutionOrchestrator.java:57)
	at org.junit.platform.launcher.core.DefaultLauncher.execute(DefaultLauncher.java:103)
	at org.junit.platform.launcher.core.DefaultLauncher.execute(DefaultLauncher.java:85)
	at org.junit.platform.launcher.core.DelegatingLauncher.execute(DelegatingLauncher.java:47)
	at org.apache.maven.surefire.junitplatform.LazyLauncher.execute(LazyLauncher.java:56)
	at org.apache.maven.surefire.junitplatform.JUnitPlatformProvider.execute(JUnitPlatformProvider.java:184)
	at org.apache.maven.surefire.junitplatform.JUnitPlatformProvider.invokeAllTests(JUnitPlatformProvider.java:148)
	at org.apache.maven.surefire.junitplatform.JUnitPlatformProvider.invoke(JUnitPlatformProvider.java:122)
	at org.apache.maven.surefire.booter.ForkedBooter.runSuitesInProcess(ForkedBooter.java:385)
	at org.apache.maven.surefire.booter.ForkedBooter.execute(ForkedBooter.java:162)
	at org.apache.maven.surefire.booter.ForkedBooter.run(ForkedBooter.java:507)
	at org.apache.maven.surefire.booter.ForkedBooter.main(ForkedBooter.java:495)
Caused by: java.lang.ClassNotFoundException: jakarta.validation.ValidationException
	at java.base/jdk.internal.loader.BuiltinClassLoader.loadClass(BuiltinClassLoader.java:641)
	at java.base/jdk.internal.loader.ClassLoaders$AppClassLoader.loadClass(ClassLoaders.java:188)
	at java.base/java.lang.ClassLoader.loadClass(ClassLoader.java:520)
	... 106 common frames omitted
22-07-2024 04:10:36.515 &amp#27;[35m[main]&amp#27;[0;39m &amp#27;[39mTRACE&amp#27;[0;39m o.s.b.diagnostics.FailureAnalyzers.lambda$logging$1 - Unable to instantiate factory class [org.springframework.boot.liquibase.LiquibaseChangelogMissingFailureAnalyzer] for factory type [org.springframework.boot.diagnostics.FailureAnalyzer]
java.lang.NoClassDefFoundError: liquibase/exception/ChangeLogParseException
	at java.base/java.lang.Class.getDeclaredConstructors0(Native Method)
	at java.base/java.lang.Class.privateGetDeclaredConstructors(Class.java:3373)
	at java.base/java.lang.Class.getConstructors(Class.java:2060)
	at org.springframework.core.io.support.SpringFactoriesLoader$FactoryInstantiator.findConstructor(SpringFactoriesLoader.java:405)
	at org.springframework.core.io.support.SpringFactoriesLoader$FactoryInstantiator.forClass(SpringFactoriesLoader.java:394)
	at org.springframework.core.io.support.SpringFactoriesLoader.instantiateFactory(SpringFactoriesLoader.java:227)
	at org.springframework.core.io.support.SpringFactoriesLoader.load(SpringFactoriesLoader.java:206)
	at org.springframework.boot.diagnostics.FailureAnalyzers.loadFailureAnalyzers(FailureAnalyzers.java:69)
	at org.springframework.boot.diagnostics.FailureAnalyzers.<init>(FailureAnalyzers.java:64)
	at org.springframework.boot.diagnostics.FailureAnalyzers.<init>(FailureAnalyzers.java:58)
	at java.base/jdk.internal.reflect.NativeConstructorAccessorImpl.newInstance0(Native Method)
	at java.base/jdk.internal.reflect.NativeConstructorAccessorImpl.newInstance(NativeConstructorAccessorImpl.java:77)
	at java.base/jdk.internal.reflect.DelegatingConstructorAccessorImpl.newInstance(DelegatingConstructorAccessorImpl.java:45)
	at java.base/java.lang.reflect.Constructor.newInstanceWithCaller(Constructor.java:499)
	at java.base/java.lang.reflect.Constructor.newInstance(Constructor.java:480)
	at org.springframework.core.io.support.SpringFactoriesLoader$FactoryInstantiator.instantiate(SpringFactoriesLoader.java:382)
	at org.springframework.core.io.support.SpringFactoriesLoader.instantiateFactory(SpringFactoriesLoader.java:228)
	at org.springframework.core.io.support.SpringFactoriesLoader.load(SpringFactoriesLoader.java:206)
	at org.springframework.core.io.support.SpringFactoriesLoader.load(SpringFactoriesLoader.java:160)
	at org.springframework.boot.SpringApplication.getSpringFactoriesInstances(SpringApplication.java:483)
	at org.springframework.boot.SpringApplication.getExceptionReporters(SpringApplication.java:831)
	at org.springframework.boot.SpringApplication.handleRunFailure(SpringApplication.java:814)
	at org.springframework.boot.SpringApplication.run(SpringApplication.java:344)
	at org.springframework.boot.test.context.SpringBootContextLoader.lambda$loadContext$3(SpringBootContextLoader.java:137)
	at org.springframework.util.function.ThrowingSupplier.get(ThrowingSupplier.java:58)
	at org.springframework.util.function.ThrowingSupplier.get(ThrowingSupplier.java:46)
	at org.springframework.boot.SpringApplication.withHook(SpringApplication.java:1454)
	at org.springframework.boot.test.context.SpringBootContextLoader$ContextLoaderHook.run(SpringBootContextLoader.java:553)
	at org.springframework.boot.test.context.SpringBootContextLoader.loadContext(SpringBootContextLoader.java:137)
	at org.springframework.boot.test.context.SpringBootContextLoader.loadContext(SpringBootContextLoader.java:108)
	at org.springframework.test.context.cache.DefaultCacheAwareContextLoaderDelegate.loadContextInternal(DefaultCacheAwareContextLoaderDelegate.java:225)
	at org.springframework.test.context.cache.DefaultCacheAwareContextLoaderDelegate.loadContext(DefaultCacheAwareContextLoaderDelegate.java:152)
	at org.springframework.test.context.support.DefaultTestContext.getApplicationContext(DefaultTestContext.java:130)
	at org.springframework.boot.test.mock.mockito.MockitoTestExecutionListener.postProcessFields(MockitoTestExecutionListener.java:122)
	at org.springframework.boot.test.mock.mockito.MockitoTestExecutionListener.injectFields(MockitoTestExecutionListener.java:106)
	at org.springframework.boot.test.mock.mockito.MockitoTestExecutionListener.prepareTestInstance(MockitoTestExecutionListener.java:63)
	at org.springframework.test.context.TestContextManager.prepareTestInstance(TestContextManager.java:260)
	at org.springframework.test.context.junit.jupiter.SpringExtension.postProcessTestInstance(SpringExtension.java:163)
	at org.junit.jupiter.engine.descriptor.ClassBasedTestDescriptor.lambda$invokeTestInstancePostProcessors$10(ClassBasedTestDescriptor.java:378)
	at org.junit.jupiter.engine.descriptor.ClassBasedTestDescriptor.executeAndMaskThrowable(ClassBasedTestDescriptor.java:383)
	at org.junit.jupiter.engine.descriptor.ClassBasedTestDescriptor.lambda$invokeTestInstancePostProcessors$11(ClassBasedTestDescriptor.java:378)
	at java.base/java.util.stream.ReferencePipeline$3$1.accept(ReferencePipeline.java:197)
	at java.base/java.util.stream.ReferencePipeline$2$1.accept(ReferencePipeline.java:179)
	at java.base/java.util.ArrayList$ArrayListSpliterator.forEachRemaining(ArrayList.java:1625)
	at java.base/java.util.stream.AbstractPipeline.copyInto(AbstractPipeline.java:509)
	at java.base/java.util.stream.AbstractPipeline.wrapAndCopyInto(AbstractPipeline.java:499)
	at java.base/java.util.stream.StreamSpliterators$WrappingSpliterator.forEachRemaining(StreamSpliterators.java:310)
	at java.base/java.util.stream.Streams$ConcatSpliterator.forEachRemaining(Streams.java:735)
	at java.base/java.util.stream.Streams$ConcatSpliterator.forEachRemaining(Streams.java:734)
	at java.base/java.util.stream.ReferencePipeline$Head.forEach(ReferencePipeline.java:762)
	at org.junit.jupiter.engine.descriptor.ClassBasedTestDescriptor.invokeTestInstancePostProcessors(ClassBasedTestDescriptor.java:377)
	at org.junit.jupiter.engine.descriptor.ClassBasedTestDescriptor.lambda$instantiateAndPostProcessTestInstance$6(ClassBasedTestDescriptor.java:290)
	at org.junit.platform.engine.support.hierarchical.ThrowableCollector.execute(ThrowableCollector.java:73)
	at org.junit.jupiter.engine.descriptor.ClassBasedTestDescriptor.instantiateAndPostProcessTestInstance(ClassBasedTestDescriptor.java:289)
	at org.junit.jupiter.engine.descriptor.ClassBasedTestDescriptor.lambda$testInstancesProvider$4(ClassBasedTestDescriptor.java:279)
	at java.base/java.util.Optional.orElseGet(Optional.java:364)
	at org.junit.jupiter.engine.descriptor.ClassBasedTestDescriptor.lambda$testInstancesProvider$5(ClassBasedTestDescriptor.java:278)
	at org.junit.jupiter.engine.execution.TestInstancesProvider.getTestInstances(TestInstancesProvider.java:31)
	at org.junit.jupiter.engine.descriptor.TestMethodTestDescriptor.lambda$prepare$0(TestMethodTestDescriptor.java:106)
	at org.junit.platform.engine.support.hierarchical.ThrowableCollector.execute(ThrowableCollector.java:73)
	at org.junit.jupiter.engine.descriptor.TestMethodTestDescriptor.prepare(TestMethodTestDescriptor.java:105)
	at org.junit.jupiter.engine.descriptor.TestMethodTestDescriptor.prepare(TestMethodTestDescriptor.java:69)
	at org.junit.platform.engine.support.hierarchical.NodeTestTask.lambda$prepare$2(NodeTestTask.java:123)
	at org.junit.platform.engine.support.hierarchical.ThrowableCollector.execute(ThrowableCollector.java:73)
	at org.junit.platform.engine.support.hierarchical.NodeTestTask.prepare(NodeTestTask.java:123)
	at org.junit.platform.engine.support.hierarchical.NodeTestTask.execute(NodeTestTask.java:90)
	at java.base/java.util.ArrayList.forEach(ArrayList.java:1511)
	at org.junit.platform.engine.support.hierarchical.SameThreadHierarchicalTestExecutorService.invokeAll(SameThreadHierarchicalTestExecutorService.java:41)
	at org.junit.platform.engine.support.hierarchical.NodeTestTask.lambda$executeRecursively$6(NodeTestTask.java:155)
	at org.junit.platform.engine.support.hierarchical.ThrowableCollector.execute(ThrowableCollector.java:73)
	at org.junit.platform.engine.support.hierarchical.NodeTestTask.lambda$executeRecursively$8(NodeTestTask.java:141)
	at org.junit.platform.engine.support.hierarchical.Node.around(Node.java:137)
	at org.junit.platform.engine.support.hierarchical.NodeTestTask.lambda$executeRecursively$9(NodeTestTask.java:139)
	at org.junit.platform.engine.support.hierarchical.ThrowableCollector.execute(ThrowableCollector.java:73)
	at org.junit.platform.engine.support.hierarchical.NodeTestTask.executeRecursively(NodeTestTask.java:138)
	at org.junit.platform.engine.support.hierarchical.NodeTestTask.execute(NodeTestTask.java:95)
	at java.base/java.util.ArrayList.forEach(ArrayList.java:1511)
	at org.junit.platform.engine.support.hierarchical.SameThreadHierarchicalTestExecutorService.invokeAll(SameThreadHierarchicalTestExecutorService.java:41)
	at org.junit.platform.engine.support.hierarchical.NodeTestTask.lambda$executeRecursively$6(NodeTestTask.java:155)
	at org.junit.platform.engine.support.hierarchical.ThrowableCollector.execute(ThrowableCollector.java:73)
	at org.junit.platform.engine.support.hierarchical.NodeTestTask.lambda$executeRecursively$8(NodeTestTask.java:141)
	at org.junit.platform.engine.support.hierarchical.Node.around(Node.java:137)
	at org.junit.platform.engine.support.hierarchical.NodeTestTask.lambda$executeRecursively$9(NodeTestTask.java:139)
	at org.junit.platform.engine.support.hierarchical.ThrowableCollector.execute(ThrowableCollector.java:73)
	at org.junit.platform.engine.support.hierarchical.NodeTestTask.executeRecursively(NodeTestTask.java:138)
	at org.junit.platform.engine.support.hierarchical.NodeTestTask.execute(NodeTestTask.java:95)
	at org.junit.platform.engine.support.hierarchical.SameThreadHierarchicalTestExecutorService.submit(SameThreadHierarchicalTestExecutorService.java:35)
	at org.junit.platform.engine.support.hierarchical.HierarchicalTestExecutor.execute(HierarchicalTestExecutor.java:57)
	at org.junit.platform.engine.support.hierarchical.HierarchicalTestEngine.execute(HierarchicalTestEngine.java:54)
	at org.junit.platform.launcher.core.EngineExecutionOrchestrator.execute(EngineExecutionOrchestrator.java:198)
	at org.junit.platform.launcher.core.EngineExecutionOrchestrator.execute(EngineExecutionOrchestrator.java:169)
	at org.junit.platform.launcher.core.EngineExecutionOrchestrator.execute(EngineExecutionOrchestrator.java:93)
	at org.junit.platform.launcher.core.EngineExecutionOrchestrator.lambda$execute$0(EngineExecutionOrchestrator.java:58)
	at org.junit.platform.launcher.core.EngineExecutionOrchestrator.withInterceptedStreams(EngineExecutionOrchestrator.java:141)
	at org.junit.platform.launcher.core.EngineExecutionOrchestrator.execute(EngineExecutionOrchestrator.java:57)
	at org.junit.platform.launcher.core.DefaultLauncher.execute(DefaultLauncher.java:103)
	at org.junit.platform.launcher.core.DefaultLauncher.execute(DefaultLauncher.java:85)
	at org.junit.platform.launcher.core.DelegatingLauncher.execute(DelegatingLauncher.java:47)
	at org.apache.maven.surefire.junitplatform.LazyLauncher.execute(LazyLauncher.java:56)
	at org.apache.maven.surefire.junitplatform.JUnitPlatformProvider.execute(JUnitPlatformProvider.java:184)
	at org.apache.maven.surefire.junitplatform.JUnitPlatformProvider.invokeAllTests(JUnitPlatformProvider.java:148)
	at org.apache.maven.surefire.junitplatform.JUnitPlatformProvider.invoke(JUnitPlatformProvider.java:122)
	at org.apache.maven.surefire.booter.ForkedBooter.runSuitesInProcess(ForkedBooter.java:385)
	at org.apache.maven.surefire.booter.ForkedBooter.execute(ForkedBooter.java:162)
	at org.apache.maven.surefire.booter.ForkedBooter.run(ForkedBooter.java:507)
	at org.apache.maven.surefire.booter.ForkedBooter.main(ForkedBooter.java:495)
Caused by: java.lang.ClassNotFoundException: liquibase.exception.ChangeLogParseException
	at java.base/jdk.internal.loader.BuiltinClassLoader.loadClass(BuiltinClassLoader.java:641)
	at java.base/jdk.internal.loader.ClassLoaders$AppClassLoader.loadClass(ClassLoaders.java:188)
	at java.base/java.lang.ClassLoader.loadClass(ClassLoader.java:520)
	... 106 common frames omitted
22-07-2024 04:10:36.522 &amp#27;[35m[main]&amp#27;[0;39m &amp#27;[39mTRACE&amp#27;[0;39m o.s.b.diagnostics.FailureAnalyzers.analyze - FailureAnalyzer org.springframework.boot.autoconfigure.jooq.NoDslContextBeanFailureAnalyzer@3cc9632d failed
java.lang.NoClassDefFoundError: org/jooq/DSLContext
	at org.springframework.boot.autoconfigure.jooq.NoDslContextBeanFailureAnalyzer.analyze(NoDslContextBeanFailureAnalyzer.java:39)
	at org.springframework.boot.autoconfigure.jooq.NoDslContextBeanFailureAnalyzer.analyze(NoDslContextBeanFailureAnalyzer.java:28)
	at org.springframework.boot.diagnostics.AbstractFailureAnalyzer.analyze(AbstractFailureAnalyzer.java:34)
	at org.springframework.boot.diagnostics.FailureAnalyzers.analyze(FailureAnalyzers.java:117)
	at org.springframework.boot.diagnostics.FailureAnalyzers.reportException(FailureAnalyzers.java:110)
	at org.springframework.boot.SpringApplication.reportFailure(SpringApplication.java:841)
	at org.springframework.boot.SpringApplication.handleRunFailure(SpringApplication.java:814)
	at org.springframework.boot.SpringApplication.run(SpringApplication.java:344)
	at org.springframework.boot.test.context.SpringBootContextLoader.lambda$loadContext$3(SpringBootContextLoader.java:137)
	at org.springframework.util.function.ThrowingSupplier.get(ThrowingSupplier.java:58)
	at org.springframework.util.function.ThrowingSupplier.get(ThrowingSupplier.java:46)
	at org.springframework.boot.SpringApplication.withHook(SpringApplication.java:1454)
	at org.springframework.boot.test.context.SpringBootContextLoader$ContextLoaderHook.run(SpringBootContextLoader.java:553)
	at org.springframework.boot.test.context.SpringBootContextLoader.loadContext(SpringBootContextLoader.java:137)
	at org.springframework.boot.test.context.SpringBootContextLoader.loadContext(SpringBootContextLoader.java:108)
	at org.springframework.test.context.cache.DefaultCacheAwareContextLoaderDelegate.loadContextInternal(DefaultCacheAwareContextLoaderDelegate.java:225)
	at org.springframework.test.context.cache.DefaultCacheAwareContextLoaderDelegate.loadContext(DefaultCacheAwareContextLoaderDelegate.java:152)
	at org.springframework.test.context.support.DefaultTestContext.getApplicationContext(DefaultTestContext.java:130)
	at org.springframework.boot.test.mock.mockito.MockitoTestExecutionListener.postProcessFields(MockitoTestExecutionListener.java:122)
	at org.springframework.boot.test.mock.mockito.MockitoTestExecutionListener.injectFields(MockitoTestExecutionListener.java:106)
	at org.springframework.boot.test.mock.mockito.MockitoTestExecutionListener.prepareTestInstance(MockitoTestExecutionListener.java:63)
	at org.springframework.test.context.TestContextManager.prepareTestInstance(TestContextManager.java:260)
	at org.springframework.test.context.junit.jupiter.SpringExtension.postProcessTestInstance(SpringExtension.java:163)
	at org.junit.jupiter.engine.descriptor.ClassBasedTestDescriptor.lambda$invokeTestInstancePostProcessors$10(ClassBasedTestDescriptor.java:378)
	at org.junit.jupiter.engine.descriptor.ClassBasedTestDescriptor.executeAndMaskThrowable(ClassBasedTestDescriptor.java:383)
	at org.junit.jupiter.engine.descriptor.ClassBasedTestDescriptor.lambda$invokeTestInstancePostProcessors$11(ClassBasedTestDescriptor.java:378)
	at java.base/java.util.stream.ReferencePipeline$3$1.accept(ReferencePipeline.java:197)
	at java.base/java.util.stream.ReferencePipeline$2$1.accept(ReferencePipeline.java:179)
	at java.base/java.util.ArrayList$ArrayListSpliterator.forEachRemaining(ArrayList.java:1625)
	at java.base/java.util.stream.AbstractPipeline.copyInto(AbstractPipeline.java:509)
	at java.base/java.util.stream.AbstractPipeline.wrapAndCopyInto(AbstractPipeline.java:499)
	at java.base/java.util.stream.StreamSpliterators$WrappingSpliterator.forEachRemaining(StreamSpliterators.java:310)
	at java.base/java.util.stream.Streams$ConcatSpliterator.forEachRemaining(Streams.java:735)
	at java.base/java.util.stream.Streams$ConcatSpliterator.forEachRemaining(Streams.java:734)
	at java.base/java.util.stream.ReferencePipeline$Head.forEach(ReferencePipeline.java:762)
	at org.junit.jupiter.engine.descriptor.ClassBasedTestDescriptor.invokeTestInstancePostProcessors(ClassBasedTestDescriptor.java:377)
	at org.junit.jupiter.engine.descriptor.ClassBasedTestDescriptor.lambda$instantiateAndPostProcessTestInstance$6(ClassBasedTestDescriptor.java:290)
	at org.junit.platform.engine.support.hierarchical.ThrowableCollector.execute(ThrowableCollector.java:73)
	at org.junit.jupiter.engine.descriptor.ClassBasedTestDescriptor.instantiateAndPostProcessTestInstance(ClassBasedTestDescriptor.java:289)
	at org.junit.jupiter.engine.descriptor.ClassBasedTestDescriptor.lambda$testInstancesProvider$4(ClassBasedTestDescriptor.java:279)
	at java.base/java.util.Optional.orElseGet(Optional.java:364)
	at org.junit.jupiter.engine.descriptor.ClassBasedTestDescriptor.lambda$testInstancesProvider$5(ClassBasedTestDescriptor.java:278)
	at org.junit.jupiter.engine.execution.TestInstancesProvider.getTestInstances(TestInstancesProvider.java:31)
	at org.junit.jupiter.engine.descriptor.TestMethodTestDescriptor.lambda$prepare$0(TestMethodTestDescriptor.java:106)
	at org.junit.platform.engine.support.hierarchical.ThrowableCollector.execute(ThrowableCollector.java:73)
	at org.junit.jupiter.engine.descriptor.TestMethodTestDescriptor.prepare(TestMethodTestDescriptor.java:105)
	at org.junit.jupiter.engine.descriptor.TestMethodTestDescriptor.prepare(TestMethodTestDescriptor.java:69)
	at org.junit.platform.engine.support.hierarchical.NodeTestTask.lambda$prepare$2(NodeTestTask.java:123)
	at org.junit.platform.engine.support.hierarchical.ThrowableCollector.execute(ThrowableCollector.java:73)
	at org.junit.platform.engine.support.hierarchical.NodeTestTask.prepare(NodeTestTask.java:123)
	at org.junit.platform.engine.support.hierarchical.NodeTestTask.execute(NodeTestTask.java:90)
	at java.base/java.util.ArrayList.forEach(ArrayList.java:1511)
	at org.junit.platform.engine.support.hierarchical.SameThreadHierarchicalTestExecutorService.invokeAll(SameThreadHierarchicalTestExecutorService.java:41)
	at org.junit.platform.engine.support.hierarchical.NodeTestTask.lambda$executeRecursively$6(NodeTestTask.java:155)
	at org.junit.platform.engine.support.hierarchical.ThrowableCollector.execute(ThrowableCollector.java:73)
	at org.junit.platform.engine.support.hierarchical.NodeTestTask.lambda$executeRecursively$8(NodeTestTask.java:141)
	at org.junit.platform.engine.support.hierarchical.Node.around(Node.java:137)
	at org.junit.platform.engine.support.hierarchical.NodeTestTask.lambda$executeRecursively$9(NodeTestTask.java:139)
	at org.junit.platform.engine.support.hierarchical.ThrowableCollector.execute(ThrowableCollector.java:73)
	at org.junit.platform.engine.support.hierarchical.NodeTestTask.executeRecursively(NodeTestTask.java:138)
	at org.junit.platform.engine.support.hierarchical.NodeTestTask.execute(NodeTestTask.java:95)
	at java.base/java.util.ArrayList.forEach(ArrayList.java:1511)
	at org.junit.platform.engine.support.hierarchical.SameThreadHierarchicalTestExecutorService.invokeAll(SameThreadHierarchicalTestExecutorService.java:41)
	at org.junit.platform.engine.support.hierarchical.NodeTestTask.lambda$executeRecursively$6(NodeTestTask.java:155)
	at org.junit.platform.engine.support.hierarchical.ThrowableCollector.execute(ThrowableCollector.java:73)
	at org.junit.platform.engine.support.hierarchical.NodeTestTask.lambda$executeRecursively$8(NodeTestTask.java:141)
	at org.junit.platform.engine.support.hierarchical.Node.around(Node.java:137)
	at org.junit.platform.engine.support.hierarchical.NodeTestTask.lambda$executeRecursively$9(NodeTestTask.java:139)
	at org.junit.platform.engine.support.hierarchical.ThrowableCollector.execute(ThrowableCollector.java:73)
	at org.junit.platform.engine.support.hierarchical.NodeTestTask.executeRecursively(NodeTestTask.java:138)
	at org.junit.platform.engine.support.hierarchical.NodeTestTask.execute(NodeTestTask.java:95)
	at org.junit.platform.engine.support.hierarchical.SameThreadHierarchicalTestExecutorService.submit(SameThreadHierarchicalTestExecutorService.java:35)
	at org.junit.platform.engine.support.hierarchical.HierarchicalTestExecutor.execute(HierarchicalTestExecutor.java:57)
	at org.junit.platform.engine.support.hierarchical.HierarchicalTestEngine.execute(HierarchicalTestEngine.java:54)
	at org.junit.platform.launcher.core.EngineExecutionOrchestrator.execute(EngineExecutionOrchestrator.java:198)
	at org.junit.platform.launcher.core.EngineExecutionOrchestrator.execute(EngineExecutionOrchestrator.java:169)
	at org.junit.platform.launcher.core.EngineExecutionOrchestrator.execute(EngineExecutionOrchestrator.java:93)
	at org.junit.platform.launcher.core.EngineExecutionOrchestrator.lambda$execute$0(EngineExecutionOrchestrator.java:58)
	at org.junit.platform.launcher.core.EngineExecutionOrchestrator.withInterceptedStreams(EngineExecutionOrchestrator.java:141)
	at org.junit.platform.launcher.core.EngineExecutionOrchestrator.execute(EngineExecutionOrchestrator.java:57)
	at org.junit.platform.launcher.core.DefaultLauncher.execute(DefaultLauncher.java:103)
	at org.junit.platform.launcher.core.DefaultLauncher.execute(DefaultLauncher.java:85)
	at org.junit.platform.launcher.core.DelegatingLauncher.execute(DelegatingLauncher.java:47)
	at org.apache.maven.surefire.junitplatform.LazyLauncher.execute(LazyLauncher.java:56)
	at org.apache.maven.surefire.junitplatform.JUnitPlatformProvider.execute(JUnitPlatformProvider.java:184)
	at org.apache.maven.surefire.junitplatform.JUnitPlatformProvider.invokeAllTests(JUnitPlatformProvider.java:148)
	at org.apache.maven.surefire.junitplatform.JUnitPlatformProvider.invoke(JUnitPlatformProvider.java:122)
	at org.apache.maven.surefire.booter.ForkedBooter.runSuitesInProcess(ForkedBooter.java:385)
	at org.apache.maven.surefire.booter.ForkedBooter.execute(ForkedBooter.java:162)
	at org.apache.maven.surefire.booter.ForkedBooter.run(ForkedBooter.java:507)
	at org.apache.maven.surefire.booter.ForkedBooter.main(ForkedBooter.java:495)
Caused by: java.lang.ClassNotFoundException: org.jooq.DSLContext
	at java.base/jdk.internal.loader.BuiltinClassLoader.loadClass(BuiltinClassLoader.java:641)
	at java.base/jdk.internal.loader.ClassLoaders$AppClassLoader.loadClass(ClassLoaders.java:188)
	at java.base/java.lang.ClassLoader.loadClass(ClassLoader.java:520)
	... 91 common frames omitted
22-07-2024 04:10:36.522 &amp#27;[35m[main]&amp#27;[0;39m &amp#27;[39mTRACE&amp#27;[0;39m o.s.b.diagnostics.FailureAnalyzers.analyze - FailureAnalyzer org.springframework.boot.autoconfigure.r2dbc.NoConnectionFactoryBeanFailureAnalyzer@700b9e6b failed
java.lang.NoClassDefFoundError: io/r2dbc/spi/ConnectionFactory
	at org.springframework.boot.autoconfigure.r2dbc.NoConnectionFactoryBeanFailureAnalyzer.analyze(NoConnectionFactoryBeanFailureAnalyzer.java:49)
	at org.springframework.boot.autoconfigure.r2dbc.NoConnectionFactoryBeanFailureAnalyzer.analyze(NoConnectionFactoryBeanFailureAnalyzer.java:34)
	at org.springframework.boot.diagnostics.AbstractFailureAnalyzer.analyze(AbstractFailureAnalyzer.java:34)
	at org.springframework.boot.diagnostics.FailureAnalyzers.analyze(FailureAnalyzers.java:117)
	at org.springframework.boot.diagnostics.FailureAnalyzers.reportException(FailureAnalyzers.java:110)
	at org.springframework.boot.SpringApplication.reportFailure(SpringApplication.java:841)
	at org.springframework.boot.SpringApplication.handleRunFailure(SpringApplication.java:814)
	at org.springframework.boot.SpringApplication.run(SpringApplication.java:344)
	at org.springframework.boot.test.context.SpringBootContextLoader.lambda$loadContext$3(SpringBootContextLoader.java:137)
	at org.springframework.util.function.ThrowingSupplier.get(ThrowingSupplier.java:58)
	at org.springframework.util.function.ThrowingSupplier.get(ThrowingSupplier.java:46)
	at org.springframework.boot.SpringApplication.withHook(SpringApplication.java:1454)
	at org.springframework.boot.test.context.SpringBootContextLoader$ContextLoaderHook.run(SpringBootContextLoader.java:553)
	at org.springframework.boot.test.context.SpringBootContextLoader.loadContext(SpringBootContextLoader.java:137)
	at org.springframework.boot.test.context.SpringBootContextLoader.loadContext(SpringBootContextLoader.java:108)
	at org.springframework.test.context.cache.DefaultCacheAwareContextLoaderDelegate.loadContextInternal(DefaultCacheAwareContextLoaderDelegate.java:225)
	at org.springframework.test.context.cache.DefaultCacheAwareContextLoaderDelegate.loadContext(DefaultCacheAwareContextLoaderDelegate.java:152)
	at org.springframework.test.context.support.DefaultTestContext.getApplicationContext(DefaultTestContext.java:130)
	at org.springframework.boot.test.mock.mockito.MockitoTestExecutionListener.postProcessFields(MockitoTestExecutionListener.java:122)
	at org.springframework.boot.test.mock.mockito.MockitoTestExecutionListener.injectFields(MockitoTestExecutionListener.java:106)
	at org.springframework.boot.test.mock.mockito.MockitoTestExecutionListener.prepareTestInstance(MockitoTestExecutionListener.java:63)
	at org.springframework.test.context.TestContextManager.prepareTestInstance(TestContextManager.java:260)
	at org.springframework.test.context.junit.jupiter.SpringExtension.postProcessTestInstance(SpringExtension.java:163)
	at org.junit.jupiter.engine.descriptor.ClassBasedTestDescriptor.lambda$invokeTestInstancePostProcessors$10(ClassBasedTestDescriptor.java:378)
	at org.junit.jupiter.engine.descriptor.ClassBasedTestDescriptor.executeAndMaskThrowable(ClassBasedTestDescriptor.java:383)
	at org.junit.jupiter.engine.descriptor.ClassBasedTestDescriptor.lambda$invokeTestInstancePostProcessors$11(ClassBasedTestDescriptor.java:378)
	at java.base/java.util.stream.ReferencePipeline$3$1.accept(ReferencePipeline.java:197)
	at java.base/java.util.stream.ReferencePipeline$2$1.accept(ReferencePipeline.java:179)
	at java.base/java.util.ArrayList$ArrayListSpliterator.forEachRemaining(ArrayList.java:1625)
	at java.base/java.util.stream.AbstractPipeline.copyInto(AbstractPipeline.java:509)
	at java.base/java.util.stream.AbstractPipeline.wrapAndCopyInto(AbstractPipeline.java:499)
	at java.base/java.util.stream.StreamSpliterators$WrappingSpliterator.forEachRemaining(StreamSpliterators.java:310)
	at java.base/java.util.stream.Streams$ConcatSpliterator.forEachRemaining(Streams.java:735)
	at java.base/java.util.stream.Streams$ConcatSpliterator.forEachRemaining(Streams.java:734)
	at java.base/java.util.stream.ReferencePipeline$Head.forEach(ReferencePipeline.java:762)
	at org.junit.jupiter.engine.descriptor.ClassBasedTestDescriptor.invokeTestInstancePostProcessors(ClassBasedTestDescriptor.java:377)
	at org.junit.jupiter.engine.descriptor.ClassBasedTestDescriptor.lambda$instantiateAndPostProcessTestInstance$6(ClassBasedTestDescriptor.java:290)
	at org.junit.platform.engine.support.hierarchical.ThrowableCollector.execute(ThrowableCollector.java:73)
	at org.junit.jupiter.engine.descriptor.ClassBasedTestDescriptor.instantiateAndPostProcessTestInstance(ClassBasedTestDescriptor.java:289)
	at org.junit.jupiter.engine.descriptor.ClassBasedTestDescriptor.lambda$testInstancesProvider$4(ClassBasedTestDescriptor.java:279)
	at java.base/java.util.Optional.orElseGet(Optional.java:364)
	at org.junit.jupiter.engine.descriptor.ClassBasedTestDescriptor.lambda$testInstancesProvider$5(ClassBasedTestDescriptor.java:278)
	at org.junit.jupiter.engine.execution.TestInstancesProvider.getTestInstances(TestInstancesProvider.java:31)
	at org.junit.jupiter.engine.descriptor.TestMethodTestDescriptor.lambda$prepare$0(TestMethodTestDescriptor.java:106)
	at org.junit.platform.engine.support.hierarchical.ThrowableCollector.execute(ThrowableCollector.java:73)
	at org.junit.jupiter.engine.descriptor.TestMethodTestDescriptor.prepare(TestMethodTestDescriptor.java:105)
	at org.junit.jupiter.engine.descriptor.TestMethodTestDescriptor.prepare(TestMethodTestDescriptor.java:69)
	at org.junit.platform.engine.support.hierarchical.NodeTestTask.lambda$prepare$2(NodeTestTask.java:123)
	at org.junit.platform.engine.support.hierarchical.ThrowableCollector.execute(ThrowableCollector.java:73)
	at org.junit.platform.engine.support.hierarchical.NodeTestTask.prepare(NodeTestTask.java:123)
	at org.junit.platform.engine.support.hierarchical.NodeTestTask.execute(NodeTestTask.java:90)
	at java.base/java.util.ArrayList.forEach(ArrayList.java:1511)
	at org.junit.platform.engine.support.hierarchical.SameThreadHierarchicalTestExecutorService.invokeAll(SameThreadHierarchicalTestExecutorService.java:41)
	at org.junit.platform.engine.support.hierarchical.NodeTestTask.lambda$executeRecursively$6(NodeTestTask.java:155)
	at org.junit.platform.engine.support.hierarchical.ThrowableCollector.execute(ThrowableCollector.java:73)
	at org.junit.platform.engine.support.hierarchical.NodeTestTask.lambda$executeRecursively$8(NodeTestTask.java:141)
	at org.junit.platform.engine.support.hierarchical.Node.around(Node.java:137)
	at org.junit.platform.engine.support.hierarchical.NodeTestTask.lambda$executeRecursively$9(NodeTestTask.java:139)
	at org.junit.platform.engine.support.hierarchical.ThrowableCollector.execute(ThrowableCollector.java:73)
	at org.junit.platform.engine.support.hierarchical.NodeTestTask.executeRecursively(NodeTestTask.java:138)
	at org.junit.platform.engine.support.hierarchical.NodeTestTask.execute(NodeTestTask.java:95)
	at java.base/java.util.ArrayList.forEach(ArrayList.java:1511)
	at org.junit.platform.engine.support.hierarchical.SameThreadHierarchicalTestExecutorService.invokeAll(SameThreadHierarchicalTestExecutorService.java:41)
	at org.junit.platform.engine.support.hierarchical.NodeTestTask.lambda$executeRecursively$6(NodeTestTask.java:155)
	at org.junit.platform.engine.support.hierarchical.ThrowableCollector.execute(ThrowableCollector.java:73)
	at org.junit.platform.engine.support.hierarchical.NodeTestTask.lambda$executeRecursively$8(NodeTestTask.java:141)
	at org.junit.platform.engine.support.hierarchical.Node.around(Node.java:137)
	at org.junit.platform.engine.support.hierarchical.NodeTestTask.lambda$executeRecursively$9(NodeTestTask.java:139)
	at org.junit.platform.engine.support.hierarchical.ThrowableCollector.execute(ThrowableCollector.java:73)
	at org.junit.platform.engine.support.hierarchical.NodeTestTask.executeRecursively(NodeTestTask.java:138)
	at org.junit.platform.engine.support.hierarchical.NodeTestTask.execute(NodeTestTask.java:95)
	at org.junit.platform.engine.support.hierarchical.SameThreadHierarchicalTestExecutorService.submit(SameThreadHierarchicalTestExecutorService.java:35)
	at org.junit.platform.engine.support.hierarchical.HierarchicalTestExecutor.execute(HierarchicalTestExecutor.java:57)
	at org.junit.platform.engine.support.hierarchical.HierarchicalTestEngine.execute(HierarchicalTestEngine.java:54)
	at org.junit.platform.launcher.core.EngineExecutionOrchestrator.execute(EngineExecutionOrchestrator.java:198)
	at org.junit.platform.launcher.core.EngineExecutionOrchestrator.execute(EngineExecutionOrchestrator.java:169)
	at org.junit.platform.launcher.core.EngineExecutionOrchestrator.execute(EngineExecutionOrchestrator.java:93)
	at org.junit.platform.launcher.core.EngineExecutionOrchestrator.lambda$execute$0(EngineExecutionOrchestrator.java:58)
	at org.junit.platform.launcher.core.EngineExecutionOrchestrator.withInterceptedStreams(EngineExecutionOrchestrator.java:141)
	at org.junit.platform.launcher.core.EngineExecutionOrchestrator.execute(EngineExecutionOrchestrator.java:57)
	at org.junit.platform.launcher.core.DefaultLauncher.execute(DefaultLauncher.java:103)
	at org.junit.platform.launcher.core.DefaultLauncher.execute(DefaultLauncher.java:85)
	at org.junit.platform.launcher.core.DelegatingLauncher.execute(DelegatingLauncher.java:47)
	at org.apache.maven.surefire.junitplatform.LazyLauncher.execute(LazyLauncher.java:56)
	at org.apache.maven.surefire.junitplatform.JUnitPlatformProvider.execute(JUnitPlatformProvider.java:184)
	at org.apache.maven.surefire.junitplatform.JUnitPlatformProvider.invokeAllTests(JUnitPlatformProvider.java:148)
	at org.apache.maven.surefire.junitplatform.JUnitPlatformProvider.invoke(JUnitPlatformProvider.java:122)
	at org.apache.maven.surefire.booter.ForkedBooter.runSuitesInProcess(ForkedBooter.java:385)
	at org.apache.maven.surefire.booter.ForkedBooter.execute(ForkedBooter.java:162)
	at org.apache.maven.surefire.booter.ForkedBooter.run(ForkedBooter.java:507)
	at org.apache.maven.surefire.booter.ForkedBooter.main(ForkedBooter.java:495)
Caused by: java.lang.ClassNotFoundException: io.r2dbc.spi.ConnectionFactory
	at java.base/jdk.internal.loader.BuiltinClassLoader.loadClass(BuiltinClassLoader.java:641)
	at java.base/jdk.internal.loader.ClassLoaders$AppClassLoader.loadClass(ClassLoaders.java:188)
	at java.base/java.lang.ClassLoader.loadClass(ClassLoader.java:520)
	... 91 common frames omitted
22-07-2024 04:10:36.524 &amp#27;[35m[main]&amp#27;[0;39m &amp#27;[39mTRACE&amp#27;[0;39m o.s.c.i.s.SpringFactoriesLoader.load - Loaded [org.springframework.boot.diagnostics.FailureAnalysisReporter] names: [org.springframework.boot.diagnostics.LoggingFailureAnalysisReporter]
22-07-2024 04:10:36.525 &amp#27;[35m[main]&amp#27;[0;39m &amp#27;[39mDEBUG&amp#27;[0;39m o.s.b.d.LoggingFailureAnalysisReporter.report - Application failed to start due to an exception
org.springframework.beans.factory.NoSuchBeanDefinitionException: No qualifying bean of type 'org.springframework.security.authentication.AuthenticationManager' available: expected at least 1 bean which qualifies as autowire candidate. Dependency annotations: {}
	at org.springframework.beans.factory.support.DefaultListableBeanFactory.raiseNoMatchingBeanFound(DefaultListableBeanFactory.java:1880)
	at org.springframework.beans.factory.support.DefaultListableBeanFactory.doResolveDependency(DefaultListableBeanFactory.java:1406)
	at org.springframework.beans.factory.support.DefaultListableBeanFactory.resolveDependency(DefaultListableBeanFactory.java:1353)
	at org.springframework.beans.factory.support.ConstructorResolver.resolveAutowiredArgument(ConstructorResolver.java:904)
	at org.springframework.beans.factory.support.ConstructorResolver.createArgumentArray(ConstructorResolver.java:782)
	at org.springframework.beans.factory.support.ConstructorResolver.autowireConstructor(ConstructorResolver.java:237)
	at org.springframework.beans.factory.support.AbstractAutowireCapableBeanFactory.autowireConstructor(AbstractAutowireCapableBeanFactory.java:1355)
	at org.springframework.beans.factory.support.AbstractAutowireCapableBeanFactory.createBeanInstance(AbstractAutowireCapableBeanFactory.java:1192)
	at org.springframework.beans.factory.support.AbstractAutowireCapableBeanFactory.doCreateBean(AbstractAutowireCapableBeanFactory.java:562)
	at org.springframework.beans.factory.support.AbstractAutowireCapableBeanFactory.createBean(AbstractAutowireCapableBeanFactory.java:522)
	at org.springframework.beans.factory.support.AbstractBeanFactory.lambda$doGetBean$0(AbstractBeanFactory.java:326)
	at org.springframework.beans.factory.support.DefaultSingletonBeanRegistry.getSingleton(DefaultSingletonBeanRegistry.java:234)
	at org.springframework.beans.factory.support.AbstractBeanFactory.doGetBean(AbstractBeanFactory.java:324)
	at org.springframework.beans.factory.support.AbstractBeanFactory.getBean(AbstractBeanFactory.java:200)
	at org.springframework.beans.factory.support.DefaultListableBeanFactory.preInstantiateSingletons(DefaultListableBeanFactory.java:975)
	at org.springframework.context.support.AbstractApplicationContext.finishBeanFactoryInitialization(AbstractApplicationContext.java:962)
	at org.springframework.context.support.AbstractApplicationContext.refresh(AbstractApplicationContext.java:624)
	at org.springframework.boot.SpringApplication.refresh(SpringApplication.java:754)
	at org.springframework.boot.SpringApplication.refreshContext(SpringApplication.java:456)
	at org.springframework.boot.SpringApplication.run(SpringApplication.java:334)
	at org.springframework.boot.test.context.SpringBootContextLoader.lambda$loadContext$3(SpringBootContextLoader.java:137)
	at org.springframework.util.function.ThrowingSupplier.get(ThrowingSupplier.java:58)
	at org.springframework.util.function.ThrowingSupplier.get(ThrowingSupplier.java:46)
	at org.springframework.boot.SpringApplication.withHook(SpringApplication.java:1454)
	at org.springframework.boot.test.context.SpringBootContextLoader$ContextLoaderHook.run(SpringBootContextLoader.java:553)
	at org.springframework.boot.test.context.SpringBootContextLoader.loadContext(SpringBootContextLoader.java:137)
	at org.springframework.boot.test.context.SpringBootContextLoader.loadContext(SpringBootContextLoader.java:108)
	at org.springframework.test.context.cache.DefaultCacheAwareContextLoaderDelegate.loadContextInternal(DefaultCacheAwareContextLoaderDelegate.java:225)
	at org.springframework.test.context.cache.DefaultCacheAwareContextLoaderDelegate.loadContext(DefaultCacheAwareContextLoaderDelegate.java:152)
	at org.springframework.test.context.support.DefaultTestContext.getApplicationContext(DefaultTestContext.java:130)
	at org.springframework.boot.test.mock.mockito.MockitoTestExecutionListener.postProcessFields(MockitoTestExecutionListener.java:122)
	at org.springframework.boot.test.mock.mockito.MockitoTestExecutionListener.injectFields(MockitoTestExecutionListener.java:106)
	at org.springframework.boot.test.mock.mockito.MockitoTestExecutionListener.prepareTestInstance(MockitoTestExecutionListener.java:63)
	at org.springframework.test.context.TestContextManager.prepareTestInstance(TestContextManager.java:260)
	at org.springframework.test.context.junit.jupiter.SpringExtension.postProcessTestInstance(SpringExtension.java:163)
	at org.junit.jupiter.engine.descriptor.ClassBasedTestDescriptor.lambda$invokeTestInstancePostProcessors$10(ClassBasedTestDescriptor.java:378)
	at org.junit.jupiter.engine.descriptor.ClassBasedTestDescriptor.executeAndMaskThrowable(ClassBasedTestDescriptor.java:383)
	at org.junit.jupiter.engine.descriptor.ClassBasedTestDescriptor.lambda$invokeTestInstancePostProcessors$11(ClassBasedTestDescriptor.java:378)
	at java.base/java.util.stream.ReferencePipeline$3$1.accept(ReferencePipeline.java:197)
	at java.base/java.util.stream.ReferencePipeline$2$1.accept(ReferencePipeline.java:179)
	at java.base/java.util.ArrayList$ArrayListSpliterator.forEachRemaining(ArrayList.java:1625)
	at java.base/java.util.stream.AbstractPipeline.copyInto(AbstractPipeline.java:509)
	at java.base/java.util.stream.AbstractPipeline.wrapAndCopyInto(AbstractPipeline.java:499)
	at java.base/java.util.stream.StreamSpliterators$WrappingSpliterator.forEachRemaining(StreamSpliterators.java:310)
	at java.base/java.util.stream.Streams$ConcatSpliterator.forEachRemaining(Streams.java:735)
	at java.base/java.util.stream.Streams$ConcatSpliterator.forEachRemaining(Streams.java:734)
	at java.base/java.util.stream.ReferencePipeline$Head.forEach(ReferencePipeline.java:762)
	at org.junit.jupiter.engine.descriptor.ClassBasedTestDescriptor.invokeTestInstancePostProcessors(ClassBasedTestDescriptor.java:377)
	at org.junit.jupiter.engine.descriptor.ClassBasedTestDescriptor.lambda$instantiateAndPostProcessTestInstance$6(ClassBasedTestDescriptor.java:290)
	at org.junit.platform.engine.support.hierarchical.ThrowableCollector.execute(ThrowableCollector.java:73)
	at org.junit.jupiter.engine.descriptor.ClassBasedTestDescriptor.instantiateAndPostProcessTestInstance(ClassBasedTestDescriptor.java:289)
	at org.junit.jupiter.engine.descriptor.ClassBasedTestDescriptor.lambda$testInstancesProvider$4(ClassBasedTestDescriptor.java:279)
	at java.base/java.util.Optional.orElseGet(Optional.java:364)
	at org.junit.jupiter.engine.descriptor.ClassBasedTestDescriptor.lambda$testInstancesProvider$5(ClassBasedTestDescriptor.java:278)
	at org.junit.jupiter.engine.execution.TestInstancesProvider.getTestInstances(TestInstancesProvider.java:31)
	at org.junit.jupiter.engine.descriptor.TestMethodTestDescriptor.lambda$prepare$0(TestMethodTestDescriptor.java:106)
	at org.junit.platform.engine.support.hierarchical.ThrowableCollector.execute(ThrowableCollector.java:73)
	at org.junit.jupiter.engine.descriptor.TestMethodTestDescriptor.prepare(TestMethodTestDescriptor.java:105)
	at org.junit.jupiter.engine.descriptor.TestMethodTestDescriptor.prepare(TestMethodTestDescriptor.java:69)
	at org.junit.platform.engine.support.hierarchical.NodeTestTask.lambda$prepare$2(NodeTestTask.java:123)
	at org.junit.platform.engine.support.hierarchical.ThrowableCollector.execute(ThrowableCollector.java:73)
	at org.junit.platform.engine.support.hierarchical.NodeTestTask.prepare(NodeTestTask.java:123)
	at org.junit.platform.engine.support.hierarchical.NodeTestTask.execute(NodeTestTask.java:90)
	at java.base/java.util.ArrayList.forEach(ArrayList.java:1511)
	at org.junit.platform.engine.support.hierarchical.SameThreadHierarchicalTestExecutorService.invokeAll(SameThreadHierarchicalTestExecutorService.java:41)
	at org.junit.platform.engine.support.hierarchical.NodeTestTask.lambda$executeRecursively$6(NodeTestTask.java:155)
	at org.junit.platform.engine.support.hierarchical.ThrowableCollector.execute(ThrowableCollector.java:73)
	at org.junit.platform.engine.support.hierarchical.NodeTestTask.lambda$executeRecursively$8(NodeTestTask.java:141)
	at org.junit.platform.engine.support.hierarchical.Node.around(Node.java:137)
	at org.junit.platform.engine.support.hierarchical.NodeTestTask.lambda$executeRecursively$9(NodeTestTask.java:139)
	at org.junit.platform.engine.support.hierarchical.ThrowableCollector.execute(ThrowableCollector.java:73)
	at org.junit.platform.engine.support.hierarchical.NodeTestTask.executeRecursively(NodeTestTask.java:138)
	at org.junit.platform.engine.support.hierarchical.NodeTestTask.execute(NodeTestTask.java:95)
	at java.base/java.util.ArrayList.forEach(ArrayList.java:1511)
	at org.junit.platform.engine.support.hierarchical.SameThreadHierarchicalTestExecutorService.invokeAll(SameThreadHierarchicalTestExecutorService.java:41)
	at org.junit.platform.engine.support.hierarchical.NodeTestTask.lambda$executeRecursively$6(NodeTestTask.java:155)
	at org.junit.platform.engine.support.hierarchical.ThrowableCollector.execute(ThrowableCollector.java:73)
	at org.junit.platform.engine.support.hierarchical.NodeTestTask.lambda$executeRecursively$8(NodeTestTask.java:141)
	at org.junit.platform.engine.support.hierarchical.Node.around(Node.java:137)
	at org.junit.platform.engine.support.hierarchical.NodeTestTask.lambda$executeRecursively$9(NodeTestTask.java:139)
	at org.junit.platform.engine.support.hierarchical.ThrowableCollector.execute(ThrowableCollector.java:73)
	at org.junit.platform.engine.support.hierarchical.NodeTestTask.executeRecursively(NodeTestTask.java:138)
	at org.junit.platform.engine.support.hierarchical.NodeTestTask.execute(NodeTestTask.java:95)
	at org.junit.platform.engine.support.hierarchical.SameThreadHierarchicalTestExecutorService.submit(SameThreadHierarchicalTestExecutorService.java:35)
	at org.junit.platform.engine.support.hierarchical.HierarchicalTestExecutor.execute(HierarchicalTestExecutor.java:57)
	at org.junit.platform.engine.support.hierarchical.HierarchicalTestEngine.execute(HierarchicalTestEngine.java:54)
	at org.junit.platform.launcher.core.EngineExecutionOrchestrator.execute(EngineExecutionOrchestrator.java:198)
	at org.junit.platform.launcher.core.EngineExecutionOrchestrator.execute(EngineExecutionOrchestrator.java:169)
	at org.junit.platform.launcher.core.EngineExecutionOrchestrator.execute(EngineExecutionOrchestrator.java:93)
	at org.junit.platform.launcher.core.EngineExecutionOrchestrator.lambda$execute$0(EngineExecutionOrchestrator.java:58)
	at org.junit.platform.launcher.core.EngineExecutionOrchestrator.withInterceptedStreams(EngineExecutionOrchestrator.java:141)
	at org.junit.platform.launcher.core.EngineExecutionOrchestrator.execute(EngineExecutionOrchestrator.java:57)
	at org.junit.platform.launcher.core.DefaultLauncher.execute(DefaultLauncher.java:103)
	at org.junit.platform.launcher.core.DefaultLauncher.execute(DefaultLauncher.java:85)
	at org.junit.platform.launcher.core.DelegatingLauncher.execute(DelegatingLauncher.java:47)
	at org.apache.maven.surefire.junitplatform.LazyLauncher.execute(LazyLauncher.java:56)
	at org.apache.maven.surefire.junitplatform.JUnitPlatformProvider.execute(JUnitPlatformProvider.java:184)
	at org.apache.maven.surefire.junitplatform.JUnitPlatformProvider.invokeAllTests(JUnitPlatformProvider.java:148)
	at org.apache.maven.surefire.junitplatform.JUnitPlatformProvider.invoke(JUnitPlatformProvider.java:122)
	at org.apache.maven.surefire.booter.ForkedBooter.runSuitesInProcess(ForkedBooter.java:385)
	at org.apache.maven.surefire.booter.ForkedBooter.execute(ForkedBooter.java:162)
	at org.apache.maven.surefire.booter.ForkedBooter.run(ForkedBooter.java:507)
	at org.apache.maven.surefire.booter.ForkedBooter.main(ForkedBooter.java:495)
22-07-2024 04:10:36.525 &amp#27;[35m[main]&amp#27;[0;39m &amp#27;[1;31mERROR&amp#27;[0;39m o.s.b.d.LoggingFailureAnalysisReporter.report - 

***************************
APPLICATION FAILED TO START
***************************

Description:

Parameter 0 of constructor in org.nauman.app.security.filters.JwtAuthenticationFilter required a bean of type 'org.springframework.security.authentication.AuthenticationManager' that could not be found.


Action:

Consider defining a bean of type 'org.springframework.security.authentication.AuthenticationManager' in your configuration.

22-07-2024 04:10:36.526 &amp#27;[35m[main]&amp#27;[0;39m &amp#27;[39mTRACE&amp#27;[0;39m o.s.t.c.c.DefaultCacheAwareContextLoaderDelegate.loadContext - Incrementing ApplicationContext failure count for [WebMergedContextConfiguration@cf01c2e testClass = org.nauman.app.controller.UserControllerTest, locations = [], classes = [org.nauman.app.AppServiceApplication], contextInitializerClasses = [], activeProfiles = [], propertySourceDescriptors = [], propertySourceProperties = ["org.springframework.boot.test.autoconfigure.web.servlet.WebMvcTestContextBootstrapper=true"], contextCustomizers = [[ImportsContextCustomizer@6f15f52a key = [org.springframework.boot.autoconfigure.task.TaskExecutionAutoConfiguration, org.springframework.boot.autoconfigure.cache.CacheAutoConfiguration, org.springframework.boot.autoconfigure.web.servlet.HttpEncodingAutoConfiguration, org.springframework.boot.autoconfigure.validation.ValidationAutoConfiguration, org.springframework.boot.autoconfigure.context.MessageSourceAutoConfiguration, org.springframework.boot.autoconfigure.hateoas.HypermediaAutoConfiguration, org.springframework.boot.autoconfigure.data.web.SpringDataWebAutoConfiguration, org.springframework.boot.autoconfigure.jackson.JacksonAutoConfiguration, org.springframework.boot.test.autoconfigure.web.reactive.WebTestClientAutoConfiguration, org.springframework.boot.autoconfigure.web.servlet.error.ErrorMvcAutoConfiguration, org.springframework.boot.test.autoconfigure.web.servlet.MockMvcAutoConfiguration, org.springframework.boot.autoconfigure.security.servlet.SecurityAutoConfiguration, org.springframework.boot.autoconfigure.security.servlet.SecurityFilterAutoConfiguration, org.springframework.boot.autoconfigure.http.HttpMessageConvertersAutoConfiguration, org.springframework.boot.autoconfigure.security.oauth2.client.servlet.OAuth2ClientAutoConfiguration, org.springframework.boot.test.autoconfigure.web.servlet.MockMvcSecurityConfiguration, org.springframework.boot.test.autoconfigure.web.servlet.MockMvcWebClientAutoConfiguration, org.springframework.boot.test.autoconfigure.web.servlet.MockMvcWebDriverAutoConfiguration, org.springframework.boot.autoconfigure.thymeleaf.ThymeleafAutoConfiguration, org.springframework.boot.autoconfigure.gson.GsonAutoConfiguration, org.springframework.boot.autoconfigure.jsonb.JsonbAutoConfiguration, org.springframework.boot.autoconfigure.freemarker.FreeMarkerAutoConfiguration, org.springframework.boot.autoconfigure.web.servlet.WebMvcAutoConfiguration, org.springframework.boot.autoconfigure.security.servlet.UserDetailsServiceAutoConfiguration, org.springframework.boot.autoconfigure.security.oauth2.resource.servlet.OAuth2ResourceServerAutoConfiguration, org.springframework.boot.autoconfigure.groovy.template.GroovyTemplateAutoConfiguration, org.springframework.boot.autoconfigure.mustache.MustacheAutoConfiguration]], org.springframework.boot.test.context.filter.ExcludeFilterContextCustomizer@d23e042, org.springframework.boot.test.json.DuplicateJsonObjectContextCustomizerFactory$DuplicateJsonObjectContextCustomizer@14dd7b39, org.springframework.boot.test.mock.mockito.MockitoContextCustomizer@1fe3353, org.springframework.boot.test.autoconfigure.OverrideAutoConfigurationContextCustomizerFactory$DisableAutoConfigurationContextCustomizer@642a7222, org.springframework.boot.test.autoconfigure.actuate.observability.ObservabilityContextCustomizerFactory$DisableObservabilityContextCustomizer@1f, org.springframework.boot.test.autoconfigure.filter.TypeExcludeFiltersContextCustomizer@47158104, org.springframework.boot.test.autoconfigure.properties.PropertyMappingContextCustomizer@7c2d507, org.springframework.boot.test.autoconfigure.web.servlet.WebDriverContextCustomizer@dc9876b, org.springframework.boot.test.context.SpringBootTestAnnotation@c5e37f6d], resourceBasePath = "src/main/webapp", contextLoader = org.springframework.boot.test.context.SpringBootContextLoader, parent = null]
22-07-2024 04:10:36.526 &amp#27;[35m[main]&amp#27;[0;39m &amp#27;[39mTRACE&amp#27;[0;39m o.s.b.f.s.DefaultListableBeanFactory.doGetBean - Returning cached instance of singleton bean 'autoConfigurationReport'
22-07-2024 04:10:36.527 &amp#27;[35m[main]&amp#27;[0;39m &amp#27;[39mDEBUG&amp#27;[0;39m o.springframework.test.context.cache.logStatistics - Spring test ApplicationContext cache statistics: [DefaultContextCache@682e445e size = 0, maxSize = 32, parentContextCount = 0, hitCount = 0, missCount = 1, failureCount = 1]
22-07-2024 04:10:36.527 &amp#27;[35m[main]&amp#27;[0;39m &amp#27;[31mWARN &amp#27;[0;39m o.s.test.context.TestContextManager.prepareTestInstance - Caught exception while allowing TestExecutionListener [org.springframework.boot.test.mock.mockito.MockitoTestExecutionListener] to prepare test instance [org.nauman.app.controller.UserControllerTest@79e10fb4]
java.lang.IllegalStateException: Failed to load ApplicationContext for [WebMergedContextConfiguration@cf01c2e testClass = org.nauman.app.controller.UserControllerTest, locations = [], classes = [org.nauman.app.AppServiceApplication], contextInitializerClasses = [], activeProfiles = [], propertySourceDescriptors = [], propertySourceProperties = ["org.springframework.boot.test.autoconfigure.web.servlet.WebMvcTestContextBootstrapper=true"], contextCustomizers = [[ImportsContextCustomizer@6f15f52a key = [org.springframework.boot.autoconfigure.task.TaskExecutionAutoConfiguration, org.springframework.boot.autoconfigure.cache.CacheAutoConfiguration, org.springframework.boot.autoconfigure.web.servlet.HttpEncodingAutoConfiguration, org.springframework.boot.autoconfigure.validation.ValidationAutoConfiguration, org.springframework.boot.autoconfigure.context.MessageSourceAutoConfiguration, org.springframework.boot.autoconfigure.hateoas.HypermediaAutoConfiguration, org.springframework.boot.autoconfigure.data.web.SpringDataWebAutoConfiguration, org.springframework.boot.autoconfigure.jackson.JacksonAutoConfiguration, org.springframework.boot.test.autoconfigure.web.reactive.WebTestClientAutoConfiguration, org.springframework.boot.autoconfigure.web.servlet.error.ErrorMvcAutoConfiguration, org.springframework.boot.test.autoconfigure.web.servlet.MockMvcAutoConfiguration, org.springframework.boot.autoconfigure.security.servlet.SecurityAutoConfiguration, org.springframework.boot.autoconfigure.security.servlet.SecurityFilterAutoConfiguration, org.springframework.boot.autoconfigure.http.HttpMessageConvertersAutoConfiguration, org.springframework.boot.autoconfigure.security.oauth2.client.servlet.OAuth2ClientAutoConfiguration, org.springframework.boot.test.autoconfigure.web.servlet.MockMvcSecurityConfiguration, org.springframework.boot.test.autoconfigure.web.servlet.MockMvcWebClientAutoConfiguration, org.springframework.boot.test.autoconfigure.web.servlet.MockMvcWebDriverAutoConfiguration, org.springframework.boot.autoconfigure.thymeleaf.ThymeleafAutoConfiguration, org.springframework.boot.autoconfigure.gson.GsonAutoConfiguration, org.springframework.boot.autoconfigure.jsonb.JsonbAutoConfiguration, org.springframework.boot.autoconfigure.freemarker.FreeMarkerAutoConfiguration, org.springframework.boot.autoconfigure.web.servlet.WebMvcAutoConfiguration, org.springframework.boot.autoconfigure.security.servlet.UserDetailsServiceAutoConfiguration, org.springframework.boot.autoconfigure.security.oauth2.resource.servlet.OAuth2ResourceServerAutoConfiguration, org.springframework.boot.autoconfigure.groovy.template.GroovyTemplateAutoConfiguration, org.springframework.boot.autoconfigure.mustache.MustacheAutoConfiguration]], org.springframework.boot.test.context.filter.ExcludeFilterContextCustomizer@d23e042, org.springframework.boot.test.json.DuplicateJsonObjectContextCustomizerFactory$DuplicateJsonObjectContextCustomizer@14dd7b39, org.springframework.boot.test.mock.mockito.MockitoContextCustomizer@1fe3353, org.springframework.boot.test.autoconfigure.OverrideAutoConfigurationContextCustomizerFactory$DisableAutoConfigurationContextCustomizer@642a7222, org.springframework.boot.test.autoconfigure.actuate.observability.ObservabilityContextCustomizerFactory$DisableObservabilityContextCustomizer@1f, org.springframework.boot.test.autoconfigure.filter.TypeExcludeFiltersContextCustomizer@47158104, org.springframework.boot.test.autoconfigure.properties.PropertyMappingContextCustomizer@7c2d507, org.springframework.boot.test.autoconfigure.web.servlet.WebDriverContextCustomizer@dc9876b, org.springframework.boot.test.context.SpringBootTestAnnotation@c5e37f6d], resourceBasePath = "src/main/webapp", contextLoader = org.springframework.boot.test.context.SpringBootContextLoader, parent = null]
	at org.springframework.test.context.cache.DefaultCacheAwareContextLoaderDelegate.loadContext(DefaultCacheAwareContextLoaderDelegate.java:180)
	at org.springframework.test.context.support.DefaultTestContext.getApplicationContext(DefaultTestContext.java:130)
	at org.springframework.boot.test.mock.mockito.MockitoTestExecutionListener.postProcessFields(MockitoTestExecutionListener.java:122)
	at org.springframework.boot.test.mock.mockito.MockitoTestExecutionListener.injectFields(MockitoTestExecutionListener.java:106)
	at org.springframework.boot.test.mock.mockito.MockitoTestExecutionListener.prepareTestInstance(MockitoTestExecutionListener.java:63)
	at org.springframework.test.context.TestContextManager.prepareTestInstance(TestContextManager.java:260)
	at org.springframework.test.context.junit.jupiter.SpringExtension.postProcessTestInstance(SpringExtension.java:163)
	at org.junit.jupiter.engine.descriptor.ClassBasedTestDescriptor.lambda$invokeTestInstancePostProcessors$10(ClassBasedTestDescriptor.java:378)
	at org.junit.jupiter.engine.descriptor.ClassBasedTestDescriptor.executeAndMaskThrowable(ClassBasedTestDescriptor.java:383)
	at org.junit.jupiter.engine.descriptor.ClassBasedTestDescriptor.lambda$invokeTestInstancePostProcessors$11(ClassBasedTestDescriptor.java:378)
	at java.base/java.util.stream.ReferencePipeline$3$1.accept(ReferencePipeline.java:197)
	at java.base/java.util.stream.ReferencePipeline$2$1.accept(ReferencePipeline.java:179)
	at java.base/java.util.ArrayList$ArrayListSpliterator.forEachRemaining(ArrayList.java:1625)
	at java.base/java.util.stream.AbstractPipeline.copyInto(AbstractPipeline.java:509)
	at java.base/java.util.stream.AbstractPipeline.wrapAndCopyInto(AbstractPipeline.java:499)
	at java.base/java.util.stream.StreamSpliterators$WrappingSpliterator.forEachRemaining(StreamSpliterators.java:310)
	at java.base/java.util.stream.Streams$ConcatSpliterator.forEachRemaining(Streams.java:735)
	at java.base/java.util.stream.Streams$ConcatSpliterator.forEachRemaining(Streams.java:734)
	at java.base/java.util.stream.ReferencePipeline$Head.forEach(ReferencePipeline.java:762)
	at org.junit.jupiter.engine.descriptor.ClassBasedTestDescriptor.invokeTestInstancePostProcessors(ClassBasedTestDescriptor.java:377)
	at org.junit.jupiter.engine.descriptor.ClassBasedTestDescriptor.lambda$instantiateAndPostProcessTestInstance$6(ClassBasedTestDescriptor.java:290)
	at org.junit.platform.engine.support.hierarchical.ThrowableCollector.execute(ThrowableCollector.java:73)
	at org.junit.jupiter.engine.descriptor.ClassBasedTestDescriptor.instantiateAndPostProcessTestInstance(ClassBasedTestDescriptor.java:289)
	at org.junit.jupiter.engine.descriptor.ClassBasedTestDescriptor.lambda$testInstancesProvider$4(ClassBasedTestDescriptor.java:279)
	at java.base/java.util.Optional.orElseGet(Optional.java:364)
	at org.junit.jupiter.engine.descriptor.ClassBasedTestDescriptor.lambda$testInstancesProvider$5(ClassBasedTestDescriptor.java:278)
	at org.junit.jupiter.engine.execution.TestInstancesProvider.getTestInstances(TestInstancesProvider.java:31)
	at org.junit.jupiter.engine.descriptor.TestMethodTestDescriptor.lambda$prepare$0(TestMethodTestDescriptor.java:106)
	at org.junit.platform.engine.support.hierarchical.ThrowableCollector.execute(ThrowableCollector.java:73)
	at org.junit.jupiter.engine.descriptor.TestMethodTestDescriptor.prepare(TestMethodTestDescriptor.java:105)
	at org.junit.jupiter.engine.descriptor.TestMethodTestDescriptor.prepare(TestMethodTestDescriptor.java:69)
	at org.junit.platform.engine.support.hierarchical.NodeTestTask.lambda$prepare$2(NodeTestTask.java:123)
	at org.junit.platform.engine.support.hierarchical.ThrowableCollector.execute(ThrowableCollector.java:73)
	at org.junit.platform.engine.support.hierarchical.NodeTestTask.prepare(NodeTestTask.java:123)
	at org.junit.platform.engine.support.hierarchical.NodeTestTask.execute(NodeTestTask.java:90)
	at java.base/java.util.ArrayList.forEach(ArrayList.java:1511)
	at org.junit.platform.engine.support.hierarchical.SameThreadHierarchicalTestExecutorService.invokeAll(SameThreadHierarchicalTestExecutorService.java:41)
	at org.junit.platform.engine.support.hierarchical.NodeTestTask.lambda$executeRecursively$6(NodeTestTask.java:155)
	at org.junit.platform.engine.support.hierarchical.ThrowableCollector.execute(ThrowableCollector.java:73)
	at org.junit.platform.engine.support.hierarchical.NodeTestTask.lambda$executeRecursively$8(NodeTestTask.java:141)
	at org.junit.platform.engine.support.hierarchical.Node.around(Node.java:137)
	at org.junit.platform.engine.support.hierarchical.NodeTestTask.lambda$executeRecursively$9(NodeTestTask.java:139)
	at org.junit.platform.engine.support.hierarchical.ThrowableCollector.execute(ThrowableCollector.java:73)
	at org.junit.platform.engine.support.hierarchical.NodeTestTask.executeRecursively(NodeTestTask.java:138)
	at org.junit.platform.engine.support.hierarchical.NodeTestTask.execute(NodeTestTask.java:95)
	at java.base/java.util.ArrayList.forEach(ArrayList.java:1511)
	at org.junit.platform.engine.support.hierarchical.SameThreadHierarchicalTestExecutorService.invokeAll(SameThreadHierarchicalTestExecutorService.java:41)
	at org.junit.platform.engine.support.hierarchical.NodeTestTask.lambda$executeRecursively$6(NodeTestTask.java:155)
	at org.junit.platform.engine.support.hierarchical.ThrowableCollector.execute(ThrowableCollector.java:73)
	at org.junit.platform.engine.support.hierarchical.NodeTestTask.lambda$executeRecursively$8(NodeTestTask.java:141)
	at org.junit.platform.engine.support.hierarchical.Node.around(Node.java:137)
	at org.junit.platform.engine.support.hierarchical.NodeTestTask.lambda$executeRecursively$9(NodeTestTask.java:139)
	at org.junit.platform.engine.support.hierarchical.ThrowableCollector.execute(ThrowableCollector.java:73)
	at org.junit.platform.engine.support.hierarchical.NodeTestTask.executeRecursively(NodeTestTask.java:138)
	at org.junit.platform.engine.support.hierarchical.NodeTestTask.execute(NodeTestTask.java:95)
	at org.junit.platform.engine.support.hierarchical.SameThreadHierarchicalTestExecutorService.submit(SameThreadHierarchicalTestExecutorService.java:35)
	at org.junit.platform.engine.support.hierarchical.HierarchicalTestExecutor.execute(HierarchicalTestExecutor.java:57)
	at org.junit.platform.engine.support.hierarchical.HierarchicalTestEngine.execute(HierarchicalTestEngine.java:54)
	at org.junit.platform.launcher.core.EngineExecutionOrchestrator.execute(EngineExecutionOrchestrator.java:198)
	at org.junit.platform.launcher.core.EngineExecutionOrchestrator.execute(EngineExecutionOrchestrator.java:169)
	at org.junit.platform.launcher.core.EngineExecutionOrchestrator.execute(EngineExecutionOrchestrator.java:93)
	at org.junit.platform.launcher.core.EngineExecutionOrchestrator.lambda$execute$0(EngineExecutionOrchestrator.java:58)
	at org.junit.platform.launcher.core.EngineExecutionOrchestrator.withInterceptedStreams(EngineExecutionOrchestrator.java:141)
	at org.junit.platform.launcher.core.EngineExecutionOrchestrator.execute(EngineExecutionOrchestrator.java:57)
	at org.junit.platform.launcher.core.DefaultLauncher.execute(DefaultLauncher.java:103)
	at org.junit.platform.launcher.core.DefaultLauncher.execute(DefaultLauncher.java:85)
	at org.junit.platform.launcher.core.DelegatingLauncher.execute(DelegatingLauncher.java:47)
	at org.apache.maven.surefire.junitplatform.LazyLauncher.execute(LazyLauncher.java:56)
	at org.apache.maven.surefire.junitplatform.JUnitPlatformProvider.execute(JUnitPlatformProvider.java:184)
	at org.apache.maven.surefire.junitplatform.JUnitPlatformProvider.invokeAllTests(JUnitPlatformProvider.java:148)
	at org.apache.maven.surefire.junitplatform.JUnitPlatformProvider.invoke(JUnitPlatformProvider.java:122)
	at org.apache.maven.surefire.booter.ForkedBooter.runSuitesInProcess(ForkedBooter.java:385)
	at org.apache.maven.surefire.booter.ForkedBooter.execute(ForkedBooter.java:162)
	at org.apache.maven.surefire.booter.ForkedBooter.run(ForkedBooter.java:507)
	at org.apache.maven.surefire.booter.ForkedBooter.main(ForkedBooter.java:495)
Caused by: org.springframework.beans.factory.UnsatisfiedDependencyException: Error creating bean with name 'jwtAuthenticationFilter' defined in file [/Users/nauman/Documents/Repositories/monolithic-springboot/app-service/target/classes/org/nauman/app/security/filters/JwtAuthenticationFilter.class]: Unsatisfied dependency expressed through constructor parameter 0: No qualifying bean of type 'org.springframework.security.authentication.AuthenticationManager' available: expected at least 1 bean which qualifies as autowire candidate. Dependency annotations: {}
	at org.springframework.beans.factory.support.ConstructorResolver.createArgumentArray(ConstructorResolver.java:795)
	at org.springframework.beans.factory.support.ConstructorResolver.autowireConstructor(ConstructorResolver.java:237)
	at org.springframework.beans.factory.support.AbstractAutowireCapableBeanFactory.autowireConstructor(AbstractAutowireCapableBeanFactory.java:1355)
	at org.springframework.beans.factory.support.AbstractAutowireCapableBeanFactory.createBeanInstance(AbstractAutowireCapableBeanFactory.java:1192)
	at org.springframework.beans.factory.support.AbstractAutowireCapableBeanFactory.doCreateBean(AbstractAutowireCapableBeanFactory.java:562)
	at org.springframework.beans.factory.support.AbstractAutowireCapableBeanFactory.createBean(AbstractAutowireCapableBeanFactory.java:522)
	at org.springframework.beans.factory.support.AbstractBeanFactory.lambda$doGetBean$0(AbstractBeanFactory.java:326)
	at org.springframework.beans.factory.support.DefaultSingletonBeanRegistry.getSingleton(DefaultSingletonBeanRegistry.java:234)
	at org.springframework.beans.factory.support.AbstractBeanFactory.doGetBean(AbstractBeanFactory.java:324)
	at org.springframework.beans.factory.support.AbstractBeanFactory.getBean(AbstractBeanFactory.java:200)
	at org.springframework.beans.factory.support.DefaultListableBeanFactory.preInstantiateSingletons(DefaultListableBeanFactory.java:975)
	at org.springframework.context.support.AbstractApplicationContext.finishBeanFactoryInitialization(AbstractApplicationContext.java:962)
	at org.springframework.context.support.AbstractApplicationContext.refresh(AbstractApplicationContext.java:624)
	at org.springframework.boot.SpringApplication.refresh(SpringApplication.java:754)
	at org.springframework.boot.SpringApplication.refreshContext(SpringApplication.java:456)
	at org.springframework.boot.SpringApplication.run(SpringApplication.java:334)
	at org.springframework.boot.test.context.SpringBootContextLoader.lambda$loadContext$3(SpringBootContextLoader.java:137)
	at org.springframework.util.function.ThrowingSupplier.get(ThrowingSupplier.java:58)
	at org.springframework.util.function.ThrowingSupplier.get(ThrowingSupplier.java:46)
	at org.springframework.boot.SpringApplication.withHook(SpringApplication.java:1454)
	at org.springframework.boot.test.context.SpringBootContextLoader$ContextLoaderHook.run(SpringBootContextLoader.java:553)
	at org.springframework.boot.test.context.SpringBootContextLoader.loadContext(SpringBootContextLoader.java:137)
	at org.springframework.boot.test.context.SpringBootContextLoader.loadContext(SpringBootContextLoader.java:108)
	at org.springframework.test.context.cache.DefaultCacheAwareContextLoaderDelegate.loadContextInternal(DefaultCacheAwareContextLoaderDelegate.java:225)
	at org.springframework.test.context.cache.DefaultCacheAwareContextLoaderDelegate.loadContext(DefaultCacheAwareContextLoaderDelegate.java:152)
	... 74 common frames omitted
Caused by: org.springframework.beans.factory.NoSuchBeanDefinitionException: No qualifying bean of type 'org.springframework.security.authentication.AuthenticationManager' available: expected at least 1 bean which qualifies as autowire candidate. Dependency annotations: {}
	at org.springframework.beans.factory.support.DefaultListableBeanFactory.raiseNoMatchingBeanFound(DefaultListableBeanFactory.java:1880)
	at org.springframework.beans.factory.support.DefaultListableBeanFactory.doResolveDependency(DefaultListableBeanFactory.java:1406)
	at org.springframework.beans.factory.support.DefaultListableBeanFactory.resolveDependency(DefaultListableBeanFactory.java:1353)
	at org.springframework.beans.factory.support.ConstructorResolver.resolveAutowiredArgument(ConstructorResolver.java:904)
	at org.springframework.beans.factory.support.ConstructorResolver.createArgumentArray(ConstructorResolver.java:782)
	... 98 common frames omitted
]]></system-out>
    <system-err><![CDATA[


============================
CONDITIONS EVALUATION REPORT
============================


Positive matches:
-----------------

    None


Negative matches:
-----------------

    None


Exclusions:
-----------

    None


Unconditional classes:
----------------------

    None



]]></system-err>
  </testcase>
</testsuite>