<?xml version="1.0" encoding="UTF-8"?>
<testsuite xmlns:xsi="http://www.w3.org/2001/XMLSchema-instance" xsi:noNamespaceSchemaLocation="https://maven.apache.org/surefire/maven-surefire-plugin/xsd/surefire-test-report-3.0.xsd" version="3.0" name="org.nauman.app.service.UserServiceTest" time="0.181" tests="1" errors="0" skipped="0" failures="0">
  <properties>
    <property name="git.tags" value=""/>
    <property name="java.specification.version" value="17"/>
    <property name="sun.jnu.encoding" value="UTF-8"/>
    <property name="git.build.version" value="3.2.4"/>
    <property name="java.class.path" value="/Users/nauman/Documents/Repositories/monolithic-springboot/app-service/target/test-classes:/Users/nauman/Documents/Repositories/monolithic-springboot/app-service/target/classes:/Users/nauman/.m2/repository/org/springframework/boot/spring-boot-starter-web/3.2.4/spring-boot-starter-web-3.2.4.jar:/Users/nauman/.m2/repository/org/springframework/boot/spring-boot-starter/3.2.4/spring-boot-starter-3.2.4.jar:/Users/nauman/.m2/repository/org/springframework/boot/spring-boot/3.2.4/spring-boot-3.2.4.jar:/Users/nauman/.m2/repository/org/springframework/boot/spring-boot-autoconfigure/3.2.4/spring-boot-autoconfigure-3.2.4.jar:/Users/nauman/.m2/repository/org/springframework/boot/spring-boot-starter-logging/3.2.4/spring-boot-starter-logging-3.2.4.jar:/Users/nauman/.m2/repository/ch/qos/logback/logback-classic/1.4.14/logback-classic-1.4.14.jar:/Users/nauman/.m2/repository/ch/qos/logback/logback-core/1.4.14/logback-core-1.4.14.jar:/Users/nauman/.m2/repository/org/apache/logging/log4j/log4j-to-slf4j/2.21.1/log4j-to-slf4j-2.21.1.jar:/Users/nauman/.m2/repository/org/apache/logging/log4j/log4j-api/2.21.1/log4j-api-2.21.1.jar:/Users/nauman/.m2/repository/org/slf4j/jul-to-slf4j/2.0.12/jul-to-slf4j-2.0.12.jar:/Users/nauman/.m2/repository/jakarta/annotation/jakarta.annotation-api/2.1.1/jakarta.annotation-api-2.1.1.jar:/Users/nauman/.m2/repository/org/yaml/snakeyaml/2.2/snakeyaml-2.2.jar:/Users/nauman/.m2/repository/org/springframework/boot/spring-boot-starter-json/3.2.4/spring-boot-starter-json-3.2.4.jar:/Users/nauman/.m2/repository/com/fasterxml/jackson/datatype/jackson-datatype-jdk8/2.15.4/jackson-datatype-jdk8-2.15.4.jar:/Users/nauman/.m2/repository/com/fasterxml/jackson/datatype/jackson-datatype-jsr310/2.15.4/jackson-datatype-jsr310-2.15.4.jar:/Users/nauman/.m2/repository/com/fasterxml/jackson/module/jackson-module-parameter-names/2.15.4/jackson-module-parameter-names-2.15.4.jar:/Users/nauman/.m2/repository/org/springframework/boot/spring-boot-starter-tomcat/3.2.4/spring-boot-starter-tomcat-3.2.4.jar:/Users/nauman/.m2/repository/org/apache/tomcat/embed/tomcat-embed-core/10.1.19/tomcat-embed-core-10.1.19.jar:/Users/nauman/.m2/repository/org/apache/tomcat/embed/tomcat-embed-el/10.1.19/tomcat-embed-el-10.1.19.jar:/Users/nauman/.m2/repository/org/apache/tomcat/embed/tomcat-embed-websocket/10.1.19/tomcat-embed-websocket-10.1.19.jar:/Users/nauman/.m2/repository/org/springframework/spring-web/6.1.5/spring-web-6.1.5.jar:/Users/nauman/.m2/repository/org/springframework/spring-beans/6.1.5/spring-beans-6.1.5.jar:/Users/nauman/.m2/repository/io/micrometer/micrometer-observation/1.12.4/micrometer-observation-1.12.4.jar:/Users/nauman/.m2/repository/io/micrometer/micrometer-commons/1.12.4/micrometer-commons-1.12.4.jar:/Users/nauman/.m2/repository/org/springframework/spring-webmvc/6.1.5/spring-webmvc-6.1.5.jar:/Users/nauman/.m2/repository/org/springframework/spring-context/6.1.5/spring-context-6.1.5.jar:/Users/nauman/.m2/repository/org/springframework/spring-expression/6.1.5/spring-expression-6.1.5.jar:/Users/nauman/.m2/repository/org/springframework/boot/spring-boot-starter-data-jpa/3.2.4/spring-boot-starter-data-jpa-3.2.4.jar:/Users/nauman/.m2/repository/org/springframework/boot/spring-boot-starter-aop/3.2.4/spring-boot-starter-aop-3.2.4.jar:/Users/nauman/.m2/repository/org/aspectj/aspectjweaver/1.9.21/aspectjweaver-1.9.21.jar:/Users/nauman/.m2/repository/org/springframework/boot/spring-boot-starter-jdbc/3.2.4/spring-boot-starter-jdbc-3.2.4.jar:/Users/nauman/.m2/repository/com/zaxxer/HikariCP/5.0.1/HikariCP-5.0.1.jar:/Users/nauman/.m2/repository/org/springframework/spring-jdbc/6.1.5/spring-jdbc-6.1.5.jar:/Users/nauman/.m2/repository/org/hibernate/orm/hibernate-core/6.4.4.Final/hibernate-core-6.4.4.Final.jar:/Users/nauman/.m2/repository/jakarta/persistence/jakarta.persistence-api/3.1.0/jakarta.persistence-api-3.1.0.jar:/Users/nauman/.m2/repository/jakarta/transaction/jakarta.transaction-api/2.0.1/jakarta.transaction-api-2.0.1.jar:/Users/nauman/.m2/repository/org/jboss/logging/jboss-logging/3.5.3.Final/jboss-logging-3.5.3.Final.jar:/Users/nauman/.m2/repository/org/hibernate/common/hibernate-commons-annotations/6.0.6.Final/hibernate-commons-annotations-6.0.6.Final.jar:/Users/nauman/.m2/repository/io/smallrye/jandex/3.1.2/jandex-3.1.2.jar:/Users/nauman/.m2/repository/com/fasterxml/classmate/1.6.0/classmate-1.6.0.jar:/Users/nauman/.m2/repository/net/bytebuddy/byte-buddy/1.14.12/byte-buddy-1.14.12.jar:/Users/nauman/.m2/repository/org/glassfish/jaxb/jaxb-runtime/4.0.5/jaxb-runtime-4.0.5.jar:/Users/nauman/.m2/repository/org/glassfish/jaxb/jaxb-core/4.0.5/jaxb-core-4.0.5.jar:/Users/nauman/.m2/repository/org/eclipse/angus/angus-activation/2.0.2/angus-activation-2.0.2.jar:/Users/nauman/.m2/repository/org/glassfish/jaxb/txw2/4.0.5/txw2-4.0.5.jar:/Users/nauman/.m2/repository/com/sun/istack/istack-commons-runtime/4.1.2/istack-commons-runtime-4.1.2.jar:/Users/nauman/.m2/repository/jakarta/inject/jakarta.inject-api/2.0.1/jakarta.inject-api-2.0.1.jar:/Users/nauman/.m2/repository/org/antlr/antlr4-runtime/4.13.0/antlr4-runtime-4.13.0.jar:/Users/nauman/.m2/repository/org/springframework/data/spring-data-jpa/3.2.4/spring-data-jpa-3.2.4.jar:/Users/nauman/.m2/repository/org/springframework/data/spring-data-commons/3.2.4/spring-data-commons-3.2.4.jar:/Users/nauman/.m2/repository/org/springframework/spring-orm/6.1.5/spring-orm-6.1.5.jar:/Users/nauman/.m2/repository/org/springframework/spring-tx/6.1.5/spring-tx-6.1.5.jar:/Users/nauman/.m2/repository/org/slf4j/slf4j-api/2.0.12/slf4j-api-2.0.12.jar:/Users/nauman/.m2/repository/org/springframework/spring-aspects/6.1.5/spring-aspects-6.1.5.jar:/Users/nauman/.m2/repository/org/springframework/boot/spring-boot-starter-test/3.2.4/spring-boot-starter-test-3.2.4.jar:/Users/nauman/.m2/repository/org/springframework/boot/spring-boot-test/3.2.4/spring-boot-test-3.2.4.jar:/Users/nauman/.m2/repository/org/springframework/boot/spring-boot-test-autoconfigure/3.2.4/spring-boot-test-autoconfigure-3.2.4.jar:/Users/nauman/.m2/repository/com/jayway/jsonpath/json-path/2.9.0/json-path-2.9.0.jar:/Users/nauman/.m2/repository/jakarta/xml/bind/jakarta.xml.bind-api/4.0.2/jakarta.xml.bind-api-4.0.2.jar:/Users/nauman/.m2/repository/jakarta/activation/jakarta.activation-api/2.1.3/jakarta.activation-api-2.1.3.jar:/Users/nauman/.m2/repository/net/minidev/json-smart/2.5.0/json-smart-2.5.0.jar:/Users/nauman/.m2/repository/net/minidev/accessors-smart/2.5.0/accessors-smart-2.5.0.jar:/Users/nauman/.m2/repository/org/ow2/asm/asm/9.3/asm-9.3.jar:/Users/nauman/.m2/repository/org/assertj/assertj-core/3.24.2/assertj-core-3.24.2.jar:/Users/nauman/.m2/repository/org/awaitility/awaitility/4.2.0/awaitility-4.2.0.jar:/Users/nauman/.m2/repository/org/hamcrest/hamcrest/2.2/hamcrest-2.2.jar:/Users/nauman/.m2/repository/org/junit/jupiter/junit-jupiter/5.10.2/junit-jupiter-5.10.2.jar:/Users/nauman/.m2/repository/org/junit/jupiter/junit-jupiter-api/5.10.2/junit-jupiter-api-5.10.2.jar:/Users/nauman/.m2/repository/org/opentest4j/opentest4j/1.3.0/opentest4j-1.3.0.jar:/Users/nauman/.m2/repository/org/junit/platform/junit-platform-commons/1.10.2/junit-platform-commons-1.10.2.jar:/Users/nauman/.m2/repository/org/apiguardian/apiguardian-api/1.1.2/apiguardian-api-1.1.2.jar:/Users/nauman/.m2/repository/org/junit/jupiter/junit-jupiter-params/5.10.2/junit-jupiter-params-5.10.2.jar:/Users/nauman/.m2/repository/org/junit/jupiter/junit-jupiter-engine/5.10.2/junit-jupiter-engine-5.10.2.jar:/Users/nauman/.m2/repository/org/junit/platform/junit-platform-engine/1.10.2/junit-platform-engine-1.10.2.jar:/Users/nauman/.m2/repository/org/mockito/mockito-core/5.7.0/mockito-core-5.7.0.jar:/Users/nauman/.m2/repository/net/bytebuddy/byte-buddy-agent/1.14.12/byte-buddy-agent-1.14.12.jar:/Users/nauman/.m2/repository/org/objenesis/objenesis/3.3/objenesis-3.3.jar:/Users/nauman/.m2/repository/org/mockito/mockito-junit-jupiter/5.7.0/mockito-junit-jupiter-5.7.0.jar:/Users/nauman/.m2/repository/org/skyscreamer/jsonassert/1.5.1/jsonassert-1.5.1.jar:/Users/nauman/.m2/repository/com/vaadin/external/google/android-json/0.0.20131108.vaadin1/android-json-0.0.20131108.vaadin1.jar:/Users/nauman/.m2/repository/org/springframework/spring-core/6.1.5/spring-core-6.1.5.jar:/Users/nauman/.m2/repository/org/springframework/spring-jcl/6.1.5/spring-jcl-6.1.5.jar:/Users/nauman/.m2/repository/org/springframework/spring-test/6.1.5/spring-test-6.1.5.jar:/Users/nauman/.m2/repository/org/xmlunit/xmlunit-core/2.9.1/xmlunit-core-2.9.1.jar:/Users/nauman/.m2/repository/org/springframework/boot/spring-boot-starter-security/3.2.4/spring-boot-starter-security-3.2.4.jar:/Users/nauman/.m2/repository/org/springframework/spring-aop/6.1.5/spring-aop-6.1.5.jar:/Users/nauman/.m2/repository/org/springframework/security/spring-security-config/6.2.3/spring-security-config-6.2.3.jar:/Users/nauman/.m2/repository/org/springframework/security/spring-security-core/6.2.3/spring-security-core-6.2.3.jar:/Users/nauman/.m2/repository/org/springframework/security/spring-security-crypto/6.2.3/spring-security-crypto-6.2.3.jar:/Users/nauman/.m2/repository/org/springframework/security/spring-security-web/6.2.3/spring-security-web-6.2.3.jar:/Users/nauman/.m2/repository/com/mysql/mysql-connector-j/8.3.0/mysql-connector-j-8.3.0.jar:/Users/nauman/.m2/repository/org/modelmapper/modelmapper/3.1.1/modelmapper-3.1.1.jar:/Users/nauman/.m2/repository/com/auth0/java-jwt/4.2.1/java-jwt-4.2.1.jar:/Users/nauman/.m2/repository/com/fasterxml/jackson/core/jackson-databind/2.15.4/jackson-databind-2.15.4.jar:/Users/nauman/.m2/repository/com/fasterxml/jackson/core/jackson-annotations/2.15.4/jackson-annotations-2.15.4.jar:/Users/nauman/.m2/repository/com/fasterxml/jackson/core/jackson-core/2.15.4/jackson-core-2.15.4.jar:"/>
    <property name="git.branch" value="my_develop"/>
    <property name="git.build.host" value="192.168.1.3"/>
    <property name="java.vm.vendor" value="Oracle Corporation"/>
    <property name="sun.arch.data.model" value="64"/>
    <property name="git.commit.id" value="794ced26d5b299f8e688baeaada3abb57ee23b43"/>
    <property name="java.vendor.url" value="https://java.oracle.com/"/>
    <property name="user.timezone" value="Asia/Karachi"/>
    <property name="org.jboss.logging.provider" value="slf4j"/>
    <property name="java.vm.specification.version" value="17"/>
    <property name="os.name" value="Mac OS X"/>
    <property name="git.commit.author.time" value="2024-06-10T02:59:13+0500"/>
    <property name="sun.java.launcher" value="SUN_STANDARD"/>
    <property name="user.country" value="PK"/>
    <property name="git.build.user.name" value="Mohd Nauman"/>
    <property name="sun.boot.library.path" value="/Library/Java/JavaVirtualMachines/jdk-17.jdk/Contents/Home/lib"/>
    <property name="sun.java.command" value="/Users/nauman/Documents/Repositories/monolithic-springboot/app-service/target/surefire/surefirebooter-20240722041034953_3.jar /Users/nauman/Documents/Repositories/monolithic-springboot/app-service/target/surefire 2024-07-22T04-10-34_920-jvmRun1 surefire-20240722041034953_1tmp surefire_0-20240722041034953_2tmp"/>
    <property name="http.nonProxyHosts" value="local|*.local|169.254/16|*.169.254/16"/>
    <property name="jdk.debug" value="release"/>
    <property name="surefire.test.class.path" value="/Users/nauman/Documents/Repositories/monolithic-springboot/app-service/target/test-classes:/Users/nauman/Documents/Repositories/monolithic-springboot/app-service/target/classes:/Users/nauman/.m2/repository/org/springframework/boot/spring-boot-starter-web/3.2.4/spring-boot-starter-web-3.2.4.jar:/Users/nauman/.m2/repository/org/springframework/boot/spring-boot-starter/3.2.4/spring-boot-starter-3.2.4.jar:/Users/nauman/.m2/repository/org/springframework/boot/spring-boot/3.2.4/spring-boot-3.2.4.jar:/Users/nauman/.m2/repository/org/springframework/boot/spring-boot-autoconfigure/3.2.4/spring-boot-autoconfigure-3.2.4.jar:/Users/nauman/.m2/repository/org/springframework/boot/spring-boot-starter-logging/3.2.4/spring-boot-starter-logging-3.2.4.jar:/Users/nauman/.m2/repository/ch/qos/logback/logback-classic/1.4.14/logback-classic-1.4.14.jar:/Users/nauman/.m2/repository/ch/qos/logback/logback-core/1.4.14/logback-core-1.4.14.jar:/Users/nauman/.m2/repository/org/apache/logging/log4j/log4j-to-slf4j/2.21.1/log4j-to-slf4j-2.21.1.jar:/Users/nauman/.m2/repository/org/apache/logging/log4j/log4j-api/2.21.1/log4j-api-2.21.1.jar:/Users/nauman/.m2/repository/org/slf4j/jul-to-slf4j/2.0.12/jul-to-slf4j-2.0.12.jar:/Users/nauman/.m2/repository/jakarta/annotation/jakarta.annotation-api/2.1.1/jakarta.annotation-api-2.1.1.jar:/Users/nauman/.m2/repository/org/yaml/snakeyaml/2.2/snakeyaml-2.2.jar:/Users/nauman/.m2/repository/org/springframework/boot/spring-boot-starter-json/3.2.4/spring-boot-starter-json-3.2.4.jar:/Users/nauman/.m2/repository/com/fasterxml/jackson/datatype/jackson-datatype-jdk8/2.15.4/jackson-datatype-jdk8-2.15.4.jar:/Users/nauman/.m2/repository/com/fasterxml/jackson/datatype/jackson-datatype-jsr310/2.15.4/jackson-datatype-jsr310-2.15.4.jar:/Users/nauman/.m2/repository/com/fasterxml/jackson/module/jackson-module-parameter-names/2.15.4/jackson-module-parameter-names-2.15.4.jar:/Users/nauman/.m2/repository/org/springframework/boot/spring-boot-starter-tomcat/3.2.4/spring-boot-starter-tomcat-3.2.4.jar:/Users/nauman/.m2/repository/org/apache/tomcat/embed/tomcat-embed-core/10.1.19/tomcat-embed-core-10.1.19.jar:/Users/nauman/.m2/repository/org/apache/tomcat/embed/tomcat-embed-el/10.1.19/tomcat-embed-el-10.1.19.jar:/Users/nauman/.m2/repository/org/apache/tomcat/embed/tomcat-embed-websocket/10.1.19/tomcat-embed-websocket-10.1.19.jar:/Users/nauman/.m2/repository/org/springframework/spring-web/6.1.5/spring-web-6.1.5.jar:/Users/nauman/.m2/repository/org/springframework/spring-beans/6.1.5/spring-beans-6.1.5.jar:/Users/nauman/.m2/repository/io/micrometer/micrometer-observation/1.12.4/micrometer-observation-1.12.4.jar:/Users/nauman/.m2/repository/io/micrometer/micrometer-commons/1.12.4/micrometer-commons-1.12.4.jar:/Users/nauman/.m2/repository/org/springframework/spring-webmvc/6.1.5/spring-webmvc-6.1.5.jar:/Users/nauman/.m2/repository/org/springframework/spring-context/6.1.5/spring-context-6.1.5.jar:/Users/nauman/.m2/repository/org/springframework/spring-expression/6.1.5/spring-expression-6.1.5.jar:/Users/nauman/.m2/repository/org/springframework/boot/spring-boot-starter-data-jpa/3.2.4/spring-boot-starter-data-jpa-3.2.4.jar:/Users/nauman/.m2/repository/org/springframework/boot/spring-boot-starter-aop/3.2.4/spring-boot-starter-aop-3.2.4.jar:/Users/nauman/.m2/repository/org/aspectj/aspectjweaver/1.9.21/aspectjweaver-1.9.21.jar:/Users/nauman/.m2/repository/org/springframework/boot/spring-boot-starter-jdbc/3.2.4/spring-boot-starter-jdbc-3.2.4.jar:/Users/nauman/.m2/repository/com/zaxxer/HikariCP/5.0.1/HikariCP-5.0.1.jar:/Users/nauman/.m2/repository/org/springframework/spring-jdbc/6.1.5/spring-jdbc-6.1.5.jar:/Users/nauman/.m2/repository/org/hibernate/orm/hibernate-core/6.4.4.Final/hibernate-core-6.4.4.Final.jar:/Users/nauman/.m2/repository/jakarta/persistence/jakarta.persistence-api/3.1.0/jakarta.persistence-api-3.1.0.jar:/Users/nauman/.m2/repository/jakarta/transaction/jakarta.transaction-api/2.0.1/jakarta.transaction-api-2.0.1.jar:/Users/nauman/.m2/repository/org/jboss/logging/jboss-logging/3.5.3.Final/jboss-logging-3.5.3.Final.jar:/Users/nauman/.m2/repository/org/hibernate/common/hibernate-commons-annotations/6.0.6.Final/hibernate-commons-annotations-6.0.6.Final.jar:/Users/nauman/.m2/repository/io/smallrye/jandex/3.1.2/jandex-3.1.2.jar:/Users/nauman/.m2/repository/com/fasterxml/classmate/1.6.0/classmate-1.6.0.jar:/Users/nauman/.m2/repository/net/bytebuddy/byte-buddy/1.14.12/byte-buddy-1.14.12.jar:/Users/nauman/.m2/repository/org/glassfish/jaxb/jaxb-runtime/4.0.5/jaxb-runtime-4.0.5.jar:/Users/nauman/.m2/repository/org/glassfish/jaxb/jaxb-core/4.0.5/jaxb-core-4.0.5.jar:/Users/nauman/.m2/repository/org/eclipse/angus/angus-activation/2.0.2/angus-activation-2.0.2.jar:/Users/nauman/.m2/repository/org/glassfish/jaxb/txw2/4.0.5/txw2-4.0.5.jar:/Users/nauman/.m2/repository/com/sun/istack/istack-commons-runtime/4.1.2/istack-commons-runtime-4.1.2.jar:/Users/nauman/.m2/repository/jakarta/inject/jakarta.inject-api/2.0.1/jakarta.inject-api-2.0.1.jar:/Users/nauman/.m2/repository/org/antlr/antlr4-runtime/4.13.0/antlr4-runtime-4.13.0.jar:/Users/nauman/.m2/repository/org/springframework/data/spring-data-jpa/3.2.4/spring-data-jpa-3.2.4.jar:/Users/nauman/.m2/repository/org/springframework/data/spring-data-commons/3.2.4/spring-data-commons-3.2.4.jar:/Users/nauman/.m2/repository/org/springframework/spring-orm/6.1.5/spring-orm-6.1.5.jar:/Users/nauman/.m2/repository/org/springframework/spring-tx/6.1.5/spring-tx-6.1.5.jar:/Users/nauman/.m2/repository/org/slf4j/slf4j-api/2.0.12/slf4j-api-2.0.12.jar:/Users/nauman/.m2/repository/org/springframework/spring-aspects/6.1.5/spring-aspects-6.1.5.jar:/Users/nauman/.m2/repository/org/springframework/boot/spring-boot-starter-test/3.2.4/spring-boot-starter-test-3.2.4.jar:/Users/nauman/.m2/repository/org/springframework/boot/spring-boot-test/3.2.4/spring-boot-test-3.2.4.jar:/Users/nauman/.m2/repository/org/springframework/boot/spring-boot-test-autoconfigure/3.2.4/spring-boot-test-autoconfigure-3.2.4.jar:/Users/nauman/.m2/repository/com/jayway/jsonpath/json-path/2.9.0/json-path-2.9.0.jar:/Users/nauman/.m2/repository/jakarta/xml/bind/jakarta.xml.bind-api/4.0.2/jakarta.xml.bind-api-4.0.2.jar:/Users/nauman/.m2/repository/jakarta/activation/jakarta.activation-api/2.1.3/jakarta.activation-api-2.1.3.jar:/Users/nauman/.m2/repository/net/minidev/json-smart/2.5.0/json-smart-2.5.0.jar:/Users/nauman/.m2/repository/net/minidev/accessors-smart/2.5.0/accessors-smart-2.5.0.jar:/Users/nauman/.m2/repository/org/ow2/asm/asm/9.3/asm-9.3.jar:/Users/nauman/.m2/repository/org/assertj/assertj-core/3.24.2/assertj-core-3.24.2.jar:/Users/nauman/.m2/repository/org/awaitility/awaitility/4.2.0/awaitility-4.2.0.jar:/Users/nauman/.m2/repository/org/hamcrest/hamcrest/2.2/hamcrest-2.2.jar:/Users/nauman/.m2/repository/org/junit/jupiter/junit-jupiter/5.10.2/junit-jupiter-5.10.2.jar:/Users/nauman/.m2/repository/org/junit/jupiter/junit-jupiter-api/5.10.2/junit-jupiter-api-5.10.2.jar:/Users/nauman/.m2/repository/org/opentest4j/opentest4j/1.3.0/opentest4j-1.3.0.jar:/Users/nauman/.m2/repository/org/junit/platform/junit-platform-commons/1.10.2/junit-platform-commons-1.10.2.jar:/Users/nauman/.m2/repository/org/apiguardian/apiguardian-api/1.1.2/apiguardian-api-1.1.2.jar:/Users/nauman/.m2/repository/org/junit/jupiter/junit-jupiter-params/5.10.2/junit-jupiter-params-5.10.2.jar:/Users/nauman/.m2/repository/org/junit/jupiter/junit-jupiter-engine/5.10.2/junit-jupiter-engine-5.10.2.jar:/Users/nauman/.m2/repository/org/junit/platform/junit-platform-engine/1.10.2/junit-platform-engine-1.10.2.jar:/Users/nauman/.m2/repository/org/mockito/mockito-core/5.7.0/mockito-core-5.7.0.jar:/Users/nauman/.m2/repository/net/bytebuddy/byte-buddy-agent/1.14.12/byte-buddy-agent-1.14.12.jar:/Users/nauman/.m2/repository/org/objenesis/objenesis/3.3/objenesis-3.3.jar:/Users/nauman/.m2/repository/org/mockito/mockito-junit-jupiter/5.7.0/mockito-junit-jupiter-5.7.0.jar:/Users/nauman/.m2/repository/org/skyscreamer/jsonassert/1.5.1/jsonassert-1.5.1.jar:/Users/nauman/.m2/repository/com/vaadin/external/google/android-json/0.0.20131108.vaadin1/android-json-0.0.20131108.vaadin1.jar:/Users/nauman/.m2/repository/org/springframework/spring-core/6.1.5/spring-core-6.1.5.jar:/Users/nauman/.m2/repository/org/springframework/spring-jcl/6.1.5/spring-jcl-6.1.5.jar:/Users/nauman/.m2/repository/org/springframework/spring-test/6.1.5/spring-test-6.1.5.jar:/Users/nauman/.m2/repository/org/xmlunit/xmlunit-core/2.9.1/xmlunit-core-2.9.1.jar:/Users/nauman/.m2/repository/org/springframework/boot/spring-boot-starter-security/3.2.4/spring-boot-starter-security-3.2.4.jar:/Users/nauman/.m2/repository/org/springframework/spring-aop/6.1.5/spring-aop-6.1.5.jar:/Users/nauman/.m2/repository/org/springframework/security/spring-security-config/6.2.3/spring-security-config-6.2.3.jar:/Users/nauman/.m2/repository/org/springframework/security/spring-security-core/6.2.3/spring-security-core-6.2.3.jar:/Users/nauman/.m2/repository/org/springframework/security/spring-security-crypto/6.2.3/spring-security-crypto-6.2.3.jar:/Users/nauman/.m2/repository/org/springframework/security/spring-security-web/6.2.3/spring-security-web-6.2.3.jar:/Users/nauman/.m2/repository/com/mysql/mysql-connector-j/8.3.0/mysql-connector-j-8.3.0.jar:/Users/nauman/.m2/repository/org/modelmapper/modelmapper/3.1.1/modelmapper-3.1.1.jar:/Users/nauman/.m2/repository/com/auth0/java-jwt/4.2.1/java-jwt-4.2.1.jar:/Users/nauman/.m2/repository/com/fasterxml/jackson/core/jackson-databind/2.15.4/jackson-databind-2.15.4.jar:/Users/nauman/.m2/repository/com/fasterxml/jackson/core/jackson-annotations/2.15.4/jackson-annotations-2.15.4.jar:/Users/nauman/.m2/repository/com/fasterxml/jackson/core/jackson-core/2.15.4/jackson-core-2.15.4.jar:"/>
    <property name="sun.cpu.endian" value="little"/>
    <property name="user.home" value="/Users/nauman"/>
    <property name="user.language" value="en"/>
    <property name="git.closest.tag.commit.count" value=""/>
    <property name="java.specification.vendor" value="Oracle Corporation"/>
    <property name="java.version.date" value="2024-04-16"/>
    <property name="java.home" value="/Library/Java/JavaVirtualMachines/jdk-17.jdk/Contents/Home"/>
    <property name="git.total.commit.count" value="759"/>
    <property name="file.separator" value="/"/>
    <property name="basedir" value="/Users/nauman/Documents/Repositories/monolithic-springboot/app-service"/>
    <property name="java.vm.compressedOopsMode" value="Zero based"/>
    <property name="line.separator" value="&#10;"/>
    <property name="git.build.user.email" value="nauman.exo@gmail.com"/>
    <property name="git.commit.committer.time" value="2024-06-10T02:59:13+0500"/>
    <property name="java.vm.specification.vendor" value="Oracle Corporation"/>
    <property name="java.specification.name" value="Java Platform API Specification"/>
    <property name="FILE_LOG_CHARSET" value="UTF-8"/>
    <property name="java.awt.headless" value="true"/>
    <property name="git.closest.tag.name" value=""/>
    <property name="git.local.branch.ahead" value="NO_REMOTE"/>
    <property name="git.build.time" value="2024-07-22T04:10:33+0500"/>
    <property name="surefire.real.class.path" value="/Users/nauman/Documents/Repositories/monolithic-springboot/app-service/target/surefire/surefirebooter-20240722041034953_3.jar"/>
    <property name="git.commit.message.full" value="updated comments"/>
    <property name="sun.management.compiler" value="HotSpot 64-Bit Tiered Compilers"/>
    <property name="ftp.nonProxyHosts" value="local|*.local|169.254/16|*.169.254/16"/>
    <property name="java.runtime.version" value="17.0.11+7-LTS-207"/>
    <property name="user.name" value="nauman"/>
    <property name="path.separator" value=":"/>
    <property name="os.version" value="13.4.1"/>
    <property name="java.runtime.name" value="Java(TM) SE Runtime Environment"/>
    <property name="file.encoding" value="UTF-8"/>
    <property name="git.commit.user.email" value="nauman@192.168.1.6"/>
    <property name="java.vm.name" value="Java HotSpot(TM) 64-Bit Server VM"/>
    <property name="git.local.branch.behind" value="NO_REMOTE"/>
    <property name="git.dirty" value="false"/>
    <property name="localRepository" value="/Users/nauman/.m2/repository"/>
    <property name="java.vendor.url.bug" value="https://bugreport.java.com/bugreport/"/>
    <property name="java.io.tmpdir" value="/var/folders/bz/qwwwl5zn3p5gt6g_dgjhjdsc0000gn/T/"/>
    <property name="java.version" value="17.0.11"/>
    <property name="user.dir" value="/Users/nauman/Documents/Repositories/monolithic-springboot/app-service"/>
    <property name="os.arch" value="aarch64"/>
    <property name="git.commit.user.name" value="Nauman"/>
    <property name="git.commit.id.abbrev" value="794ced2"/>
    <property name="java.vm.specification.name" value="Java Virtual Machine Specification"/>
    <property name="PID" value="15610"/>
    <property name="git.commit.id.describe-short" value="794ced2"/>
    <property name="CONSOLE_LOG_CHARSET" value="UTF-8"/>
    <property name="git.commit.id.describe" value="794ced2"/>
    <property name="native.encoding" value="UTF-8"/>
    <property name="java.library.path" value="/Users/nauman/Library/Java/Extensions:/Library/Java/Extensions:/Network/Library/Java/Extensions:/System/Library/Java/Extensions:/usr/lib/java:."/>
    <property name="git.commit.message.short" value="updated comments"/>
    <property name="java.vm.info" value="mixed mode, sharing"/>
    <property name="java.vendor" value="Oracle Corporation"/>
    <property name="java.vm.version" value="17.0.11+7-LTS-207"/>
    <property name="sun.io.unicode.encoding" value="UnicodeBig"/>
    <property name="socksNonProxyHosts" value="local|*.local|169.254/16|*.169.254/16"/>
    <property name="java.class.version" value="61.0"/>
    <property name="git.commit.time" value="2024-06-10T02:59:13+0500"/>
    <property name="LOGGED_APPLICATION_NAME" value="[app-service] "/>
    <property name="git.remote.origin.url" value="https://github.com/spring-petclinic/spring-petclinic-microservices.git"/>
  </properties>
  <testcase name="testGetUserAsSuperUser" classname="org.nauman.app.service.UserServiceTest" time="0.025">
    <system-out><![CDATA[22-07-2024 04:10:36.550 &amp#27;[35m[main]&amp#27;[0;39m &amp#27;[39mTRACE&amp#27;[0;39m o.s.test.context.BootstrapUtils.createCacheAwareContextLoaderDelegate - Instantiating CacheAwareContextLoaderDelegate from class [org.springframework.test.context.cache.DefaultCacheAwareContextLoaderDelegate]
22-07-2024 04:10:36.550 &amp#27;[35m[main]&amp#27;[0;39m &amp#27;[39mTRACE&amp#27;[0;39m o.s.c.i.s.SpringFactoriesLoader.load - Loaded [org.springframework.test.context.ApplicationContextFailureProcessor] names: [org.springframework.boot.test.autoconfigure.ConditionReportApplicationContextFailureProcessor]
22-07-2024 04:10:36.550 &amp#27;[35m[main]&amp#27;[0;39m &amp#27;[39mTRACE&amp#27;[0;39m o.s.t.c.u.TestContextSpringFactoriesUtils.loadFactoryImplementations - Loaded ApplicationContextFailureProcessor implementations from location [META-INF/spring.factories]: [org.springframework.boot.test.autoconfigure.ConditionReportApplicationContextFailureProcessor]
22-07-2024 04:10:36.551 &amp#27;[35m[main]&amp#27;[0;39m &amp#27;[39mTRACE&amp#27;[0;39m o.s.test.context.BootstrapUtils.createBootstrapContext - Instantiating BootstrapContext using constructor [public org.springframework.test.context.support.DefaultBootstrapContext(java.lang.Class,org.springframework.test.context.CacheAwareContextLoaderDelegate)]
22-07-2024 04:10:36.551 &amp#27;[35m[main]&amp#27;[0;39m &amp#27;[39mTRACE&amp#27;[0;39m o.s.test.context.BootstrapUtils.resolveTestContextBootstrapper - Instantiating TestContextBootstrapper for test class [org.nauman.app.service.UserServiceTest] from class [org.springframework.test.context.support.DefaultTestContextBootstrapper]
22-07-2024 04:10:36.551 &amp#27;[35m[main]&amp#27;[0;39m &amp#27;[39mTRACE&amp#27;[0;39m o.s.t.c.s.DefaultTestContextBootstrapper.resolveExplicitContextLoaderClass - Resolving ContextLoader for context configuration attributes [ContextConfigurationAttributes@25f0c5e7 declaringClass = org.nauman.app.service.UserServiceTest, classes = [], locations = [], inheritLocations = false, initializers = [], inheritInitializers = true, name = null, contextLoaderClass = org.springframework.test.context.ContextLoader]
22-07-2024 04:10:36.552 &amp#27;[35m[main]&amp#27;[0;39m &amp#27;[39mTRACE&amp#27;[0;39m o.s.t.c.s.DefaultTestContextBootstrapper.resolveContextLoader - Using ContextLoader class [org.springframework.test.context.support.DelegatingSmartContextLoader] for test class [org.nauman.app.service.UserServiceTest]
22-07-2024 04:10:36.553 &amp#27;[35m[main]&amp#27;[0;39m &amp#27;[39mTRACE&amp#27;[0;39m o.s.t.c.s.DefaultTestContextBootstrapper.buildDefaultMergedContextConfiguration - Neither @ContextConfiguration nor @ContextHierarchy found for test class [org.nauman.app.service.UserServiceTest]: using org.springframework.test.context.support.DelegatingSmartContextLoader
22-07-2024 04:10:36.553 &amp#27;[35m[main]&amp#27;[0;39m &amp#27;[39mTRACE&amp#27;[0;39m o.s.t.c.s.DefaultTestContextBootstrapper.resolveExplicitContextLoaderClass - Resolving ContextLoader for context configuration attributes [ContextConfigurationAttributes@25f0c5e7 declaringClass = org.nauman.app.service.UserServiceTest, classes = [], locations = [], inheritLocations = false, initializers = [], inheritInitializers = true, name = null, contextLoaderClass = org.springframework.test.context.ContextLoader]
22-07-2024 04:10:36.553 &amp#27;[35m[main]&amp#27;[0;39m &amp#27;[39mTRACE&amp#27;[0;39m o.s.t.c.s.DefaultTestContextBootstrapper.resolveContextLoader - Using ContextLoader class [org.springframework.test.context.support.DelegatingSmartContextLoader] for test class [org.nauman.app.service.UserServiceTest]
22-07-2024 04:10:36.553 &amp#27;[35m[main]&amp#27;[0;39m &amp#27;[39mTRACE&amp#27;[0;39m o.s.t.c.s.DefaultTestContextBootstrapper.buildMergedContextConfiguration - Processing locations and classes for context configuration attributes [ContextConfigurationAttributes@25f0c5e7 declaringClass = org.nauman.app.service.UserServiceTest, classes = [], locations = [], inheritLocations = false, initializers = [], inheritInitializers = true, name = null, contextLoaderClass = org.springframework.test.context.ContextLoader]
22-07-2024 04:10:36.554 &amp#27;[35m[main]&amp#27;[0;39m &amp#27;[39mTRACE&amp#27;[0;39m o.s.t.c.s.AbstractDelegatingSmartContextLoader.delegateProcessing - Delegating to GenericXmlContextLoader to process context configuration [ContextConfigurationAttributes@25f0c5e7 declaringClass = org.nauman.app.service.UserServiceTest, classes = [], locations = [], inheritLocations = false, initializers = [], inheritInitializers = true, name = null, contextLoaderClass = org.springframework.test.context.ContextLoader]
22-07-2024 04:10:36.555 &amp#27;[35m[main]&amp#27;[0;39m &amp#27;[39mTRACE&amp#27;[0;39m o.s.t.c.s.AbstractContextLoader.generateDefaultLocations - Did not detect default resource location for test class [org.nauman.app.service.UserServiceTest]: class path resource [org/nauman/app/service/UserServiceTest-context.xml] does not exist
22-07-2024 04:10:36.555 &amp#27;[35m[main]&amp#27;[0;39m &amp#27;[39mDEBUG&amp#27;[0;39m o.s.t.c.s.AbstractContextLoader.generateDefaultLocations - Could not detect default resource locations for test class [org.nauman.app.service.UserServiceTest]: no resource found for suffixes {-context.xml}.
22-07-2024 04:10:36.556 &amp#27;[35m[main]&amp#27;[0;39m &amp#27;[39mTRACE&amp#27;[0;39m o.s.t.c.s.AbstractDelegatingSmartContextLoader.delegateProcessing - Delegating to AnnotationConfigContextLoader to process context configuration [ContextConfigurationAttributes@25f0c5e7 declaringClass = org.nauman.app.service.UserServiceTest, classes = [], locations = [], inheritLocations = false, initializers = [], inheritInitializers = true, name = null, contextLoaderClass = org.springframework.test.context.ContextLoader]
22-07-2024 04:10:36.556 &amp#27;[35m[main]&amp#27;[0;39m &amp#27;[34mINFO &amp#27;[0;39m o.s.t.c.s.AnnotationConfigContextLoaderUtils.detectDefaultConfigurationClasses - Could not detect default configuration classes for test class [org.nauman.app.service.UserServiceTest]: UserServiceTest does not declare any static, non-private, non-final, nested classes annotated with @Configuration.
22-07-2024 04:10:36.557 &amp#27;[35m[main]&amp#27;[0;39m &amp#27;[39mTRACE&amp#27;[0;39m o.s.t.c.s.DefaultTestContextBootstrapper.getContextCustomizerFactories - @ContextCustomizerFactories is not present for class [org.nauman.app.service.UserServiceTest]
22-07-2024 04:10:36.557 &amp#27;[35m[main]&amp#27;[0;39m &amp#27;[39mTRACE&amp#27;[0;39m o.s.c.i.s.SpringFactoriesLoader.load - Loaded [org.springframework.test.context.ContextCustomizerFactory] names: [org.springframework.boot.test.context.ImportsContextCustomizerFactory, org.springframework.boot.test.context.filter.ExcludeFilterContextCustomizerFactory, org.springframework.boot.test.graphql.tester.HttpGraphQlTesterContextCustomizerFactory, org.springframework.boot.test.json.DuplicateJsonObjectContextCustomizerFactory, org.springframework.boot.test.mock.mockito.MockitoContextCustomizerFactory, org.springframework.boot.test.web.client.TestRestTemplateContextCustomizerFactory, org.springframework.boot.test.web.reactive.server.WebTestClientContextCustomizerFactory, org.springframework.boot.test.autoconfigure.OverrideAutoConfigurationContextCustomizerFactory, org.springframework.boot.test.autoconfigure.actuate.observability.ObservabilityContextCustomizerFactory, org.springframework.boot.test.autoconfigure.filter.TypeExcludeFiltersContextCustomizerFactory, org.springframework.boot.test.autoconfigure.properties.PropertyMappingContextCustomizerFactory, org.springframework.boot.test.autoconfigure.web.servlet.WebDriverContextCustomizerFactory, org.springframework.test.context.web.socket.MockServerContainerContextCustomizerFactory, org.springframework.test.context.support.DynamicPropertiesContextCustomizerFactory]
22-07-2024 04:10:36.557 &amp#27;[35m[main]&amp#27;[0;39m &amp#27;[39mTRACE&amp#27;[0;39m o.s.t.c.u.TestContextSpringFactoriesUtils.loadFactoryImplementations - Loaded ContextCustomizerFactory implementations from location [META-INF/spring.factories]: [org.springframework.boot.test.context.ImportsContextCustomizerFactory, org.springframework.boot.test.context.filter.ExcludeFilterContextCustomizerFactory, org.springframework.boot.test.graphql.tester.HttpGraphQlTesterContextCustomizerFactory, org.springframework.boot.test.json.DuplicateJsonObjectContextCustomizerFactory, org.springframework.boot.test.mock.mockito.MockitoContextCustomizerFactory, org.springframework.boot.test.web.client.TestRestTemplateContextCustomizerFactory, org.springframework.boot.test.web.reactive.server.WebTestClientContextCustomizerFactory, org.springframework.boot.test.autoconfigure.OverrideAutoConfigurationContextCustomizerFactory, org.springframework.boot.test.autoconfigure.actuate.observability.ObservabilityContextCustomizerFactory, org.springframework.boot.test.autoconfigure.filter.TypeExcludeFiltersContextCustomizerFactory, org.springframework.boot.test.autoconfigure.properties.PropertyMappingContextCustomizerFactory, org.springframework.boot.test.autoconfigure.web.servlet.WebDriverContextCustomizerFactory, org.springframework.test.context.web.socket.MockServerContainerContextCustomizerFactory, org.springframework.test.context.support.DynamicPropertiesContextCustomizerFactory]
22-07-2024 04:10:36.558 &amp#27;[35m[main]&amp#27;[0;39m &amp#27;[39mTRACE&amp#27;[0;39m o.s.t.c.s.DefaultTestContextBootstrapper.getContextCustomizerFactories - Using ContextCustomizerFactory implementations for test class [org.nauman.app.service.UserServiceTest]: [org.springframework.boot.test.context.ImportsContextCustomizerFactory@f559c74, org.springframework.boot.test.context.filter.ExcludeFilterContextCustomizerFactory@63917fe1, org.springframework.boot.test.graphql.tester.HttpGraphQlTesterContextCustomizerFactory@720f56e2, org.springframework.boot.test.json.DuplicateJsonObjectContextCustomizerFactory@677349fb, org.springframework.boot.test.mock.mockito.MockitoContextCustomizerFactory@4466cf5d, org.springframework.boot.test.web.client.TestRestTemplateContextCustomizerFactory@2c60ce47, org.springframework.boot.test.web.reactive.server.WebTestClientContextCustomizerFactory@2450256f, org.springframework.boot.test.autoconfigure.OverrideAutoConfigurationContextCustomizerFactory@59918c8f, org.springframework.boot.test.autoconfigure.actuate.observability.ObservabilityContextCustomizerFactory@2b7facc7, org.springframework.boot.test.autoconfigure.filter.TypeExcludeFiltersContextCustomizerFactory@1c74d19, org.springframework.boot.test.autoconfigure.properties.PropertyMappingContextCustomizerFactory@24197b13, org.springframework.boot.test.autoconfigure.web.servlet.WebDriverContextCustomizerFactory@71b97eeb, org.springframework.test.context.web.socket.MockServerContainerContextCustomizerFactory@2776fd8f, org.springframework.test.context.support.DynamicPropertiesContextCustomizerFactory@1c62c3fd]
22-07-2024 04:10:36.558 &amp#27;[35m[main]&amp#27;[0;39m &amp#27;[39mTRACE&amp#27;[0;39m o.s.t.c.s.DefaultTestContextBootstrapper.getContextCustomizers - Using ContextCustomizers for test class [org.nauman.app.service.UserServiceTest]: [org.springframework.boot.test.context.filter.ExcludeFilterContextCustomizer@d23e042, org.springframework.boot.test.json.DuplicateJsonObjectContextCustomizerFactory$DuplicateJsonObjectContextCustomizer@14dd7b39, org.springframework.boot.test.mock.mockito.MockitoContextCustomizer@0, org.springframework.boot.test.autoconfigure.actuate.observability.ObservabilityContextCustomizerFactory$DisableObservabilityContextCustomizer@1f, org.springframework.boot.test.autoconfigure.properties.PropertyMappingContextCustomizer@0, org.springframework.boot.test.autoconfigure.web.servlet.WebDriverContextCustomizer@dc9876b]
22-07-2024 04:10:36.558 &amp#27;[35m[main]&amp#27;[0;39m &amp#27;[39mTRACE&amp#27;[0;39m o.s.t.c.s.ApplicationContextInitializerUtils.resolveInitializerClasses - Processing context initializers for configuration attributes [ContextConfigurationAttributes@25f0c5e7 declaringClass = org.nauman.app.service.UserServiceTest, classes = [], locations = [], inheritLocations = false, initializers = [], inheritInitializers = true, name = null, contextLoaderClass = org.springframework.test.context.ContextLoader]
22-07-2024 04:10:36.559 &amp#27;[35m[main]&amp#27;[0;39m &amp#27;[39mTRACE&amp#27;[0;39m o.s.t.c.support.ActiveProfilesUtils.resolveActiveProfiles - Could not find an 'annotation declaring class' for annotation type [org.springframework.test.context.ActiveProfiles] and class [org.nauman.app.service.UserServiceTest]
22-07-2024 04:10:36.559 &amp#27;[35m[main]&amp#27;[0;39m &amp#27;[39mTRACE&amp#27;[0;39m o.s.t.c.s.DefaultTestContextBootstrapper.getTestExecutionListeners - @TestExecutionListeners is not present for class [org.nauman.app.service.UserServiceTest]: using defaults.
22-07-2024 04:10:36.559 &amp#27;[35m[main]&amp#27;[0;39m &amp#27;[39mTRACE&amp#27;[0;39m o.s.c.i.s.SpringFactoriesLoader.load - Loaded [org.springframework.test.context.TestExecutionListener] names: [org.springframework.boot.test.mock.mockito.MockitoTestExecutionListener, org.springframework.boot.test.mock.mockito.ResetMocksTestExecutionListener, org.springframework.boot.test.autoconfigure.restdocs.RestDocsTestExecutionListener, org.springframework.boot.test.autoconfigure.web.client.MockRestServiceServerResetTestExecutionListener, org.springframework.boot.test.autoconfigure.web.servlet.MockMvcPrintOnlyOnFailureTestExecutionListener, org.springframework.boot.test.autoconfigure.web.servlet.WebDriverTestExecutionListener, org.springframework.boot.test.autoconfigure.webservices.client.MockWebServiceServerTestExecutionListener, org.springframework.test.context.web.ServletTestExecutionListener, org.springframework.test.context.support.DirtiesContextBeforeModesTestExecutionListener, org.springframework.test.context.event.ApplicationEventsTestExecutionListener, org.springframework.test.context.support.DependencyInjectionTestExecutionListener, org.springframework.test.context.observation.MicrometerObservationRegistryTestExecutionListener, org.springframework.test.context.support.DirtiesContextTestExecutionListener, org.springframework.test.context.transaction.TransactionalTestExecutionListener, org.springframework.test.context.jdbc.SqlScriptsTestExecutionListener, org.springframework.test.context.event.EventPublishingTestExecutionListener]
22-07-2024 04:10:36.559 &amp#27;[35m[main]&amp#27;[0;39m &amp#27;[39mDEBUG&amp#27;[0;39m o.s.t.c.u.TestContextSpringFactoriesUtils.handleFailure - Skipping candidate TestExecutionListener [org.springframework.test.context.observation.MicrometerObservationRegistryTestExecutionListener] due to a missing dependency. Specify custom TestExecutionListener classes or make the default TestExecutionListener classes and their required dependencies available. Offending class: io.micrometer.context.ThreadLocalAccessor. MicrometerObservationRegistryTestExecutionListener requires io.micrometer:micrometer-observation:1.10.8 or higher and io.micrometer:context-propagation:1.0.3 or higher.
22-07-2024 04:10:36.559 &amp#27;[35m[main]&amp#27;[0;39m &amp#27;[39mTRACE&amp#27;[0;39m o.s.t.c.u.TestContextSpringFactoriesUtils.loadFactoryImplementations - Loaded TestExecutionListener implementations from location [META-INF/spring.factories]: [org.springframework.test.context.web.ServletTestExecutionListener, org.springframework.test.context.support.DirtiesContextBeforeModesTestExecutionListener, org.springframework.test.context.event.ApplicationEventsTestExecutionListener, org.springframework.boot.test.mock.mockito.MockitoTestExecutionListener, org.springframework.test.context.support.DependencyInjectionTestExecutionListener, org.springframework.test.context.support.DirtiesContextTestExecutionListener, org.springframework.test.context.transaction.TransactionalTestExecutionListener, org.springframework.test.context.jdbc.SqlScriptsTestExecutionListener, org.springframework.test.context.event.EventPublishingTestExecutionListener, org.springframework.boot.test.mock.mockito.ResetMocksTestExecutionListener, org.springframework.boot.test.autoconfigure.restdocs.RestDocsTestExecutionListener, org.springframework.boot.test.autoconfigure.web.client.MockRestServiceServerResetTestExecutionListener, org.springframework.boot.test.autoconfigure.web.servlet.MockMvcPrintOnlyOnFailureTestExecutionListener, org.springframework.boot.test.autoconfigure.web.servlet.WebDriverTestExecutionListener, org.springframework.boot.test.autoconfigure.webservices.client.MockWebServiceServerTestExecutionListener]
22-07-2024 04:10:36.559 &amp#27;[35m[main]&amp#27;[0;39m &amp#27;[39mTRACE&amp#27;[0;39m o.s.t.c.s.DefaultTestContextBootstrapper.getTestExecutionListeners - Using TestExecutionListeners for test class [org.nauman.app.service.UserServiceTest]: [org.springframework.test.context.web.ServletTestExecutionListener@7f2b39a, org.springframework.test.context.support.DirtiesContextBeforeModesTestExecutionListener@7a358613, org.springframework.test.context.event.ApplicationEventsTestExecutionListener@760f1081, org.springframework.boot.test.mock.mockito.MockitoTestExecutionListener@52621501, org.springframework.test.context.support.DependencyInjectionTestExecutionListener@401e02b4, org.springframework.test.context.support.DirtiesContextTestExecutionListener@164d01ba, org.springframework.test.context.transaction.TransactionalTestExecutionListener@18c880ea, org.springframework.test.context.jdbc.SqlScriptsTestExecutionListener@5ac044ef, org.springframework.test.context.event.EventPublishingTestExecutionListener@6afbe6a1, org.springframework.boot.test.mock.mockito.ResetMocksTestExecutionListener@14457a95, org.springframework.boot.test.autoconfigure.restdocs.RestDocsTestExecutionListener@48567727, org.springframework.boot.test.autoconfigure.web.client.MockRestServiceServerResetTestExecutionListener@10e9a5fe, org.springframework.boot.test.autoconfigure.web.servlet.MockMvcPrintOnlyOnFailureTestExecutionListener@259287ac, org.springframework.boot.test.autoconfigure.web.servlet.WebDriverTestExecutionListener@1abcd059, org.springframework.boot.test.autoconfigure.webservices.client.MockWebServiceServerTestExecutionListener@61a87366]
22-07-2024 04:10:36.559 &amp#27;[35m[main]&amp#27;[0;39m &amp#27;[39mTRACE&amp#27;[0;39m o.s.test.context.TestContextManager.registerTestExecutionListeners - Registering TestExecutionListener: org.springframework.test.context.web.ServletTestExecutionListener
22-07-2024 04:10:36.559 &amp#27;[35m[main]&amp#27;[0;39m &amp#27;[39mTRACE&amp#27;[0;39m o.s.test.context.TestContextManager.registerTestExecutionListeners - Registering TestExecutionListener: org.springframework.test.context.support.DirtiesContextBeforeModesTestExecutionListener
22-07-2024 04:10:36.560 &amp#27;[35m[main]&amp#27;[0;39m &amp#27;[39mTRACE&amp#27;[0;39m o.s.test.context.TestContextManager.registerTestExecutionListeners - Registering TestExecutionListener: org.springframework.test.context.event.ApplicationEventsTestExecutionListener
22-07-2024 04:10:36.560 &amp#27;[35m[main]&amp#27;[0;39m &amp#27;[39mTRACE&amp#27;[0;39m o.s.test.context.TestContextManager.registerTestExecutionListeners - Registering TestExecutionListener: org.springframework.boot.test.mock.mockito.MockitoTestExecutionListener
22-07-2024 04:10:36.560 &amp#27;[35m[main]&amp#27;[0;39m &amp#27;[39mTRACE&amp#27;[0;39m o.s.test.context.TestContextManager.registerTestExecutionListeners - Registering TestExecutionListener: org.springframework.test.context.support.DependencyInjectionTestExecutionListener
22-07-2024 04:10:36.560 &amp#27;[35m[main]&amp#27;[0;39m &amp#27;[39mTRACE&amp#27;[0;39m o.s.test.context.TestContextManager.registerTestExecutionListeners - Registering TestExecutionListener: org.springframework.test.context.support.DirtiesContextTestExecutionListener
22-07-2024 04:10:36.560 &amp#27;[35m[main]&amp#27;[0;39m &amp#27;[39mTRACE&amp#27;[0;39m o.s.test.context.TestContextManager.registerTestExecutionListeners - Registering TestExecutionListener: org.springframework.test.context.transaction.TransactionalTestExecutionListener
22-07-2024 04:10:36.560 &amp#27;[35m[main]&amp#27;[0;39m &amp#27;[39mTRACE&amp#27;[0;39m o.s.test.context.TestContextManager.registerTestExecutionListeners - Registering TestExecutionListener: org.springframework.test.context.jdbc.SqlScriptsTestExecutionListener
22-07-2024 04:10:36.560 &amp#27;[35m[main]&amp#27;[0;39m &amp#27;[39mTRACE&amp#27;[0;39m o.s.test.context.TestContextManager.registerTestExecutionListeners - Registering TestExecutionListener: org.springframework.test.context.event.EventPublishingTestExecutionListener
22-07-2024 04:10:36.560 &amp#27;[35m[main]&amp#27;[0;39m &amp#27;[39mTRACE&amp#27;[0;39m o.s.test.context.TestContextManager.registerTestExecutionListeners - Registering TestExecutionListener: org.springframework.boot.test.mock.mockito.ResetMocksTestExecutionListener
22-07-2024 04:10:36.560 &amp#27;[35m[main]&amp#27;[0;39m &amp#27;[39mTRACE&amp#27;[0;39m o.s.test.context.TestContextManager.registerTestExecutionListeners - Registering TestExecutionListener: org.springframework.boot.test.autoconfigure.restdocs.RestDocsTestExecutionListener
22-07-2024 04:10:36.560 &amp#27;[35m[main]&amp#27;[0;39m &amp#27;[39mTRACE&amp#27;[0;39m o.s.test.context.TestContextManager.registerTestExecutionListeners - Registering TestExecutionListener: org.springframework.boot.test.autoconfigure.web.client.MockRestServiceServerResetTestExecutionListener
22-07-2024 04:10:36.560 &amp#27;[35m[main]&amp#27;[0;39m &amp#27;[39mTRACE&amp#27;[0;39m o.s.test.context.TestContextManager.registerTestExecutionListeners - Registering TestExecutionListener: org.springframework.boot.test.autoconfigure.web.servlet.MockMvcPrintOnlyOnFailureTestExecutionListener
22-07-2024 04:10:36.560 &amp#27;[35m[main]&amp#27;[0;39m &amp#27;[39mTRACE&amp#27;[0;39m o.s.test.context.TestContextManager.registerTestExecutionListeners - Registering TestExecutionListener: org.springframework.boot.test.autoconfigure.web.servlet.WebDriverTestExecutionListener
22-07-2024 04:10:36.560 &amp#27;[35m[main]&amp#27;[0;39m &amp#27;[39mTRACE&amp#27;[0;39m o.s.test.context.TestContextManager.registerTestExecutionListeners - Registering TestExecutionListener: org.springframework.boot.test.autoconfigure.webservices.client.MockWebServiceServerTestExecutionListener
22-07-2024 04:10:36.560 &amp#27;[35m[main]&amp#27;[0;39m &amp#27;[39mTRACE&amp#27;[0;39m o.s.test.context.TestContextManager.beforeTestClass - beforeTestClass(): class [org.nauman.app.service.UserServiceTest]
22-07-2024 04:10:36.561 &amp#27;[35m[main]&amp#27;[0;39m &amp#27;[39mTRACE&amp#27;[0;39m o.s.t.c.s.DirtiesContextBeforeModesTestExecutionListener.beforeOrAfterTestClass - Before test class: context [DefaultTestContext@3c33fcf8 testClass = org.nauman.app.service.UserServiceTest, testInstance = null, testMethod = null, testException = null, mergedContextConfiguration = [MergedContextConfiguration@dada335 testClass = org.nauman.app.service.UserServiceTest, locations = [], classes = [], contextInitializerClasses = [], activeProfiles = [], propertySourceDescriptors = [], propertySourceProperties = [], contextCustomizers = [org.springframework.boot.test.context.filter.ExcludeFilterContextCustomizer@d23e042, org.springframework.boot.test.json.DuplicateJsonObjectContextCustomizerFactory$DuplicateJsonObjectContextCustomizer@14dd7b39, org.springframework.boot.test.mock.mockito.MockitoContextCustomizer@0, org.springframework.boot.test.autoconfigure.actuate.observability.ObservabilityContextCustomizerFactory$DisableObservabilityContextCustomizer@1f, org.springframework.boot.test.autoconfigure.properties.PropertyMappingContextCustomizer@0, org.springframework.boot.test.autoconfigure.web.servlet.WebDriverContextCustomizer@dc9876b], contextLoader = org.springframework.test.context.support.DelegatingSmartContextLoader, parent = null], attributes = {}], class annotated with @DirtiesContext [false] with mode [null]
22-07-2024 04:10:36.561 &amp#27;[35m[main]&amp#27;[0;39m &amp#27;[39mTRACE&amp#27;[0;39m o.s.test.context.TestContextManager.prepareTestInstance - prepareTestInstance(): instance [org.nauman.app.service.UserServiceTest@716f94c1]
22-07-2024 04:10:36.691 &amp#27;[35m[main]&amp#27;[0;39m &amp#27;[39mTRACE&amp#27;[0;39m o.s.t.c.s.DependencyInjectionTestExecutionListener.prepareTestInstance - Performing dependency injection for test context [DefaultTestContext@3c33fcf8 testClass = org.nauman.app.service.UserServiceTest, testInstance = org.nauman.app.service.UserServiceTest@716f94c1, testMethod = null, testException = null, mergedContextConfiguration = [MergedContextConfiguration@dada335 testClass = org.nauman.app.service.UserServiceTest, locations = [], classes = [], contextInitializerClasses = [], activeProfiles = [], propertySourceDescriptors = [], propertySourceProperties = [], contextCustomizers = [org.springframework.boot.test.context.filter.ExcludeFilterContextCustomizer@d23e042, org.springframework.boot.test.json.DuplicateJsonObjectContextCustomizerFactory$DuplicateJsonObjectContextCustomizer@14dd7b39, org.springframework.boot.test.mock.mockito.MockitoContextCustomizer@0, org.springframework.boot.test.autoconfigure.actuate.observability.ObservabilityContextCustomizerFactory$DisableObservabilityContextCustomizer@1f, org.springframework.boot.test.autoconfigure.properties.PropertyMappingContextCustomizer@0, org.springframework.boot.test.autoconfigure.web.servlet.WebDriverContextCustomizer@dc9876b], contextLoader = org.springframework.test.context.support.DelegatingSmartContextLoader, parent = null], attributes = {"org.springframework.test.context.event.ApplicationEventsTestExecutionListener.recordApplicationEvents" -> false, "org.springframework.boot.test.mock.mockito.MockitoTestExecutionListener.mocks" -> org.mockito.internal.configuration.InjectingAnnotationEngine$$Lambda$1035/0x0000007001558868@30517a57}]
22-07-2024 04:10:36.692 &amp#27;[35m[main]&amp#27;[0;39m &amp#27;[39mTRACE&amp#27;[0;39m o.s.t.c.s.AbstractDelegatingSmartContextLoader.loadContext - Delegating to AnnotationConfigContextLoader to load context for [MergedContextConfiguration@dada335 testClass = org.nauman.app.service.UserServiceTest, locations = [], classes = [], contextInitializerClasses = [], activeProfiles = [], propertySourceDescriptors = [], propertySourceProperties = [], contextCustomizers = [org.springframework.boot.test.context.filter.ExcludeFilterContextCustomizer@d23e042, org.springframework.boot.test.json.DuplicateJsonObjectContextCustomizerFactory$DuplicateJsonObjectContextCustomizer@14dd7b39, org.springframework.boot.test.mock.mockito.MockitoContextCustomizer@0, org.springframework.boot.test.autoconfigure.actuate.observability.ObservabilityContextCustomizerFactory$DisableObservabilityContextCustomizer@1f, org.springframework.boot.test.autoconfigure.properties.PropertyMappingContextCustomizer@0, org.springframework.boot.test.autoconfigure.web.servlet.WebDriverContextCustomizer@dc9876b], contextLoader = org.springframework.test.context.support.DelegatingSmartContextLoader, parent = null]
22-07-2024 04:10:36.692 &amp#27;[35m[main]&amp#27;[0;39m &amp#27;[39mTRACE&amp#27;[0;39m o.s.t.c.s.AbstractGenericContextLoader.loadContext - Loading ApplicationContext for [MergedContextConfiguration@dada335 testClass = org.nauman.app.service.UserServiceTest, locations = [], classes = [], contextInitializerClasses = [], activeProfiles = [], propertySourceDescriptors = [], propertySourceProperties = [], contextCustomizers = [org.springframework.boot.test.context.filter.ExcludeFilterContextCustomizer@d23e042, org.springframework.boot.test.json.DuplicateJsonObjectContextCustomizerFactory$DuplicateJsonObjectContextCustomizer@14dd7b39, org.springframework.boot.test.mock.mockito.MockitoContextCustomizer@0, org.springframework.boot.test.autoconfigure.actuate.observability.ObservabilityContextCustomizerFactory$DisableObservabilityContextCustomizer@1f, org.springframework.boot.test.autoconfigure.properties.PropertyMappingContextCustomizer@0, org.springframework.boot.test.autoconfigure.web.servlet.WebDriverContextCustomizer@dc9876b], contextLoader = org.springframework.test.context.support.DelegatingSmartContextLoader, parent = null]
22-07-2024 04:10:36.692 &amp#27;[35m[main]&amp#27;[0;39m &amp#27;[39mDEBUG&amp#27;[0;39m o.s.core.env.StandardEnvironment.setActiveProfiles - Activating profiles []
22-07-2024 04:10:36.692 &amp#27;[35m[main]&amp#27;[0;39m &amp#27;[39mDEBUG&amp#27;[0;39m o.s.t.c.s.AnnotationConfigContextLoader.loadBeanDefinitions - Registering component classes: []
22-07-2024 04:10:36.692 &amp#27;[35m[main]&amp#27;[0;39m &amp#27;[39mTRACE&amp#27;[0;39m o.s.c.e.PropertySourcesPropertyResolver.getProperty - Searching for key 'spring.test.observability.auto-configure' in PropertySource 'systemProperties'
22-07-2024 04:10:36.692 &amp#27;[35m[main]&amp#27;[0;39m &amp#27;[39mTRACE&amp#27;[0;39m o.s.c.e.PropertySourcesPropertyResolver.getProperty - Searching for key 'spring.test.observability.auto-configure' in PropertySource 'systemEnvironment'
22-07-2024 04:10:36.693 &amp#27;[35m[main]&amp#27;[0;39m &amp#27;[39mTRACE&amp#27;[0;39m o.s.c.e.PropertySourcesPropertyResolver.getProperty - Could not find key 'spring.test.observability.auto-configure' in any property source
22-07-2024 04:10:36.693 &amp#27;[35m[main]&amp#27;[0;39m &amp#27;[39mTRACE&amp#27;[0;39m o.s.c.e.PropertySourcesPropertyResolver.getProperty - Searching for key 'spring.test.observability.auto-configure' in PropertySource 'configurationProperties'
22-07-2024 04:10:36.694 &amp#27;[35m[main]&amp#27;[0;39m &amp#27;[39mTRACE&amp#27;[0;39m o.s.c.e.PropertySourcesPropertyResolver.getProperty - Searching for key 'spring.test.observability.auto-configure' in PropertySource 'test'
22-07-2024 04:10:36.694 &amp#27;[35m[main]&amp#27;[0;39m &amp#27;[39mTRACE&amp#27;[0;39m o.s.c.e.PropertySourcesPropertyResolver.getProperty - Searching for key 'spring.test.observability.auto-configure' in PropertySource 'systemProperties'
22-07-2024 04:10:36.694 &amp#27;[35m[main]&amp#27;[0;39m &amp#27;[39mTRACE&amp#27;[0;39m o.s.c.e.PropertySourcesPropertyResolver.getProperty - Searching for key 'spring.test.observability.auto-configure' in PropertySource 'systemEnvironment'
22-07-2024 04:10:36.694 &amp#27;[35m[main]&amp#27;[0;39m &amp#27;[39mTRACE&amp#27;[0;39m o.s.c.e.PropertySourcesPropertyResolver.getProperty - Could not find key 'spring.test.observability.auto-configure' in any property source
22-07-2024 04:10:36.695 &amp#27;[35m[main]&amp#27;[0;39m &amp#27;[39mTRACE&amp#27;[0;39m o.s.c.s.GenericApplicationContext.prepareRefresh - Refreshing org.springframework.context.support.GenericApplicationContext@79ad1774, started on Mon Jul 22 04:10:36 PKT 2024
22-07-2024 04:10:36.695 &amp#27;[35m[main]&amp#27;[0;39m &amp#27;[39mDEBUG&amp#27;[0;39m o.s.b.f.s.DefaultListableBeanFactory.getSingleton - Creating shared instance of singleton bean 'org.springframework.context.annotation.internalConfigurationAnnotationProcessor'
22-07-2024 04:10:36.695 &amp#27;[35m[main]&amp#27;[0;39m &amp#27;[39mTRACE&amp#27;[0;39m o.s.b.f.s.DefaultListableBeanFactory.createBean - Creating instance of bean 'org.springframework.context.annotation.internalConfigurationAnnotationProcessor'
22-07-2024 04:10:36.695 &amp#27;[35m[main]&amp#27;[0;39m &amp#27;[39mTRACE&amp#27;[0;39m o.s.b.f.s.DefaultListableBeanFactory.doCreateBean - Eagerly caching bean 'org.springframework.context.annotation.internalConfigurationAnnotationProcessor' to allow for resolving potential circular references
22-07-2024 04:10:36.695 &amp#27;[35m[main]&amp#27;[0;39m &amp#27;[39mTRACE&amp#27;[0;39m o.s.b.f.s.DefaultListableBeanFactory.createBean - Finished creating instance of bean 'org.springframework.context.annotation.internalConfigurationAnnotationProcessor'
22-07-2024 04:10:36.695 &amp#27;[35m[main]&amp#27;[0;39m &amp#27;[39mDEBUG&amp#27;[0;39m o.s.b.f.s.DefaultListableBeanFactory.getSingleton - Creating shared instance of singleton bean 'org.springframework.boot.test.mock.mockito.MockitoPostProcessor'
22-07-2024 04:10:36.696 &amp#27;[35m[main]&amp#27;[0;39m &amp#27;[39mTRACE&amp#27;[0;39m o.s.b.f.s.DefaultListableBeanFactory.createBean - Creating instance of bean 'org.springframework.boot.test.mock.mockito.MockitoPostProcessor'
22-07-2024 04:10:36.696 &amp#27;[35m[main]&amp#27;[0;39m &amp#27;[39mTRACE&amp#27;[0;39m o.s.b.f.s.DefaultListableBeanFactory.doCreateBean - Eagerly caching bean 'org.springframework.boot.test.mock.mockito.MockitoPostProcessor' to allow for resolving potential circular references
22-07-2024 04:10:36.696 &amp#27;[35m[main]&amp#27;[0;39m &amp#27;[39mTRACE&amp#27;[0;39m o.s.b.f.s.DefaultListableBeanFactory.createBean - Finished creating instance of bean 'org.springframework.boot.test.mock.mockito.MockitoPostProcessor'
22-07-2024 04:10:36.696 &amp#27;[35m[main]&amp#27;[0;39m &amp#27;[39mDEBUG&amp#27;[0;39m o.s.b.f.s.DefaultListableBeanFactory.getSingleton - Creating shared instance of singleton bean 'org.springframework.context.event.internalEventListenerProcessor'
22-07-2024 04:10:36.696 &amp#27;[35m[main]&amp#27;[0;39m &amp#27;[39mTRACE&amp#27;[0;39m o.s.b.f.s.DefaultListableBeanFactory.createBean - Creating instance of bean 'org.springframework.context.event.internalEventListenerProcessor'
22-07-2024 04:10:36.696 &amp#27;[35m[main]&amp#27;[0;39m &amp#27;[39mTRACE&amp#27;[0;39m o.s.b.f.s.DefaultListableBeanFactory.doCreateBean - Eagerly caching bean 'org.springframework.context.event.internalEventListenerProcessor' to allow for resolving potential circular references
22-07-2024 04:10:36.696 &amp#27;[35m[main]&amp#27;[0;39m &amp#27;[39mTRACE&amp#27;[0;39m o.s.b.f.s.DefaultListableBeanFactory.createBean - Finished creating instance of bean 'org.springframework.context.event.internalEventListenerProcessor'
22-07-2024 04:10:36.696 &amp#27;[35m[main]&amp#27;[0;39m &amp#27;[39mDEBUG&amp#27;[0;39m o.s.b.f.s.DefaultListableBeanFactory.getSingleton - Creating shared instance of singleton bean 'org.springframework.context.event.internalEventListenerFactory'
22-07-2024 04:10:36.696 &amp#27;[35m[main]&amp#27;[0;39m &amp#27;[39mTRACE&amp#27;[0;39m o.s.b.f.s.DefaultListableBeanFactory.createBean - Creating instance of bean 'org.springframework.context.event.internalEventListenerFactory'
22-07-2024 04:10:36.696 &amp#27;[35m[main]&amp#27;[0;39m &amp#27;[39mTRACE&amp#27;[0;39m o.s.b.f.s.DefaultListableBeanFactory.doCreateBean - Eagerly caching bean 'org.springframework.context.event.internalEventListenerFactory' to allow for resolving potential circular references
22-07-2024 04:10:36.697 &amp#27;[35m[main]&amp#27;[0;39m &amp#27;[39mTRACE&amp#27;[0;39m o.s.b.f.s.DefaultListableBeanFactory.createBean - Finished creating instance of bean 'org.springframework.context.event.internalEventListenerFactory'
22-07-2024 04:10:36.697 &amp#27;[35m[main]&amp#27;[0;39m &amp#27;[39mDEBUG&amp#27;[0;39m o.s.b.f.s.DefaultListableBeanFactory.getSingleton - Creating shared instance of singleton bean 'org.springframework.context.annotation.internalAutowiredAnnotationProcessor'
22-07-2024 04:10:36.697 &amp#27;[35m[main]&amp#27;[0;39m &amp#27;[39mTRACE&amp#27;[0;39m o.s.b.f.s.DefaultListableBeanFactory.createBean - Creating instance of bean 'org.springframework.context.annotation.internalAutowiredAnnotationProcessor'
22-07-2024 04:10:36.697 &amp#27;[35m[main]&amp#27;[0;39m &amp#27;[39mTRACE&amp#27;[0;39m o.s.b.f.a.AutowiredAnnotationBeanPostProcessor.<init> - 'jakarta.inject.Inject' annotation found and supported for autowiring
22-07-2024 04:10:36.697 &amp#27;[35m[main]&amp#27;[0;39m &amp#27;[39mTRACE&amp#27;[0;39m o.s.b.f.s.DefaultListableBeanFactory.doCreateBean - Eagerly caching bean 'org.springframework.context.annotation.internalAutowiredAnnotationProcessor' to allow for resolving potential circular references
22-07-2024 04:10:36.697 &amp#27;[35m[main]&amp#27;[0;39m &amp#27;[39mTRACE&amp#27;[0;39m o.s.b.f.s.DefaultListableBeanFactory.createBean - Finished creating instance of bean 'org.springframework.context.annotation.internalAutowiredAnnotationProcessor'
22-07-2024 04:10:36.697 &amp#27;[35m[main]&amp#27;[0;39m &amp#27;[39mDEBUG&amp#27;[0;39m o.s.b.f.s.DefaultListableBeanFactory.getSingleton - Creating shared instance of singleton bean 'org.springframework.context.annotation.internalCommonAnnotationProcessor'
22-07-2024 04:10:36.697 &amp#27;[35m[main]&amp#27;[0;39m &amp#27;[39mTRACE&amp#27;[0;39m o.s.b.f.s.DefaultListableBeanFactory.createBean - Creating instance of bean 'org.springframework.context.annotation.internalCommonAnnotationProcessor'
22-07-2024 04:10:36.697 &amp#27;[35m[main]&amp#27;[0;39m &amp#27;[39mTRACE&amp#27;[0;39m o.s.b.f.s.DefaultListableBeanFactory.doCreateBean - Eagerly caching bean 'org.springframework.context.annotation.internalCommonAnnotationProcessor' to allow for resolving potential circular references
22-07-2024 04:10:36.697 &amp#27;[35m[main]&amp#27;[0;39m &amp#27;[39mTRACE&amp#27;[0;39m o.s.b.f.s.DefaultListableBeanFactory.createBean - Finished creating instance of bean 'org.springframework.context.annotation.internalCommonAnnotationProcessor'
22-07-2024 04:10:36.697 &amp#27;[35m[main]&amp#27;[0;39m &amp#27;[39mDEBUG&amp#27;[0;39m o.s.b.f.s.DefaultListableBeanFactory.getSingleton - Creating shared instance of singleton bean 'org.springframework.context.annotation.internalPersistenceAnnotationProcessor'
22-07-2024 04:10:36.697 &amp#27;[35m[main]&amp#27;[0;39m &amp#27;[39mTRACE&amp#27;[0;39m o.s.b.f.s.DefaultListableBeanFactory.createBean - Creating instance of bean 'org.springframework.context.annotation.internalPersistenceAnnotationProcessor'
22-07-2024 04:10:36.697 &amp#27;[35m[main]&amp#27;[0;39m &amp#27;[39mTRACE&amp#27;[0;39m o.s.b.f.s.DefaultListableBeanFactory.doCreateBean - Eagerly caching bean 'org.springframework.context.annotation.internalPersistenceAnnotationProcessor' to allow for resolving potential circular references
22-07-2024 04:10:36.698 &amp#27;[35m[main]&amp#27;[0;39m &amp#27;[39mTRACE&amp#27;[0;39m o.s.b.f.s.DefaultListableBeanFactory.createBean - Finished creating instance of bean 'org.springframework.context.annotation.internalPersistenceAnnotationProcessor'
22-07-2024 04:10:36.698 &amp#27;[35m[main]&amp#27;[0;39m &amp#27;[39mDEBUG&amp#27;[0;39m o.s.b.f.s.DefaultListableBeanFactory.getSingleton - Creating shared instance of singleton bean 'org.springframework.boot.test.mock.mockito.MockitoPostProcessor$SpyPostProcessor'
22-07-2024 04:10:36.698 &amp#27;[35m[main]&amp#27;[0;39m &amp#27;[39mTRACE&amp#27;[0;39m o.s.b.f.s.DefaultListableBeanFactory.createBean - Creating instance of bean 'org.springframework.boot.test.mock.mockito.MockitoPostProcessor$SpyPostProcessor'
22-07-2024 04:10:36.698 &amp#27;[35m[main]&amp#27;[0;39m &amp#27;[39mTRACE&amp#27;[0;39m o.s.b.f.s.DefaultListableBeanFactory.doGetBean - Returning cached instance of singleton bean 'org.springframework.boot.test.mock.mockito.MockitoPostProcessor'
22-07-2024 04:10:36.698 &amp#27;[35m[main]&amp#27;[0;39m &amp#27;[39mTRACE&amp#27;[0;39m o.s.b.f.s.DefaultListableBeanFactory.doCreateBean - Eagerly caching bean 'org.springframework.boot.test.mock.mockito.MockitoPostProcessor$SpyPostProcessor' to allow for resolving potential circular references
22-07-2024 04:10:36.698 &amp#27;[35m[main]&amp#27;[0;39m &amp#27;[39mTRACE&amp#27;[0;39m o.s.b.f.s.DefaultListableBeanFactory.createBean - Finished creating instance of bean 'org.springframework.boot.test.mock.mockito.MockitoPostProcessor$SpyPostProcessor'
22-07-2024 04:10:36.698 &amp#27;[35m[main]&amp#27;[0;39m &amp#27;[39mTRACE&amp#27;[0;39m o.s.b.f.s.DefaultListableBeanFactory.doGetBean - Returning cached instance of singleton bean 'org.springframework.boot.test.mock.mockito.MockitoPostProcessor'
22-07-2024 04:10:36.698 &amp#27;[35m[main]&amp#27;[0;39m &amp#27;[39mTRACE&amp#27;[0;39m o.s.b.f.s.DefaultListableBeanFactory.doGetBean - Returning cached instance of singleton bean 'org.springframework.boot.test.autoconfigure.properties.PropertyMappingContextCustomizer$PropertyMappingCheckBeanPostProcessor'
22-07-2024 04:10:36.698 &amp#27;[35m[main]&amp#27;[0;39m &amp#27;[39mTRACE&amp#27;[0;39m o.s.c.s.GenericApplicationContext.initMessageSource - No 'messageSource' bean, using [Empty MessageSource]
22-07-2024 04:10:36.698 &amp#27;[35m[main]&amp#27;[0;39m &amp#27;[39mTRACE&amp#27;[0;39m o.s.c.s.GenericApplicationContext.initApplicationEventMulticaster - No 'applicationEventMulticaster' bean, using [SimpleApplicationEventMulticaster]
22-07-2024 04:10:36.698 &amp#27;[35m[main]&amp#27;[0;39m &amp#27;[39mTRACE&amp#27;[0;39m o.s.b.f.s.DefaultListableBeanFactory.preInstantiateSingletons - Pre-instantiating singletons in org.springframework.beans.factory.support.DefaultListableBeanFactory@63187d63: defining beans [org.springframework.context.annotation.internalConfigurationAnnotationProcessor,org.springframework.context.annotation.internalAutowiredAnnotationProcessor,org.springframework.context.annotation.internalCommonAnnotationProcessor,org.springframework.context.annotation.internalPersistenceAnnotationProcessor,org.springframework.context.event.internalEventListenerProcessor,org.springframework.context.event.internalEventListenerFactory,org.springframework.boot.test.mock.mockito.MockitoPostProcessor$SpyPostProcessor,org.springframework.boot.test.mock.mockito.MockitoPostProcessor]; root of factory hierarchy
22-07-2024 04:10:36.698 &amp#27;[35m[main]&amp#27;[0;39m &amp#27;[39mTRACE&amp#27;[0;39m o.s.b.f.s.DefaultListableBeanFactory.doGetBean - Returning cached instance of singleton bean 'org.springframework.context.annotation.internalConfigurationAnnotationProcessor'
22-07-2024 04:10:36.698 &amp#27;[35m[main]&amp#27;[0;39m &amp#27;[39mTRACE&amp#27;[0;39m o.s.b.f.s.DefaultListableBeanFactory.doGetBean - Returning cached instance of singleton bean 'org.springframework.context.annotation.internalAutowiredAnnotationProcessor'
22-07-2024 04:10:36.698 &amp#27;[35m[main]&amp#27;[0;39m &amp#27;[39mTRACE&amp#27;[0;39m o.s.b.f.s.DefaultListableBeanFactory.doGetBean - Returning cached instance of singleton bean 'org.springframework.context.annotation.internalCommonAnnotationProcessor'
22-07-2024 04:10:36.698 &amp#27;[35m[main]&amp#27;[0;39m &amp#27;[39mTRACE&amp#27;[0;39m o.s.b.f.s.DefaultListableBeanFactory.doGetBean - Returning cached instance of singleton bean 'org.springframework.context.annotation.internalPersistenceAnnotationProcessor'
22-07-2024 04:10:36.698 &amp#27;[35m[main]&amp#27;[0;39m &amp#27;[39mTRACE&amp#27;[0;39m o.s.b.f.s.DefaultListableBeanFactory.doGetBean - Returning cached instance of singleton bean 'org.springframework.context.event.internalEventListenerProcessor'
22-07-2024 04:10:36.699 &amp#27;[35m[main]&amp#27;[0;39m &amp#27;[39mTRACE&amp#27;[0;39m o.s.b.f.s.DefaultListableBeanFactory.doGetBean - Returning cached instance of singleton bean 'org.springframework.context.event.internalEventListenerFactory'
22-07-2024 04:10:36.699 &amp#27;[35m[main]&amp#27;[0;39m &amp#27;[39mTRACE&amp#27;[0;39m o.s.b.f.s.DefaultListableBeanFactory.doGetBean - Returning cached instance of singleton bean 'org.springframework.boot.test.mock.mockito.MockitoPostProcessor$SpyPostProcessor'
22-07-2024 04:10:36.699 &amp#27;[35m[main]&amp#27;[0;39m &amp#27;[39mTRACE&amp#27;[0;39m o.s.b.f.s.DefaultListableBeanFactory.doGetBean - Returning cached instance of singleton bean 'org.springframework.boot.test.mock.mockito.MockitoPostProcessor'
22-07-2024 04:10:36.700 &amp#27;[35m[main]&amp#27;[0;39m &amp#27;[39mTRACE&amp#27;[0;39m o.s.c.s.GenericApplicationContext.initLifecycleProcessor - No 'lifecycleProcessor' bean, using [DefaultLifecycleProcessor]
22-07-2024 04:10:36.700 &amp#27;[35m[main]&amp#27;[0;39m &amp#27;[39mTRACE&amp#27;[0;39m o.s.b.f.s.DefaultListableBeanFactory.doGetBean - Returning cached instance of singleton bean 'lifecycleProcessor'
22-07-2024 04:10:36.701 &amp#27;[35m[main]&amp#27;[0;39m &amp#27;[39mTRACE&amp#27;[0;39m o.s.t.c.c.DefaultCacheAwareContextLoaderDelegate.loadContext - Storing ApplicationContext [2041386868] in cache under key [MergedContextConfiguration@dada335 testClass = org.nauman.app.service.UserServiceTest, locations = [], classes = [], contextInitializerClasses = [], activeProfiles = [], propertySourceDescriptors = [], propertySourceProperties = [], contextCustomizers = [org.springframework.boot.test.context.filter.ExcludeFilterContextCustomizer@d23e042, org.springframework.boot.test.json.DuplicateJsonObjectContextCustomizerFactory$DuplicateJsonObjectContextCustomizer@14dd7b39, org.springframework.boot.test.mock.mockito.MockitoContextCustomizer@0, org.springframework.boot.test.autoconfigure.actuate.observability.ObservabilityContextCustomizerFactory$DisableObservabilityContextCustomizer@1f, org.springframework.boot.test.autoconfigure.properties.PropertyMappingContextCustomizer@0, org.springframework.boot.test.autoconfigure.web.servlet.WebDriverContextCustomizer@dc9876b], contextLoader = org.springframework.test.context.support.DelegatingSmartContextLoader, parent = null]
22-07-2024 04:10:36.701 &amp#27;[35m[main]&amp#27;[0;39m &amp#27;[39mDEBUG&amp#27;[0;39m o.springframework.test.context.cache.logStatistics - Spring test ApplicationContext cache statistics: [DefaultContextCache@682e445e size = 1, maxSize = 32, parentContextCount = 0, hitCount = 0, missCount = 2, failureCount = 1]
22-07-2024 04:10:36.702 &amp#27;[35m[main]&amp#27;[0;39m &amp#27;[39mTRACE&amp#27;[0;39m o.s.t.c.c.DefaultCacheAwareContextLoaderDelegate.loadContext - Retrieved ApplicationContext [2041386868] from cache with key [MergedContextConfiguration@dada335 testClass = org.nauman.app.service.UserServiceTest, locations = [], classes = [], contextInitializerClasses = [], activeProfiles = [], propertySourceDescriptors = [], propertySourceProperties = [], contextCustomizers = [org.springframework.boot.test.context.filter.ExcludeFilterContextCustomizer@d23e042, org.springframework.boot.test.json.DuplicateJsonObjectContextCustomizerFactory$DuplicateJsonObjectContextCustomizer@14dd7b39, org.springframework.boot.test.mock.mockito.MockitoContextCustomizer@0, org.springframework.boot.test.autoconfigure.actuate.observability.ObservabilityContextCustomizerFactory$DisableObservabilityContextCustomizer@1f, org.springframework.boot.test.autoconfigure.properties.PropertyMappingContextCustomizer@0, org.springframework.boot.test.autoconfigure.web.servlet.WebDriverContextCustomizer@dc9876b], contextLoader = org.springframework.test.context.support.DelegatingSmartContextLoader, parent = null]
22-07-2024 04:10:36.702 &amp#27;[35m[main]&amp#27;[0;39m &amp#27;[39mDEBUG&amp#27;[0;39m o.springframework.test.context.cache.logStatistics - Spring test ApplicationContext cache statistics: [DefaultContextCache@682e445e size = 1, maxSize = 32, parentContextCount = 0, hitCount = 1, missCount = 2, failureCount = 1]
22-07-2024 04:10:36.704 &amp#27;[35m[main]&amp#27;[0;39m &amp#27;[39mTRACE&amp#27;[0;39m o.s.test.context.TestContextManager.prepareForBeforeCallback - beforeTestMethod(): instance [org.nauman.app.service.UserServiceTest@716f94c1], method [public void org.nauman.app.service.UserServiceTest.testGetUserAsSuperUser()]
22-07-2024 04:10:36.705 &amp#27;[35m[main]&amp#27;[0;39m &amp#27;[39mTRACE&amp#27;[0;39m o.s.t.c.s.DirtiesContextBeforeModesTestExecutionListener.beforeOrAfterTestMethod - Before test method: context [DefaultTestContext@3c33fcf8 testClass = org.nauman.app.service.UserServiceTest, testInstance = org.nauman.app.service.UserServiceTest@716f94c1, testMethod = testGetUserAsSuperUser(), testException = null, mergedContextConfiguration = [MergedContextConfiguration@dada335 testClass = org.nauman.app.service.UserServiceTest, locations = [], classes = [], contextInitializerClasses = [], activeProfiles = [], propertySourceDescriptors = [], propertySourceProperties = [], contextCustomizers = [org.springframework.boot.test.context.filter.ExcludeFilterContextCustomizer@d23e042, org.springframework.boot.test.json.DuplicateJsonObjectContextCustomizerFactory$DuplicateJsonObjectContextCustomizer@14dd7b39, org.springframework.boot.test.mock.mockito.MockitoContextCustomizer@0, org.springframework.boot.test.autoconfigure.actuate.observability.ObservabilityContextCustomizerFactory$DisableObservabilityContextCustomizer@1f, org.springframework.boot.test.autoconfigure.properties.PropertyMappingContextCustomizer@0, org.springframework.boot.test.autoconfigure.web.servlet.WebDriverContextCustomizer@dc9876b], contextLoader = org.springframework.test.context.support.DelegatingSmartContextLoader, parent = null], attributes = {"org.springframework.test.context.event.ApplicationEventsTestExecutionListener.recordApplicationEvents" -> false, "org.springframework.boot.test.mock.mockito.MockitoTestExecutionListener.mocks" -> org.mockito.internal.configuration.InjectingAnnotationEngine$$Lambda$1035/0x0000007001558868@30517a57}], class annotated with @DirtiesContext [false] with mode [null], method annotated with @DirtiesContext [false] with mode [null]
22-07-2024 04:10:36.707 &amp#27;[35m[main]&amp#27;[0;39m &amp#27;[39mTRACE&amp#27;[0;39m o.s.t.c.c.DefaultCacheAwareContextLoaderDelegate.loadContext - Retrieved ApplicationContext [2041386868] from cache with key [MergedContextConfiguration@dada335 testClass = org.nauman.app.service.UserServiceTest, locations = [], classes = [], contextInitializerClasses = [], activeProfiles = [], propertySourceDescriptors = [], propertySourceProperties = [], contextCustomizers = [org.springframework.boot.test.context.filter.ExcludeFilterContextCustomizer@d23e042, org.springframework.boot.test.json.DuplicateJsonObjectContextCustomizerFactory$DuplicateJsonObjectContextCustomizer@14dd7b39, org.springframework.boot.test.mock.mockito.MockitoContextCustomizer@0, org.springframework.boot.test.autoconfigure.actuate.observability.ObservabilityContextCustomizerFactory$DisableObservabilityContextCustomizer@1f, org.springframework.boot.test.autoconfigure.properties.PropertyMappingContextCustomizer@0, org.springframework.boot.test.autoconfigure.web.servlet.WebDriverContextCustomizer@dc9876b], contextLoader = org.springframework.test.context.support.DelegatingSmartContextLoader, parent = null]
22-07-2024 04:10:36.707 &amp#27;[35m[main]&amp#27;[0;39m &amp#27;[39mDEBUG&amp#27;[0;39m o.springframework.test.context.cache.logStatistics - Spring test ApplicationContext cache statistics: [DefaultContextCache@682e445e size = 1, maxSize = 32, parentContextCount = 0, hitCount = 2, missCount = 2, failureCount = 1]
22-07-2024 04:10:36.707 &amp#27;[35m[main]&amp#27;[0;39m &amp#27;[39mTRACE&amp#27;[0;39m o.s.t.c.c.DefaultCacheAwareContextLoaderDelegate.loadContext - Retrieved ApplicationContext [2041386868] from cache with key [MergedContextConfiguration@dada335 testClass = org.nauman.app.service.UserServiceTest, locations = [], classes = [], contextInitializerClasses = [], activeProfiles = [], propertySourceDescriptors = [], propertySourceProperties = [], contextCustomizers = [org.springframework.boot.test.context.filter.ExcludeFilterContextCustomizer@d23e042, org.springframework.boot.test.json.DuplicateJsonObjectContextCustomizerFactory$DuplicateJsonObjectContextCustomizer@14dd7b39, org.springframework.boot.test.mock.mockito.MockitoContextCustomizer@0, org.springframework.boot.test.autoconfigure.actuate.observability.ObservabilityContextCustomizerFactory$DisableObservabilityContextCustomizer@1f, org.springframework.boot.test.autoconfigure.properties.PropertyMappingContextCustomizer@0, org.springframework.boot.test.autoconfigure.web.servlet.WebDriverContextCustomizer@dc9876b], contextLoader = org.springframework.test.context.support.DelegatingSmartContextLoader, parent = null]
22-07-2024 04:10:36.707 &amp#27;[35m[main]&amp#27;[0;39m &amp#27;[39mDEBUG&amp#27;[0;39m o.springframework.test.context.cache.logStatistics - Spring test ApplicationContext cache statistics: [DefaultContextCache@682e445e size = 1, maxSize = 32, parentContextCount = 0, hitCount = 3, missCount = 2, failureCount = 1]
22-07-2024 04:10:36.707 &amp#27;[35m[main]&amp#27;[0;39m &amp#27;[39mTRACE&amp#27;[0;39m o.s.b.f.s.DefaultListableBeanFactory.doGetBean - Returning cached instance of singleton bean 'org.springframework.context.annotation.internalConfigurationAnnotationProcessor'
22-07-2024 04:10:36.708 &amp#27;[35m[main]&amp#27;[0;39m &amp#27;[39mTRACE&amp#27;[0;39m o.s.b.f.s.DefaultListableBeanFactory.doGetBean - Returning cached instance of singleton bean 'org.springframework.context.annotation.internalAutowiredAnnotationProcessor'
22-07-2024 04:10:36.708 &amp#27;[35m[main]&amp#27;[0;39m &amp#27;[39mTRACE&amp#27;[0;39m o.s.b.f.s.DefaultListableBeanFactory.doGetBean - Returning cached instance of singleton bean 'org.springframework.context.annotation.internalCommonAnnotationProcessor'
22-07-2024 04:10:36.708 &amp#27;[35m[main]&amp#27;[0;39m &amp#27;[39mTRACE&amp#27;[0;39m o.s.b.f.s.DefaultListableBeanFactory.doGetBean - Returning cached instance of singleton bean 'org.springframework.context.annotation.internalPersistenceAnnotationProcessor'
22-07-2024 04:10:36.708 &amp#27;[35m[main]&amp#27;[0;39m &amp#27;[39mTRACE&amp#27;[0;39m o.s.b.f.s.DefaultListableBeanFactory.doGetBean - Returning cached instance of singleton bean 'org.springframework.context.event.internalEventListenerProcessor'
22-07-2024 04:10:36.708 &amp#27;[35m[main]&amp#27;[0;39m &amp#27;[39mTRACE&amp#27;[0;39m o.s.b.f.s.DefaultListableBeanFactory.doGetBean - Returning cached instance of singleton bean 'org.springframework.context.event.internalEventListenerFactory'
22-07-2024 04:10:36.708 &amp#27;[35m[main]&amp#27;[0;39m &amp#27;[39mTRACE&amp#27;[0;39m o.s.b.f.s.DefaultListableBeanFactory.doGetBean - Returning cached instance of singleton bean 'org.springframework.boot.test.mock.mockito.MockitoPostProcessor$SpyPostProcessor'
22-07-2024 04:10:36.708 &amp#27;[35m[main]&amp#27;[0;39m &amp#27;[39mTRACE&amp#27;[0;39m o.s.b.f.s.DefaultListableBeanFactory.doGetBean - Returning cached instance of singleton bean 'org.springframework.boot.test.mock.mockito.MockitoPostProcessor'
22-07-2024 04:10:36.708 &amp#27;[35m[main]&amp#27;[0;39m &amp#27;[39mTRACE&amp#27;[0;39m o.s.b.f.s.DefaultListableBeanFactory.doGetBean - Returning cached instance of singleton bean 'org.springframework.boot.test.mock.mockito.MockitoBeans'
22-07-2024 04:10:36.708 &amp#27;[35m[main]&amp#27;[0;39m &amp#27;[39mTRACE&amp#27;[0;39m o.s.test.context.TestContextManager.prepareForBeforeCallback - beforeTestExecution(): instance [org.nauman.app.service.UserServiceTest@716f94c1], method [public void org.nauman.app.service.UserServiceTest.testGetUserAsSuperUser()]
22-07-2024 04:10:36.709 &amp#27;[35m[main]&amp#27;[0;39m &amp#27;[39mTRACE&amp#27;[0;39m o.s.t.c.c.DefaultCacheAwareContextLoaderDelegate.loadContext - Retrieved ApplicationContext [2041386868] from cache with key [MergedContextConfiguration@dada335 testClass = org.nauman.app.service.UserServiceTest, locations = [], classes = [], contextInitializerClasses = [], activeProfiles = [], propertySourceDescriptors = [], propertySourceProperties = [], contextCustomizers = [org.springframework.boot.test.context.filter.ExcludeFilterContextCustomizer@d23e042, org.springframework.boot.test.json.DuplicateJsonObjectContextCustomizerFactory$DuplicateJsonObjectContextCustomizer@14dd7b39, org.springframework.boot.test.mock.mockito.MockitoContextCustomizer@0, org.springframework.boot.test.autoconfigure.actuate.observability.ObservabilityContextCustomizerFactory$DisableObservabilityContextCustomizer@1f, org.springframework.boot.test.autoconfigure.properties.PropertyMappingContextCustomizer@0, org.springframework.boot.test.autoconfigure.web.servlet.WebDriverContextCustomizer@dc9876b], contextLoader = org.springframework.test.context.support.DelegatingSmartContextLoader, parent = null]
22-07-2024 04:10:36.709 &amp#27;[35m[main]&amp#27;[0;39m &amp#27;[39mDEBUG&amp#27;[0;39m o.springframework.test.context.cache.logStatistics - Spring test ApplicationContext cache statistics: [DefaultContextCache@682e445e size = 1, maxSize = 32, parentContextCount = 0, hitCount = 4, missCount = 2, failureCount = 1]
22-07-2024 04:10:36.725 &amp#27;[35m[main]&amp#27;[0;39m &amp#27;[39mTRACE&amp#27;[0;39m o.s.test.context.TestContextManager.prepareForAfterCallback - afterTestExecution(): instance [org.nauman.app.service.UserServiceTest@716f94c1], method [public void org.nauman.app.service.UserServiceTest.testGetUserAsSuperUser()], exception [null]
22-07-2024 04:10:36.725 &amp#27;[35m[main]&amp#27;[0;39m &amp#27;[39mTRACE&amp#27;[0;39m o.s.t.c.c.DefaultCacheAwareContextLoaderDelegate.loadContext - Retrieved ApplicationContext [2041386868] from cache with key [MergedContextConfiguration@dada335 testClass = org.nauman.app.service.UserServiceTest, locations = [], classes = [], contextInitializerClasses = [], activeProfiles = [], propertySourceDescriptors = [], propertySourceProperties = [], contextCustomizers = [org.springframework.boot.test.context.filter.ExcludeFilterContextCustomizer@d23e042, org.springframework.boot.test.json.DuplicateJsonObjectContextCustomizerFactory$DuplicateJsonObjectContextCustomizer@14dd7b39, org.springframework.boot.test.mock.mockito.MockitoContextCustomizer@0, org.springframework.boot.test.autoconfigure.actuate.observability.ObservabilityContextCustomizerFactory$DisableObservabilityContextCustomizer@1f, org.springframework.boot.test.autoconfigure.properties.PropertyMappingContextCustomizer@0, org.springframework.boot.test.autoconfigure.web.servlet.WebDriverContextCustomizer@dc9876b], contextLoader = org.springframework.test.context.support.DelegatingSmartContextLoader, parent = null]
22-07-2024 04:10:36.725 &amp#27;[35m[main]&amp#27;[0;39m &amp#27;[39mDEBUG&amp#27;[0;39m o.springframework.test.context.cache.logStatistics - Spring test ApplicationContext cache statistics: [DefaultContextCache@682e445e size = 1, maxSize = 32, parentContextCount = 0, hitCount = 5, missCount = 2, failureCount = 1]
22-07-2024 04:10:36.726 &amp#27;[35m[main]&amp#27;[0;39m &amp#27;[39mTRACE&amp#27;[0;39m o.s.test.context.TestContextManager.prepareForAfterCallback - afterTestMethod(): instance [org.nauman.app.service.UserServiceTest@716f94c1], method [public void org.nauman.app.service.UserServiceTest.testGetUserAsSuperUser()], exception [null]
22-07-2024 04:10:36.726 &amp#27;[35m[main]&amp#27;[0;39m &amp#27;[39mTRACE&amp#27;[0;39m o.s.t.c.c.DefaultCacheAwareContextLoaderDelegate.loadContext - Retrieved ApplicationContext [2041386868] from cache with key [MergedContextConfiguration@dada335 testClass = org.nauman.app.service.UserServiceTest, locations = [], classes = [], contextInitializerClasses = [], activeProfiles = [], propertySourceDescriptors = [], propertySourceProperties = [], contextCustomizers = [org.springframework.boot.test.context.filter.ExcludeFilterContextCustomizer@d23e042, org.springframework.boot.test.json.DuplicateJsonObjectContextCustomizerFactory$DuplicateJsonObjectContextCustomizer@14dd7b39, org.springframework.boot.test.mock.mockito.MockitoContextCustomizer@0, org.springframework.boot.test.autoconfigure.actuate.observability.ObservabilityContextCustomizerFactory$DisableObservabilityContextCustomizer@1f, org.springframework.boot.test.autoconfigure.properties.PropertyMappingContextCustomizer@0, org.springframework.boot.test.autoconfigure.web.servlet.WebDriverContextCustomizer@dc9876b], contextLoader = org.springframework.test.context.support.DelegatingSmartContextLoader, parent = null]
22-07-2024 04:10:36.726 &amp#27;[35m[main]&amp#27;[0;39m &amp#27;[39mDEBUG&amp#27;[0;39m o.springframework.test.context.cache.logStatistics - Spring test ApplicationContext cache statistics: [DefaultContextCache@682e445e size = 1, maxSize = 32, parentContextCount = 0, hitCount = 6, missCount = 2, failureCount = 1]
22-07-2024 04:10:36.726 &amp#27;[35m[main]&amp#27;[0;39m &amp#27;[39mTRACE&amp#27;[0;39m o.s.t.c.c.DefaultCacheAwareContextLoaderDelegate.loadContext - Retrieved ApplicationContext [2041386868] from cache with key [MergedContextConfiguration@dada335 testClass = org.nauman.app.service.UserServiceTest, locations = [], classes = [], contextInitializerClasses = [], activeProfiles = [], propertySourceDescriptors = [], propertySourceProperties = [], contextCustomizers = [org.springframework.boot.test.context.filter.ExcludeFilterContextCustomizer@d23e042, org.springframework.boot.test.json.DuplicateJsonObjectContextCustomizerFactory$DuplicateJsonObjectContextCustomizer@14dd7b39, org.springframework.boot.test.mock.mockito.MockitoContextCustomizer@0, org.springframework.boot.test.autoconfigure.actuate.observability.ObservabilityContextCustomizerFactory$DisableObservabilityContextCustomizer@1f, org.springframework.boot.test.autoconfigure.properties.PropertyMappingContextCustomizer@0, org.springframework.boot.test.autoconfigure.web.servlet.WebDriverContextCustomizer@dc9876b], contextLoader = org.springframework.test.context.support.DelegatingSmartContextLoader, parent = null]
22-07-2024 04:10:36.726 &amp#27;[35m[main]&amp#27;[0;39m &amp#27;[39mDEBUG&amp#27;[0;39m o.springframework.test.context.cache.logStatistics - Spring test ApplicationContext cache statistics: [DefaultContextCache@682e445e size = 1, maxSize = 32, parentContextCount = 0, hitCount = 7, missCount = 2, failureCount = 1]
22-07-2024 04:10:36.726 &amp#27;[35m[main]&amp#27;[0;39m &amp#27;[39mTRACE&amp#27;[0;39m o.s.b.f.s.DefaultListableBeanFactory.getBeanDefinition - No bean named 'org.springframework.boot.test.autoconfigure.web.servlet.SpringBootMockMvcBuilderCustomizer$DeferredLinesWriter' found in org.springframework.beans.factory.support.DefaultListableBeanFactory@63187d63: defining beans [org.springframework.context.annotation.internalConfigurationAnnotationProcessor,org.springframework.context.annotation.internalAutowiredAnnotationProcessor,org.springframework.context.annotation.internalCommonAnnotationProcessor,org.springframework.context.annotation.internalPersistenceAnnotationProcessor,org.springframework.context.event.internalEventListenerProcessor,org.springframework.context.event.internalEventListenerFactory,org.springframework.boot.test.mock.mockito.MockitoPostProcessor$SpyPostProcessor,org.springframework.boot.test.mock.mockito.MockitoPostProcessor]; root of factory hierarchy
22-07-2024 04:10:36.726 &amp#27;[35m[main]&amp#27;[0;39m &amp#27;[39mTRACE&amp#27;[0;39m o.s.t.c.c.DefaultCacheAwareContextLoaderDelegate.loadContext - Retrieved ApplicationContext [2041386868] from cache with key [MergedContextConfiguration@dada335 testClass = org.nauman.app.service.UserServiceTest, locations = [], classes = [], contextInitializerClasses = [], activeProfiles = [], propertySourceDescriptors = [], propertySourceProperties = [], contextCustomizers = [org.springframework.boot.test.context.filter.ExcludeFilterContextCustomizer@d23e042, org.springframework.boot.test.json.DuplicateJsonObjectContextCustomizerFactory$DuplicateJsonObjectContextCustomizer@14dd7b39, org.springframework.boot.test.mock.mockito.MockitoContextCustomizer@0, org.springframework.boot.test.autoconfigure.actuate.observability.ObservabilityContextCustomizerFactory$DisableObservabilityContextCustomizer@1f, org.springframework.boot.test.autoconfigure.properties.PropertyMappingContextCustomizer@0, org.springframework.boot.test.autoconfigure.web.servlet.WebDriverContextCustomizer@dc9876b], contextLoader = org.springframework.test.context.support.DelegatingSmartContextLoader, parent = null]
22-07-2024 04:10:36.726 &amp#27;[35m[main]&amp#27;[0;39m &amp#27;[39mDEBUG&amp#27;[0;39m o.springframework.test.context.cache.logStatistics - Spring test ApplicationContext cache statistics: [DefaultContextCache@682e445e size = 1, maxSize = 32, parentContextCount = 0, hitCount = 8, missCount = 2, failureCount = 1]
22-07-2024 04:10:36.727 &amp#27;[35m[main]&amp#27;[0;39m &amp#27;[39mTRACE&amp#27;[0;39m o.s.t.c.c.DefaultCacheAwareContextLoaderDelegate.loadContext - Retrieved ApplicationContext [2041386868] from cache with key [MergedContextConfiguration@dada335 testClass = org.nauman.app.service.UserServiceTest, locations = [], classes = [], contextInitializerClasses = [], activeProfiles = [], propertySourceDescriptors = [], propertySourceProperties = [], contextCustomizers = [org.springframework.boot.test.context.filter.ExcludeFilterContextCustomizer@d23e042, org.springframework.boot.test.json.DuplicateJsonObjectContextCustomizerFactory$DuplicateJsonObjectContextCustomizer@14dd7b39, org.springframework.boot.test.mock.mockito.MockitoContextCustomizer@0, org.springframework.boot.test.autoconfigure.actuate.observability.ObservabilityContextCustomizerFactory$DisableObservabilityContextCustomizer@1f, org.springframework.boot.test.autoconfigure.properties.PropertyMappingContextCustomizer@0, org.springframework.boot.test.autoconfigure.web.servlet.WebDriverContextCustomizer@dc9876b], contextLoader = org.springframework.test.context.support.DelegatingSmartContextLoader, parent = null]
22-07-2024 04:10:36.727 &amp#27;[35m[main]&amp#27;[0;39m &amp#27;[39mDEBUG&amp#27;[0;39m o.springframework.test.context.cache.logStatistics - Spring test ApplicationContext cache statistics: [DefaultContextCache@682e445e size = 1, maxSize = 32, parentContextCount = 0, hitCount = 9, missCount = 2, failureCount = 1]
22-07-2024 04:10:36.727 &amp#27;[35m[main]&amp#27;[0;39m &amp#27;[39mTRACE&amp#27;[0;39m o.s.b.f.s.DefaultListableBeanFactory.doGetBean - Returning cached instance of singleton bean 'org.springframework.context.annotation.internalConfigurationAnnotationProcessor'
22-07-2024 04:10:36.727 &amp#27;[35m[main]&amp#27;[0;39m &amp#27;[39mTRACE&amp#27;[0;39m o.s.b.f.s.DefaultListableBeanFactory.doGetBean - Returning cached instance of singleton bean 'org.springframework.context.annotation.internalAutowiredAnnotationProcessor'
22-07-2024 04:10:36.727 &amp#27;[35m[main]&amp#27;[0;39m &amp#27;[39mTRACE&amp#27;[0;39m o.s.b.f.s.DefaultListableBeanFactory.doGetBean - Returning cached instance of singleton bean 'org.springframework.context.annotation.internalCommonAnnotationProcessor'
22-07-2024 04:10:36.727 &amp#27;[35m[main]&amp#27;[0;39m &amp#27;[39mTRACE&amp#27;[0;39m o.s.b.f.s.DefaultListableBeanFactory.doGetBean - Returning cached instance of singleton bean 'org.springframework.context.annotation.internalPersistenceAnnotationProcessor'
22-07-2024 04:10:36.727 &amp#27;[35m[main]&amp#27;[0;39m &amp#27;[39mTRACE&amp#27;[0;39m o.s.b.f.s.DefaultListableBeanFactory.doGetBean - Returning cached instance of singleton bean 'org.springframework.context.event.internalEventListenerProcessor'
22-07-2024 04:10:36.727 &amp#27;[35m[main]&amp#27;[0;39m &amp#27;[39mTRACE&amp#27;[0;39m o.s.b.f.s.DefaultListableBeanFactory.doGetBean - Returning cached instance of singleton bean 'org.springframework.context.event.internalEventListenerFactory'
22-07-2024 04:10:36.727 &amp#27;[35m[main]&amp#27;[0;39m &amp#27;[39mTRACE&amp#27;[0;39m o.s.b.f.s.DefaultListableBeanFactory.doGetBean - Returning cached instance of singleton bean 'org.springframework.boot.test.mock.mockito.MockitoPostProcessor$SpyPostProcessor'
22-07-2024 04:10:36.727 &amp#27;[35m[main]&amp#27;[0;39m &amp#27;[39mTRACE&amp#27;[0;39m o.s.b.f.s.DefaultListableBeanFactory.doGetBean - Returning cached instance of singleton bean 'org.springframework.boot.test.mock.mockito.MockitoPostProcessor'
22-07-2024 04:10:36.727 &amp#27;[35m[main]&amp#27;[0;39m &amp#27;[39mTRACE&amp#27;[0;39m o.s.b.f.s.DefaultListableBeanFactory.doGetBean - Returning cached instance of singleton bean 'org.springframework.boot.test.mock.mockito.MockitoBeans'
22-07-2024 04:10:36.727 &amp#27;[35m[main]&amp#27;[0;39m &amp#27;[39mTRACE&amp#27;[0;39m o.s.t.c.c.DefaultCacheAwareContextLoaderDelegate.loadContext - Retrieved ApplicationContext [2041386868] from cache with key [MergedContextConfiguration@dada335 testClass = org.nauman.app.service.UserServiceTest, locations = [], classes = [], contextInitializerClasses = [], activeProfiles = [], propertySourceDescriptors = [], propertySourceProperties = [], contextCustomizers = [org.springframework.boot.test.context.filter.ExcludeFilterContextCustomizer@d23e042, org.springframework.boot.test.json.DuplicateJsonObjectContextCustomizerFactory$DuplicateJsonObjectContextCustomizer@14dd7b39, org.springframework.boot.test.mock.mockito.MockitoContextCustomizer@0, org.springframework.boot.test.autoconfigure.actuate.observability.ObservabilityContextCustomizerFactory$DisableObservabilityContextCustomizer@1f, org.springframework.boot.test.autoconfigure.properties.PropertyMappingContextCustomizer@0, org.springframework.boot.test.autoconfigure.web.servlet.WebDriverContextCustomizer@dc9876b], contextLoader = org.springframework.test.context.support.DelegatingSmartContextLoader, parent = null]
22-07-2024 04:10:36.727 &amp#27;[35m[main]&amp#27;[0;39m &amp#27;[39mDEBUG&amp#27;[0;39m o.springframework.test.context.cache.logStatistics - Spring test ApplicationContext cache statistics: [DefaultContextCache@682e445e size = 1, maxSize = 32, parentContextCount = 0, hitCount = 10, missCount = 2, failureCount = 1]
22-07-2024 04:10:36.728 &amp#27;[35m[main]&amp#27;[0;39m &amp#27;[39mTRACE&amp#27;[0;39m o.s.t.c.s.DirtiesContextTestExecutionListener.beforeOrAfterTestMethod - After test method: context [DefaultTestContext@3c33fcf8 testClass = org.nauman.app.service.UserServiceTest, testInstance = org.nauman.app.service.UserServiceTest@716f94c1, testMethod = testGetUserAsSuperUser(), testException = null, mergedContextConfiguration = [MergedContextConfiguration@dada335 testClass = org.nauman.app.service.UserServiceTest, locations = [], classes = [], contextInitializerClasses = [], activeProfiles = [], propertySourceDescriptors = [], propertySourceProperties = [], contextCustomizers = [org.springframework.boot.test.context.filter.ExcludeFilterContextCustomizer@d23e042, org.springframework.boot.test.json.DuplicateJsonObjectContextCustomizerFactory$DuplicateJsonObjectContextCustomizer@14dd7b39, org.springframework.boot.test.mock.mockito.MockitoContextCustomizer@0, org.springframework.boot.test.autoconfigure.actuate.observability.ObservabilityContextCustomizerFactory$DisableObservabilityContextCustomizer@1f, org.springframework.boot.test.autoconfigure.properties.PropertyMappingContextCustomizer@0, org.springframework.boot.test.autoconfigure.web.servlet.WebDriverContextCustomizer@dc9876b], contextLoader = org.springframework.test.context.support.DelegatingSmartContextLoader, parent = null], attributes = {"org.springframework.test.context.event.ApplicationEventsTestExecutionListener.recordApplicationEvents" -> false, "org.springframework.boot.test.mock.mockito.MockitoTestExecutionListener.mocks" -> org.mockito.internal.configuration.InjectingAnnotationEngine$$Lambda$1035/0x0000007001558868@30517a57}], class annotated with @DirtiesContext [false] with mode [null], method annotated with @DirtiesContext [false] with mode [null]
]]></system-out>
  </testcase>
</testsuite>